[0.606s] Invoking command in '/home/jetcobot/sun_ws/ros2_ws/build/robocallee_fms': CMAKE_PREFIX_PATH=${CMAKE_PREFIX_PATH}:/home/jetcobot/sun_ws/ros2_ws/install/pick_and_place:/opt/ros/jazzy DEBUGINFOD_URLS=https://debuginfod.ubuntu.com /usr/bin/cmake --build /home/jetcobot/sun_ws/ros2_ws/build/robocallee_fms -- -j4 -l4
[0.847s] [  1%] Built target robocallee_fms__rosidl_generator_type_description
[0.940s] [  1%] Built target ament_cmake_python_symlink_robocallee_fms
[0.984s] [  2%] Built target robocallee_fms__cpp
[0.990s] [ 25%] Built target robocallee_fms__rosidl_generator_c
[1.119s] [ 35%] Built target robocallee_fms__rosidl_typesupport_cpp
[1.197s] [ 44%] Built target robocallee_fms__rosidl_typesupport_fastrtps_c
[1.254s] [ 54%] Built target robocallee_fms__rosidl_typesupport_introspection_c
[1.281s] [ 63%] Built target robocallee_fms__rosidl_typesupport_c
[1.431s] [ 72%] Built target robocallee_fms__rosidl_typesupport_introspection_cpp
[1.459s] [ 82%] Built target robocallee_fms__rosidl_typesupport_fastrtps_cpp
[1.538s] [ 82%] Built target robocallee_fms
[1.593s] [ 83%] Built target robocallee_fms__py
[1.608s] running egg_info
[1.709s] writing robocallee_fms.egg-info/PKG-INFO
[1.711s] writing dependency_links to robocallee_fms.egg-info/dependency_links.txt
[1.714s] writing top-level names to robocallee_fms.egg-info/top_level.txt
[1.715s] [ 91%] Built target robocallee_fms__rosidl_generator_py
[1.829s] [ 97%] Built target robocallee_fms_s__rosidl_typesupport_introspection_c
[1.832s] [ 97%] Built target robocallee_fms_s__rosidl_typesupport_fastrtps_c
[1.915s] reading manifest file 'robocallee_fms.egg-info/SOURCES.txt'
[1.915s] writing manifest file 'robocallee_fms.egg-info/SOURCES.txt'
[1.915s] [100%] Built target robocallee_fms_s__rosidl_typesupport_c
[1.997s] [100%] Built target ament_cmake_python_build_robocallee_fms_egg
[2.024s] Invoked command in '/home/jetcobot/sun_ws/ros2_ws/build/robocallee_fms' returned '0': CMAKE_PREFIX_PATH=${CMAKE_PREFIX_PATH}:/home/jetcobot/sun_ws/ros2_ws/install/pick_and_place:/opt/ros/jazzy DEBUGINFOD_URLS=https://debuginfod.ubuntu.com /usr/bin/cmake --build /home/jetcobot/sun_ws/ros2_ws/build/robocallee_fms -- -j4 -l4
[2.027s] Invoking command in '/home/jetcobot/sun_ws/ros2_ws/build/robocallee_fms': CMAKE_PREFIX_PATH=${CMAKE_PREFIX_PATH}:/home/jetcobot/sun_ws/ros2_ws/install/pick_and_place:/opt/ros/jazzy DEBUGINFOD_URLS=https://debuginfod.ubuntu.com /usr/bin/cmake --install /home/jetcobot/sun_ws/ros2_ws/build/robocallee_fms
[2.043s] -- Install configuration: ""
[2.044s] -- Execute custom install script
[2.045s] -- Up-to-date symlink: /home/jetcobot/sun_ws/ros2_ws/install/robocallee_fms/share/ament_index/resource_index/rosidl_interfaces/robocallee_fms
[2.045s] -- Up-to-date symlink: /home/jetcobot/sun_ws/ros2_ws/install/robocallee_fms/share/robocallee_fms/msg/ArucoPose.json
[2.046s] -- Up-to-date symlink: /home/jetcobot/sun_ws/ros2_ws/install/robocallee_fms/share/robocallee_fms/msg/ArucoPoseArray.json
[2.046s] -- Up-to-date symlink: /home/jetcobot/sun_ws/ros2_ws/install/robocallee_fms/share/robocallee_fms/srv/CustomerRequest.json
[2.047s] -- Up-to-date symlink: /home/jetcobot/sun_ws/ros2_ws/install/robocallee_fms/share/robocallee_fms/srv/EmployeeRequest.json
[2.047s] -- Up-to-date symlink: /home/jetcobot/sun_ws/ros2_ws/install/robocallee_fms/share/robocallee_fms/srv/RobotArmRequest.json
[2.048s] -- Up-to-date symlink: /home/jetcobot/sun_ws/ros2_ws/install/robocallee_fms/include/robocallee_fms/robocallee_fms/msg/aruco_pose.h
[2.049s] -- Up-to-date symlink: /home/jetcobot/sun_ws/ros2_ws/install/robocallee_fms/include/robocallee_fms/robocallee_fms/msg/aruco_pose_array.h
[2.049s] -- Up-to-date symlink: /home/jetcobot/sun_ws/ros2_ws/install/robocallee_fms/include/robocallee_fms/robocallee_fms/msg/detail/aruco_pose__functions.h
[2.050s] -- Up-to-date symlink: /home/jetcobot/sun_ws/ros2_ws/install/robocallee_fms/include/robocallee_fms/robocallee_fms/msg/detail/aruco_pose__struct.h
[2.050s] -- Up-to-date symlink: /home/jetcobot/sun_ws/ros2_ws/install/robocallee_fms/include/robocallee_fms/robocallee_fms/msg/detail/aruco_pose__type_support.h
[2.050s] -- Up-to-date symlink: /home/jetcobot/sun_ws/ros2_ws/install/robocallee_fms/include/robocallee_fms/robocallee_fms/msg/detail/aruco_pose_array__functions.h
[2.050s] -- Up-to-date symlink: /home/jetcobot/sun_ws/ros2_ws/install/robocallee_fms/include/robocallee_fms/robocallee_fms/msg/detail/aruco_pose_array__struct.h
[2.050s] -- Up-to-date symlink: /home/jetcobot/sun_ws/ros2_ws/install/robocallee_fms/include/robocallee_fms/robocallee_fms/msg/detail/aruco_pose_array__type_support.h
[2.051s] -- Up-to-date symlink: /home/jetcobot/sun_ws/ros2_ws/install/robocallee_fms/include/robocallee_fms/robocallee_fms/msg/rosidl_generator_c__visibility_control.h
[2.051s] -- Up-to-date symlink: /home/jetcobot/sun_ws/ros2_ws/install/robocallee_fms/include/robocallee_fms/robocallee_fms/srv/customer_request.h
[2.051s] -- Up-to-date symlink: /home/jetcobot/sun_ws/ros2_ws/install/robocallee_fms/include/robocallee_fms/robocallee_fms/srv/detail/customer_request__functions.h
[2.051s] -- Up-to-date symlink: /home/jetcobot/sun_ws/ros2_ws/install/robocallee_fms/include/robocallee_fms/robocallee_fms/srv/detail/customer_request__struct.h
[2.051s] -- Up-to-date symlink: /home/jetcobot/sun_ws/ros2_ws/install/robocallee_fms/include/robocallee_fms/robocallee_fms/srv/detail/customer_request__type_support.h
[2.051s] -- Up-to-date symlink: /home/jetcobot/sun_ws/ros2_ws/install/robocallee_fms/include/robocallee_fms/robocallee_fms/srv/detail/employee_request__functions.h
[2.051s] -- Up-to-date symlink: /home/jetcobot/sun_ws/ros2_ws/install/robocallee_fms/include/robocallee_fms/robocallee_fms/srv/detail/employee_request__struct.h
[2.051s] -- Up-to-date symlink: /home/jetcobot/sun_ws/ros2_ws/install/robocallee_fms/include/robocallee_fms/robocallee_fms/srv/detail/employee_request__type_support.h
[2.051s] -- Up-to-date symlink: /home/jetcobot/sun_ws/ros2_ws/install/robocallee_fms/include/robocallee_fms/robocallee_fms/srv/detail/robot_arm_request__functions.h
[2.052s] -- Up-to-date symlink: /home/jetcobot/sun_ws/ros2_ws/install/robocallee_fms/include/robocallee_fms/robocallee_fms/srv/detail/robot_arm_request__struct.h
[2.054s] -- Up-to-date symlink: /home/jetcobot/sun_ws/ros2_ws/install/robocallee_fms/include/robocallee_fms/robocallee_fms/srv/detail/robot_arm_request__type_support.h
[2.055s] -- Up-to-date symlink: /home/jetcobot/sun_ws/ros2_ws/install/robocallee_fms/include/robocallee_fms/robocallee_fms/srv/employee_request.h
[2.055s] -- Up-to-date symlink: /home/jetcobot/sun_ws/ros2_ws/install/robocallee_fms/include/robocallee_fms/robocallee_fms/srv/robot_arm_request.h
[2.055s] -- Up-to-date symlink: /home/jetcobot/sun_ws/ros2_ws/install/robocallee_fms/share/robocallee_fms/environment/library_path.sh
[2.055s] -- Up-to-date symlink: /home/jetcobot/sun_ws/ros2_ws/install/robocallee_fms/share/robocallee_fms/environment/library_path.dsv
[2.055s] -- Up-to-date symlink: /home/jetcobot/sun_ws/ros2_ws/install/robocallee_fms/include/robocallee_fms/robocallee_fms/msg/detail/aruco_pose__rosidl_typesupport_fastrtps_c.h
[2.055s] -- Up-to-date symlink: /home/jetcobot/sun_ws/ros2_ws/install/robocallee_fms/include/robocallee_fms/robocallee_fms/msg/detail/aruco_pose_array__rosidl_typesupport_fastrtps_c.h
[2.057s] -- Up-to-date symlink: /home/jetcobot/sun_ws/ros2_ws/install/robocallee_fms/include/robocallee_fms/robocallee_fms/msg/rosidl_typesupport_fastrtps_c__visibility_control.h
[2.058s] -- Up-to-date symlink: /home/jetcobot/sun_ws/ros2_ws/install/robocallee_fms/include/robocallee_fms/robocallee_fms/srv/detail/customer_request__rosidl_typesupport_fastrtps_c.h
[2.059s] -- Up-to-date symlink: /home/jetcobot/sun_ws/ros2_ws/install/robocallee_fms/include/robocallee_fms/robocallee_fms/srv/detail/employee_request__rosidl_typesupport_fastrtps_c.h
[2.060s] -- Up-to-date symlink: /home/jetcobot/sun_ws/ros2_ws/install/robocallee_fms/include/robocallee_fms/robocallee_fms/srv/detail/robot_arm_request__rosidl_typesupport_fastrtps_c.h
[2.062s] -- Up-to-date symlink: /home/jetcobot/sun_ws/ros2_ws/install/robocallee_fms/include/robocallee_fms/robocallee_fms/msg/detail/aruco_pose__rosidl_typesupport_introspection_c.h
[2.063s] -- Up-to-date symlink: /home/jetcobot/sun_ws/ros2_ws/install/robocallee_fms/include/robocallee_fms/robocallee_fms/msg/detail/aruco_pose_array__rosidl_typesupport_introspection_c.h
[2.064s] -- Up-to-date symlink: /home/jetcobot/sun_ws/ros2_ws/install/robocallee_fms/include/robocallee_fms/robocallee_fms/msg/rosidl_typesupport_introspection_c__visibility_control.h
[2.064s] -- Up-to-date symlink: /home/jetcobot/sun_ws/ros2_ws/install/robocallee_fms/include/robocallee_fms/robocallee_fms/srv/detail/customer_request__rosidl_typesupport_introspection_c.h
[2.064s] -- Up-to-date symlink: /home/jetcobot/sun_ws/ros2_ws/install/robocallee_fms/include/robocallee_fms/robocallee_fms/srv/detail/employee_request__rosidl_typesupport_introspection_c.h
[2.066s] -- Up-to-date symlink: /home/jetcobot/sun_ws/ros2_ws/install/robocallee_fms/include/robocallee_fms/robocallee_fms/srv/detail/robot_arm_request__rosidl_typesupport_introspection_c.h
[2.067s] -- Up-to-date symlink: /home/jetcobot/sun_ws/ros2_ws/install/robocallee_fms/include/robocallee_fms/robocallee_fms/msg/aruco_pose.hpp
[2.068s] -- Up-to-date symlink: /home/jetcobot/sun_ws/ros2_ws/install/robocallee_fms/include/robocallee_fms/robocallee_fms/msg/aruco_pose_array.hpp
[2.068s] -- Up-to-date symlink: /home/jetcobot/sun_ws/ros2_ws/install/robocallee_fms/include/robocallee_fms/robocallee_fms/msg/detail/aruco_pose__builder.hpp
[2.068s] -- Up-to-date symlink: /home/jetcobot/sun_ws/ros2_ws/install/robocallee_fms/include/robocallee_fms/robocallee_fms/msg/detail/aruco_pose__struct.hpp
[2.068s] -- Up-to-date symlink: /home/jetcobot/sun_ws/ros2_ws/install/robocallee_fms/include/robocallee_fms/robocallee_fms/msg/detail/aruco_pose__traits.hpp
[2.069s] -- Up-to-date symlink: /home/jetcobot/sun_ws/ros2_ws/install/robocallee_fms/include/robocallee_fms/robocallee_fms/msg/detail/aruco_pose__type_support.hpp
[2.069s] -- Up-to-date symlink: /home/jetcobot/sun_ws/ros2_ws/install/robocallee_fms/include/robocallee_fms/robocallee_fms/msg/detail/aruco_pose_array__builder.hpp
[2.069s] -- Up-to-date symlink: /home/jetcobot/sun_ws/ros2_ws/install/robocallee_fms/include/robocallee_fms/robocallee_fms/msg/detail/aruco_pose_array__struct.hpp
[2.069s] -- Up-to-date symlink: /home/jetcobot/sun_ws/ros2_ws/install/robocallee_fms/include/robocallee_fms/robocallee_fms/msg/detail/aruco_pose_array__traits.hpp
[2.069s] -- Up-to-date symlink: /home/jetcobot/sun_ws/ros2_ws/install/robocallee_fms/include/robocallee_fms/robocallee_fms/msg/detail/aruco_pose_array__type_support.hpp
[2.069s] -- Up-to-date symlink: /home/jetcobot/sun_ws/ros2_ws/install/robocallee_fms/include/robocallee_fms/robocallee_fms/msg/rosidl_generator_cpp__visibility_control.hpp
[2.072s] -- Up-to-date symlink: /home/jetcobot/sun_ws/ros2_ws/install/robocallee_fms/include/robocallee_fms/robocallee_fms/srv/customer_request.hpp
[2.073s] -- Up-to-date symlink: /home/jetcobot/sun_ws/ros2_ws/install/robocallee_fms/include/robocallee_fms/robocallee_fms/srv/detail/customer_request__builder.hpp
[2.074s] -- Up-to-date symlink: /home/jetcobot/sun_ws/ros2_ws/install/robocallee_fms/include/robocallee_fms/robocallee_fms/srv/detail/customer_request__struct.hpp
[2.075s] -- Up-to-date symlink: /home/jetcobot/sun_ws/ros2_ws/install/robocallee_fms/include/robocallee_fms/robocallee_fms/srv/detail/customer_request__traits.hpp
[2.076s] -- Up-to-date symlink: /home/jetcobot/sun_ws/ros2_ws/install/robocallee_fms/include/robocallee_fms/robocallee_fms/srv/detail/customer_request__type_support.hpp
[2.077s] -- Up-to-date symlink: /home/jetcobot/sun_ws/ros2_ws/install/robocallee_fms/include/robocallee_fms/robocallee_fms/srv/detail/employee_request__builder.hpp
[2.078s] -- Up-to-date symlink: /home/jetcobot/sun_ws/ros2_ws/install/robocallee_fms/include/robocallee_fms/robocallee_fms/srv/detail/employee_request__struct.hpp
[2.079s] -- Up-to-date symlink: /home/jetcobot/sun_ws/ros2_ws/install/robocallee_fms/include/robocallee_fms/robocallee_fms/srv/detail/employee_request__traits.hpp
[2.080s] -- Up-to-date symlink: /home/jetcobot/sun_ws/ros2_ws/install/robocallee_fms/include/robocallee_fms/robocallee_fms/srv/detail/employee_request__type_support.hpp
[2.081s] -- Up-to-date symlink: /home/jetcobot/sun_ws/ros2_ws/install/robocallee_fms/include/robocallee_fms/robocallee_fms/srv/detail/robot_arm_request__builder.hpp
[2.081s] -- Up-to-date symlink: /home/jetcobot/sun_ws/ros2_ws/install/robocallee_fms/include/robocallee_fms/robocallee_fms/srv/detail/robot_arm_request__struct.hpp
[2.081s] -- Up-to-date symlink: /home/jetcobot/sun_ws/ros2_ws/install/robocallee_fms/include/robocallee_fms/robocallee_fms/srv/detail/robot_arm_request__traits.hpp
[2.081s] -- Up-to-date symlink: /home/jetcobot/sun_ws/ros2_ws/install/robocallee_fms/include/robocallee_fms/robocallee_fms/srv/detail/robot_arm_request__type_support.hpp
[2.081s] -- Up-to-date symlink: /home/jetcobot/sun_ws/ros2_ws/install/robocallee_fms/include/robocallee_fms/robocallee_fms/srv/employee_request.hpp
[2.081s] -- Up-to-date symlink: /home/jetcobot/sun_ws/ros2_ws/install/robocallee_fms/include/robocallee_fms/robocallee_fms/srv/robot_arm_request.hpp
[2.082s] -- Up-to-date symlink: /home/jetcobot/sun_ws/ros2_ws/install/robocallee_fms/include/robocallee_fms/robocallee_fms/msg/detail/aruco_pose__rosidl_typesupport_fastrtps_cpp.hpp
[2.082s] -- Up-to-date symlink: /home/jetcobot/sun_ws/ros2_ws/install/robocallee_fms/include/robocallee_fms/robocallee_fms/msg/detail/aruco_pose_array__rosidl_typesupport_fastrtps_cpp.hpp
[2.082s] -- Up-to-date symlink: /home/jetcobot/sun_ws/ros2_ws/install/robocallee_fms/include/robocallee_fms/robocallee_fms/msg/rosidl_typesupport_fastrtps_cpp__visibility_control.h
[2.082s] -- Up-to-date symlink: /home/jetcobot/sun_ws/ros2_ws/install/robocallee_fms/include/robocallee_fms/robocallee_fms/srv/detail/customer_request__rosidl_typesupport_fastrtps_cpp.hpp
[2.082s] -- Up-to-date symlink: /home/jetcobot/sun_ws/ros2_ws/install/robocallee_fms/include/robocallee_fms/robocallee_fms/srv/detail/employee_request__rosidl_typesupport_fastrtps_cpp.hpp
[2.082s] -- Up-to-date symlink: /home/jetcobot/sun_ws/ros2_ws/install/robocallee_fms/include/robocallee_fms/robocallee_fms/srv/detail/robot_arm_request__rosidl_typesupport_fastrtps_cpp.hpp
[2.084s] -- Up-to-date symlink: /home/jetcobot/sun_ws/ros2_ws/install/robocallee_fms/include/robocallee_fms/robocallee_fms/msg/detail/aruco_pose__rosidl_typesupport_introspection_cpp.hpp
[2.084s] -- Up-to-date symlink: /home/jetcobot/sun_ws/ros2_ws/install/robocallee_fms/include/robocallee_fms/robocallee_fms/msg/detail/aruco_pose_array__rosidl_typesupport_introspection_cpp.hpp
[2.084s] -- Up-to-date symlink: /home/jetcobot/sun_ws/ros2_ws/install/robocallee_fms/include/robocallee_fms/robocallee_fms/srv/detail/customer_request__rosidl_typesupport_introspection_cpp.hpp
[2.084s] -- Up-to-date symlink: /home/jetcobot/sun_ws/ros2_ws/install/robocallee_fms/include/robocallee_fms/robocallee_fms/srv/detail/employee_request__rosidl_typesupport_introspection_cpp.hpp
[2.084s] -- Up-to-date symlink: /home/jetcobot/sun_ws/ros2_ws/install/robocallee_fms/include/robocallee_fms/robocallee_fms/srv/detail/robot_arm_request__rosidl_typesupport_introspection_cpp.hpp
[2.085s] -- Up-to-date symlink: /home/jetcobot/sun_ws/ros2_ws/install/robocallee_fms/share/robocallee_fms/environment/pythonpath.sh
[2.085s] -- Up-to-date symlink: /home/jetcobot/sun_ws/ros2_ws/install/robocallee_fms/share/robocallee_fms/environment/pythonpath.dsv
[2.085s] -- Up-to-date symlink: /home/jetcobot/sun_ws/ros2_ws/install/robocallee_fms/lib/python3.12/site-packages/robocallee_fms-0.0.0-py3.12.egg-info/PKG-INFO
[2.085s] -- Up-to-date symlink: /home/jetcobot/sun_ws/ros2_ws/install/robocallee_fms/lib/python3.12/site-packages/robocallee_fms-0.0.0-py3.12.egg-info/SOURCES.txt
[2.085s] -- Up-to-date symlink: /home/jetcobot/sun_ws/ros2_ws/install/robocallee_fms/lib/python3.12/site-packages/robocallee_fms-0.0.0-py3.12.egg-info/dependency_links.txt
[2.085s] -- Up-to-date symlink: /home/jetcobot/sun_ws/ros2_ws/install/robocallee_fms/lib/python3.12/site-packages/robocallee_fms-0.0.0-py3.12.egg-info/top_level.txt
[2.085s] -- Up-to-date symlink: /home/jetcobot/sun_ws/ros2_ws/install/robocallee_fms/lib/python3.12/site-packages/robocallee_fms/__init__.py
[2.086s] -- Up-to-date symlink: /home/jetcobot/sun_ws/ros2_ws/install/robocallee_fms/lib/python3.12/site-packages/robocallee_fms/_robocallee_fms_s.ep.rosidl_typesupport_c.c
[2.086s] -- Up-to-date symlink: /home/jetcobot/sun_ws/ros2_ws/install/robocallee_fms/lib/python3.12/site-packages/robocallee_fms/_robocallee_fms_s.ep.rosidl_typesupport_fastrtps_c.c
[2.086s] -- Up-to-date symlink: /home/jetcobot/sun_ws/ros2_ws/install/robocallee_fms/lib/python3.12/site-packages/robocallee_fms/_robocallee_fms_s.ep.rosidl_typesupport_introspection_c.c
[2.086s] -- Up-to-date symlink: /home/jetcobot/sun_ws/ros2_ws/install/robocallee_fms/lib/python3.12/site-packages/robocallee_fms/msg/__init__.py
[2.086s] -- Up-to-date symlink: /home/jetcobot/sun_ws/ros2_ws/install/robocallee_fms/lib/python3.12/site-packages/robocallee_fms/msg/_aruco_pose.py
[2.086s] -- Up-to-date symlink: /home/jetcobot/sun_ws/ros2_ws/install/robocallee_fms/lib/python3.12/site-packages/robocallee_fms/msg/_aruco_pose_array.py
[2.086s] -- Up-to-date symlink: /home/jetcobot/sun_ws/ros2_ws/install/robocallee_fms/lib/python3.12/site-packages/robocallee_fms/msg/_aruco_pose_array_s.c
[2.087s] -- Up-to-date symlink: /home/jetcobot/sun_ws/ros2_ws/install/robocallee_fms/lib/python3.12/site-packages/robocallee_fms/msg/_aruco_pose_s.c
[2.087s] -- Up-to-date symlink: /home/jetcobot/sun_ws/ros2_ws/install/robocallee_fms/lib/python3.12/site-packages/robocallee_fms/robocallee_fms_s__rosidl_typesupport_c.so
[2.087s] -- Up-to-date symlink: /home/jetcobot/sun_ws/ros2_ws/install/robocallee_fms/lib/python3.12/site-packages/robocallee_fms/robocallee_fms_s__rosidl_typesupport_fastrtps_c.so
[2.087s] -- Up-to-date symlink: /home/jetcobot/sun_ws/ros2_ws/install/robocallee_fms/lib/python3.12/site-packages/robocallee_fms/robocallee_fms_s__rosidl_typesupport_introspection_c.so
[2.087s] -- Up-to-date symlink: /home/jetcobot/sun_ws/ros2_ws/install/robocallee_fms/lib/python3.12/site-packages/robocallee_fms/srv/__init__.py
[2.087s] -- Up-to-date symlink: /home/jetcobot/sun_ws/ros2_ws/install/robocallee_fms/lib/python3.12/site-packages/robocallee_fms/srv/_customer_request.py
[2.087s] -- Up-to-date symlink: /home/jetcobot/sun_ws/ros2_ws/install/robocallee_fms/lib/python3.12/site-packages/robocallee_fms/srv/_customer_request_s.c
[2.087s] -- Up-to-date symlink: /home/jetcobot/sun_ws/ros2_ws/install/robocallee_fms/lib/python3.12/site-packages/robocallee_fms/srv/_employee_request.py
[2.087s] -- Up-to-date symlink: /home/jetcobot/sun_ws/ros2_ws/install/robocallee_fms/lib/python3.12/site-packages/robocallee_fms/srv/_employee_request_s.c
[2.088s] -- Up-to-date symlink: /home/jetcobot/sun_ws/ros2_ws/install/robocallee_fms/lib/python3.12/site-packages/robocallee_fms/srv/_robot_arm_request.py
[2.088s] -- Up-to-date symlink: /home/jetcobot/sun_ws/ros2_ws/install/robocallee_fms/lib/python3.12/site-packages/robocallee_fms/srv/_robot_arm_request_s.c
[2.088s] -- Up-to-date symlink: /home/jetcobot/sun_ws/ros2_ws/install/robocallee_fms/lib/python3.12/site-packages/robocallee_fms/robocallee_fms_s__rosidl_typesupport_fastrtps_c.so
[2.088s] -- Up-to-date symlink: /home/jetcobot/sun_ws/ros2_ws/install/robocallee_fms/lib/python3.12/site-packages/robocallee_fms/robocallee_fms_s__rosidl_typesupport_introspection_c.so
[2.088s] -- Up-to-date symlink: /home/jetcobot/sun_ws/ros2_ws/install/robocallee_fms/lib/python3.12/site-packages/robocallee_fms/robocallee_fms_s__rosidl_typesupport_c.so
[2.088s] -- Up-to-date symlink: /home/jetcobot/sun_ws/ros2_ws/install/robocallee_fms/share/robocallee_fms/msg/ArucoPose.idl
[2.088s] -- Up-to-date symlink: /home/jetcobot/sun_ws/ros2_ws/install/robocallee_fms/share/robocallee_fms/msg/ArucoPoseArray.idl
[2.088s] -- Up-to-date symlink: /home/jetcobot/sun_ws/ros2_ws/install/robocallee_fms/share/robocallee_fms/srv/CustomerRequest.idl
[2.088s] -- Up-to-date symlink: /home/jetcobot/sun_ws/ros2_ws/install/robocallee_fms/share/robocallee_fms/srv/EmployeeRequest.idl
[2.089s] -- Up-to-date symlink: /home/jetcobot/sun_ws/ros2_ws/install/robocallee_fms/share/robocallee_fms/srv/RobotArmRequest.idl
[2.089s] -- Up-to-date symlink: /home/jetcobot/sun_ws/ros2_ws/install/robocallee_fms/share/robocallee_fms/msg/ArucoPose.msg
[2.089s] -- Up-to-date symlink: /home/jetcobot/sun_ws/ros2_ws/install/robocallee_fms/share/robocallee_fms/msg/ArucoPoseArray.msg
[2.089s] -- Up-to-date symlink: /home/jetcobot/sun_ws/ros2_ws/install/robocallee_fms/share/robocallee_fms/srv/CustomerRequest.srv
[2.089s] -- Up-to-date symlink: /home/jetcobot/sun_ws/ros2_ws/install/robocallee_fms/share/robocallee_fms/srv/EmployeeRequest.srv
[2.089s] -- Up-to-date symlink: /home/jetcobot/sun_ws/ros2_ws/install/robocallee_fms/share/robocallee_fms/srv/RobotArmRequest.srv
[2.089s] -- Up-to-date symlink: /home/jetcobot/sun_ws/ros2_ws/install/robocallee_fms/share/ament_index/resource_index/package_run_dependencies/robocallee_fms
[2.089s] -- Up-to-date symlink: /home/jetcobot/sun_ws/ros2_ws/install/robocallee_fms/share/ament_index/resource_index/parent_prefix_path/robocallee_fms
[2.089s] -- Up-to-date symlink: /home/jetcobot/sun_ws/ros2_ws/install/robocallee_fms/share/robocallee_fms/environment/ament_prefix_path.sh
[2.090s] -- Up-to-date symlink: /home/jetcobot/sun_ws/ros2_ws/install/robocallee_fms/share/robocallee_fms/environment/ament_prefix_path.dsv
[2.090s] -- Up-to-date symlink: /home/jetcobot/sun_ws/ros2_ws/install/robocallee_fms/share/robocallee_fms/environment/path.sh
[2.090s] -- Up-to-date symlink: /home/jetcobot/sun_ws/ros2_ws/install/robocallee_fms/share/robocallee_fms/environment/path.dsv
[2.090s] -- Up-to-date symlink: /home/jetcobot/sun_ws/ros2_ws/install/robocallee_fms/share/robocallee_fms/local_setup.bash
[2.090s] -- Up-to-date symlink: /home/jetcobot/sun_ws/ros2_ws/install/robocallee_fms/share/robocallee_fms/local_setup.sh
[2.090s] -- Up-to-date symlink: /home/jetcobot/sun_ws/ros2_ws/install/robocallee_fms/share/robocallee_fms/local_setup.zsh
[2.090s] -- Up-to-date symlink: /home/jetcobot/sun_ws/ros2_ws/install/robocallee_fms/share/robocallee_fms/local_setup.dsv
[2.091s] -- Symlinking: /home/jetcobot/sun_ws/ros2_ws/install/robocallee_fms/share/robocallee_fms/package.dsv
[2.107s] -- Up-to-date symlink: /home/jetcobot/sun_ws/ros2_ws/install/robocallee_fms/share/ament_index/resource_index/packages/robocallee_fms
[2.108s] -- Up-to-date symlink: /home/jetcobot/sun_ws/ros2_ws/install/robocallee_fms/share/robocallee_fms/cmake/rosidl_cmake-extras.cmake
[2.108s] -- Up-to-date symlink: /home/jetcobot/sun_ws/ros2_ws/install/robocallee_fms/share/robocallee_fms/cmake/ament_cmake_export_dependencies-extras.cmake
[2.109s] -- Up-to-date symlink: /home/jetcobot/sun_ws/ros2_ws/install/robocallee_fms/share/robocallee_fms/cmake/ament_cmake_export_include_directories-extras.cmake
[2.109s] -- Up-to-date symlink: /home/jetcobot/sun_ws/ros2_ws/install/robocallee_fms/share/robocallee_fms/cmake/ament_cmake_export_libraries-extras.cmake
[2.111s] -- Up-to-date symlink: /home/jetcobot/sun_ws/ros2_ws/install/robocallee_fms/share/robocallee_fms/cmake/ament_cmake_export_targets-extras.cmake
[2.111s] -- Up-to-date symlink: /home/jetcobot/sun_ws/ros2_ws/install/robocallee_fms/share/robocallee_fms/cmake/rosidl_cmake_export_typesupport_targets-extras.cmake
[2.111s] -- Up-to-date symlink: /home/jetcobot/sun_ws/ros2_ws/install/robocallee_fms/share/robocallee_fms/cmake/rosidl_cmake_export_typesupport_libraries-extras.cmake
[2.111s] -- Up-to-date symlink: /home/jetcobot/sun_ws/ros2_ws/install/robocallee_fms/share/robocallee_fms/cmake/robocallee_fmsConfig.cmake
[2.111s] -- Up-to-date symlink: /home/jetcobot/sun_ws/ros2_ws/install/robocallee_fms/share/robocallee_fms/cmake/robocallee_fmsConfig-version.cmake
[2.111s] -- Up-to-date symlink: /home/jetcobot/sun_ws/ros2_ws/install/robocallee_fms/share/robocallee_fms/package.xml
[2.112s] -- Up-to-date: /home/jetcobot/sun_ws/ros2_ws/install/robocallee_fms/lib/librobocallee_fms__rosidl_generator_c.so
[2.112s] -- Up-to-date: /home/jetcobot/sun_ws/ros2_ws/install/robocallee_fms/lib/librobocallee_fms__rosidl_typesupport_fastrtps_c.so
[2.112s] -- Up-to-date: /home/jetcobot/sun_ws/ros2_ws/install/robocallee_fms/lib/librobocallee_fms__rosidl_typesupport_introspection_c.so
[2.112s] -- Up-to-date: /home/jetcobot/sun_ws/ros2_ws/install/robocallee_fms/lib/librobocallee_fms__rosidl_typesupport_c.so
[2.114s] -- Up-to-date: /home/jetcobot/sun_ws/ros2_ws/install/robocallee_fms/lib/librobocallee_fms__rosidl_typesupport_fastrtps_cpp.so
[2.114s] -- Up-to-date: /home/jetcobot/sun_ws/ros2_ws/install/robocallee_fms/lib/librobocallee_fms__rosidl_typesupport_introspection_cpp.so
[2.114s] -- Up-to-date: /home/jetcobot/sun_ws/ros2_ws/install/robocallee_fms/lib/librobocallee_fms__rosidl_typesupport_cpp.so
[2.179s] Listing '/home/jetcobot/sun_ws/ros2_ws/install/robocallee_fms/lib/python3.12/site-packages/robocallee_fms'...
[2.179s] Listing '/home/jetcobot/sun_ws/ros2_ws/install/robocallee_fms/lib/python3.12/site-packages/robocallee_fms/msg'...
[2.179s] Listing '/home/jetcobot/sun_ws/ros2_ws/install/robocallee_fms/lib/python3.12/site-packages/robocallee_fms/srv'...
[2.194s] -- Up-to-date: /home/jetcobot/sun_ws/ros2_ws/install/robocallee_fms/lib/librobocallee_fms__rosidl_generator_py.so
[2.195s] -- Up-to-date: /home/jetcobot/sun_ws/ros2_ws/install/robocallee_fms/share/robocallee_fms/cmake/export_robocallee_fms__rosidl_generator_cExport.cmake
[2.195s] -- Up-to-date: /home/jetcobot/sun_ws/ros2_ws/install/robocallee_fms/share/robocallee_fms/cmake/export_robocallee_fms__rosidl_generator_cExport-noconfig.cmake
[2.195s] -- Up-to-date: /home/jetcobot/sun_ws/ros2_ws/install/robocallee_fms/share/robocallee_fms/cmake/export_robocallee_fms__rosidl_typesupport_fastrtps_cExport.cmake
[2.195s] -- Up-to-date: /home/jetcobot/sun_ws/ros2_ws/install/robocallee_fms/share/robocallee_fms/cmake/export_robocallee_fms__rosidl_typesupport_fastrtps_cExport-noconfig.cmake
[2.196s] -- Up-to-date: /home/jetcobot/sun_ws/ros2_ws/install/robocallee_fms/share/robocallee_fms/cmake/robocallee_fms__rosidl_typesupport_introspection_cExport.cmake
[2.196s] -- Up-to-date: /home/jetcobot/sun_ws/ros2_ws/install/robocallee_fms/share/robocallee_fms/cmake/robocallee_fms__rosidl_typesupport_introspection_cExport-noconfig.cmake
[2.196s] -- Up-to-date: /home/jetcobot/sun_ws/ros2_ws/install/robocallee_fms/share/robocallee_fms/cmake/robocallee_fms__rosidl_typesupport_cExport.cmake
[2.196s] -- Up-to-date: /home/jetcobot/sun_ws/ros2_ws/install/robocallee_fms/share/robocallee_fms/cmake/robocallee_fms__rosidl_typesupport_cExport-noconfig.cmake
[2.196s] -- Up-to-date: /home/jetcobot/sun_ws/ros2_ws/install/robocallee_fms/share/robocallee_fms/cmake/export_robocallee_fms__rosidl_generator_cppExport.cmake
[2.197s] -- Up-to-date: /home/jetcobot/sun_ws/ros2_ws/install/robocallee_fms/share/robocallee_fms/cmake/export_robocallee_fms__rosidl_typesupport_fastrtps_cppExport.cmake
[2.197s] -- Up-to-date: /home/jetcobot/sun_ws/ros2_ws/install/robocallee_fms/share/robocallee_fms/cmake/export_robocallee_fms__rosidl_typesupport_fastrtps_cppExport-noconfig.cmake
[2.197s] -- Up-to-date: /home/jetcobot/sun_ws/ros2_ws/install/robocallee_fms/share/robocallee_fms/cmake/robocallee_fms__rosidl_typesupport_introspection_cppExport.cmake
[2.197s] -- Up-to-date: /home/jetcobot/sun_ws/ros2_ws/install/robocallee_fms/share/robocallee_fms/cmake/robocallee_fms__rosidl_typesupport_introspection_cppExport-noconfig.cmake
[2.197s] -- Up-to-date: /home/jetcobot/sun_ws/ros2_ws/install/robocallee_fms/share/robocallee_fms/cmake/robocallee_fms__rosidl_typesupport_cppExport.cmake
[2.197s] -- Up-to-date: /home/jetcobot/sun_ws/ros2_ws/install/robocallee_fms/share/robocallee_fms/cmake/robocallee_fms__rosidl_typesupport_cppExport-noconfig.cmake
[2.197s] -- Up-to-date: /home/jetcobot/sun_ws/ros2_ws/install/robocallee_fms/share/robocallee_fms/cmake/export_robocallee_fms__rosidl_generator_pyExport.cmake
[2.197s] -- Up-to-date: /home/jetcobot/sun_ws/ros2_ws/install/robocallee_fms/share/robocallee_fms/cmake/export_robocallee_fms__rosidl_generator_pyExport-noconfig.cmake
[2.202s] Invoked command in '/home/jetcobot/sun_ws/ros2_ws/build/robocallee_fms' returned '0': CMAKE_PREFIX_PATH=${CMAKE_PREFIX_PATH}:/home/jetcobot/sun_ws/ros2_ws/install/pick_and_place:/opt/ros/jazzy DEBUGINFOD_URLS=https://debuginfod.ubuntu.com /usr/bin/cmake --install /home/jetcobot/sun_ws/ros2_ws/build/robocallee_fms
