[0.161s] DEBUG:colcon:Command line arguments: ['/usr/bin/colcon', 'build']
[0.161s] DEBUG:colcon:Parsed command line arguments: Namespace(log_base=None, log_level=None, verb_name='build', build_base='build', install_base='install', merge_install=False, symlink_install=False, test_result_base=None, continue_on_error=False, executor='parallel', parallel_workers=4, event_handlers=None, ignore_user_meta=False, metas=['./colcon.meta'], base_paths=['.'], packages_ignore=None, packages_ignore_regex=None, paths=None, packages_up_to=None, packages_up_to_regex=None, packages_above=None, packages_above_and_dependencies=None, packages_above_depth=None, packages_select_by_dep=None, packages_skip_by_dep=None, packages_skip_up_to=None, packages_select_build_failed=False, packages_skip_build_finished=False, packages_select_test_failures=False, packages_skip_test_passed=False, packages_select=None, packages_skip=None, packages_select_regex=None, packages_skip_regex=None, packages_start=None, packages_end=None, allow_overriding=[], cmake_args=None, cmake_target=None, cmake_target_skip_unavailable=False, cmake_clean_cache=False, cmake_clean_first=False, cmake_force_configure=False, ament_cmake_args=None, catkin_cmake_args=None, catkin_skip_building_tests=False, mixin_files=None, mixin=None, verb_parser=<colcon_mixin.mixin.mixin_argument.MixinArgumentDecorator object at 0xffffb1f5fce0>, verb_extension=<colcon_core.verb.build.BuildVerb object at 0xffffb1f5f8c0>, main=<bound method BuildVerb.main of <colcon_core.verb.build.BuildVerb object at 0xffffb1f5f8c0>>, mixin_verb=('build',))
[0.219s] Level 1:colcon.colcon_core.package_discovery:discover_packages(colcon_meta) check parameters
[0.219s] Level 1:colcon.colcon_core.package_discovery:discover_packages(recursive) check parameters
[0.219s] Level 1:colcon.colcon_core.package_discovery:discover_packages(ignore) check parameters
[0.219s] Level 1:colcon.colcon_core.package_discovery:discover_packages(path) check parameters
[0.219s] Level 1:colcon.colcon_core.package_discovery:discover_packages(colcon_meta) discover
[0.219s] Level 1:colcon.colcon_core.package_discovery:discover_packages(recursive) discover
[0.219s] INFO:colcon.colcon_core.package_discovery:Crawling recursively for packages in '/home/jetcobot/venv/mycobot/dev/moon_ws/ros2_ws'
[0.219s] Level 1:colcon.colcon_core.package_identification:_identify(.) by extensions ['ignore', 'ignore_ament_install']
[0.220s] Level 1:colcon.colcon_core.package_identification:_identify(.) by extension 'ignore'
[0.220s] Level 1:colcon.colcon_core.package_identification:_identify(.) by extension 'ignore_ament_install'
[0.220s] Level 1:colcon.colcon_core.package_identification:_identify(.) by extensions ['colcon_pkg']
[0.220s] Level 1:colcon.colcon_core.package_identification:_identify(.) by extension 'colcon_pkg'
[0.220s] Level 1:colcon.colcon_core.package_identification:_identify(.) by extensions ['colcon_meta']
[0.220s] Level 1:colcon.colcon_core.package_identification:_identify(.) by extension 'colcon_meta'
[0.220s] Level 1:colcon.colcon_core.package_identification:_identify(.) by extensions ['ros']
[0.220s] Level 1:colcon.colcon_core.package_identification:_identify(.) by extension 'ros'
[0.259s] Level 1:colcon.colcon_core.package_identification:_identify(.) by extensions ['cmake', 'python']
[0.259s] Level 1:colcon.colcon_core.package_identification:_identify(.) by extension 'cmake'
[0.259s] Level 1:colcon.colcon_core.package_identification:_identify(.) by extension 'python'
[0.259s] Level 1:colcon.colcon_core.package_identification:_identify(.) by extensions ['python_setup_py']
[0.260s] Level 1:colcon.colcon_core.package_identification:_identify(.) by extension 'python_setup_py'
[0.260s] Level 1:colcon.colcon_core.package_identification:_identify(build) by extensions ['ignore', 'ignore_ament_install']
[0.260s] Level 1:colcon.colcon_core.package_identification:_identify(build) by extension 'ignore'
[0.260s] Level 1:colcon.colcon_core.package_identification:_identify(build) ignored
[0.260s] Level 1:colcon.colcon_core.package_identification:_identify(install) by extensions ['ignore', 'ignore_ament_install']
[0.260s] Level 1:colcon.colcon_core.package_identification:_identify(install) by extension 'ignore'
[0.260s] Level 1:colcon.colcon_core.package_identification:_identify(install) ignored
[0.260s] Level 1:colcon.colcon_core.package_identification:_identify(log) by extensions ['ignore', 'ignore_ament_install']
[0.260s] Level 1:colcon.colcon_core.package_identification:_identify(log) by extension 'ignore'
[0.260s] Level 1:colcon.colcon_core.package_identification:_identify(log) ignored
[0.260s] Level 1:colcon.colcon_core.package_identification:_identify(src) by extensions ['ignore', 'ignore_ament_install']
[0.261s] Level 1:colcon.colcon_core.package_identification:_identify(src) by extension 'ignore'
[0.261s] Level 1:colcon.colcon_core.package_identification:_identify(src) by extension 'ignore_ament_install'
[0.261s] Level 1:colcon.colcon_core.package_identification:_identify(src) by extensions ['colcon_pkg']
[0.261s] Level 1:colcon.colcon_core.package_identification:_identify(src) by extension 'colcon_pkg'
[0.261s] Level 1:colcon.colcon_core.package_identification:_identify(src) by extensions ['colcon_meta']
[0.261s] Level 1:colcon.colcon_core.package_identification:_identify(src) by extension 'colcon_meta'
[0.261s] Level 1:colcon.colcon_core.package_identification:_identify(src) by extensions ['ros']
[0.261s] Level 1:colcon.colcon_core.package_identification:_identify(src) by extension 'ros'
[0.261s] Level 1:colcon.colcon_core.package_identification:_identify(src) by extensions ['cmake', 'python']
[0.261s] Level 1:colcon.colcon_core.package_identification:_identify(src) by extension 'cmake'
[0.261s] Level 1:colcon.colcon_core.package_identification:_identify(src) by extension 'python'
[0.261s] Level 1:colcon.colcon_core.package_identification:_identify(src) by extensions ['python_setup_py']
[0.261s] Level 1:colcon.colcon_core.package_identification:_identify(src) by extension 'python_setup_py'
[0.261s] Level 1:colcon.colcon_core.package_identification:_identify(src/custom_messeage) by extensions ['ignore', 'ignore_ament_install']
[0.261s] Level 1:colcon.colcon_core.package_identification:_identify(src/custom_messeage) by extension 'ignore'
[0.261s] Level 1:colcon.colcon_core.package_identification:_identify(src/custom_messeage) by extension 'ignore_ament_install'
[0.261s] Level 1:colcon.colcon_core.package_identification:_identify(src/custom_messeage) by extensions ['colcon_pkg']
[0.261s] Level 1:colcon.colcon_core.package_identification:_identify(src/custom_messeage) by extension 'colcon_pkg'
[0.262s] Level 1:colcon.colcon_core.package_identification:_identify(src/custom_messeage) by extensions ['colcon_meta']
[0.262s] Level 1:colcon.colcon_core.package_identification:_identify(src/custom_messeage) by extension 'colcon_meta'
[0.262s] Level 1:colcon.colcon_core.package_identification:_identify(src/custom_messeage) by extensions ['ros']
[0.262s] Level 1:colcon.colcon_core.package_identification:_identify(src/custom_messeage) by extension 'ros'
[0.265s] DEBUG:colcon.colcon_core.package_identification:Package 'src/custom_messeage' with type 'ros.ament_cmake' and name 'custom_messeage'
[0.265s] Level 1:colcon.colcon_core.package_identification:_identify(src/pick_and_place) by extensions ['ignore', 'ignore_ament_install']
[0.265s] Level 1:colcon.colcon_core.package_identification:_identify(src/pick_and_place) by extension 'ignore'
[0.265s] Level 1:colcon.colcon_core.package_identification:_identify(src/pick_and_place) by extension 'ignore_ament_install'
[0.265s] Level 1:colcon.colcon_core.package_identification:_identify(src/pick_and_place) by extensions ['colcon_pkg']
[0.265s] Level 1:colcon.colcon_core.package_identification:_identify(src/pick_and_place) by extension 'colcon_pkg'
[0.265s] Level 1:colcon.colcon_core.package_identification:_identify(src/pick_and_place) by extensions ['colcon_meta']
[0.265s] Level 1:colcon.colcon_core.package_identification:_identify(src/pick_and_place) by extension 'colcon_meta'
[0.265s] Level 1:colcon.colcon_core.package_identification:_identify(src/pick_and_place) by extensions ['ros']
[0.265s] Level 1:colcon.colcon_core.package_identification:_identify(src/pick_and_place) by extension 'ros'
[0.266s] DEBUG:colcon.colcon_core.package_identification:Package 'src/pick_and_place' with type 'ros.ament_python' and name 'pick_and_place'
[0.266s] Level 1:colcon.colcon_core.package_identification:_identify(src/ros2_custom_msgs) by extensions ['ignore', 'ignore_ament_install']
[0.266s] Level 1:colcon.colcon_core.package_identification:_identify(src/ros2_custom_msgs) by extension 'ignore'
[0.266s] Level 1:colcon.colcon_core.package_identification:_identify(src/ros2_custom_msgs) by extension 'ignore_ament_install'
[0.266s] Level 1:colcon.colcon_core.package_identification:_identify(src/ros2_custom_msgs) by extensions ['colcon_pkg']
[0.266s] Level 1:colcon.colcon_core.package_identification:_identify(src/ros2_custom_msgs) by extension 'colcon_pkg'
[0.266s] Level 1:colcon.colcon_core.package_identification:_identify(src/ros2_custom_msgs) by extensions ['colcon_meta']
[0.266s] Level 1:colcon.colcon_core.package_identification:_identify(src/ros2_custom_msgs) by extension 'colcon_meta'
[0.266s] Level 1:colcon.colcon_core.package_identification:_identify(src/ros2_custom_msgs) by extensions ['ros']
[0.266s] Level 1:colcon.colcon_core.package_identification:_identify(src/ros2_custom_msgs) by extension 'ros'
[0.267s] Level 1:colcon.colcon_core.package_identification:_identify(src/ros2_custom_msgs) by extensions ['cmake', 'python']
[0.267s] Level 1:colcon.colcon_core.package_identification:_identify(src/ros2_custom_msgs) by extension 'cmake'
[0.267s] Level 1:colcon.colcon_core.package_identification:_identify(src/ros2_custom_msgs) by extension 'python'
[0.267s] Level 1:colcon.colcon_core.package_identification:_identify(src/ros2_custom_msgs) by extensions ['python_setup_py']
[0.267s] Level 1:colcon.colcon_core.package_identification:_identify(src/ros2_custom_msgs) by extension 'python_setup_py'
[0.267s] Level 1:colcon.colcon_core.package_identification:_identify(src/ros2_custom_msgs/src) by extensions ['ignore', 'ignore_ament_install']
[0.267s] Level 1:colcon.colcon_core.package_identification:_identify(src/ros2_custom_msgs/src) by extension 'ignore'
[0.267s] Level 1:colcon.colcon_core.package_identification:_identify(src/ros2_custom_msgs/src) by extension 'ignore_ament_install'
[0.267s] Level 1:colcon.colcon_core.package_identification:_identify(src/ros2_custom_msgs/src) by extensions ['colcon_pkg']
[0.267s] Level 1:colcon.colcon_core.package_identification:_identify(src/ros2_custom_msgs/src) by extension 'colcon_pkg'
[0.267s] Level 1:colcon.colcon_core.package_identification:_identify(src/ros2_custom_msgs/src) by extensions ['colcon_meta']
[0.267s] Level 1:colcon.colcon_core.package_identification:_identify(src/ros2_custom_msgs/src) by extension 'colcon_meta'
[0.267s] Level 1:colcon.colcon_core.package_identification:_identify(src/ros2_custom_msgs/src) by extensions ['ros']
[0.267s] Level 1:colcon.colcon_core.package_identification:_identify(src/ros2_custom_msgs/src) by extension 'ros'
[0.267s] Level 1:colcon.colcon_core.package_identification:_identify(src/ros2_custom_msgs/src) by extensions ['cmake', 'python']
[0.267s] Level 1:colcon.colcon_core.package_identification:_identify(src/ros2_custom_msgs/src) by extension 'cmake'
[0.267s] Level 1:colcon.colcon_core.package_identification:_identify(src/ros2_custom_msgs/src) by extension 'python'
[0.267s] Level 1:colcon.colcon_core.package_identification:_identify(src/ros2_custom_msgs/src) by extensions ['python_setup_py']
[0.267s] Level 1:colcon.colcon_core.package_identification:_identify(src/ros2_custom_msgs/src) by extension 'python_setup_py'
[0.268s] Level 1:colcon.colcon_core.package_identification:_identify(src/ros2_custom_msgs/src/robocallee_fms) by extensions ['ignore', 'ignore_ament_install']
[0.268s] Level 1:colcon.colcon_core.package_identification:_identify(src/ros2_custom_msgs/src/robocallee_fms) by extension 'ignore'
[0.268s] Level 1:colcon.colcon_core.package_identification:_identify(src/ros2_custom_msgs/src/robocallee_fms) by extension 'ignore_ament_install'
[0.268s] Level 1:colcon.colcon_core.package_identification:_identify(src/ros2_custom_msgs/src/robocallee_fms) by extensions ['colcon_pkg']
[0.268s] Level 1:colcon.colcon_core.package_identification:_identify(src/ros2_custom_msgs/src/robocallee_fms) by extension 'colcon_pkg'
[0.268s] Level 1:colcon.colcon_core.package_identification:_identify(src/ros2_custom_msgs/src/robocallee_fms) by extensions ['colcon_meta']
[0.268s] Level 1:colcon.colcon_core.package_identification:_identify(src/ros2_custom_msgs/src/robocallee_fms) by extension 'colcon_meta'
[0.268s] Level 1:colcon.colcon_core.package_identification:_identify(src/ros2_custom_msgs/src/robocallee_fms) by extensions ['ros']
[0.268s] Level 1:colcon.colcon_core.package_identification:_identify(src/ros2_custom_msgs/src/robocallee_fms) by extension 'ros'
[0.269s] DEBUG:colcon.colcon_core.package_identification:Package 'src/ros2_custom_msgs/src/robocallee_fms' with type 'ros.ament_cmake' and name 'robocallee_fms'
[0.269s] Level 1:colcon.colcon_core.package_discovery:discover_packages(recursive) using defaults
[0.269s] Level 1:colcon.colcon_core.package_discovery:discover_packages(ignore) discover
[0.269s] Level 1:colcon.colcon_core.package_discovery:discover_packages(ignore) using defaults
[0.269s] Level 1:colcon.colcon_core.package_discovery:discover_packages(path) discover
[0.269s] Level 1:colcon.colcon_core.package_discovery:discover_packages(path) using defaults
[0.293s] Level 1:colcon.colcon_core.package_discovery:discover_packages(prefix_path) check parameters
[0.293s] Level 1:colcon.colcon_core.package_discovery:discover_packages(prefix_path) discover
[0.294s] WARNING:colcon.colcon_ros.prefix_path.ament:The path '/home/jetcobot/venv/mycobot/dev/moon_ws/ros2_ws/install/robocallee_fms' in the environment variable AMENT_PREFIX_PATH doesn't exist
[0.295s] WARNING:colcon.colcon_ros.prefix_path.ament:The path '/home/jetcobot/venv/mycobot/dev/moon_ws/ros2_ws/install/pick_and_place' in the environment variable AMENT_PREFIX_PATH doesn't exist
[0.295s] WARNING:colcon.colcon_ros.prefix_path.ament:The path '/home/jetcobot/venv/mycobot/dev/moon_ws/ros2_ws/install/custom_messeage' in the environment variable AMENT_PREFIX_PATH doesn't exist
[0.295s] WARNING:colcon.colcon_ros.prefix_path.catkin:The path '/home/jetcobot/venv/mycobot/dev/moon_ws/ros2_ws/install/robocallee_fms' in the environment variable CMAKE_PREFIX_PATH doesn't exist
[0.295s] WARNING:colcon.colcon_ros.prefix_path.catkin:The path '/home/jetcobot/venv/mycobot/dev/moon_ws/ros2_ws/install/custom_messeage' in the environment variable CMAKE_PREFIX_PATH doesn't exist
[0.296s] DEBUG:colcon.colcon_installed_package_information.package_discovery:Found 0 installed packages in /home/jetcobot/venv/mycobot/dev/moon_ws/ros2_ws/install
[0.297s] DEBUG:colcon.colcon_installed_package_information.package_discovery:Found 1 installed packages in /home/jetcobot/CJ_ws/ros_ws/src/robocallee_fms/install
[0.297s] DEBUG:colcon.colcon_installed_package_information.package_discovery:Found 5 installed packages in /home/jetcobot/ros2_ws/install
[0.298s] DEBUG:colcon.colcon_installed_package_information.package_discovery:Found 1 installed packages in /home/jetcobot/jetcobot_ws/install
[0.298s] DEBUG:colcon.colcon_installed_package_information.package_discovery:Found 1 installed packages in /home/jetcobot/ros2_ws/src/jetcobot_ruckig_test/install
[0.301s] DEBUG:colcon.colcon_installed_package_information.package_discovery:Found 448 installed packages in /opt/ros/jazzy
[0.304s] Level 1:colcon.colcon_core.package_discovery:discover_packages(prefix_path) using defaults
[0.390s] Level 5:colcon.colcon_core.verb:set package 'custom_messeage' build argument 'cmake_args' from command line to 'None'
[0.390s] Level 5:colcon.colcon_core.verb:set package 'custom_messeage' build argument 'cmake_target' from command line to 'None'
[0.390s] Level 5:colcon.colcon_core.verb:set package 'custom_messeage' build argument 'cmake_target_skip_unavailable' from command line to 'False'
[0.390s] Level 5:colcon.colcon_core.verb:set package 'custom_messeage' build argument 'cmake_clean_cache' from command line to 'False'
[0.390s] Level 5:colcon.colcon_core.verb:set package 'custom_messeage' build argument 'cmake_clean_first' from command line to 'False'
[0.390s] Level 5:colcon.colcon_core.verb:set package 'custom_messeage' build argument 'cmake_force_configure' from command line to 'False'
[0.390s] Level 5:colcon.colcon_core.verb:set package 'custom_messeage' build argument 'ament_cmake_args' from command line to 'None'
[0.390s] Level 5:colcon.colcon_core.verb:set package 'custom_messeage' build argument 'catkin_cmake_args' from command line to 'None'
[0.390s] Level 5:colcon.colcon_core.verb:set package 'custom_messeage' build argument 'catkin_skip_building_tests' from command line to 'False'
[0.390s] DEBUG:colcon.colcon_core.verb:Building package 'custom_messeage' with the following arguments: {'ament_cmake_args': None, 'build_base': '/home/jetcobot/venv/mycobot/dev/moon_ws/ros2_ws/build/custom_messeage', 'catkin_cmake_args': None, 'catkin_skip_building_tests': False, 'cmake_args': None, 'cmake_clean_cache': False, 'cmake_clean_first': False, 'cmake_force_configure': False, 'cmake_target': None, 'cmake_target_skip_unavailable': False, 'install_base': '/home/jetcobot/venv/mycobot/dev/moon_ws/ros2_ws/install/custom_messeage', 'merge_install': False, 'path': '/home/jetcobot/venv/mycobot/dev/moon_ws/ros2_ws/src/custom_messeage', 'symlink_install': False, 'test_result_base': None}
[0.390s] Level 5:colcon.colcon_core.verb:set package 'pick_and_place' build argument 'cmake_args' from command line to 'None'
[0.390s] Level 5:colcon.colcon_core.verb:set package 'pick_and_place' build argument 'cmake_target' from command line to 'None'
[0.391s] Level 5:colcon.colcon_core.verb:set package 'pick_and_place' build argument 'cmake_target_skip_unavailable' from command line to 'False'
[0.391s] Level 5:colcon.colcon_core.verb:set package 'pick_and_place' build argument 'cmake_clean_cache' from command line to 'False'
[0.391s] Level 5:colcon.colcon_core.verb:set package 'pick_and_place' build argument 'cmake_clean_first' from command line to 'False'
[0.391s] Level 5:colcon.colcon_core.verb:set package 'pick_and_place' build argument 'cmake_force_configure' from command line to 'False'
[0.391s] Level 5:colcon.colcon_core.verb:set package 'pick_and_place' build argument 'ament_cmake_args' from command line to 'None'
[0.391s] Level 5:colcon.colcon_core.verb:set package 'pick_and_place' build argument 'catkin_cmake_args' from command line to 'None'
[0.391s] Level 5:colcon.colcon_core.verb:set package 'pick_and_place' build argument 'catkin_skip_building_tests' from command line to 'False'
[0.391s] DEBUG:colcon.colcon_core.verb:Building package 'pick_and_place' with the following arguments: {'ament_cmake_args': None, 'build_base': '/home/jetcobot/venv/mycobot/dev/moon_ws/ros2_ws/build/pick_and_place', 'catkin_cmake_args': None, 'catkin_skip_building_tests': False, 'cmake_args': None, 'cmake_clean_cache': False, 'cmake_clean_first': False, 'cmake_force_configure': False, 'cmake_target': None, 'cmake_target_skip_unavailable': False, 'install_base': '/home/jetcobot/venv/mycobot/dev/moon_ws/ros2_ws/install/pick_and_place', 'merge_install': False, 'path': '/home/jetcobot/venv/mycobot/dev/moon_ws/ros2_ws/src/pick_and_place', 'symlink_install': False, 'test_result_base': None}
[0.391s] Level 5:colcon.colcon_core.verb:set package 'robocallee_fms' build argument 'cmake_args' from command line to 'None'
[0.391s] Level 5:colcon.colcon_core.verb:set package 'robocallee_fms' build argument 'cmake_target' from command line to 'None'
[0.391s] Level 5:colcon.colcon_core.verb:set package 'robocallee_fms' build argument 'cmake_target_skip_unavailable' from command line to 'False'
[0.391s] Level 5:colcon.colcon_core.verb:set package 'robocallee_fms' build argument 'cmake_clean_cache' from command line to 'False'
[0.391s] Level 5:colcon.colcon_core.verb:set package 'robocallee_fms' build argument 'cmake_clean_first' from command line to 'False'
[0.391s] Level 5:colcon.colcon_core.verb:set package 'robocallee_fms' build argument 'cmake_force_configure' from command line to 'False'
[0.391s] Level 5:colcon.colcon_core.verb:set package 'robocallee_fms' build argument 'ament_cmake_args' from command line to 'None'
[0.391s] Level 5:colcon.colcon_core.verb:set package 'robocallee_fms' build argument 'catkin_cmake_args' from command line to 'None'
[0.391s] Level 5:colcon.colcon_core.verb:set package 'robocallee_fms' build argument 'catkin_skip_building_tests' from command line to 'False'
[0.391s] DEBUG:colcon.colcon_core.verb:Building package 'robocallee_fms' with the following arguments: {'ament_cmake_args': None, 'build_base': '/home/jetcobot/venv/mycobot/dev/moon_ws/ros2_ws/build/robocallee_fms', 'catkin_cmake_args': None, 'catkin_skip_building_tests': False, 'cmake_args': None, 'cmake_clean_cache': False, 'cmake_clean_first': False, 'cmake_force_configure': False, 'cmake_target': None, 'cmake_target_skip_unavailable': False, 'install_base': '/home/jetcobot/venv/mycobot/dev/moon_ws/ros2_ws/install/robocallee_fms', 'merge_install': False, 'path': '/home/jetcobot/venv/mycobot/dev/moon_ws/ros2_ws/src/ros2_custom_msgs/src/robocallee_fms', 'symlink_install': False, 'test_result_base': None}
[0.391s] INFO:colcon.colcon_core.executor:Executing jobs using 'parallel' executor
[0.393s] DEBUG:colcon.colcon_parallel_executor.executor.parallel:run_until_complete
[0.393s] INFO:colcon.colcon_ros.task.ament_cmake.build:Building ROS package in '/home/jetcobot/venv/mycobot/dev/moon_ws/ros2_ws/src/custom_messeage' with build type 'ament_cmake'
[0.393s] INFO:colcon.colcon_cmake.task.cmake.build:Building CMake package in '/home/jetcobot/venv/mycobot/dev/moon_ws/ros2_ws/src/custom_messeage'
[0.396s] INFO:colcon.colcon_core.plugin_system:Skipping extension 'colcon_core.shell.bat': Not used on non-Windows systems
[0.396s] INFO:colcon.colcon_core.shell:Skip shell extension 'powershell' for command environment: Not usable outside of PowerShell
[0.396s] DEBUG:colcon.colcon_core.shell:Skip shell extension 'dsv' for command environment
[0.403s] INFO:colcon.colcon_ros.task.ament_python.build:Building ROS package in '/home/jetcobot/venv/mycobot/dev/moon_ws/ros2_ws/src/pick_and_place' with build type 'ament_python'
[0.403s] Level 1:colcon.colcon_core.shell:create_environment_hook('pick_and_place', 'ament_prefix_path')
[0.404s] INFO:colcon.colcon_core.shell:Creating environment hook '/home/jetcobot/venv/mycobot/dev/moon_ws/ros2_ws/install/pick_and_place/share/pick_and_place/hook/ament_prefix_path.ps1'
[0.405s] INFO:colcon.colcon_core.shell:Creating environment descriptor '/home/jetcobot/venv/mycobot/dev/moon_ws/ros2_ws/install/pick_and_place/share/pick_and_place/hook/ament_prefix_path.dsv'
[0.406s] INFO:colcon.colcon_core.shell:Creating environment hook '/home/jetcobot/venv/mycobot/dev/moon_ws/ros2_ws/install/pick_and_place/share/pick_and_place/hook/ament_prefix_path.sh'
[0.407s] INFO:colcon.colcon_core.shell:Skip shell extension 'powershell' for command environment: Not usable outside of PowerShell
[0.407s] DEBUG:colcon.colcon_core.shell:Skip shell extension 'dsv' for command environment
[0.414s] INFO:colcon.colcon_ros.task.ament_cmake.build:Building ROS package in '/home/jetcobot/venv/mycobot/dev/moon_ws/ros2_ws/src/ros2_custom_msgs/src/robocallee_fms' with build type 'ament_cmake'
[0.414s] INFO:colcon.colcon_cmake.task.cmake.build:Building CMake package in '/home/jetcobot/venv/mycobot/dev/moon_ws/ros2_ws/src/ros2_custom_msgs/src/robocallee_fms'
[0.414s] INFO:colcon.colcon_core.shell:Skip shell extension 'powershell' for command environment: Not usable outside of PowerShell
[0.414s] DEBUG:colcon.colcon_core.shell:Skip shell extension 'dsv' for command environment
[0.427s] DEBUG:colcon.colcon_core.event_handler.log_command:Invoking command in '/home/jetcobot/venv/mycobot/dev/moon_ws/ros2_ws/build/custom_messeage': CMAKE_PREFIX_PATH=${CMAKE_PREFIX_PATH}:/home/jetcobot/venv/mycobot/dev/moon_ws/ros2_ws/install/pick_and_place:/home/jetcobot/ros2_ws/install/jetcobot_driver:/home/jetcobot/ros2_ws/install/jetcobot_control:/home/jetcobot/jetcobot_ws/install/jetcobot_ctrl:/opt/ros/jazzy DEBUGINFOD_URLS=https://debuginfod.ubuntu.com /usr/bin/cmake /home/jetcobot/venv/mycobot/dev/moon_ws/ros2_ws/src/custom_messeage -DCMAKE_INSTALL_PREFIX=/home/jetcobot/venv/mycobot/dev/moon_ws/ros2_ws/install/custom_messeage
[0.865s] INFO:colcon.colcon_core.task.python.build:Building Python package in '/home/jetcobot/venv/mycobot/dev/moon_ws/ros2_ws/src/pick_and_place'
[0.865s] INFO:colcon.colcon_core.shell:Skip shell extension 'powershell' for command environment: Not usable outside of PowerShell
[0.865s] DEBUG:colcon.colcon_core.shell:Skip shell extension 'dsv' for command environment
[0.880s] DEBUG:colcon.colcon_core.event_handler.log_command:Invoking command in '/home/jetcobot/venv/mycobot/dev/moon_ws/ros2_ws/build/robocallee_fms': CMAKE_PREFIX_PATH=${CMAKE_PREFIX_PATH}:/home/jetcobot/venv/mycobot/dev/moon_ws/ros2_ws/install/pick_and_place:/home/jetcobot/ros2_ws/install/jetcobot_driver:/home/jetcobot/ros2_ws/install/jetcobot_control:/home/jetcobot/jetcobot_ws/install/jetcobot_ctrl:/opt/ros/jazzy DEBUGINFOD_URLS=https://debuginfod.ubuntu.com /usr/bin/cmake /home/jetcobot/venv/mycobot/dev/moon_ws/ros2_ws/src/ros2_custom_msgs/src/robocallee_fms -DCMAKE_INSTALL_PREFIX=/home/jetcobot/venv/mycobot/dev/moon_ws/ros2_ws/install/robocallee_fms
[3.200s] DEBUG:colcon.colcon_core.event_handler.log_command:Invoking command in '/home/jetcobot/venv/mycobot/dev/moon_ws/ros2_ws/src/pick_and_place': DEBUGINFOD_URLS=https://debuginfod.ubuntu.com PYTHONPATH=/home/jetcobot/venv/mycobot/dev/moon_ws/ros2_ws/build/pick_and_place/prefix_override:/usr/lib/python3/dist-packages/colcon_core/task/python/colcon_distutils_commands:/home/jetcobot/venv/mycobot/dev/moon_ws/ros2_ws/install/pick_and_place/lib/python3.12/site-packages:${PYTHONPATH} /usr/bin/python3 -W ignore:setup.py install is deprecated -W ignore:easy_install command is deprecated setup.py egg_info --egg-base ../../build/pick_and_place build --build-base /home/jetcobot/venv/mycobot/dev/moon_ws/ros2_ws/build/pick_and_place/build install --record /home/jetcobot/venv/mycobot/dev/moon_ws/ros2_ws/build/pick_and_place/install.log --single-version-externally-managed install_data
[6.158s] DEBUG:colcon.colcon_core.event_handler.log_command:Invoked command in '/home/jetcobot/venv/mycobot/dev/moon_ws/ros2_ws/src/pick_and_place' returned '0': DEBUGINFOD_URLS=https://debuginfod.ubuntu.com PYTHONPATH=/home/jetcobot/venv/mycobot/dev/moon_ws/ros2_ws/build/pick_and_place/prefix_override:/usr/lib/python3/dist-packages/colcon_core/task/python/colcon_distutils_commands:/home/jetcobot/venv/mycobot/dev/moon_ws/ros2_ws/install/pick_and_place/lib/python3.12/site-packages:${PYTHONPATH} /usr/bin/python3 -W ignore:setup.py install is deprecated -W ignore:easy_install command is deprecated setup.py egg_info --egg-base ../../build/pick_and_place build --build-base /home/jetcobot/venv/mycobot/dev/moon_ws/ros2_ws/build/pick_and_place/build install --record /home/jetcobot/venv/mycobot/dev/moon_ws/ros2_ws/build/pick_and_place/install.log --single-version-externally-managed install_data
[6.174s] Level 1:colcon.colcon_core.environment:checking '/home/jetcobot/venv/mycobot/dev/moon_ws/ros2_ws/install/pick_and_place' for CMake module files
[6.180s] Level 1:colcon.colcon_core.environment:checking '/home/jetcobot/venv/mycobot/dev/moon_ws/ros2_ws/install/pick_and_place' for CMake config files
[6.181s] Level 1:colcon.colcon_core.environment:checking '/home/jetcobot/venv/mycobot/dev/moon_ws/ros2_ws/install/pick_and_place/lib'
[6.188s] Level 1:colcon.colcon_core.environment:checking '/home/jetcobot/venv/mycobot/dev/moon_ws/ros2_ws/install/pick_and_place/bin'
[6.188s] Level 1:colcon.colcon_core.environment:checking '/home/jetcobot/venv/mycobot/dev/moon_ws/ros2_ws/install/pick_and_place/lib/pkgconfig/pick_and_place.pc'
[6.188s] Level 1:colcon.colcon_core.environment:checking '/home/jetcobot/venv/mycobot/dev/moon_ws/ros2_ws/install/pick_and_place/lib/python3.12/site-packages'
[6.189s] Level 1:colcon.colcon_core.shell:create_environment_hook('pick_and_place', 'pythonpath')
[6.189s] INFO:colcon.colcon_core.shell:Creating environment hook '/home/jetcobot/venv/mycobot/dev/moon_ws/ros2_ws/install/pick_and_place/share/pick_and_place/hook/pythonpath.ps1'
[6.190s] INFO:colcon.colcon_core.shell:Creating environment descriptor '/home/jetcobot/venv/mycobot/dev/moon_ws/ros2_ws/install/pick_and_place/share/pick_and_place/hook/pythonpath.dsv'
[6.199s] INFO:colcon.colcon_core.shell:Creating environment hook '/home/jetcobot/venv/mycobot/dev/moon_ws/ros2_ws/install/pick_and_place/share/pick_and_place/hook/pythonpath.sh'
[6.200s] Level 1:colcon.colcon_core.environment:checking '/home/jetcobot/venv/mycobot/dev/moon_ws/ros2_ws/install/pick_and_place/bin'
[6.200s] Level 1:colcon.colcon_core.environment:create_environment_scripts_only(pick_and_place)
[6.208s] INFO:colcon.colcon_core.shell:Creating package script '/home/jetcobot/venv/mycobot/dev/moon_ws/ros2_ws/install/pick_and_place/share/pick_and_place/package.ps1'
[6.217s] INFO:colcon.colcon_core.shell:Creating package descriptor '/home/jetcobot/venv/mycobot/dev/moon_ws/ros2_ws/install/pick_and_place/share/pick_and_place/package.dsv'
[6.218s] INFO:colcon.colcon_core.shell:Creating package script '/home/jetcobot/venv/mycobot/dev/moon_ws/ros2_ws/install/pick_and_place/share/pick_and_place/package.sh'
[6.226s] INFO:colcon.colcon_core.shell:Creating package script '/home/jetcobot/venv/mycobot/dev/moon_ws/ros2_ws/install/pick_and_place/share/pick_and_place/package.bash'
[6.227s] INFO:colcon.colcon_core.shell:Creating package script '/home/jetcobot/venv/mycobot/dev/moon_ws/ros2_ws/install/pick_and_place/share/pick_and_place/package.zsh'
[6.228s] Level 1:colcon.colcon_core.environment:create_file_with_runtime_dependencies(/home/jetcobot/venv/mycobot/dev/moon_ws/ros2_ws/install/pick_and_place/share/colcon-core/packages/pick_and_place)
[10.840s] DEBUG:colcon.colcon_core.event_handler.log_command:Invoked command in '/home/jetcobot/venv/mycobot/dev/moon_ws/ros2_ws/build/custom_messeage' returned '0': CMAKE_PREFIX_PATH=${CMAKE_PREFIX_PATH}:/home/jetcobot/venv/mycobot/dev/moon_ws/ros2_ws/install/pick_and_place:/home/jetcobot/ros2_ws/install/jetcobot_driver:/home/jetcobot/ros2_ws/install/jetcobot_control:/home/jetcobot/jetcobot_ws/install/jetcobot_ctrl:/opt/ros/jazzy DEBUGINFOD_URLS=https://debuginfod.ubuntu.com /usr/bin/cmake /home/jetcobot/venv/mycobot/dev/moon_ws/ros2_ws/src/custom_messeage -DCMAKE_INSTALL_PREFIX=/home/jetcobot/venv/mycobot/dev/moon_ws/ros2_ws/install/custom_messeage
[10.841s] DEBUG:colcon.colcon_core.event_handler.log_command:Invoking command in '/home/jetcobot/venv/mycobot/dev/moon_ws/ros2_ws/build/custom_messeage': CMAKE_PREFIX_PATH=${CMAKE_PREFIX_PATH}:/home/jetcobot/venv/mycobot/dev/moon_ws/ros2_ws/install/pick_and_place:/home/jetcobot/ros2_ws/install/jetcobot_driver:/home/jetcobot/ros2_ws/install/jetcobot_control:/home/jetcobot/jetcobot_ws/install/jetcobot_ctrl:/opt/ros/jazzy DEBUGINFOD_URLS=https://debuginfod.ubuntu.com /usr/bin/cmake --build /home/jetcobot/venv/mycobot/dev/moon_ws/ros2_ws/build/custom_messeage -- -j4 -l4
[13.717s] DEBUG:colcon.colcon_core.event_handler.log_command:Invoked command in '/home/jetcobot/venv/mycobot/dev/moon_ws/ros2_ws/build/robocallee_fms' returned '0': CMAKE_PREFIX_PATH=${CMAKE_PREFIX_PATH}:/home/jetcobot/venv/mycobot/dev/moon_ws/ros2_ws/install/pick_and_place:/home/jetcobot/ros2_ws/install/jetcobot_driver:/home/jetcobot/ros2_ws/install/jetcobot_control:/home/jetcobot/jetcobot_ws/install/jetcobot_ctrl:/opt/ros/jazzy DEBUGINFOD_URLS=https://debuginfod.ubuntu.com /usr/bin/cmake /home/jetcobot/venv/mycobot/dev/moon_ws/ros2_ws/src/ros2_custom_msgs/src/robocallee_fms -DCMAKE_INSTALL_PREFIX=/home/jetcobot/venv/mycobot/dev/moon_ws/ros2_ws/install/robocallee_fms
[13.718s] DEBUG:colcon.colcon_core.event_handler.log_command:Invoking command in '/home/jetcobot/venv/mycobot/dev/moon_ws/ros2_ws/build/robocallee_fms': CMAKE_PREFIX_PATH=${CMAKE_PREFIX_PATH}:/home/jetcobot/venv/mycobot/dev/moon_ws/ros2_ws/install/pick_and_place:/home/jetcobot/ros2_ws/install/jetcobot_driver:/home/jetcobot/ros2_ws/install/jetcobot_control:/home/jetcobot/jetcobot_ws/install/jetcobot_ctrl:/opt/ros/jazzy DEBUGINFOD_URLS=https://debuginfod.ubuntu.com /usr/bin/cmake --build /home/jetcobot/venv/mycobot/dev/moon_ws/ros2_ws/build/robocallee_fms -- -j4 -l4
[24.039s] DEBUG:colcon.colcon_core.event_handler.log_command:Invoked command in '/home/jetcobot/venv/mycobot/dev/moon_ws/ros2_ws/build/custom_messeage' returned '0': CMAKE_PREFIX_PATH=${CMAKE_PREFIX_PATH}:/home/jetcobot/venv/mycobot/dev/moon_ws/ros2_ws/install/pick_and_place:/home/jetcobot/ros2_ws/install/jetcobot_driver:/home/jetcobot/ros2_ws/install/jetcobot_control:/home/jetcobot/jetcobot_ws/install/jetcobot_ctrl:/opt/ros/jazzy DEBUGINFOD_URLS=https://debuginfod.ubuntu.com /usr/bin/cmake --build /home/jetcobot/venv/mycobot/dev/moon_ws/ros2_ws/build/custom_messeage -- -j4 -l4
[24.101s] DEBUG:colcon.colcon_core.event_handler.log_command:Invoking command in '/home/jetcobot/venv/mycobot/dev/moon_ws/ros2_ws/build/custom_messeage': CMAKE_PREFIX_PATH=${CMAKE_PREFIX_PATH}:/home/jetcobot/venv/mycobot/dev/moon_ws/ros2_ws/install/pick_and_place:/home/jetcobot/ros2_ws/install/jetcobot_driver:/home/jetcobot/ros2_ws/install/jetcobot_control:/home/jetcobot/jetcobot_ws/install/jetcobot_ctrl:/opt/ros/jazzy DEBUGINFOD_URLS=https://debuginfod.ubuntu.com /usr/bin/cmake --install /home/jetcobot/venv/mycobot/dev/moon_ws/ros2_ws/build/custom_messeage
[24.653s] Level 1:colcon.colcon_core.environment:create_environment_scripts_only(custom_messeage)
[24.654s] Level 1:colcon.colcon_core.environment:checking '/home/jetcobot/venv/mycobot/dev/moon_ws/ros2_ws/install/custom_messeage' for CMake module files
[24.655s] Level 1:colcon.colcon_core.environment:checking '/home/jetcobot/venv/mycobot/dev/moon_ws/ros2_ws/install/custom_messeage' for CMake config files
[24.653s] DEBUG:colcon.colcon_core.event_handler.log_command:Invoked command in '/home/jetcobot/venv/mycobot/dev/moon_ws/ros2_ws/build/custom_messeage' returned '0': CMAKE_PREFIX_PATH=${CMAKE_PREFIX_PATH}:/home/jetcobot/venv/mycobot/dev/moon_ws/ros2_ws/install/pick_and_place:/home/jetcobot/ros2_ws/install/jetcobot_driver:/home/jetcobot/ros2_ws/install/jetcobot_control:/home/jetcobot/jetcobot_ws/install/jetcobot_ctrl:/opt/ros/jazzy DEBUGINFOD_URLS=https://debuginfod.ubuntu.com /usr/bin/cmake --install /home/jetcobot/venv/mycobot/dev/moon_ws/ros2_ws/build/custom_messeage
[24.655s] Level 1:colcon.colcon_core.shell:create_environment_hook('custom_messeage', 'cmake_prefix_path')
[24.656s] INFO:colcon.colcon_core.shell:Creating environment hook '/home/jetcobot/venv/mycobot/dev/moon_ws/ros2_ws/install/custom_messeage/share/custom_messeage/hook/cmake_prefix_path.ps1'
[24.658s] INFO:colcon.colcon_core.shell:Creating environment descriptor '/home/jetcobot/venv/mycobot/dev/moon_ws/ros2_ws/install/custom_messeage/share/custom_messeage/hook/cmake_prefix_path.dsv'
[24.659s] INFO:colcon.colcon_core.shell:Creating environment hook '/home/jetcobot/venv/mycobot/dev/moon_ws/ros2_ws/install/custom_messeage/share/custom_messeage/hook/cmake_prefix_path.sh'
[24.660s] Level 1:colcon.colcon_core.environment:checking '/home/jetcobot/venv/mycobot/dev/moon_ws/ros2_ws/install/custom_messeage/lib'
[24.660s] Level 1:colcon.colcon_core.shell:create_environment_hook('custom_messeage', 'ld_library_path_lib')
[24.662s] INFO:colcon.colcon_core.shell:Creating environment hook '/home/jetcobot/venv/mycobot/dev/moon_ws/ros2_ws/install/custom_messeage/share/custom_messeage/hook/ld_library_path_lib.ps1'
[24.664s] INFO:colcon.colcon_core.shell:Creating environment descriptor '/home/jetcobot/venv/mycobot/dev/moon_ws/ros2_ws/install/custom_messeage/share/custom_messeage/hook/ld_library_path_lib.dsv'
[24.665s] INFO:colcon.colcon_core.shell:Creating environment hook '/home/jetcobot/venv/mycobot/dev/moon_ws/ros2_ws/install/custom_messeage/share/custom_messeage/hook/ld_library_path_lib.sh'
[24.667s] Level 1:colcon.colcon_core.environment:checking '/home/jetcobot/venv/mycobot/dev/moon_ws/ros2_ws/install/custom_messeage/bin'
[24.668s] Level 1:colcon.colcon_core.environment:checking '/home/jetcobot/venv/mycobot/dev/moon_ws/ros2_ws/install/custom_messeage/lib/pkgconfig/custom_messeage.pc'
[24.668s] Level 1:colcon.colcon_core.environment:checking '/home/jetcobot/venv/mycobot/dev/moon_ws/ros2_ws/install/custom_messeage/lib/python3.12/site-packages'
[24.668s] Level 1:colcon.colcon_core.shell:create_environment_hook('custom_messeage', 'pythonpath')
[24.669s] INFO:colcon.colcon_core.shell:Creating environment hook '/home/jetcobot/venv/mycobot/dev/moon_ws/ros2_ws/install/custom_messeage/share/custom_messeage/hook/pythonpath.ps1'
[24.671s] INFO:colcon.colcon_core.shell:Creating environment descriptor '/home/jetcobot/venv/mycobot/dev/moon_ws/ros2_ws/install/custom_messeage/share/custom_messeage/hook/pythonpath.dsv'
[24.673s] INFO:colcon.colcon_core.shell:Creating environment hook '/home/jetcobot/venv/mycobot/dev/moon_ws/ros2_ws/install/custom_messeage/share/custom_messeage/hook/pythonpath.sh'
[24.675s] Level 1:colcon.colcon_core.environment:checking '/home/jetcobot/venv/mycobot/dev/moon_ws/ros2_ws/install/custom_messeage/bin'
[24.678s] INFO:colcon.colcon_core.shell:Creating package script '/home/jetcobot/venv/mycobot/dev/moon_ws/ros2_ws/install/custom_messeage/share/custom_messeage/package.ps1'
[24.682s] INFO:colcon.colcon_core.shell:Creating package descriptor '/home/jetcobot/venv/mycobot/dev/moon_ws/ros2_ws/install/custom_messeage/share/custom_messeage/package.dsv'
[24.684s] INFO:colcon.colcon_core.shell:Creating package script '/home/jetcobot/venv/mycobot/dev/moon_ws/ros2_ws/install/custom_messeage/share/custom_messeage/package.sh'
[24.686s] INFO:colcon.colcon_core.shell:Creating package script '/home/jetcobot/venv/mycobot/dev/moon_ws/ros2_ws/install/custom_messeage/share/custom_messeage/package.bash'
[24.689s] INFO:colcon.colcon_core.shell:Creating package script '/home/jetcobot/venv/mycobot/dev/moon_ws/ros2_ws/install/custom_messeage/share/custom_messeage/package.zsh'
[24.691s] Level 1:colcon.colcon_core.environment:create_file_with_runtime_dependencies(/home/jetcobot/venv/mycobot/dev/moon_ws/ros2_ws/install/custom_messeage/share/colcon-core/packages/custom_messeage)
[24.694s] Level 1:colcon.colcon_core.environment:create_environment_scripts_only(custom_messeage)
[24.694s] Level 1:colcon.colcon_core.environment:checking '/home/jetcobot/venv/mycobot/dev/moon_ws/ros2_ws/install/custom_messeage' for CMake module files
[24.734s] Level 1:colcon.colcon_core.environment:checking '/home/jetcobot/venv/mycobot/dev/moon_ws/ros2_ws/install/custom_messeage' for CMake config files
[24.735s] Level 1:colcon.colcon_core.shell:create_environment_hook('custom_messeage', 'cmake_prefix_path')
[24.735s] INFO:colcon.colcon_core.shell:Creating environment hook '/home/jetcobot/venv/mycobot/dev/moon_ws/ros2_ws/install/custom_messeage/share/custom_messeage/hook/cmake_prefix_path.ps1'
[24.737s] INFO:colcon.colcon_core.shell:Creating environment descriptor '/home/jetcobot/venv/mycobot/dev/moon_ws/ros2_ws/install/custom_messeage/share/custom_messeage/hook/cmake_prefix_path.dsv'
[24.738s] INFO:colcon.colcon_core.shell:Creating environment hook '/home/jetcobot/venv/mycobot/dev/moon_ws/ros2_ws/install/custom_messeage/share/custom_messeage/hook/cmake_prefix_path.sh'
[24.740s] Level 1:colcon.colcon_core.environment:checking '/home/jetcobot/venv/mycobot/dev/moon_ws/ros2_ws/install/custom_messeage/lib'
[24.740s] Level 1:colcon.colcon_core.shell:create_environment_hook('custom_messeage', 'ld_library_path_lib')
[24.741s] INFO:colcon.colcon_core.shell:Creating environment hook '/home/jetcobot/venv/mycobot/dev/moon_ws/ros2_ws/install/custom_messeage/share/custom_messeage/hook/ld_library_path_lib.ps1'
[24.742s] INFO:colcon.colcon_core.shell:Creating environment descriptor '/home/jetcobot/venv/mycobot/dev/moon_ws/ros2_ws/install/custom_messeage/share/custom_messeage/hook/ld_library_path_lib.dsv'
[24.744s] INFO:colcon.colcon_core.shell:Creating environment hook '/home/jetcobot/venv/mycobot/dev/moon_ws/ros2_ws/install/custom_messeage/share/custom_messeage/hook/ld_library_path_lib.sh'
[24.745s] Level 1:colcon.colcon_core.environment:checking '/home/jetcobot/venv/mycobot/dev/moon_ws/ros2_ws/install/custom_messeage/bin'
[24.745s] Level 1:colcon.colcon_core.environment:checking '/home/jetcobot/venv/mycobot/dev/moon_ws/ros2_ws/install/custom_messeage/lib/pkgconfig/custom_messeage.pc'
[24.745s] Level 1:colcon.colcon_core.environment:checking '/home/jetcobot/venv/mycobot/dev/moon_ws/ros2_ws/install/custom_messeage/lib/python3.12/site-packages'
[24.746s] Level 1:colcon.colcon_core.shell:create_environment_hook('custom_messeage', 'pythonpath')
[24.747s] INFO:colcon.colcon_core.shell:Creating environment hook '/home/jetcobot/venv/mycobot/dev/moon_ws/ros2_ws/install/custom_messeage/share/custom_messeage/hook/pythonpath.ps1'
[24.748s] INFO:colcon.colcon_core.shell:Creating environment descriptor '/home/jetcobot/venv/mycobot/dev/moon_ws/ros2_ws/install/custom_messeage/share/custom_messeage/hook/pythonpath.dsv'
[24.750s] INFO:colcon.colcon_core.shell:Creating environment hook '/home/jetcobot/venv/mycobot/dev/moon_ws/ros2_ws/install/custom_messeage/share/custom_messeage/hook/pythonpath.sh'
[24.752s] Level 1:colcon.colcon_core.environment:checking '/home/jetcobot/venv/mycobot/dev/moon_ws/ros2_ws/install/custom_messeage/bin'
[24.753s] INFO:colcon.colcon_core.shell:Creating package script '/home/jetcobot/venv/mycobot/dev/moon_ws/ros2_ws/install/custom_messeage/share/custom_messeage/package.ps1'
[24.762s] INFO:colcon.colcon_core.shell:Creating package descriptor '/home/jetcobot/venv/mycobot/dev/moon_ws/ros2_ws/install/custom_messeage/share/custom_messeage/package.dsv'
[24.771s] INFO:colcon.colcon_core.shell:Creating package script '/home/jetcobot/venv/mycobot/dev/moon_ws/ros2_ws/install/custom_messeage/share/custom_messeage/package.sh'
[24.772s] INFO:colcon.colcon_core.shell:Creating package script '/home/jetcobot/venv/mycobot/dev/moon_ws/ros2_ws/install/custom_messeage/share/custom_messeage/package.bash'
[24.773s] INFO:colcon.colcon_core.shell:Creating package script '/home/jetcobot/venv/mycobot/dev/moon_ws/ros2_ws/install/custom_messeage/share/custom_messeage/package.zsh'
[24.781s] Level 1:colcon.colcon_core.environment:create_file_with_runtime_dependencies(/home/jetcobot/venv/mycobot/dev/moon_ws/ros2_ws/install/custom_messeage/share/colcon-core/packages/custom_messeage)
[44.346s] DEBUG:colcon.colcon_core.event_handler.log_command:Invoked command in '/home/jetcobot/venv/mycobot/dev/moon_ws/ros2_ws/build/robocallee_fms' returned '0': CMAKE_PREFIX_PATH=${CMAKE_PREFIX_PATH}:/home/jetcobot/venv/mycobot/dev/moon_ws/ros2_ws/install/pick_and_place:/home/jetcobot/ros2_ws/install/jetcobot_driver:/home/jetcobot/ros2_ws/install/jetcobot_control:/home/jetcobot/jetcobot_ws/install/jetcobot_ctrl:/opt/ros/jazzy DEBUGINFOD_URLS=https://debuginfod.ubuntu.com /usr/bin/cmake --build /home/jetcobot/venv/mycobot/dev/moon_ws/ros2_ws/build/robocallee_fms -- -j4 -l4
[44.348s] DEBUG:colcon.colcon_core.event_handler.log_command:Invoking command in '/home/jetcobot/venv/mycobot/dev/moon_ws/ros2_ws/build/robocallee_fms': CMAKE_PREFIX_PATH=${CMAKE_PREFIX_PATH}:/home/jetcobot/venv/mycobot/dev/moon_ws/ros2_ws/install/pick_and_place:/home/jetcobot/ros2_ws/install/jetcobot_driver:/home/jetcobot/ros2_ws/install/jetcobot_control:/home/jetcobot/jetcobot_ws/install/jetcobot_ctrl:/opt/ros/jazzy DEBUGINFOD_URLS=https://debuginfod.ubuntu.com /usr/bin/cmake --install /home/jetcobot/venv/mycobot/dev/moon_ws/ros2_ws/build/robocallee_fms
[44.512s] Level 1:colcon.colcon_core.environment:create_environment_scripts_only(robocallee_fms)
[44.513s] Level 1:colcon.colcon_core.environment:checking '/home/jetcobot/venv/mycobot/dev/moon_ws/ros2_ws/install/robocallee_fms' for CMake module files
[44.513s] DEBUG:colcon.colcon_core.event_handler.log_command:Invoked command in '/home/jetcobot/venv/mycobot/dev/moon_ws/ros2_ws/build/robocallee_fms' returned '0': CMAKE_PREFIX_PATH=${CMAKE_PREFIX_PATH}:/home/jetcobot/venv/mycobot/dev/moon_ws/ros2_ws/install/pick_and_place:/home/jetcobot/ros2_ws/install/jetcobot_driver:/home/jetcobot/ros2_ws/install/jetcobot_control:/home/jetcobot/jetcobot_ws/install/jetcobot_ctrl:/opt/ros/jazzy DEBUGINFOD_URLS=https://debuginfod.ubuntu.com /usr/bin/cmake --install /home/jetcobot/venv/mycobot/dev/moon_ws/ros2_ws/build/robocallee_fms
[44.514s] Level 1:colcon.colcon_core.environment:checking '/home/jetcobot/venv/mycobot/dev/moon_ws/ros2_ws/install/robocallee_fms' for CMake config files
[44.515s] Level 1:colcon.colcon_core.shell:create_environment_hook('robocallee_fms', 'cmake_prefix_path')
[44.515s] INFO:colcon.colcon_core.shell:Creating environment hook '/home/jetcobot/venv/mycobot/dev/moon_ws/ros2_ws/install/robocallee_fms/share/robocallee_fms/hook/cmake_prefix_path.ps1'
[44.516s] INFO:colcon.colcon_core.shell:Creating environment descriptor '/home/jetcobot/venv/mycobot/dev/moon_ws/ros2_ws/install/robocallee_fms/share/robocallee_fms/hook/cmake_prefix_path.dsv'
[44.516s] INFO:colcon.colcon_core.shell:Creating environment hook '/home/jetcobot/venv/mycobot/dev/moon_ws/ros2_ws/install/robocallee_fms/share/robocallee_fms/hook/cmake_prefix_path.sh'
[44.517s] Level 1:colcon.colcon_core.environment:checking '/home/jetcobot/venv/mycobot/dev/moon_ws/ros2_ws/install/robocallee_fms/lib'
[44.517s] Level 1:colcon.colcon_core.shell:create_environment_hook('robocallee_fms', 'ld_library_path_lib')
[44.517s] INFO:colcon.colcon_core.shell:Creating environment hook '/home/jetcobot/venv/mycobot/dev/moon_ws/ros2_ws/install/robocallee_fms/share/robocallee_fms/hook/ld_library_path_lib.ps1'
[44.518s] INFO:colcon.colcon_core.shell:Creating environment descriptor '/home/jetcobot/venv/mycobot/dev/moon_ws/ros2_ws/install/robocallee_fms/share/robocallee_fms/hook/ld_library_path_lib.dsv'
[44.518s] INFO:colcon.colcon_core.shell:Creating environment hook '/home/jetcobot/venv/mycobot/dev/moon_ws/ros2_ws/install/robocallee_fms/share/robocallee_fms/hook/ld_library_path_lib.sh'
[44.518s] Level 1:colcon.colcon_core.environment:checking '/home/jetcobot/venv/mycobot/dev/moon_ws/ros2_ws/install/robocallee_fms/bin'
[44.518s] Level 1:colcon.colcon_core.environment:checking '/home/jetcobot/venv/mycobot/dev/moon_ws/ros2_ws/install/robocallee_fms/lib/pkgconfig/robocallee_fms.pc'
[44.519s] Level 1:colcon.colcon_core.environment:checking '/home/jetcobot/venv/mycobot/dev/moon_ws/ros2_ws/install/robocallee_fms/lib/python3.12/site-packages'
[44.519s] Level 1:colcon.colcon_core.shell:create_environment_hook('robocallee_fms', 'pythonpath')
[44.519s] INFO:colcon.colcon_core.shell:Creating environment hook '/home/jetcobot/venv/mycobot/dev/moon_ws/ros2_ws/install/robocallee_fms/share/robocallee_fms/hook/pythonpath.ps1'
[44.519s] INFO:colcon.colcon_core.shell:Creating environment descriptor '/home/jetcobot/venv/mycobot/dev/moon_ws/ros2_ws/install/robocallee_fms/share/robocallee_fms/hook/pythonpath.dsv'
[44.520s] INFO:colcon.colcon_core.shell:Creating environment hook '/home/jetcobot/venv/mycobot/dev/moon_ws/ros2_ws/install/robocallee_fms/share/robocallee_fms/hook/pythonpath.sh'
[44.521s] Level 1:colcon.colcon_core.environment:checking '/home/jetcobot/venv/mycobot/dev/moon_ws/ros2_ws/install/robocallee_fms/bin'
[44.521s] INFO:colcon.colcon_core.shell:Creating package script '/home/jetcobot/venv/mycobot/dev/moon_ws/ros2_ws/install/robocallee_fms/share/robocallee_fms/package.ps1'
[44.522s] INFO:colcon.colcon_core.shell:Creating package descriptor '/home/jetcobot/venv/mycobot/dev/moon_ws/ros2_ws/install/robocallee_fms/share/robocallee_fms/package.dsv'
[44.522s] INFO:colcon.colcon_core.shell:Creating package script '/home/jetcobot/venv/mycobot/dev/moon_ws/ros2_ws/install/robocallee_fms/share/robocallee_fms/package.sh'
[44.523s] INFO:colcon.colcon_core.shell:Creating package script '/home/jetcobot/venv/mycobot/dev/moon_ws/ros2_ws/install/robocallee_fms/share/robocallee_fms/package.bash'
[44.524s] INFO:colcon.colcon_core.shell:Creating package script '/home/jetcobot/venv/mycobot/dev/moon_ws/ros2_ws/install/robocallee_fms/share/robocallee_fms/package.zsh'
[44.524s] Level 1:colcon.colcon_core.environment:create_file_with_runtime_dependencies(/home/jetcobot/venv/mycobot/dev/moon_ws/ros2_ws/install/robocallee_fms/share/colcon-core/packages/robocallee_fms)
[44.525s] Level 1:colcon.colcon_core.environment:create_environment_scripts_only(robocallee_fms)
[44.525s] Level 1:colcon.colcon_core.environment:checking '/home/jetcobot/venv/mycobot/dev/moon_ws/ros2_ws/install/robocallee_fms' for CMake module files
[44.526s] Level 1:colcon.colcon_core.environment:checking '/home/jetcobot/venv/mycobot/dev/moon_ws/ros2_ws/install/robocallee_fms' for CMake config files
[44.527s] Level 1:colcon.colcon_core.shell:create_environment_hook('robocallee_fms', 'cmake_prefix_path')
[44.527s] INFO:colcon.colcon_core.shell:Creating environment hook '/home/jetcobot/venv/mycobot/dev/moon_ws/ros2_ws/install/robocallee_fms/share/robocallee_fms/hook/cmake_prefix_path.ps1'
[44.527s] INFO:colcon.colcon_core.shell:Creating environment descriptor '/home/jetcobot/venv/mycobot/dev/moon_ws/ros2_ws/install/robocallee_fms/share/robocallee_fms/hook/cmake_prefix_path.dsv'
[44.528s] INFO:colcon.colcon_core.shell:Creating environment hook '/home/jetcobot/venv/mycobot/dev/moon_ws/ros2_ws/install/robocallee_fms/share/robocallee_fms/hook/cmake_prefix_path.sh'
[44.529s] Level 1:colcon.colcon_core.environment:checking '/home/jetcobot/venv/mycobot/dev/moon_ws/ros2_ws/install/robocallee_fms/lib'
[44.529s] Level 1:colcon.colcon_core.shell:create_environment_hook('robocallee_fms', 'ld_library_path_lib')
[44.530s] INFO:colcon.colcon_core.shell:Creating environment hook '/home/jetcobot/venv/mycobot/dev/moon_ws/ros2_ws/install/robocallee_fms/share/robocallee_fms/hook/ld_library_path_lib.ps1'
[44.530s] INFO:colcon.colcon_core.shell:Creating environment descriptor '/home/jetcobot/venv/mycobot/dev/moon_ws/ros2_ws/install/robocallee_fms/share/robocallee_fms/hook/ld_library_path_lib.dsv'
[44.531s] INFO:colcon.colcon_core.shell:Creating environment hook '/home/jetcobot/venv/mycobot/dev/moon_ws/ros2_ws/install/robocallee_fms/share/robocallee_fms/hook/ld_library_path_lib.sh'
[44.531s] Level 1:colcon.colcon_core.environment:checking '/home/jetcobot/venv/mycobot/dev/moon_ws/ros2_ws/install/robocallee_fms/bin'
[44.532s] Level 1:colcon.colcon_core.environment:checking '/home/jetcobot/venv/mycobot/dev/moon_ws/ros2_ws/install/robocallee_fms/lib/pkgconfig/robocallee_fms.pc'
[44.532s] Level 1:colcon.colcon_core.environment:checking '/home/jetcobot/venv/mycobot/dev/moon_ws/ros2_ws/install/robocallee_fms/lib/python3.12/site-packages'
[44.532s] Level 1:colcon.colcon_core.shell:create_environment_hook('robocallee_fms', 'pythonpath')
[44.532s] INFO:colcon.colcon_core.shell:Creating environment hook '/home/jetcobot/venv/mycobot/dev/moon_ws/ros2_ws/install/robocallee_fms/share/robocallee_fms/hook/pythonpath.ps1'
[44.533s] INFO:colcon.colcon_core.shell:Creating environment descriptor '/home/jetcobot/venv/mycobot/dev/moon_ws/ros2_ws/install/robocallee_fms/share/robocallee_fms/hook/pythonpath.dsv'
[44.534s] INFO:colcon.colcon_core.shell:Creating environment hook '/home/jetcobot/venv/mycobot/dev/moon_ws/ros2_ws/install/robocallee_fms/share/robocallee_fms/hook/pythonpath.sh'
[44.535s] Level 1:colcon.colcon_core.environment:checking '/home/jetcobot/venv/mycobot/dev/moon_ws/ros2_ws/install/robocallee_fms/bin'
[44.536s] INFO:colcon.colcon_core.shell:Creating package script '/home/jetcobot/venv/mycobot/dev/moon_ws/ros2_ws/install/robocallee_fms/share/robocallee_fms/package.ps1'
[44.536s] INFO:colcon.colcon_core.shell:Creating package descriptor '/home/jetcobot/venv/mycobot/dev/moon_ws/ros2_ws/install/robocallee_fms/share/robocallee_fms/package.dsv'
[44.537s] INFO:colcon.colcon_core.shell:Creating package script '/home/jetcobot/venv/mycobot/dev/moon_ws/ros2_ws/install/robocallee_fms/share/robocallee_fms/package.sh'
[44.539s] INFO:colcon.colcon_core.shell:Creating package script '/home/jetcobot/venv/mycobot/dev/moon_ws/ros2_ws/install/robocallee_fms/share/robocallee_fms/package.bash'
[44.540s] INFO:colcon.colcon_core.shell:Creating package script '/home/jetcobot/venv/mycobot/dev/moon_ws/ros2_ws/install/robocallee_fms/share/robocallee_fms/package.zsh'
[44.541s] Level 1:colcon.colcon_core.environment:create_file_with_runtime_dependencies(/home/jetcobot/venv/mycobot/dev/moon_ws/ros2_ws/install/robocallee_fms/share/colcon-core/packages/robocallee_fms)
[44.545s] DEBUG:colcon.colcon_parallel_executor.executor.parallel:closing loop
[44.546s] DEBUG:colcon.colcon_parallel_executor.executor.parallel:loop closed
[44.546s] DEBUG:colcon.colcon_parallel_executor.executor.parallel:run_until_complete finished with '0'
[44.546s] DEBUG:colcon.colcon_core.event_reactor:joining thread
[44.556s] INFO:colcon.colcon_core.plugin_system:Skipping extension 'colcon_notification.desktop_notification.terminal_notifier': Not used on non-Darwin systems
[44.556s] INFO:colcon.colcon_core.plugin_system:Skipping extension 'colcon_notification.desktop_notification.win32': Not used on non-Windows systems
[44.556s] INFO:colcon.colcon_notification.desktop_notification:Sending desktop notification using 'notify2'
[44.557s] DEBUG:colcon.colcon_notification.desktop_notification.notify2:Failed to initialize notify2: org.freedesktop.DBus.Error.ServiceUnknown: The name org.freedesktop.Notifications was not provided by any .service files
[44.558s] DEBUG:colcon.colcon_core.event_reactor:joined thread
[44.558s] INFO:colcon.colcon_core.shell:Creating prefix script '/home/jetcobot/venv/mycobot/dev/moon_ws/ros2_ws/install/local_setup.ps1'
[44.559s] INFO:colcon.colcon_core.shell:Creating prefix util module '/home/jetcobot/venv/mycobot/dev/moon_ws/ros2_ws/install/_local_setup_util_ps1.py'
[44.561s] INFO:colcon.colcon_core.shell:Creating prefix chain script '/home/jetcobot/venv/mycobot/dev/moon_ws/ros2_ws/install/setup.ps1'
[44.563s] INFO:colcon.colcon_core.shell:Creating prefix script '/home/jetcobot/venv/mycobot/dev/moon_ws/ros2_ws/install/local_setup.sh'
[44.563s] INFO:colcon.colcon_core.shell:Creating prefix util module '/home/jetcobot/venv/mycobot/dev/moon_ws/ros2_ws/install/_local_setup_util_sh.py'
[44.564s] INFO:colcon.colcon_core.shell:Creating prefix chain script '/home/jetcobot/venv/mycobot/dev/moon_ws/ros2_ws/install/setup.sh'
[44.566s] INFO:colcon.colcon_core.shell:Creating prefix script '/home/jetcobot/venv/mycobot/dev/moon_ws/ros2_ws/install/local_setup.bash'
[44.567s] INFO:colcon.colcon_core.shell:Creating prefix chain script '/home/jetcobot/venv/mycobot/dev/moon_ws/ros2_ws/install/setup.bash'
[44.569s] INFO:colcon.colcon_core.shell:Creating prefix script '/home/jetcobot/venv/mycobot/dev/moon_ws/ros2_ws/install/local_setup.zsh'
[44.569s] INFO:colcon.colcon_core.shell:Creating prefix chain script '/home/jetcobot/venv/mycobot/dev/moon_ws/ros2_ws/install/setup.zsh'
