[0.035s] Invoking command in '/home/jetcobot/venv/mycobot/dev/moon_ws/ros2_ws/build/custom_messeage': CMAKE_PREFIX_PATH=${CMAKE_PREFIX_PATH}:/home/jetcobot/venv/mycobot/dev/moon_ws/ros2_ws/install/pick_and_place:/home/jetcobot/ros2_ws/install/jetcobot_driver:/home/jetcobot/ros2_ws/install/jetcobot_control:/home/jetcobot/jetcobot_ws/install/jetcobot_ctrl:/opt/ros/jazzy DEBUGINFOD_URLS=https://debuginfod.ubuntu.com /usr/bin/cmake --build /home/jetcobot/venv/mycobot/dev/moon_ws/ros2_ws/build/custom_messeage -- -j4 -l4
[0.562s] [  2%] Built target custom_messeage__rosidl_generator_type_description
[0.563s] [  2%] Built target ament_cmake_python_symlink_custom_messeage
[0.565s] [ 11%] Built target custom_messeage__cpp
[0.565s] [ 20%] Built target custom_messeage__rosidl_generator_c
[0.565s] [ 29%] Built target custom_messeage__rosidl_typesupport_introspection_c
[0.565s] [ 38%] Built target custom_messeage__rosidl_typesupport_c
[0.566s] [ 47%] Built target custom_messeage__rosidl_typesupport_fastrtps_c
[0.566s] [ 55%] Built target custom_messeage__rosidl_typesupport_fastrtps_cpp
[0.566s] [ 73%] Built target custom_messeage__rosidl_typesupport_introspection_cpp
[0.566s] [ 73%] Built target custom_messeage__rosidl_typesupport_cpp
[0.566s] [ 73%] Built target custom_messeage
[0.566s] [ 76%] Built target custom_messeage__py
[0.566s] [ 82%] Built target custom_messeage__rosidl_generator_py
[0.567s] [ 88%] Built target custom_messeage_s__rosidl_typesupport_introspection_c
[0.576s] [ 94%] Built target custom_messeage_s__rosidl_typesupport_fastrtps_c
[0.576s] [100%] Built target custom_messeage_s__rosidl_typesupport_c
[0.676s] running egg_info
[0.734s] writing custom_messeage.egg-info/PKG-INFO
[0.734s] writing dependency_links to custom_messeage.egg-info/dependency_links.txt
[0.735s] writing top-level names to custom_messeage.egg-info/top_level.txt
[0.884s] reading manifest file 'custom_messeage.egg-info/SOURCES.txt'
[0.885s] writing manifest file 'custom_messeage.egg-info/SOURCES.txt'
[0.993s] [100%] Built target ament_cmake_python_build_custom_messeage_egg
[1.040s] Invoked command in '/home/jetcobot/venv/mycobot/dev/moon_ws/ros2_ws/build/custom_messeage' returned '0': CMAKE_PREFIX_PATH=${CMAKE_PREFIX_PATH}:/home/jetcobot/venv/mycobot/dev/moon_ws/ros2_ws/install/pick_and_place:/home/jetcobot/ros2_ws/install/jetcobot_driver:/home/jetcobot/ros2_ws/install/jetcobot_control:/home/jetcobot/jetcobot_ws/install/jetcobot_ctrl:/opt/ros/jazzy DEBUGINFOD_URLS=https://debuginfod.ubuntu.com /usr/bin/cmake --build /home/jetcobot/venv/mycobot/dev/moon_ws/ros2_ws/build/custom_messeage -- -j4 -l4
[1.064s] Invoking command in '/home/jetcobot/venv/mycobot/dev/moon_ws/ros2_ws/build/custom_messeage': CMAKE_PREFIX_PATH=${CMAKE_PREFIX_PATH}:/home/jetcobot/venv/mycobot/dev/moon_ws/ros2_ws/install/pick_and_place:/home/jetcobot/ros2_ws/install/jetcobot_driver:/home/jetcobot/ros2_ws/install/jetcobot_control:/home/jetcobot/jetcobot_ws/install/jetcobot_ctrl:/opt/ros/jazzy DEBUGINFOD_URLS=https://debuginfod.ubuntu.com /usr/bin/cmake --install /home/jetcobot/venv/mycobot/dev/moon_ws/ros2_ws/build/custom_messeage
[1.084s] -- Install configuration: ""
[1.085s] -- Execute custom install script
[1.086s] -- Up-to-date symlink: /home/jetcobot/venv/mycobot/dev/moon_ws/ros2_ws/install/custom_messeage/share/ament_index/resource_index/rosidl_interfaces/custom_messeage
[1.087s] -- Up-to-date symlink: /home/jetcobot/venv/mycobot/dev/moon_ws/ros2_ws/install/custom_messeage/share/custom_messeage/srv/RobotArmRequest.json
[1.088s] -- Up-to-date symlink: /home/jetcobot/venv/mycobot/dev/moon_ws/ros2_ws/install/custom_messeage/include/custom_messeage/custom_messeage/msg/rosidl_generator_c__visibility_control.h
[1.092s] -- Up-to-date symlink: /home/jetcobot/venv/mycobot/dev/moon_ws/ros2_ws/install/custom_messeage/include/custom_messeage/custom_messeage/srv/detail/robot_arm_request__functions.h
[1.092s] -- Up-to-date symlink: /home/jetcobot/venv/mycobot/dev/moon_ws/ros2_ws/install/custom_messeage/include/custom_messeage/custom_messeage/srv/detail/robot_arm_request__struct.h
[1.092s] -- Up-to-date symlink: /home/jetcobot/venv/mycobot/dev/moon_ws/ros2_ws/install/custom_messeage/include/custom_messeage/custom_messeage/srv/detail/robot_arm_request__type_support.h
[1.092s] -- Up-to-date symlink: /home/jetcobot/venv/mycobot/dev/moon_ws/ros2_ws/install/custom_messeage/include/custom_messeage/custom_messeage/srv/robot_arm_request.h
[1.092s] -- Up-to-date symlink: /home/jetcobot/venv/mycobot/dev/moon_ws/ros2_ws/install/custom_messeage/share/custom_messeage/environment/library_path.sh
[1.092s] -- Up-to-date symlink: /home/jetcobot/venv/mycobot/dev/moon_ws/ros2_ws/install/custom_messeage/share/custom_messeage/environment/library_path.dsv
[1.092s] -- Up-to-date symlink: /home/jetcobot/venv/mycobot/dev/moon_ws/ros2_ws/install/custom_messeage/include/custom_messeage/custom_messeage/msg/rosidl_typesupport_fastrtps_c__visibility_control.h
[1.093s] -- Up-to-date symlink: /home/jetcobot/venv/mycobot/dev/moon_ws/ros2_ws/install/custom_messeage/include/custom_messeage/custom_messeage/srv/detail/robot_arm_request__rosidl_typesupport_fastrtps_c.h
[1.094s] -- Up-to-date symlink: /home/jetcobot/venv/mycobot/dev/moon_ws/ros2_ws/install/custom_messeage/include/custom_messeage/custom_messeage/msg/rosidl_typesupport_introspection_c__visibility_control.h
[1.094s] -- Up-to-date symlink: /home/jetcobot/venv/mycobot/dev/moon_ws/ros2_ws/install/custom_messeage/include/custom_messeage/custom_messeage/srv/detail/robot_arm_request__rosidl_typesupport_introspection_c.h
[1.094s] -- Up-to-date symlink: /home/jetcobot/venv/mycobot/dev/moon_ws/ros2_ws/install/custom_messeage/include/custom_messeage/custom_messeage/msg/rosidl_generator_cpp__visibility_control.hpp
[1.095s] -- Up-to-date symlink: /home/jetcobot/venv/mycobot/dev/moon_ws/ros2_ws/install/custom_messeage/include/custom_messeage/custom_messeage/srv/detail/robot_arm_request__builder.hpp
[1.095s] -- Up-to-date symlink: /home/jetcobot/venv/mycobot/dev/moon_ws/ros2_ws/install/custom_messeage/include/custom_messeage/custom_messeage/srv/detail/robot_arm_request__struct.hpp
[1.096s] -- Up-to-date symlink: /home/jetcobot/venv/mycobot/dev/moon_ws/ros2_ws/install/custom_messeage/include/custom_messeage/custom_messeage/srv/detail/robot_arm_request__traits.hpp
[1.096s] -- Up-to-date symlink: /home/jetcobot/venv/mycobot/dev/moon_ws/ros2_ws/install/custom_messeage/include/custom_messeage/custom_messeage/srv/detail/robot_arm_request__type_support.hpp
[1.097s] -- Up-to-date symlink: /home/jetcobot/venv/mycobot/dev/moon_ws/ros2_ws/install/custom_messeage/include/custom_messeage/custom_messeage/srv/robot_arm_request.hpp
[1.098s] -- Up-to-date symlink: /home/jetcobot/venv/mycobot/dev/moon_ws/ros2_ws/install/custom_messeage/include/custom_messeage/custom_messeage/msg/rosidl_typesupport_fastrtps_cpp__visibility_control.h
[1.098s] -- Up-to-date symlink: /home/jetcobot/venv/mycobot/dev/moon_ws/ros2_ws/install/custom_messeage/include/custom_messeage/custom_messeage/srv/detail/robot_arm_request__rosidl_typesupport_fastrtps_cpp.hpp
[1.099s] -- Up-to-date symlink: /home/jetcobot/venv/mycobot/dev/moon_ws/ros2_ws/install/custom_messeage/include/custom_messeage/custom_messeage/srv/detail/robot_arm_request__rosidl_typesupport_introspection_cpp.hpp
[1.100s] -- Up-to-date symlink: /home/jetcobot/venv/mycobot/dev/moon_ws/ros2_ws/install/custom_messeage/share/custom_messeage/environment/pythonpath.sh
[1.101s] -- Up-to-date symlink: /home/jetcobot/venv/mycobot/dev/moon_ws/ros2_ws/install/custom_messeage/share/custom_messeage/environment/pythonpath.dsv
[1.101s] -- Up-to-date symlink: /home/jetcobot/venv/mycobot/dev/moon_ws/ros2_ws/install/custom_messeage/lib/python3.12/site-packages/custom_messeage-0.0.0-py3.12.egg-info/PKG-INFO
[1.102s] -- Up-to-date symlink: /home/jetcobot/venv/mycobot/dev/moon_ws/ros2_ws/install/custom_messeage/lib/python3.12/site-packages/custom_messeage-0.0.0-py3.12.egg-info/SOURCES.txt
[1.103s] -- Up-to-date symlink: /home/jetcobot/venv/mycobot/dev/moon_ws/ros2_ws/install/custom_messeage/lib/python3.12/site-packages/custom_messeage-0.0.0-py3.12.egg-info/dependency_links.txt
[1.103s] -- Up-to-date symlink: /home/jetcobot/venv/mycobot/dev/moon_ws/ros2_ws/install/custom_messeage/lib/python3.12/site-packages/custom_messeage-0.0.0-py3.12.egg-info/top_level.txt
[1.105s] -- Up-to-date symlink: /home/jetcobot/venv/mycobot/dev/moon_ws/ros2_ws/install/custom_messeage/lib/python3.12/site-packages/custom_messeage/__init__.py
[1.105s] -- Up-to-date symlink: /home/jetcobot/venv/mycobot/dev/moon_ws/ros2_ws/install/custom_messeage/lib/python3.12/site-packages/custom_messeage/_custom_messeage_s.ep.rosidl_typesupport_c.c
[1.106s] -- Up-to-date symlink: /home/jetcobot/venv/mycobot/dev/moon_ws/ros2_ws/install/custom_messeage/lib/python3.12/site-packages/custom_messeage/_custom_messeage_s.ep.rosidl_typesupport_fastrtps_c.c
[1.106s] -- Up-to-date symlink: /home/jetcobot/venv/mycobot/dev/moon_ws/ros2_ws/install/custom_messeage/lib/python3.12/site-packages/custom_messeage/_custom_messeage_s.ep.rosidl_typesupport_introspection_c.c
[1.107s] -- Up-to-date symlink: /home/jetcobot/venv/mycobot/dev/moon_ws/ros2_ws/install/custom_messeage/lib/python3.12/site-packages/custom_messeage/custom_messeage_s__rosidl_typesupport_c.so
[1.107s] -- Up-to-date symlink: /home/jetcobot/venv/mycobot/dev/moon_ws/ros2_ws/install/custom_messeage/lib/python3.12/site-packages/custom_messeage/custom_messeage_s__rosidl_typesupport_fastrtps_c.so
[1.108s] -- Up-to-date symlink: /home/jetcobot/venv/mycobot/dev/moon_ws/ros2_ws/install/custom_messeage/lib/python3.12/site-packages/custom_messeage/custom_messeage_s__rosidl_typesupport_introspection_c.so
[1.108s] -- Up-to-date symlink: /home/jetcobot/venv/mycobot/dev/moon_ws/ros2_ws/install/custom_messeage/lib/python3.12/site-packages/custom_messeage/srv/__init__.py
[1.109s] -- Up-to-date symlink: /home/jetcobot/venv/mycobot/dev/moon_ws/ros2_ws/install/custom_messeage/lib/python3.12/site-packages/custom_messeage/srv/_robot_arm_request.py
[1.110s] -- Up-to-date symlink: /home/jetcobot/venv/mycobot/dev/moon_ws/ros2_ws/install/custom_messeage/lib/python3.12/site-packages/custom_messeage/srv/_robot_arm_request_s.c
[1.111s] -- Up-to-date symlink: /home/jetcobot/venv/mycobot/dev/moon_ws/ros2_ws/install/custom_messeage/lib/python3.12/site-packages/custom_messeage/custom_messeage_s__rosidl_typesupport_fastrtps_c.so
[1.112s] -- Up-to-date symlink: /home/jetcobot/venv/mycobot/dev/moon_ws/ros2_ws/install/custom_messeage/lib/python3.12/site-packages/custom_messeage/custom_messeage_s__rosidl_typesupport_introspection_c.so
[1.113s] -- Up-to-date symlink: /home/jetcobot/venv/mycobot/dev/moon_ws/ros2_ws/install/custom_messeage/lib/python3.12/site-packages/custom_messeage/custom_messeage_s__rosidl_typesupport_c.so
[1.114s] -- Up-to-date symlink: /home/jetcobot/venv/mycobot/dev/moon_ws/ros2_ws/install/custom_messeage/share/custom_messeage/srv/RobotArmRequest.idl
[1.115s] -- Up-to-date symlink: /home/jetcobot/venv/mycobot/dev/moon_ws/ros2_ws/install/custom_messeage/share/custom_messeage/srv/RobotArmRequest.srv
[1.115s] -- Up-to-date symlink: /home/jetcobot/venv/mycobot/dev/moon_ws/ros2_ws/install/custom_messeage/share/ament_index/resource_index/package_run_dependencies/custom_messeage
[1.116s] -- Up-to-date symlink: /home/jetcobot/venv/mycobot/dev/moon_ws/ros2_ws/install/custom_messeage/share/ament_index/resource_index/parent_prefix_path/custom_messeage
[1.116s] -- Up-to-date symlink: /home/jetcobot/venv/mycobot/dev/moon_ws/ros2_ws/install/custom_messeage/share/custom_messeage/environment/ament_prefix_path.sh
[1.117s] -- Up-to-date symlink: /home/jetcobot/venv/mycobot/dev/moon_ws/ros2_ws/install/custom_messeage/share/custom_messeage/environment/ament_prefix_path.dsv
[1.117s] -- Up-to-date symlink: /home/jetcobot/venv/mycobot/dev/moon_ws/ros2_ws/install/custom_messeage/share/custom_messeage/environment/path.sh
[1.118s] -- Up-to-date symlink: /home/jetcobot/venv/mycobot/dev/moon_ws/ros2_ws/install/custom_messeage/share/custom_messeage/environment/path.dsv
[1.119s] -- Up-to-date symlink: /home/jetcobot/venv/mycobot/dev/moon_ws/ros2_ws/install/custom_messeage/share/custom_messeage/local_setup.bash
[1.119s] -- Up-to-date symlink: /home/jetcobot/venv/mycobot/dev/moon_ws/ros2_ws/install/custom_messeage/share/custom_messeage/local_setup.sh
[1.120s] -- Up-to-date symlink: /home/jetcobot/venv/mycobot/dev/moon_ws/ros2_ws/install/custom_messeage/share/custom_messeage/local_setup.zsh
[1.121s] -- Up-to-date symlink: /home/jetcobot/venv/mycobot/dev/moon_ws/ros2_ws/install/custom_messeage/share/custom_messeage/local_setup.dsv
[1.121s] -- Symlinking: /home/jetcobot/venv/mycobot/dev/moon_ws/ros2_ws/install/custom_messeage/share/custom_messeage/package.dsv
[1.151s] -- Up-to-date symlink: /home/jetcobot/venv/mycobot/dev/moon_ws/ros2_ws/install/custom_messeage/share/ament_index/resource_index/packages/custom_messeage
[1.152s] -- Up-to-date symlink: /home/jetcobot/venv/mycobot/dev/moon_ws/ros2_ws/install/custom_messeage/share/custom_messeage/cmake/rosidl_cmake-extras.cmake
[1.152s] -- Up-to-date symlink: /home/jetcobot/venv/mycobot/dev/moon_ws/ros2_ws/install/custom_messeage/share/custom_messeage/cmake/ament_cmake_export_dependencies-extras.cmake
[1.154s] -- Up-to-date symlink: /home/jetcobot/venv/mycobot/dev/moon_ws/ros2_ws/install/custom_messeage/share/custom_messeage/cmake/ament_cmake_export_include_directories-extras.cmake
[1.154s] -- Up-to-date symlink: /home/jetcobot/venv/mycobot/dev/moon_ws/ros2_ws/install/custom_messeage/share/custom_messeage/cmake/ament_cmake_export_libraries-extras.cmake
[1.154s] -- Up-to-date symlink: /home/jetcobot/venv/mycobot/dev/moon_ws/ros2_ws/install/custom_messeage/share/custom_messeage/cmake/ament_cmake_export_targets-extras.cmake
[1.154s] -- Up-to-date symlink: /home/jetcobot/venv/mycobot/dev/moon_ws/ros2_ws/install/custom_messeage/share/custom_messeage/cmake/rosidl_cmake_export_typesupport_targets-extras.cmake
[1.155s] -- Up-to-date symlink: /home/jetcobot/venv/mycobot/dev/moon_ws/ros2_ws/install/custom_messeage/share/custom_messeage/cmake/rosidl_cmake_export_typesupport_libraries-extras.cmake
[1.155s] -- Up-to-date symlink: /home/jetcobot/venv/mycobot/dev/moon_ws/ros2_ws/install/custom_messeage/share/custom_messeage/cmake/custom_messeageConfig.cmake
[1.155s] -- Up-to-date symlink: /home/jetcobot/venv/mycobot/dev/moon_ws/ros2_ws/install/custom_messeage/share/custom_messeage/cmake/custom_messeageConfig-version.cmake
[1.156s] -- Up-to-date symlink: /home/jetcobot/venv/mycobot/dev/moon_ws/ros2_ws/install/custom_messeage/share/custom_messeage/package.xml
[1.157s] -- Up-to-date: /home/jetcobot/venv/mycobot/dev/moon_ws/ros2_ws/install/custom_messeage/lib/libcustom_messeage__rosidl_generator_c.so
[1.157s] -- Up-to-date: /home/jetcobot/venv/mycobot/dev/moon_ws/ros2_ws/install/custom_messeage/lib/libcustom_messeage__rosidl_typesupport_fastrtps_c.so
[1.161s] -- Up-to-date: /home/jetcobot/venv/mycobot/dev/moon_ws/ros2_ws/install/custom_messeage/lib/libcustom_messeage__rosidl_typesupport_introspection_c.so
[1.161s] -- Up-to-date: /home/jetcobot/venv/mycobot/dev/moon_ws/ros2_ws/install/custom_messeage/lib/libcustom_messeage__rosidl_typesupport_c.so
[1.161s] -- Up-to-date: /home/jetcobot/venv/mycobot/dev/moon_ws/ros2_ws/install/custom_messeage/lib/libcustom_messeage__rosidl_typesupport_fastrtps_cpp.so
[1.161s] -- Up-to-date: /home/jetcobot/venv/mycobot/dev/moon_ws/ros2_ws/install/custom_messeage/lib/libcustom_messeage__rosidl_typesupport_introspection_cpp.so
[1.162s] -- Up-to-date: /home/jetcobot/venv/mycobot/dev/moon_ws/ros2_ws/install/custom_messeage/lib/libcustom_messeage__rosidl_typesupport_cpp.so
[1.258s] Listing '/home/jetcobot/venv/mycobot/dev/moon_ws/ros2_ws/install/custom_messeage/lib/python3.12/site-packages/custom_messeage'...
[1.259s] Listing '/home/jetcobot/venv/mycobot/dev/moon_ws/ros2_ws/install/custom_messeage/lib/python3.12/site-packages/custom_messeage/srv'...
[1.277s] -- Up-to-date: /home/jetcobot/venv/mycobot/dev/moon_ws/ros2_ws/install/custom_messeage/lib/libcustom_messeage__rosidl_generator_py.so
[1.278s] -- Up-to-date: /home/jetcobot/venv/mycobot/dev/moon_ws/ros2_ws/install/custom_messeage/share/custom_messeage/cmake/export_custom_messeage__rosidl_generator_cExport.cmake
[1.278s] -- Up-to-date: /home/jetcobot/venv/mycobot/dev/moon_ws/ros2_ws/install/custom_messeage/share/custom_messeage/cmake/export_custom_messeage__rosidl_generator_cExport-noconfig.cmake
[1.279s] -- Up-to-date: /home/jetcobot/venv/mycobot/dev/moon_ws/ros2_ws/install/custom_messeage/share/custom_messeage/cmake/export_custom_messeage__rosidl_typesupport_fastrtps_cExport.cmake
[1.279s] -- Up-to-date: /home/jetcobot/venv/mycobot/dev/moon_ws/ros2_ws/install/custom_messeage/share/custom_messeage/cmake/export_custom_messeage__rosidl_typesupport_fastrtps_cExport-noconfig.cmake
[1.280s] -- Up-to-date: /home/jetcobot/venv/mycobot/dev/moon_ws/ros2_ws/install/custom_messeage/share/custom_messeage/cmake/custom_messeage__rosidl_typesupport_introspection_cExport.cmake
[1.280s] -- Up-to-date: /home/jetcobot/venv/mycobot/dev/moon_ws/ros2_ws/install/custom_messeage/share/custom_messeage/cmake/custom_messeage__rosidl_typesupport_introspection_cExport-noconfig.cmake
[1.281s] -- Up-to-date: /home/jetcobot/venv/mycobot/dev/moon_ws/ros2_ws/install/custom_messeage/share/custom_messeage/cmake/custom_messeage__rosidl_typesupport_cExport.cmake
[1.281s] -- Up-to-date: /home/jetcobot/venv/mycobot/dev/moon_ws/ros2_ws/install/custom_messeage/share/custom_messeage/cmake/custom_messeage__rosidl_typesupport_cExport-noconfig.cmake
[1.281s] -- Up-to-date: /home/jetcobot/venv/mycobot/dev/moon_ws/ros2_ws/install/custom_messeage/share/custom_messeage/cmake/export_custom_messeage__rosidl_generator_cppExport.cmake
[1.282s] -- Up-to-date: /home/jetcobot/venv/mycobot/dev/moon_ws/ros2_ws/install/custom_messeage/share/custom_messeage/cmake/export_custom_messeage__rosidl_typesupport_fastrtps_cppExport.cmake
[1.282s] -- Up-to-date: /home/jetcobot/venv/mycobot/dev/moon_ws/ros2_ws/install/custom_messeage/share/custom_messeage/cmake/export_custom_messeage__rosidl_typesupport_fastrtps_cppExport-noconfig.cmake
[1.283s] -- Up-to-date: /home/jetcobot/venv/mycobot/dev/moon_ws/ros2_ws/install/custom_messeage/share/custom_messeage/cmake/custom_messeage__rosidl_typesupport_introspection_cppExport.cmake
[1.283s] -- Up-to-date: /home/jetcobot/venv/mycobot/dev/moon_ws/ros2_ws/install/custom_messeage/share/custom_messeage/cmake/custom_messeage__rosidl_typesupport_introspection_cppExport-noconfig.cmake
[1.284s] -- Up-to-date: /home/jetcobot/venv/mycobot/dev/moon_ws/ros2_ws/install/custom_messeage/share/custom_messeage/cmake/custom_messeage__rosidl_typesupport_cppExport.cmake
[1.285s] -- Up-to-date: /home/jetcobot/venv/mycobot/dev/moon_ws/ros2_ws/install/custom_messeage/share/custom_messeage/cmake/custom_messeage__rosidl_typesupport_cppExport-noconfig.cmake
[1.285s] -- Up-to-date: /home/jetcobot/venv/mycobot/dev/moon_ws/ros2_ws/install/custom_messeage/share/custom_messeage/cmake/export_custom_messeage__rosidl_generator_pyExport.cmake
[1.285s] -- Up-to-date: /home/jetcobot/venv/mycobot/dev/moon_ws/ros2_ws/install/custom_messeage/share/custom_messeage/cmake/export_custom_messeage__rosidl_generator_pyExport-noconfig.cmake
[1.292s] Invoked command in '/home/jetcobot/venv/mycobot/dev/moon_ws/ros2_ws/build/custom_messeage' returned '0': CMAKE_PREFIX_PATH=${CMAKE_PREFIX_PATH}:/home/jetcobot/venv/mycobot/dev/moon_ws/ros2_ws/install/pick_and_place:/home/jetcobot/ros2_ws/install/jetcobot_driver:/home/jetcobot/ros2_ws/install/jetcobot_control:/home/jetcobot/jetcobot_ws/install/jetcobot_ctrl:/opt/ros/jazzy DEBUGINFOD_URLS=https://debuginfod.ubuntu.com /usr/bin/cmake --install /home/jetcobot/venv/mycobot/dev/moon_ws/ros2_ws/build/custom_messeage
