[0.162s] DEBUG:colcon:Command line arguments: ['/usr/bin/colcon', 'build', '--symlink-install']
[0.162s] DEBUG:colcon:Parsed command line arguments: Namespace(log_base=None, log_level=None, verb_name='build', build_base='build', install_base='install', merge_install=False, symlink_install=True, test_result_base=None, continue_on_error=False, executor='parallel', parallel_workers=4, event_handlers=None, ignore_user_meta=False, metas=['./colcon.meta'], base_paths=['.'], packages_ignore=None, packages_ignore_regex=None, paths=None, packages_up_to=None, packages_up_to_regex=None, packages_above=None, packages_above_and_dependencies=None, packages_above_depth=None, packages_select_by_dep=None, packages_skip_by_dep=None, packages_skip_up_to=None, packages_select_build_failed=False, packages_skip_build_finished=False, packages_select_test_failures=False, packages_skip_test_passed=False, packages_select=None, packages_skip=None, packages_select_regex=None, packages_skip_regex=None, packages_start=None, packages_end=None, allow_overriding=[], cmake_args=None, cmake_target=None, cmake_target_skip_unavailable=False, cmake_clean_cache=False, cmake_clean_first=False, cmake_force_configure=False, ament_cmake_args=None, catkin_cmake_args=None, catkin_skip_building_tests=False, mixin_files=None, mixin=None, verb_parser=<colcon_mixin.mixin.mixin_argument.MixinArgumentDecorator object at 0xffffaa502180>, verb_extension=<colcon_core.verb.build.BuildVerb object at 0xffffaa501ee0>, main=<bound method BuildVerb.main of <colcon_core.verb.build.BuildVerb object at 0xffffaa501ee0>>, mixin_verb=('build',))
[0.220s] Level 1:colcon.colcon_core.package_discovery:discover_packages(colcon_meta) check parameters
[0.220s] Level 1:colcon.colcon_core.package_discovery:discover_packages(recursive) check parameters
[0.220s] Level 1:colcon.colcon_core.package_discovery:discover_packages(ignore) check parameters
[0.220s] Level 1:colcon.colcon_core.package_discovery:discover_packages(path) check parameters
[0.220s] Level 1:colcon.colcon_core.package_discovery:discover_packages(colcon_meta) discover
[0.220s] Level 1:colcon.colcon_core.package_discovery:discover_packages(recursive) discover
[0.220s] INFO:colcon.colcon_core.package_discovery:Crawling recursively for packages in '/home/jetcobot/sun_ws/ros2_ws'
[0.220s] Level 1:colcon.colcon_core.package_identification:_identify(.) by extensions ['ignore', 'ignore_ament_install']
[0.220s] Level 1:colcon.colcon_core.package_identification:_identify(.) by extension 'ignore'
[0.221s] Level 1:colcon.colcon_core.package_identification:_identify(.) by extension 'ignore_ament_install'
[0.221s] Level 1:colcon.colcon_core.package_identification:_identify(.) by extensions ['colcon_pkg']
[0.221s] Level 1:colcon.colcon_core.package_identification:_identify(.) by extension 'colcon_pkg'
[0.221s] Level 1:colcon.colcon_core.package_identification:_identify(.) by extensions ['colcon_meta']
[0.221s] Level 1:colcon.colcon_core.package_identification:_identify(.) by extension 'colcon_meta'
[0.221s] Level 1:colcon.colcon_core.package_identification:_identify(.) by extensions ['ros']
[0.221s] Level 1:colcon.colcon_core.package_identification:_identify(.) by extension 'ros'
[0.260s] Level 1:colcon.colcon_core.package_identification:_identify(.) by extensions ['cmake', 'python']
[0.260s] Level 1:colcon.colcon_core.package_identification:_identify(.) by extension 'cmake'
[0.260s] Level 1:colcon.colcon_core.package_identification:_identify(.) by extension 'python'
[0.260s] Level 1:colcon.colcon_core.package_identification:_identify(.) by extensions ['python_setup_py']
[0.260s] Level 1:colcon.colcon_core.package_identification:_identify(.) by extension 'python_setup_py'
[0.260s] Level 1:colcon.colcon_core.package_identification:_identify(build) by extensions ['ignore', 'ignore_ament_install']
[0.261s] Level 1:colcon.colcon_core.package_identification:_identify(build) by extension 'ignore'
[0.261s] Level 1:colcon.colcon_core.package_identification:_identify(build) ignored
[0.261s] Level 1:colcon.colcon_core.package_identification:_identify(install) by extensions ['ignore', 'ignore_ament_install']
[0.261s] Level 1:colcon.colcon_core.package_identification:_identify(install) by extension 'ignore'
[0.261s] Level 1:colcon.colcon_core.package_identification:_identify(install) ignored
[0.261s] Level 1:colcon.colcon_core.package_identification:_identify(log) by extensions ['ignore', 'ignore_ament_install']
[0.261s] Level 1:colcon.colcon_core.package_identification:_identify(log) by extension 'ignore'
[0.261s] Level 1:colcon.colcon_core.package_identification:_identify(log) ignored
[0.261s] Level 1:colcon.colcon_core.package_identification:_identify(src) by extensions ['ignore', 'ignore_ament_install']
[0.261s] Level 1:colcon.colcon_core.package_identification:_identify(src) by extension 'ignore'
[0.262s] Level 1:colcon.colcon_core.package_identification:_identify(src) by extension 'ignore_ament_install'
[0.262s] Level 1:colcon.colcon_core.package_identification:_identify(src) by extensions ['colcon_pkg']
[0.262s] Level 1:colcon.colcon_core.package_identification:_identify(src) by extension 'colcon_pkg'
[0.262s] Level 1:colcon.colcon_core.package_identification:_identify(src) by extensions ['colcon_meta']
[0.262s] Level 1:colcon.colcon_core.package_identification:_identify(src) by extension 'colcon_meta'
[0.262s] Level 1:colcon.colcon_core.package_identification:_identify(src) by extensions ['ros']
[0.262s] Level 1:colcon.colcon_core.package_identification:_identify(src) by extension 'ros'
[0.262s] Level 1:colcon.colcon_core.package_identification:_identify(src) by extensions ['cmake', 'python']
[0.262s] Level 1:colcon.colcon_core.package_identification:_identify(src) by extension 'cmake'
[0.262s] Level 1:colcon.colcon_core.package_identification:_identify(src) by extension 'python'
[0.262s] Level 1:colcon.colcon_core.package_identification:_identify(src) by extensions ['python_setup_py']
[0.262s] Level 1:colcon.colcon_core.package_identification:_identify(src) by extension 'python_setup_py'
[0.262s] Level 1:colcon.colcon_core.package_identification:_identify(src/custom_messeage) by extensions ['ignore', 'ignore_ament_install']
[0.262s] Level 1:colcon.colcon_core.package_identification:_identify(src/custom_messeage) by extension 'ignore'
[0.262s] Level 1:colcon.colcon_core.package_identification:_identify(src/custom_messeage) by extension 'ignore_ament_install'
[0.262s] Level 1:colcon.colcon_core.package_identification:_identify(src/custom_messeage) by extensions ['colcon_pkg']
[0.262s] Level 1:colcon.colcon_core.package_identification:_identify(src/custom_messeage) by extension 'colcon_pkg'
[0.262s] Level 1:colcon.colcon_core.package_identification:_identify(src/custom_messeage) by extensions ['colcon_meta']
[0.263s] Level 1:colcon.colcon_core.package_identification:_identify(src/custom_messeage) by extension 'colcon_meta'
[0.263s] Level 1:colcon.colcon_core.package_identification:_identify(src/custom_messeage) by extensions ['ros']
[0.263s] Level 1:colcon.colcon_core.package_identification:_identify(src/custom_messeage) by extension 'ros'
[0.266s] DEBUG:colcon.colcon_core.package_identification:Package 'src/custom_messeage' with type 'ros.ament_cmake' and name 'custom_messeage'
[0.266s] Level 1:colcon.colcon_core.package_identification:_identify(src/pick_and_place) by extensions ['ignore', 'ignore_ament_install']
[0.266s] Level 1:colcon.colcon_core.package_identification:_identify(src/pick_and_place) by extension 'ignore'
[0.266s] Level 1:colcon.colcon_core.package_identification:_identify(src/pick_and_place) by extension 'ignore_ament_install'
[0.266s] Level 1:colcon.colcon_core.package_identification:_identify(src/pick_and_place) by extensions ['colcon_pkg']
[0.266s] Level 1:colcon.colcon_core.package_identification:_identify(src/pick_and_place) by extension 'colcon_pkg'
[0.266s] Level 1:colcon.colcon_core.package_identification:_identify(src/pick_and_place) by extensions ['colcon_meta']
[0.266s] Level 1:colcon.colcon_core.package_identification:_identify(src/pick_and_place) by extension 'colcon_meta'
[0.266s] Level 1:colcon.colcon_core.package_identification:_identify(src/pick_and_place) by extensions ['ros']
[0.266s] Level 1:colcon.colcon_core.package_identification:_identify(src/pick_and_place) by extension 'ros'
[0.267s] DEBUG:colcon.colcon_core.package_identification:Package 'src/pick_and_place' with type 'ros.ament_python' and name 'pick_and_place'
[0.267s] Level 1:colcon.colcon_core.package_discovery:discover_packages(recursive) using defaults
[0.267s] Level 1:colcon.colcon_core.package_discovery:discover_packages(ignore) discover
[0.267s] Level 1:colcon.colcon_core.package_discovery:discover_packages(ignore) using defaults
[0.267s] Level 1:colcon.colcon_core.package_discovery:discover_packages(path) discover
[0.267s] Level 1:colcon.colcon_core.package_discovery:discover_packages(path) using defaults
[0.291s] Level 1:colcon.colcon_core.package_discovery:discover_packages(prefix_path) check parameters
[0.291s] Level 1:colcon.colcon_core.package_discovery:discover_packages(prefix_path) discover
[0.293s] DEBUG:colcon.colcon_installed_package_information.package_discovery:Found 2 installed packages in /home/jetcobot/sun_ws/ros2_ws/install
[0.296s] DEBUG:colcon.colcon_installed_package_information.package_discovery:Found 379 installed packages in /opt/ros/jazzy
[0.299s] Level 1:colcon.colcon_core.package_discovery:discover_packages(prefix_path) using defaults
[0.373s] Level 5:colcon.colcon_core.verb:set package 'custom_messeage' build argument 'cmake_args' from command line to 'None'
[0.373s] Level 5:colcon.colcon_core.verb:set package 'custom_messeage' build argument 'cmake_target' from command line to 'None'
[0.373s] Level 5:colcon.colcon_core.verb:set package 'custom_messeage' build argument 'cmake_target_skip_unavailable' from command line to 'False'
[0.373s] Level 5:colcon.colcon_core.verb:set package 'custom_messeage' build argument 'cmake_clean_cache' from command line to 'False'
[0.373s] Level 5:colcon.colcon_core.verb:set package 'custom_messeage' build argument 'cmake_clean_first' from command line to 'False'
[0.373s] Level 5:colcon.colcon_core.verb:set package 'custom_messeage' build argument 'cmake_force_configure' from command line to 'False'
[0.373s] Level 5:colcon.colcon_core.verb:set package 'custom_messeage' build argument 'ament_cmake_args' from command line to 'None'
[0.373s] Level 5:colcon.colcon_core.verb:set package 'custom_messeage' build argument 'catkin_cmake_args' from command line to 'None'
[0.373s] Level 5:colcon.colcon_core.verb:set package 'custom_messeage' build argument 'catkin_skip_building_tests' from command line to 'False'
[0.373s] DEBUG:colcon.colcon_core.verb:Building package 'custom_messeage' with the following arguments: {'ament_cmake_args': None, 'build_base': '/home/jetcobot/sun_ws/ros2_ws/build/custom_messeage', 'catkin_cmake_args': None, 'catkin_skip_building_tests': False, 'cmake_args': None, 'cmake_clean_cache': False, 'cmake_clean_first': False, 'cmake_force_configure': False, 'cmake_target': None, 'cmake_target_skip_unavailable': False, 'install_base': '/home/jetcobot/sun_ws/ros2_ws/install/custom_messeage', 'merge_install': False, 'path': '/home/jetcobot/sun_ws/ros2_ws/src/custom_messeage', 'symlink_install': True, 'test_result_base': None}
[0.374s] Level 5:colcon.colcon_core.verb:set package 'pick_and_place' build argument 'cmake_args' from command line to 'None'
[0.374s] Level 5:colcon.colcon_core.verb:set package 'pick_and_place' build argument 'cmake_target' from command line to 'None'
[0.374s] Level 5:colcon.colcon_core.verb:set package 'pick_and_place' build argument 'cmake_target_skip_unavailable' from command line to 'False'
[0.374s] Level 5:colcon.colcon_core.verb:set package 'pick_and_place' build argument 'cmake_clean_cache' from command line to 'False'
[0.374s] Level 5:colcon.colcon_core.verb:set package 'pick_and_place' build argument 'cmake_clean_first' from command line to 'False'
[0.374s] Level 5:colcon.colcon_core.verb:set package 'pick_and_place' build argument 'cmake_force_configure' from command line to 'False'
[0.374s] Level 5:colcon.colcon_core.verb:set package 'pick_and_place' build argument 'ament_cmake_args' from command line to 'None'
[0.374s] Level 5:colcon.colcon_core.verb:set package 'pick_and_place' build argument 'catkin_cmake_args' from command line to 'None'
[0.374s] Level 5:colcon.colcon_core.verb:set package 'pick_and_place' build argument 'catkin_skip_building_tests' from command line to 'False'
[0.374s] DEBUG:colcon.colcon_core.verb:Building package 'pick_and_place' with the following arguments: {'ament_cmake_args': None, 'build_base': '/home/jetcobot/sun_ws/ros2_ws/build/pick_and_place', 'catkin_cmake_args': None, 'catkin_skip_building_tests': False, 'cmake_args': None, 'cmake_clean_cache': False, 'cmake_clean_first': False, 'cmake_force_configure': False, 'cmake_target': None, 'cmake_target_skip_unavailable': False, 'install_base': '/home/jetcobot/sun_ws/ros2_ws/install/pick_and_place', 'merge_install': False, 'path': '/home/jetcobot/sun_ws/ros2_ws/src/pick_and_place', 'symlink_install': True, 'test_result_base': None}
[0.374s] INFO:colcon.colcon_core.executor:Executing jobs using 'parallel' executor
[0.375s] DEBUG:colcon.colcon_parallel_executor.executor.parallel:run_until_complete
[0.376s] INFO:colcon.colcon_ros.task.ament_cmake.build:Building ROS package in '/home/jetcobot/sun_ws/ros2_ws/src/custom_messeage' with build type 'ament_cmake'
[0.376s] INFO:colcon.colcon_cmake.task.cmake.build:Building CMake package in '/home/jetcobot/sun_ws/ros2_ws/src/custom_messeage'
[0.378s] INFO:colcon.colcon_core.plugin_system:Skipping extension 'colcon_core.shell.bat': Not used on non-Windows systems
[0.379s] INFO:colcon.colcon_core.shell:Skip shell extension 'powershell' for command environment: Not usable outside of PowerShell
[0.379s] DEBUG:colcon.colcon_core.shell:Skip shell extension 'dsv' for command environment
[0.384s] INFO:colcon.colcon_ros.task.ament_python.build:Building ROS package in '/home/jetcobot/sun_ws/ros2_ws/src/pick_and_place' with build type 'ament_python'
[0.384s] Level 1:colcon.colcon_core.shell:create_environment_hook('pick_and_place', 'ament_prefix_path')
[0.384s] INFO:colcon.colcon_core.shell:Creating environment hook '/home/jetcobot/sun_ws/ros2_ws/install/pick_and_place/share/pick_and_place/hook/ament_prefix_path.ps1'
[0.385s] INFO:colcon.colcon_core.shell:Creating environment descriptor '/home/jetcobot/sun_ws/ros2_ws/install/pick_and_place/share/pick_and_place/hook/ament_prefix_path.dsv'
[0.386s] INFO:colcon.colcon_core.shell:Creating environment hook '/home/jetcobot/sun_ws/ros2_ws/install/pick_and_place/share/pick_and_place/hook/ament_prefix_path.sh'
[0.387s] INFO:colcon.colcon_core.shell:Skip shell extension 'powershell' for command environment: Not usable outside of PowerShell
[0.387s] DEBUG:colcon.colcon_core.shell:Skip shell extension 'dsv' for command environment
[0.400s] DEBUG:colcon.colcon_core.event_handler.log_command:Invoking command in '/home/jetcobot/sun_ws/ros2_ws/build/custom_messeage': CMAKE_PREFIX_PATH=${CMAKE_PREFIX_PATH}:/home/jetcobot/sun_ws/ros2_ws/install/pick_and_place:/opt/ros/jazzy DEBUGINFOD_URLS=https://debuginfod.ubuntu.com /usr/bin/cmake --build /home/jetcobot/sun_ws/ros2_ws/build/custom_messeage -- -j4 -l4
[0.982s] INFO:colcon.colcon_core.task.python.build:Building Python package in '/home/jetcobot/sun_ws/ros2_ws/src/pick_and_place'
[0.983s] INFO:colcon.colcon_core.shell:Skip shell extension 'powershell' for command environment: Not usable outside of PowerShell
[0.983s] DEBUG:colcon.colcon_core.shell:Skip shell extension 'dsv' for command environment
[1.328s] DEBUG:colcon.colcon_core.event_handler.log_command:Invoked command in '/home/jetcobot/sun_ws/ros2_ws/build/custom_messeage' returned '0': CMAKE_PREFIX_PATH=${CMAKE_PREFIX_PATH}:/home/jetcobot/sun_ws/ros2_ws/install/pick_and_place:/opt/ros/jazzy DEBUGINFOD_URLS=https://debuginfod.ubuntu.com /usr/bin/cmake --build /home/jetcobot/sun_ws/ros2_ws/build/custom_messeage -- -j4 -l4
[1.347s] DEBUG:colcon.colcon_core.event_handler.log_command:Invoking command in '/home/jetcobot/sun_ws/ros2_ws/build/custom_messeage': CMAKE_PREFIX_PATH=${CMAKE_PREFIX_PATH}:/home/jetcobot/sun_ws/ros2_ws/install/pick_and_place:/opt/ros/jazzy DEBUGINFOD_URLS=https://debuginfod.ubuntu.com /usr/bin/cmake --install /home/jetcobot/sun_ws/ros2_ws/build/custom_messeage
[1.477s] Level 1:colcon.colcon_core.environment:create_environment_scripts_only(custom_messeage)
[1.477s] DEBUG:colcon.colcon_core.event_handler.log_command:Invoked command in '/home/jetcobot/sun_ws/ros2_ws/build/custom_messeage' returned '0': CMAKE_PREFIX_PATH=${CMAKE_PREFIX_PATH}:/home/jetcobot/sun_ws/ros2_ws/install/pick_and_place:/opt/ros/jazzy DEBUGINFOD_URLS=https://debuginfod.ubuntu.com /usr/bin/cmake --install /home/jetcobot/sun_ws/ros2_ws/build/custom_messeage
[1.480s] Level 1:colcon.colcon_core.environment:checking '/home/jetcobot/sun_ws/ros2_ws/install/custom_messeage' for CMake module files
[1.481s] Level 1:colcon.colcon_core.environment:checking '/home/jetcobot/sun_ws/ros2_ws/install/custom_messeage' for CMake config files
[1.482s] Level 1:colcon.colcon_core.shell:create_environment_hook('custom_messeage', 'cmake_prefix_path')
[1.482s] INFO:colcon.colcon_core.shell:Creating environment hook '/home/jetcobot/sun_ws/ros2_ws/install/custom_messeage/share/custom_messeage/hook/cmake_prefix_path.ps1'
[1.483s] INFO:colcon.colcon_core.shell:Creating environment descriptor '/home/jetcobot/sun_ws/ros2_ws/install/custom_messeage/share/custom_messeage/hook/cmake_prefix_path.dsv'
[1.484s] INFO:colcon.colcon_core.shell:Creating environment hook '/home/jetcobot/sun_ws/ros2_ws/install/custom_messeage/share/custom_messeage/hook/cmake_prefix_path.sh'
[1.485s] Level 1:colcon.colcon_core.environment:checking '/home/jetcobot/sun_ws/ros2_ws/install/custom_messeage/lib'
[1.485s] Level 1:colcon.colcon_core.shell:create_environment_hook('custom_messeage', 'ld_library_path_lib')
[1.485s] INFO:colcon.colcon_core.shell:Creating environment hook '/home/jetcobot/sun_ws/ros2_ws/install/custom_messeage/share/custom_messeage/hook/ld_library_path_lib.ps1'
[1.486s] INFO:colcon.colcon_core.shell:Creating environment descriptor '/home/jetcobot/sun_ws/ros2_ws/install/custom_messeage/share/custom_messeage/hook/ld_library_path_lib.dsv'
[1.486s] INFO:colcon.colcon_core.shell:Creating environment hook '/home/jetcobot/sun_ws/ros2_ws/install/custom_messeage/share/custom_messeage/hook/ld_library_path_lib.sh'
[1.488s] Level 1:colcon.colcon_core.environment:checking '/home/jetcobot/sun_ws/ros2_ws/install/custom_messeage/bin'
[1.488s] Level 1:colcon.colcon_core.environment:checking '/home/jetcobot/sun_ws/ros2_ws/install/custom_messeage/lib/pkgconfig/custom_messeage.pc'
[1.488s] Level 1:colcon.colcon_core.environment:checking '/home/jetcobot/sun_ws/ros2_ws/install/custom_messeage/lib/python3.12/site-packages'
[1.488s] Level 1:colcon.colcon_core.shell:create_environment_hook('custom_messeage', 'pythonpath')
[1.488s] INFO:colcon.colcon_core.shell:Creating environment hook '/home/jetcobot/sun_ws/ros2_ws/install/custom_messeage/share/custom_messeage/hook/pythonpath.ps1'
[1.489s] INFO:colcon.colcon_core.shell:Creating environment descriptor '/home/jetcobot/sun_ws/ros2_ws/install/custom_messeage/share/custom_messeage/hook/pythonpath.dsv'
[1.493s] INFO:colcon.colcon_core.shell:Creating environment hook '/home/jetcobot/sun_ws/ros2_ws/install/custom_messeage/share/custom_messeage/hook/pythonpath.sh'
[1.494s] Level 1:colcon.colcon_core.environment:checking '/home/jetcobot/sun_ws/ros2_ws/install/custom_messeage/bin'
[1.495s] INFO:colcon.colcon_core.shell:Creating package script '/home/jetcobot/sun_ws/ros2_ws/install/custom_messeage/share/custom_messeage/package.ps1'
[1.496s] INFO:colcon.colcon_core.shell:Creating package descriptor '/home/jetcobot/sun_ws/ros2_ws/install/custom_messeage/share/custom_messeage/package.dsv'
[1.496s] INFO:colcon.colcon_core.shell:Creating package script '/home/jetcobot/sun_ws/ros2_ws/install/custom_messeage/share/custom_messeage/package.sh'
[1.498s] INFO:colcon.colcon_core.shell:Creating package script '/home/jetcobot/sun_ws/ros2_ws/install/custom_messeage/share/custom_messeage/package.bash'
[1.499s] INFO:colcon.colcon_core.shell:Creating package script '/home/jetcobot/sun_ws/ros2_ws/install/custom_messeage/share/custom_messeage/package.zsh'
[1.500s] Level 1:colcon.colcon_core.environment:create_file_with_runtime_dependencies(/home/jetcobot/sun_ws/ros2_ws/install/custom_messeage/share/colcon-core/packages/custom_messeage)
[1.502s] Level 1:colcon.colcon_core.environment:create_environment_scripts_only(custom_messeage)
[1.502s] Level 1:colcon.colcon_core.environment:checking '/home/jetcobot/sun_ws/ros2_ws/install/custom_messeage' for CMake module files
[1.503s] Level 1:colcon.colcon_core.environment:checking '/home/jetcobot/sun_ws/ros2_ws/install/custom_messeage' for CMake config files
[1.503s] Level 1:colcon.colcon_core.shell:create_environment_hook('custom_messeage', 'cmake_prefix_path')
[1.504s] INFO:colcon.colcon_core.shell:Creating environment hook '/home/jetcobot/sun_ws/ros2_ws/install/custom_messeage/share/custom_messeage/hook/cmake_prefix_path.ps1'
[1.504s] INFO:colcon.colcon_core.shell:Creating environment descriptor '/home/jetcobot/sun_ws/ros2_ws/install/custom_messeage/share/custom_messeage/hook/cmake_prefix_path.dsv'
[1.505s] INFO:colcon.colcon_core.shell:Creating environment hook '/home/jetcobot/sun_ws/ros2_ws/install/custom_messeage/share/custom_messeage/hook/cmake_prefix_path.sh'
[1.507s] Level 1:colcon.colcon_core.environment:checking '/home/jetcobot/sun_ws/ros2_ws/install/custom_messeage/lib'
[1.507s] Level 1:colcon.colcon_core.shell:create_environment_hook('custom_messeage', 'ld_library_path_lib')
[1.507s] INFO:colcon.colcon_core.shell:Creating environment hook '/home/jetcobot/sun_ws/ros2_ws/install/custom_messeage/share/custom_messeage/hook/ld_library_path_lib.ps1'
[1.508s] INFO:colcon.colcon_core.shell:Creating environment descriptor '/home/jetcobot/sun_ws/ros2_ws/install/custom_messeage/share/custom_messeage/hook/ld_library_path_lib.dsv'
[1.510s] INFO:colcon.colcon_core.shell:Creating environment hook '/home/jetcobot/sun_ws/ros2_ws/install/custom_messeage/share/custom_messeage/hook/ld_library_path_lib.sh'
[1.511s] Level 1:colcon.colcon_core.environment:checking '/home/jetcobot/sun_ws/ros2_ws/install/custom_messeage/bin'
[1.511s] Level 1:colcon.colcon_core.environment:checking '/home/jetcobot/sun_ws/ros2_ws/install/custom_messeage/lib/pkgconfig/custom_messeage.pc'
[1.511s] Level 1:colcon.colcon_core.environment:checking '/home/jetcobot/sun_ws/ros2_ws/install/custom_messeage/lib/python3.12/site-packages'
[1.511s] Level 1:colcon.colcon_core.shell:create_environment_hook('custom_messeage', 'pythonpath')
[1.512s] INFO:colcon.colcon_core.shell:Creating environment hook '/home/jetcobot/sun_ws/ros2_ws/install/custom_messeage/share/custom_messeage/hook/pythonpath.ps1'
[1.512s] INFO:colcon.colcon_core.shell:Creating environment descriptor '/home/jetcobot/sun_ws/ros2_ws/install/custom_messeage/share/custom_messeage/hook/pythonpath.dsv'
[1.513s] INFO:colcon.colcon_core.shell:Creating environment hook '/home/jetcobot/sun_ws/ros2_ws/install/custom_messeage/share/custom_messeage/hook/pythonpath.sh'
[1.515s] Level 1:colcon.colcon_core.environment:checking '/home/jetcobot/sun_ws/ros2_ws/install/custom_messeage/bin'
[1.515s] INFO:colcon.colcon_core.shell:Creating package script '/home/jetcobot/sun_ws/ros2_ws/install/custom_messeage/share/custom_messeage/package.ps1'
[1.516s] INFO:colcon.colcon_core.shell:Creating package descriptor '/home/jetcobot/sun_ws/ros2_ws/install/custom_messeage/share/custom_messeage/package.dsv'
[1.518s] INFO:colcon.colcon_core.shell:Creating package script '/home/jetcobot/sun_ws/ros2_ws/install/custom_messeage/share/custom_messeage/package.sh'
[1.519s] INFO:colcon.colcon_core.shell:Creating package script '/home/jetcobot/sun_ws/ros2_ws/install/custom_messeage/share/custom_messeage/package.bash'
[1.520s] INFO:colcon.colcon_core.shell:Creating package script '/home/jetcobot/sun_ws/ros2_ws/install/custom_messeage/share/custom_messeage/package.zsh'
[1.524s] Level 1:colcon.colcon_core.environment:create_file_with_runtime_dependencies(/home/jetcobot/sun_ws/ros2_ws/install/custom_messeage/share/colcon-core/packages/custom_messeage)
[2.012s] DEBUG:colcon.colcon_core.event_handler.log_command:Invoking command in '/home/jetcobot/sun_ws/ros2_ws/build/pick_and_place': DEBUGINFOD_URLS=https://debuginfod.ubuntu.com PYTHONPATH=/home/jetcobot/sun_ws/ros2_ws/build/pick_and_place/prefix_override:/usr/lib/python3/dist-packages/colcon_core/task/python/colcon_distutils_commands:/home/jetcobot/sun_ws/ros2_ws/install/pick_and_place/lib/python3.12/site-packages:${PYTHONPATH} /usr/bin/python3 -W ignore:setup.py install is deprecated -W ignore:easy_install command is deprecated setup.py develop --editable --build-directory /home/jetcobot/sun_ws/ros2_ws/build/pick_and_place/build --no-deps symlink_data
[3.093s] Level 1:colcon.colcon_core.shell:create_environment_hook('pick_and_place', 'pythonpath_develop')
[3.093s] INFO:colcon.colcon_core.shell:Creating environment hook '/home/jetcobot/sun_ws/ros2_ws/build/pick_and_place/share/pick_and_place/hook/pythonpath_develop.ps1'
[3.094s] DEBUG:colcon.colcon_core.event_handler.log_command:Invoked command in '/home/jetcobot/sun_ws/ros2_ws/build/pick_and_place' returned '0': DEBUGINFOD_URLS=https://debuginfod.ubuntu.com PYTHONPATH=/home/jetcobot/sun_ws/ros2_ws/build/pick_and_place/prefix_override:/usr/lib/python3/dist-packages/colcon_core/task/python/colcon_distutils_commands:/home/jetcobot/sun_ws/ros2_ws/install/pick_and_place/lib/python3.12/site-packages:${PYTHONPATH} /usr/bin/python3 -W ignore:setup.py install is deprecated -W ignore:easy_install command is deprecated setup.py develop --editable --build-directory /home/jetcobot/sun_ws/ros2_ws/build/pick_and_place/build --no-deps symlink_data
[3.094s] INFO:colcon.colcon_core.shell:Creating environment descriptor '/home/jetcobot/sun_ws/ros2_ws/build/pick_and_place/share/pick_and_place/hook/pythonpath_develop.dsv'
[3.095s] INFO:colcon.colcon_core.shell:Creating environment hook '/home/jetcobot/sun_ws/ros2_ws/build/pick_and_place/share/pick_and_place/hook/pythonpath_develop.sh'
[3.096s] Level 1:colcon.colcon_core.environment:checking '/home/jetcobot/sun_ws/ros2_ws/install/pick_and_place' for CMake module files
[3.097s] Level 1:colcon.colcon_core.environment:checking '/home/jetcobot/sun_ws/ros2_ws/install/pick_and_place' for CMake config files
[3.098s] Level 1:colcon.colcon_core.environment:checking '/home/jetcobot/sun_ws/ros2_ws/install/pick_and_place/lib'
[3.098s] Level 1:colcon.colcon_core.environment:checking '/home/jetcobot/sun_ws/ros2_ws/install/pick_and_place/bin'
[3.098s] Level 1:colcon.colcon_core.environment:checking '/home/jetcobot/sun_ws/ros2_ws/install/pick_and_place/lib/pkgconfig/pick_and_place.pc'
[3.098s] Level 1:colcon.colcon_core.environment:checking '/home/jetcobot/sun_ws/ros2_ws/install/pick_and_place/lib/python3.12/site-packages'
[3.098s] Level 1:colcon.colcon_core.shell:create_environment_hook('pick_and_place', 'pythonpath')
[3.099s] INFO:colcon.colcon_core.shell:Creating environment hook '/home/jetcobot/sun_ws/ros2_ws/install/pick_and_place/share/pick_and_place/hook/pythonpath.ps1'
[3.099s] INFO:colcon.colcon_core.shell:Creating environment descriptor '/home/jetcobot/sun_ws/ros2_ws/install/pick_and_place/share/pick_and_place/hook/pythonpath.dsv'
[3.100s] INFO:colcon.colcon_core.shell:Creating environment hook '/home/jetcobot/sun_ws/ros2_ws/install/pick_and_place/share/pick_and_place/hook/pythonpath.sh'
[3.101s] Level 1:colcon.colcon_core.environment:checking '/home/jetcobot/sun_ws/ros2_ws/install/pick_and_place/bin'
[3.101s] Level 1:colcon.colcon_core.environment:create_environment_scripts_only(pick_and_place)
[3.101s] INFO:colcon.colcon_core.shell:Creating package script '/home/jetcobot/sun_ws/ros2_ws/install/pick_and_place/share/pick_and_place/package.ps1'
[3.102s] INFO:colcon.colcon_core.shell:Creating package descriptor '/home/jetcobot/sun_ws/ros2_ws/install/pick_and_place/share/pick_and_place/package.dsv'
[3.103s] INFO:colcon.colcon_core.shell:Creating package script '/home/jetcobot/sun_ws/ros2_ws/install/pick_and_place/share/pick_and_place/package.sh'
[3.104s] INFO:colcon.colcon_core.shell:Creating package script '/home/jetcobot/sun_ws/ros2_ws/install/pick_and_place/share/pick_and_place/package.bash'
[3.105s] INFO:colcon.colcon_core.shell:Creating package script '/home/jetcobot/sun_ws/ros2_ws/install/pick_and_place/share/pick_and_place/package.zsh'
[3.108s] Level 1:colcon.colcon_core.environment:create_file_with_runtime_dependencies(/home/jetcobot/sun_ws/ros2_ws/install/pick_and_place/share/colcon-core/packages/pick_and_place)
[3.110s] DEBUG:colcon.colcon_parallel_executor.executor.parallel:closing loop
[3.110s] DEBUG:colcon.colcon_parallel_executor.executor.parallel:loop closed
[3.110s] DEBUG:colcon.colcon_parallel_executor.executor.parallel:run_until_complete finished with '0'
[3.111s] DEBUG:colcon.colcon_core.event_reactor:joining thread
[3.119s] INFO:colcon.colcon_core.plugin_system:Skipping extension 'colcon_notification.desktop_notification.terminal_notifier': Not used on non-Darwin systems
[3.119s] INFO:colcon.colcon_core.plugin_system:Skipping extension 'colcon_notification.desktop_notification.win32': Not used on non-Windows systems
[3.119s] INFO:colcon.colcon_notification.desktop_notification:Sending desktop notification using 'notify2'
[3.141s] DEBUG:colcon.colcon_core.event_reactor:joined thread
[3.142s] INFO:colcon.colcon_core.shell:Creating prefix script '/home/jetcobot/sun_ws/ros2_ws/install/local_setup.ps1'
[3.144s] INFO:colcon.colcon_core.shell:Creating prefix util module '/home/jetcobot/sun_ws/ros2_ws/install/_local_setup_util_ps1.py'
[3.148s] INFO:colcon.colcon_core.shell:Creating prefix chain script '/home/jetcobot/sun_ws/ros2_ws/install/setup.ps1'
[3.150s] INFO:colcon.colcon_core.shell:Creating prefix script '/home/jetcobot/sun_ws/ros2_ws/install/local_setup.sh'
[3.151s] INFO:colcon.colcon_core.shell:Creating prefix util module '/home/jetcobot/sun_ws/ros2_ws/install/_local_setup_util_sh.py'
[3.153s] INFO:colcon.colcon_core.shell:Creating prefix chain script '/home/jetcobot/sun_ws/ros2_ws/install/setup.sh'
[3.155s] INFO:colcon.colcon_core.shell:Creating prefix script '/home/jetcobot/sun_ws/ros2_ws/install/local_setup.bash'
[3.157s] INFO:colcon.colcon_core.shell:Creating prefix chain script '/home/jetcobot/sun_ws/ros2_ws/install/setup.bash'
[3.161s] INFO:colcon.colcon_core.shell:Creating prefix script '/home/jetcobot/sun_ws/ros2_ws/install/local_setup.zsh'
[3.162s] INFO:colcon.colcon_core.shell:Creating prefix chain script '/home/jetcobot/sun_ws/ros2_ws/install/setup.zsh'
