[0.033s] Invoking command in '/home/jetcobot/venv/mycobot/dev/moon_ws/ros2_ws/build/custom_messeage': CMAKE_PREFIX_PATH=${CMAKE_PREFIX_PATH}:/home/jetcobot/ros2_ws/install/jetcobot_driver:/home/jetcobot/ros2_ws/install/jetcobot_control:/home/jetcobot/jetcobot_ws/install/jetcobot_ctrl:/opt/ros/jazzy DEBUGINFOD_URLS=https://debuginfod.ubuntu.com /usr/bin/cmake /home/jetcobot/venv/mycobot/dev/moon_ws/ros2_ws/src/custom_messeage -DAMENT_CMAKE_SYMLINK_INSTALL=1 -DCMAKE_INSTALL_PREFIX=/home/jetcobot/venv/mycobot/dev/moon_ws/ros2_ws/install/custom_messeage
[0.476s] -- The C compiler identification is GNU 13.3.0
[0.889s] -- The CXX compiler identification is GNU 13.3.0
[0.921s] -- Detecting C compiler ABI info
[1.140s] -- Detecting C compiler ABI info - done
[1.156s] -- Check for working C compiler: /usr/bin/cc - skipped
[1.157s] -- Detecting C compile features
[1.159s] -- Detecting C compile features - done
[1.177s] -- Detecting CXX compiler ABI info
[1.410s] -- Detecting CXX compiler ABI info - done
[1.436s] -- Check for working CXX compiler: /usr/bin/c++ - skipped
[1.436s] -- Detecting CXX compile features
[1.437s] -- Detecting CXX compile features - done
[1.447s] -- Found ament_cmake: 2.5.4 (/opt/ros/jazzy/share/ament_cmake/cmake)
[1.801s] -- Found Python3: /usr/bin/python3 (found version "3.12.3") found components: Interpreter 
[1.961s] -- Override CMake install command with custom implementation using symlinks instead of copying resources
[2.072s] -- Found rosidl_default_generators: 1.6.0 (/opt/ros/jazzy/share/rosidl_default_generators/cmake)
[2.091s] -- Using all available rosidl_typesupport_c: rosidl_typesupport_fastrtps_c;rosidl_typesupport_introspection_c
[2.219s] -- Using all available rosidl_typesupport_cpp: rosidl_typesupport_fastrtps_cpp;rosidl_typesupport_introspection_cpp
[2.325s] -- Found rosidl_adapter: 4.6.5 (/opt/ros/jazzy/share/rosidl_adapter/cmake)
[3.975s] -- Found ament_cmake_ros: 0.12.0 (/opt/ros/jazzy/share/ament_cmake_ros/cmake)
[5.255s] -- Using all available rosidl_typesupport_c: rosidl_typesupport_fastrtps_c;rosidl_typesupport_introspection_c
[6.767s] -- Using all available rosidl_typesupport_cpp: rosidl_typesupport_fastrtps_cpp;rosidl_typesupport_introspection_cpp
[6.784s] -- Found python_cmake_module: 0.11.1 (/opt/ros/jazzy/share/python_cmake_module/cmake)
[7.100s] -- Found PythonExtra: /usr/bin/python3  
[8.349s] -- Found Python3: /usr/bin/python3 (found version "3.12.3") found components: Interpreter Development NumPy Development.Module Development.Embed 
[8.415s] -- Found ament_lint_auto: 0.17.2 (/opt/ros/jazzy/share/ament_lint_auto/cmake)
[8.478s] -- Added test 'lint_cmake' to check CMake code style
[8.480s] -- Added test 'xmllint' to check XML markup files
[8.487s] -- Configuring done (8.4s)
[8.543s] -- Generating done (0.0s)
[8.560s] -- Build files have been written to: /home/jetcobot/venv/mycobot/dev/moon_ws/ros2_ws/build/custom_messeage
[8.587s] Invoked command in '/home/jetcobot/venv/mycobot/dev/moon_ws/ros2_ws/build/custom_messeage' returned '0': CMAKE_PREFIX_PATH=${CMAKE_PREFIX_PATH}:/home/jetcobot/ros2_ws/install/jetcobot_driver:/home/jetcobot/ros2_ws/install/jetcobot_control:/home/jetcobot/jetcobot_ws/install/jetcobot_ctrl:/opt/ros/jazzy DEBUGINFOD_URLS=https://debuginfod.ubuntu.com /usr/bin/cmake /home/jetcobot/venv/mycobot/dev/moon_ws/ros2_ws/src/custom_messeage -DAMENT_CMAKE_SYMLINK_INSTALL=1 -DCMAKE_INSTALL_PREFIX=/home/jetcobot/venv/mycobot/dev/moon_ws/ros2_ws/install/custom_messeage
[8.587s] Invoking command in '/home/jetcobot/venv/mycobot/dev/moon_ws/ros2_ws/build/custom_messeage': CMAKE_PREFIX_PATH=${CMAKE_PREFIX_PATH}:/home/jetcobot/ros2_ws/install/jetcobot_driver:/home/jetcobot/ros2_ws/install/jetcobot_control:/home/jetcobot/jetcobot_ws/install/jetcobot_ctrl:/opt/ros/jazzy DEBUGINFOD_URLS=https://debuginfod.ubuntu.com /usr/bin/cmake --build /home/jetcobot/venv/mycobot/dev/moon_ws/ros2_ws/build/custom_messeage -- -j4 -l4
[8.688s] [  2%] [34m[1mGenerating type hashes for ROS interfaces[0m
[8.709s] [  2%] Built target ament_cmake_python_symlink_custom_messeage
[9.176s] [  2%] Built target custom_messeage__rosidl_generator_type_description
[9.179s] running egg_info
[9.181s] creating custom_messeage.egg-info
[9.218s] [  5%] [34m[1mGenerating C code for ROS interfaces[0m
[9.225s] writing custom_messeage.egg-info/PKG-INFO
[9.226s] writing dependency_links to custom_messeage.egg-info/dependency_links.txt
[9.226s] writing top-level names to custom_messeage.egg-info/top_level.txt
[9.227s] writing manifest file 'custom_messeage.egg-info/SOURCES.txt'
[9.247s] [  8%] [34m[1mGenerating C++ code for ROS interfaces[0m
[9.474s] reading manifest file 'custom_messeage.egg-info/SOURCES.txt'
[9.474s] writing manifest file 'custom_messeage.egg-info/SOURCES.txt'
[9.591s] [  8%] Built target ament_cmake_python_build_custom_messeage_egg
[10.221s] [  8%] Built target custom_messeage__cpp
[10.252s] [ 14%] [32mBuilding C object CMakeFiles/custom_messeage__rosidl_generator_c.dir/rosidl_generator_c/custom_messeage/srv/detail/robot_arm_request__description.c.o[0m
[10.257s] [ 14%] [32mBuilding C object CMakeFiles/custom_messeage__rosidl_generator_c.dir/rosidl_generator_c/custom_messeage/srv/detail/robot_arm_request__functions.c.o[0m
[10.267s] [ 17%] [32mBuilding C object CMakeFiles/custom_messeage__rosidl_generator_c.dir/rosidl_generator_c/custom_messeage/srv/detail/robot_arm_request__type_support.c.o[0m
[10.480s] [ 20%] [32m[1mLinking C shared library libcustom_messeage__rosidl_generator_c.so[0m
[10.576s] [ 20%] Built target custom_messeage__rosidl_generator_c
[10.632s] [ 23%] [34m[1mGenerating C introspection for ROS interfaces[0m
[10.637s] [ 26%] [34m[1mGenerating C type support for eProsima Fast-RTPS[0m
[10.640s] [ 29%] [34m[1mGenerating C type support dispatch for ROS interfaces[0m
[10.643s] [ 32%] [34m[1mGenerating C++ type support for eProsima Fast-RTPS[0m
[11.548s] [ 35%] [32mBuilding CXX object CMakeFiles/custom_messeage__rosidl_typesupport_c.dir/rosidl_typesupport_c/custom_messeage/srv/robot_arm_request__type_support.cpp.o[0m
[11.741s] [ 38%] [32mBuilding C object CMakeFiles/custom_messeage__rosidl_typesupport_introspection_c.dir/rosidl_typesupport_introspection_c/custom_messeage/srv/detail/robot_arm_request__type_support.c.o[0m
[11.828s] [ 41%] [32m[1mLinking CXX shared library libcustom_messeage__rosidl_typesupport_c.so[0m
[11.951s] [ 44%] [32mBuilding CXX object CMakeFiles/custom_messeage__rosidl_typesupport_fastrtps_cpp.dir/rosidl_typesupport_fastrtps_cpp/custom_messeage/srv/detail/dds_fastrtps/robot_arm_request__type_support.cpp.o[0m
[11.958s] [ 47%] [32m[1mLinking C shared library libcustom_messeage__rosidl_typesupport_introspection_c.so[0m
[11.999s] [ 50%] [32mBuilding CXX object CMakeFiles/custom_messeage__rosidl_typesupport_fastrtps_c.dir/rosidl_typesupport_fastrtps_c/custom_messeage/srv/detail/robot_arm_request__type_support_c.cpp.o[0m
[12.027s] [ 50%] Built target custom_messeage__rosidl_typesupport_c
[12.092s] [ 52%] [34m[1mGenerating C++ introspection for ROS interfaces[0m
[12.120s] [ 52%] Built target custom_messeage__rosidl_typesupport_introspection_c
[12.148s] [ 55%] [34m[1mGenerating C++ type support dispatch for ROS interfaces[0m
[13.122s] [ 58%] [32mBuilding CXX object CMakeFiles/custom_messeage__rosidl_typesupport_cpp.dir/rosidl_typesupport_cpp/custom_messeage/srv/robot_arm_request__type_support.cpp.o[0m
[13.123s] [ 61%] [32mBuilding CXX object CMakeFiles/custom_messeage__rosidl_typesupport_introspection_cpp.dir/rosidl_typesupport_introspection_cpp/custom_messeage/srv/detail/robot_arm_request__type_support.cpp.o[0m
[14.803s] [ 64%] [32m[1mLinking CXX shared library libcustom_messeage__rosidl_typesupport_introspection_cpp.so[0m
[14.812s] [ 67%] [32m[1mLinking CXX shared library libcustom_messeage__rosidl_typesupport_fastrtps_c.so[0m
[15.045s] [ 70%] [32m[1mLinking CXX shared library libcustom_messeage__rosidl_typesupport_cpp.so[0m
[15.212s] [ 70%] Built target custom_messeage__rosidl_typesupport_introspection_cpp
[15.261s] [ 70%] Built target custom_messeage__rosidl_typesupport_fastrtps_c
[15.301s] [ 73%] [32m[1mLinking CXX shared library libcustom_messeage__rosidl_typesupport_fastrtps_cpp.so[0m
[15.384s] [ 73%] Built target custom_messeage__rosidl_typesupport_cpp
[15.594s] [ 73%] Built target custom_messeage__rosidl_typesupport_fastrtps_cpp
[15.650s] [ 73%] Built target custom_messeage
[15.758s] [ 76%] [34m[1mGenerating Python code for ROS interfaces[0m
[16.791s] [ 76%] Built target custom_messeage__py
[16.909s] [ 79%] [32mBuilding C object CMakeFiles/custom_messeage__rosidl_generator_py.dir/rosidl_generator_py/custom_messeage/srv/_robot_arm_request_s.c.o[0m
[17.734s] [ 82%] [32m[1mLinking C shared library libcustom_messeage__rosidl_generator_py.so[0m
[17.943s] [ 82%] Built target custom_messeage__rosidl_generator_py
[18.013s] [ 85%] [32mBuilding C object CMakeFiles/custom_messeage_s__rosidl_typesupport_introspection_c.dir/rosidl_generator_py/custom_messeage/_custom_messeage_s.ep.rosidl_typesupport_introspection_c.c.o[0m
[18.036s] [ 88%] [32mBuilding C object CMakeFiles/custom_messeage_s__rosidl_typesupport_fastrtps_c.dir/rosidl_generator_py/custom_messeage/_custom_messeage_s.ep.rosidl_typesupport_fastrtps_c.c.o[0m
[18.036s] [ 91%] [32mBuilding C object CMakeFiles/custom_messeage_s__rosidl_typesupport_c.dir/rosidl_generator_py/custom_messeage/_custom_messeage_s.ep.rosidl_typesupport_c.c.o[0m
[18.242s] [ 94%] [32m[1mLinking C shared module rosidl_generator_py/custom_messeage/custom_messeage_s__rosidl_typesupport_introspection_c.so[0m
[18.337s] [ 97%] [32m[1mLinking C shared module rosidl_generator_py/custom_messeage/custom_messeage_s__rosidl_typesupport_c.so[0m
[18.352s] [ 97%] Built target custom_messeage_s__rosidl_typesupport_introspection_c
[18.466s] [100%] [32m[1mLinking C shared module rosidl_generator_py/custom_messeage/custom_messeage_s__rosidl_typesupport_fastrtps_c.so[0m
[18.468s] [100%] Built target custom_messeage_s__rosidl_typesupport_c
[18.635s] [100%] Built target custom_messeage_s__rosidl_typesupport_fastrtps_c
[18.699s] Invoked command in '/home/jetcobot/venv/mycobot/dev/moon_ws/ros2_ws/build/custom_messeage' returned '0': CMAKE_PREFIX_PATH=${CMAKE_PREFIX_PATH}:/home/jetcobot/ros2_ws/install/jetcobot_driver:/home/jetcobot/ros2_ws/install/jetcobot_control:/home/jetcobot/jetcobot_ws/install/jetcobot_ctrl:/opt/ros/jazzy DEBUGINFOD_URLS=https://debuginfod.ubuntu.com /usr/bin/cmake --build /home/jetcobot/venv/mycobot/dev/moon_ws/ros2_ws/build/custom_messeage -- -j4 -l4
[18.749s] Invoking command in '/home/jetcobot/venv/mycobot/dev/moon_ws/ros2_ws/build/custom_messeage': CMAKE_PREFIX_PATH=${CMAKE_PREFIX_PATH}:/home/jetcobot/ros2_ws/install/jetcobot_driver:/home/jetcobot/ros2_ws/install/jetcobot_control:/home/jetcobot/jetcobot_ws/install/jetcobot_ctrl:/opt/ros/jazzy DEBUGINFOD_URLS=https://debuginfod.ubuntu.com /usr/bin/cmake --install /home/jetcobot/venv/mycobot/dev/moon_ws/ros2_ws/build/custom_messeage
[18.797s] -- Install configuration: ""
[18.797s] -- Execute custom install script
[18.798s] -- Symlinking: /home/jetcobot/venv/mycobot/dev/moon_ws/ros2_ws/install/custom_messeage/share/ament_index/resource_index/rosidl_interfaces/custom_messeage
[18.847s] -- Symlinking: /home/jetcobot/venv/mycobot/dev/moon_ws/ros2_ws/install/custom_messeage/share/custom_messeage/srv/RobotArmRequest.json
[18.899s] -- Symlinking: /home/jetcobot/venv/mycobot/dev/moon_ws/ros2_ws/install/custom_messeage/include/custom_messeage/custom_messeage/msg/rosidl_generator_c__visibility_control.h
[18.942s] -- Symlinking: /home/jetcobot/venv/mycobot/dev/moon_ws/ros2_ws/install/custom_messeage/include/custom_messeage/custom_messeage/srv/detail/robot_arm_request__functions.h
[18.970s] -- Symlinking: /home/jetcobot/venv/mycobot/dev/moon_ws/ros2_ws/install/custom_messeage/include/custom_messeage/custom_messeage/srv/detail/robot_arm_request__struct.h
[18.993s] -- Symlinking: /home/jetcobot/venv/mycobot/dev/moon_ws/ros2_ws/install/custom_messeage/include/custom_messeage/custom_messeage/srv/detail/robot_arm_request__type_support.h
[19.019s] -- Symlinking: /home/jetcobot/venv/mycobot/dev/moon_ws/ros2_ws/install/custom_messeage/include/custom_messeage/custom_messeage/srv/robot_arm_request.h
[19.046s] -- Symlinking: /home/jetcobot/venv/mycobot/dev/moon_ws/ros2_ws/install/custom_messeage/share/custom_messeage/environment/library_path.sh
[19.076s] -- Symlinking: /home/jetcobot/venv/mycobot/dev/moon_ws/ros2_ws/install/custom_messeage/share/custom_messeage/environment/library_path.dsv
[19.131s] -- Symlinking: /home/jetcobot/venv/mycobot/dev/moon_ws/ros2_ws/install/custom_messeage/include/custom_messeage/custom_messeage/msg/rosidl_typesupport_fastrtps_c__visibility_control.h
[19.183s] -- Symlinking: /home/jetcobot/venv/mycobot/dev/moon_ws/ros2_ws/install/custom_messeage/include/custom_messeage/custom_messeage/srv/detail/robot_arm_request__rosidl_typesupport_fastrtps_c.h
[19.236s] -- Symlinking: /home/jetcobot/venv/mycobot/dev/moon_ws/ros2_ws/install/custom_messeage/include/custom_messeage/custom_messeage/msg/rosidl_typesupport_introspection_c__visibility_control.h
[19.264s] -- Symlinking: /home/jetcobot/venv/mycobot/dev/moon_ws/ros2_ws/install/custom_messeage/include/custom_messeage/custom_messeage/srv/detail/robot_arm_request__rosidl_typesupport_introspection_c.h
[19.310s] -- Symlinking: /home/jetcobot/venv/mycobot/dev/moon_ws/ros2_ws/install/custom_messeage/include/custom_messeage/custom_messeage/msg/rosidl_generator_cpp__visibility_control.hpp
[19.354s] -- Symlinking: /home/jetcobot/venv/mycobot/dev/moon_ws/ros2_ws/install/custom_messeage/include/custom_messeage/custom_messeage/srv/detail/robot_arm_request__builder.hpp
[19.401s] -- Symlinking: /home/jetcobot/venv/mycobot/dev/moon_ws/ros2_ws/install/custom_messeage/include/custom_messeage/custom_messeage/srv/detail/robot_arm_request__struct.hpp
[19.424s] -- Symlinking: /home/jetcobot/venv/mycobot/dev/moon_ws/ros2_ws/install/custom_messeage/include/custom_messeage/custom_messeage/srv/detail/robot_arm_request__traits.hpp
[19.476s] -- Symlinking: /home/jetcobot/venv/mycobot/dev/moon_ws/ros2_ws/install/custom_messeage/include/custom_messeage/custom_messeage/srv/detail/robot_arm_request__type_support.hpp
[19.528s] -- Symlinking: /home/jetcobot/venv/mycobot/dev/moon_ws/ros2_ws/install/custom_messeage/include/custom_messeage/custom_messeage/srv/robot_arm_request.hpp
[19.585s] -- Symlinking: /home/jetcobot/venv/mycobot/dev/moon_ws/ros2_ws/install/custom_messeage/include/custom_messeage/custom_messeage/msg/rosidl_typesupport_fastrtps_cpp__visibility_control.h
[19.633s] -- Symlinking: /home/jetcobot/venv/mycobot/dev/moon_ws/ros2_ws/install/custom_messeage/include/custom_messeage/custom_messeage/srv/detail/robot_arm_request__rosidl_typesupport_fastrtps_cpp.hpp
[19.658s] -- Symlinking: /home/jetcobot/venv/mycobot/dev/moon_ws/ros2_ws/install/custom_messeage/include/custom_messeage/custom_messeage/srv/detail/robot_arm_request__rosidl_typesupport_introspection_cpp.hpp
[19.685s] -- Symlinking: /home/jetcobot/venv/mycobot/dev/moon_ws/ros2_ws/install/custom_messeage/share/custom_messeage/environment/pythonpath.sh
[19.740s] -- Symlinking: /home/jetcobot/venv/mycobot/dev/moon_ws/ros2_ws/install/custom_messeage/share/custom_messeage/environment/pythonpath.dsv
[19.791s] -- Symlinking: /home/jetcobot/venv/mycobot/dev/moon_ws/ros2_ws/install/custom_messeage/lib/python3.12/site-packages/custom_messeage-0.0.0-py3.12.egg-info/PKG-INFO
[19.842s] -- Symlinking: /home/jetcobot/venv/mycobot/dev/moon_ws/ros2_ws/install/custom_messeage/lib/python3.12/site-packages/custom_messeage-0.0.0-py3.12.egg-info/SOURCES.txt
[19.890s] -- Symlinking: /home/jetcobot/venv/mycobot/dev/moon_ws/ros2_ws/install/custom_messeage/lib/python3.12/site-packages/custom_messeage-0.0.0-py3.12.egg-info/dependency_links.txt
[19.930s] -- Symlinking: /home/jetcobot/venv/mycobot/dev/moon_ws/ros2_ws/install/custom_messeage/lib/python3.12/site-packages/custom_messeage-0.0.0-py3.12.egg-info/top_level.txt
[19.956s] -- Symlinking: /home/jetcobot/venv/mycobot/dev/moon_ws/ros2_ws/install/custom_messeage/lib/python3.12/site-packages/custom_messeage/__init__.py
[19.984s] -- Symlinking: /home/jetcobot/venv/mycobot/dev/moon_ws/ros2_ws/install/custom_messeage/lib/python3.12/site-packages/custom_messeage/_custom_messeage_s.ep.rosidl_typesupport_c.c
[20.033s] -- Symlinking: /home/jetcobot/venv/mycobot/dev/moon_ws/ros2_ws/install/custom_messeage/lib/python3.12/site-packages/custom_messeage/_custom_messeage_s.ep.rosidl_typesupport_fastrtps_c.c
[20.080s] -- Symlinking: /home/jetcobot/venv/mycobot/dev/moon_ws/ros2_ws/install/custom_messeage/lib/python3.12/site-packages/custom_messeage/_custom_messeage_s.ep.rosidl_typesupport_introspection_c.c
[20.129s] -- Symlinking: /home/jetcobot/venv/mycobot/dev/moon_ws/ros2_ws/install/custom_messeage/lib/python3.12/site-packages/custom_messeage/custom_messeage_s__rosidl_typesupport_c.so
[20.181s] -- Symlinking: /home/jetcobot/venv/mycobot/dev/moon_ws/ros2_ws/install/custom_messeage/lib/python3.12/site-packages/custom_messeage/custom_messeage_s__rosidl_typesupport_fastrtps_c.so
[20.228s] -- Symlinking: /home/jetcobot/venv/mycobot/dev/moon_ws/ros2_ws/install/custom_messeage/lib/python3.12/site-packages/custom_messeage/custom_messeage_s__rosidl_typesupport_introspection_c.so
[20.254s] -- Symlinking: /home/jetcobot/venv/mycobot/dev/moon_ws/ros2_ws/install/custom_messeage/lib/python3.12/site-packages/custom_messeage/srv/__init__.py
[20.280s] -- Symlinking: /home/jetcobot/venv/mycobot/dev/moon_ws/ros2_ws/install/custom_messeage/lib/python3.12/site-packages/custom_messeage/srv/_robot_arm_request.py
[20.305s] -- Symlinking: /home/jetcobot/venv/mycobot/dev/moon_ws/ros2_ws/install/custom_messeage/lib/python3.12/site-packages/custom_messeage/srv/_robot_arm_request_s.c
[20.332s] -- Up-to-date symlink: /home/jetcobot/venv/mycobot/dev/moon_ws/ros2_ws/install/custom_messeage/lib/python3.12/site-packages/custom_messeage/custom_messeage_s__rosidl_typesupport_fastrtps_c.so
[20.333s] -- Up-to-date symlink: /home/jetcobot/venv/mycobot/dev/moon_ws/ros2_ws/install/custom_messeage/lib/python3.12/site-packages/custom_messeage/custom_messeage_s__rosidl_typesupport_introspection_c.so
[20.335s] -- Up-to-date symlink: /home/jetcobot/venv/mycobot/dev/moon_ws/ros2_ws/install/custom_messeage/lib/python3.12/site-packages/custom_messeage/custom_messeage_s__rosidl_typesupport_c.so
[20.336s] -- Symlinking: /home/jetcobot/venv/mycobot/dev/moon_ws/ros2_ws/install/custom_messeage/share/custom_messeage/srv/RobotArmRequest.idl
[20.362s] -- Symlinking: /home/jetcobot/venv/mycobot/dev/moon_ws/ros2_ws/install/custom_messeage/share/custom_messeage/srv/RobotArmRequest.srv
[20.389s] -- Symlinking: /home/jetcobot/venv/mycobot/dev/moon_ws/ros2_ws/install/custom_messeage/share/ament_index/resource_index/package_run_dependencies/custom_messeage
[20.416s] -- Symlinking: /home/jetcobot/venv/mycobot/dev/moon_ws/ros2_ws/install/custom_messeage/share/ament_index/resource_index/parent_prefix_path/custom_messeage
[20.442s] -- Symlinking: /home/jetcobot/venv/mycobot/dev/moon_ws/ros2_ws/install/custom_messeage/share/custom_messeage/environment/ament_prefix_path.sh
[20.469s] -- Symlinking: /home/jetcobot/venv/mycobot/dev/moon_ws/ros2_ws/install/custom_messeage/share/custom_messeage/environment/ament_prefix_path.dsv
[20.498s] -- Symlinking: /home/jetcobot/venv/mycobot/dev/moon_ws/ros2_ws/install/custom_messeage/share/custom_messeage/environment/path.sh
[20.543s] -- Symlinking: /home/jetcobot/venv/mycobot/dev/moon_ws/ros2_ws/install/custom_messeage/share/custom_messeage/environment/path.dsv
[20.595s] -- Symlinking: /home/jetcobot/venv/mycobot/dev/moon_ws/ros2_ws/install/custom_messeage/share/custom_messeage/local_setup.bash
[20.642s] -- Symlinking: /home/jetcobot/venv/mycobot/dev/moon_ws/ros2_ws/install/custom_messeage/share/custom_messeage/local_setup.sh
[20.695s] -- Symlinking: /home/jetcobot/venv/mycobot/dev/moon_ws/ros2_ws/install/custom_messeage/share/custom_messeage/local_setup.zsh
[20.750s] -- Symlinking: /home/jetcobot/venv/mycobot/dev/moon_ws/ros2_ws/install/custom_messeage/share/custom_messeage/local_setup.dsv
[20.790s] -- Symlinking: /home/jetcobot/venv/mycobot/dev/moon_ws/ros2_ws/install/custom_messeage/share/custom_messeage/package.dsv
[20.842s] -- Symlinking: /home/jetcobot/venv/mycobot/dev/moon_ws/ros2_ws/install/custom_messeage/share/ament_index/resource_index/packages/custom_messeage
[20.888s] -- Symlinking: /home/jetcobot/venv/mycobot/dev/moon_ws/ros2_ws/install/custom_messeage/share/custom_messeage/cmake/rosidl_cmake-extras.cmake
[20.930s] -- Symlinking: /home/jetcobot/venv/mycobot/dev/moon_ws/ros2_ws/install/custom_messeage/share/custom_messeage/cmake/ament_cmake_export_dependencies-extras.cmake
[20.977s] -- Symlinking: /home/jetcobot/venv/mycobot/dev/moon_ws/ros2_ws/install/custom_messeage/share/custom_messeage/cmake/ament_cmake_export_include_directories-extras.cmake
[21.023s] -- Symlinking: /home/jetcobot/venv/mycobot/dev/moon_ws/ros2_ws/install/custom_messeage/share/custom_messeage/cmake/ament_cmake_export_libraries-extras.cmake
[21.070s] -- Symlinking: /home/jetcobot/venv/mycobot/dev/moon_ws/ros2_ws/install/custom_messeage/share/custom_messeage/cmake/ament_cmake_export_targets-extras.cmake
[21.109s] -- Symlinking: /home/jetcobot/venv/mycobot/dev/moon_ws/ros2_ws/install/custom_messeage/share/custom_messeage/cmake/rosidl_cmake_export_typesupport_targets-extras.cmake
[21.150s] -- Symlinking: /home/jetcobot/venv/mycobot/dev/moon_ws/ros2_ws/install/custom_messeage/share/custom_messeage/cmake/rosidl_cmake_export_typesupport_libraries-extras.cmake
[21.176s] -- Symlinking: /home/jetcobot/venv/mycobot/dev/moon_ws/ros2_ws/install/custom_messeage/share/custom_messeage/cmake/custom_messeageConfig.cmake
[21.227s] -- Symlinking: /home/jetcobot/venv/mycobot/dev/moon_ws/ros2_ws/install/custom_messeage/share/custom_messeage/cmake/custom_messeageConfig-version.cmake
[21.280s] -- Symlinking: /home/jetcobot/venv/mycobot/dev/moon_ws/ros2_ws/install/custom_messeage/share/custom_messeage/package.xml
[21.327s] -- Installing: /home/jetcobot/venv/mycobot/dev/moon_ws/ros2_ws/install/custom_messeage/lib/libcustom_messeage__rosidl_generator_c.so
[21.333s] -- Set non-toolchain portion of runtime path of "/home/jetcobot/venv/mycobot/dev/moon_ws/ros2_ws/install/custom_messeage/lib/libcustom_messeage__rosidl_generator_c.so" to ""
[21.335s] -- Installing: /home/jetcobot/venv/mycobot/dev/moon_ws/ros2_ws/install/custom_messeage/lib/libcustom_messeage__rosidl_typesupport_fastrtps_c.so
[21.344s] -- Set non-toolchain portion of runtime path of "/home/jetcobot/venv/mycobot/dev/moon_ws/ros2_ws/install/custom_messeage/lib/libcustom_messeage__rosidl_typesupport_fastrtps_c.so" to ""
[21.345s] -- Installing: /home/jetcobot/venv/mycobot/dev/moon_ws/ros2_ws/install/custom_messeage/lib/libcustom_messeage__rosidl_typesupport_introspection_c.so
[21.354s] -- Set non-toolchain portion of runtime path of "/home/jetcobot/venv/mycobot/dev/moon_ws/ros2_ws/install/custom_messeage/lib/libcustom_messeage__rosidl_typesupport_introspection_c.so" to ""
[21.354s] -- Installing: /home/jetcobot/venv/mycobot/dev/moon_ws/ros2_ws/install/custom_messeage/lib/libcustom_messeage__rosidl_typesupport_c.so
[21.354s] -- Set non-toolchain portion of runtime path of "/home/jetcobot/venv/mycobot/dev/moon_ws/ros2_ws/install/custom_messeage/lib/libcustom_messeage__rosidl_typesupport_c.so" to ""
[21.354s] -- Installing: /home/jetcobot/venv/mycobot/dev/moon_ws/ros2_ws/install/custom_messeage/lib/libcustom_messeage__rosidl_typesupport_fastrtps_cpp.so
[21.366s] -- Set non-toolchain portion of runtime path of "/home/jetcobot/venv/mycobot/dev/moon_ws/ros2_ws/install/custom_messeage/lib/libcustom_messeage__rosidl_typesupport_fastrtps_cpp.so" to ""
[21.367s] -- Installing: /home/jetcobot/venv/mycobot/dev/moon_ws/ros2_ws/install/custom_messeage/lib/libcustom_messeage__rosidl_typesupport_introspection_cpp.so
[21.367s] -- Set non-toolchain portion of runtime path of "/home/jetcobot/venv/mycobot/dev/moon_ws/ros2_ws/install/custom_messeage/lib/libcustom_messeage__rosidl_typesupport_introspection_cpp.so" to ""
[21.372s] -- Installing: /home/jetcobot/venv/mycobot/dev/moon_ws/ros2_ws/install/custom_messeage/lib/libcustom_messeage__rosidl_typesupport_cpp.so
[21.373s] -- Set non-toolchain portion of runtime path of "/home/jetcobot/venv/mycobot/dev/moon_ws/ros2_ws/install/custom_messeage/lib/libcustom_messeage__rosidl_typesupport_cpp.so" to ""
[21.503s] Listing '/home/jetcobot/venv/mycobot/dev/moon_ws/ros2_ws/install/custom_messeage/lib/python3.12/site-packages/custom_messeage'...
[21.503s] Compiling '/home/jetcobot/venv/mycobot/dev/moon_ws/ros2_ws/install/custom_messeage/lib/python3.12/site-packages/custom_messeage/__init__.py'...
[21.503s] Listing '/home/jetcobot/venv/mycobot/dev/moon_ws/ros2_ws/install/custom_messeage/lib/python3.12/site-packages/custom_messeage/srv'...
[21.504s] Compiling '/home/jetcobot/venv/mycobot/dev/moon_ws/ros2_ws/install/custom_messeage/lib/python3.12/site-packages/custom_messeage/srv/__init__.py'...
[21.504s] Compiling '/home/jetcobot/venv/mycobot/dev/moon_ws/ros2_ws/install/custom_messeage/lib/python3.12/site-packages/custom_messeage/srv/_robot_arm_request.py'...
[21.525s] -- Installing: /home/jetcobot/venv/mycobot/dev/moon_ws/ros2_ws/install/custom_messeage/lib/libcustom_messeage__rosidl_generator_py.so
[21.528s] -- Set non-toolchain portion of runtime path of "/home/jetcobot/venv/mycobot/dev/moon_ws/ros2_ws/install/custom_messeage/lib/libcustom_messeage__rosidl_generator_py.so" to ""
[21.528s] -- Installing: /home/jetcobot/venv/mycobot/dev/moon_ws/ros2_ws/install/custom_messeage/share/custom_messeage/cmake/export_custom_messeage__rosidl_generator_cExport.cmake
[21.529s] -- Installing: /home/jetcobot/venv/mycobot/dev/moon_ws/ros2_ws/install/custom_messeage/share/custom_messeage/cmake/export_custom_messeage__rosidl_generator_cExport-noconfig.cmake
[21.529s] -- Installing: /home/jetcobot/venv/mycobot/dev/moon_ws/ros2_ws/install/custom_messeage/share/custom_messeage/cmake/export_custom_messeage__rosidl_typesupport_fastrtps_cExport.cmake
[21.530s] -- Installing: /home/jetcobot/venv/mycobot/dev/moon_ws/ros2_ws/install/custom_messeage/share/custom_messeage/cmake/export_custom_messeage__rosidl_typesupport_fastrtps_cExport-noconfig.cmake
[21.530s] -- Installing: /home/jetcobot/venv/mycobot/dev/moon_ws/ros2_ws/install/custom_messeage/share/custom_messeage/cmake/custom_messeage__rosidl_typesupport_introspection_cExport.cmake
[21.530s] -- Installing: /home/jetcobot/venv/mycobot/dev/moon_ws/ros2_ws/install/custom_messeage/share/custom_messeage/cmake/custom_messeage__rosidl_typesupport_introspection_cExport-noconfig.cmake
[21.531s] -- Installing: /home/jetcobot/venv/mycobot/dev/moon_ws/ros2_ws/install/custom_messeage/share/custom_messeage/cmake/custom_messeage__rosidl_typesupport_cExport.cmake
[21.531s] -- Installing: /home/jetcobot/venv/mycobot/dev/moon_ws/ros2_ws/install/custom_messeage/share/custom_messeage/cmake/custom_messeage__rosidl_typesupport_cExport-noconfig.cmake
[21.532s] -- Installing: /home/jetcobot/venv/mycobot/dev/moon_ws/ros2_ws/install/custom_messeage/share/custom_messeage/cmake/export_custom_messeage__rosidl_generator_cppExport.cmake
[21.533s] -- Installing: /home/jetcobot/venv/mycobot/dev/moon_ws/ros2_ws/install/custom_messeage/share/custom_messeage/cmake/export_custom_messeage__rosidl_typesupport_fastrtps_cppExport.cmake
[21.533s] -- Installing: /home/jetcobot/venv/mycobot/dev/moon_ws/ros2_ws/install/custom_messeage/share/custom_messeage/cmake/export_custom_messeage__rosidl_typesupport_fastrtps_cppExport-noconfig.cmake
[21.534s] -- Installing: /home/jetcobot/venv/mycobot/dev/moon_ws/ros2_ws/install/custom_messeage/share/custom_messeage/cmake/custom_messeage__rosidl_typesupport_introspection_cppExport.cmake
[21.534s] -- Installing: /home/jetcobot/venv/mycobot/dev/moon_ws/ros2_ws/install/custom_messeage/share/custom_messeage/cmake/custom_messeage__rosidl_typesupport_introspection_cppExport-noconfig.cmake
[21.534s] -- Installing: /home/jetcobot/venv/mycobot/dev/moon_ws/ros2_ws/install/custom_messeage/share/custom_messeage/cmake/custom_messeage__rosidl_typesupport_cppExport.cmake
[21.535s] -- Installing: /home/jetcobot/venv/mycobot/dev/moon_ws/ros2_ws/install/custom_messeage/share/custom_messeage/cmake/custom_messeage__rosidl_typesupport_cppExport-noconfig.cmake
[21.537s] -- Installing: /home/jetcobot/venv/mycobot/dev/moon_ws/ros2_ws/install/custom_messeage/share/custom_messeage/cmake/export_custom_messeage__rosidl_generator_pyExport.cmake
[21.537s] -- Installing: /home/jetcobot/venv/mycobot/dev/moon_ws/ros2_ws/install/custom_messeage/share/custom_messeage/cmake/export_custom_messeage__rosidl_generator_pyExport-noconfig.cmake
[21.544s] Invoked command in '/home/jetcobot/venv/mycobot/dev/moon_ws/ros2_ws/build/custom_messeage' returned '0': CMAKE_PREFIX_PATH=${CMAKE_PREFIX_PATH}:/home/jetcobot/ros2_ws/install/jetcobot_driver:/home/jetcobot/ros2_ws/install/jetcobot_control:/home/jetcobot/jetcobot_ws/install/jetcobot_ctrl:/opt/ros/jazzy DEBUGINFOD_URLS=https://debuginfod.ubuntu.com /usr/bin/cmake --install /home/jetcobot/venv/mycobot/dev/moon_ws/ros2_ws/build/custom_messeage
