[1.706s] Invoking command in '/home/jetcobot/sun_ws/ros2_ws/src/pick_place': DEBUGINFOD_URLS=https://debuginfod.ubuntu.com PS1=\[\e]0;\u@\h: \w\a\]${debian_chroot:+($debian_chroot)}\[\033[01;32m\]\u@\h\[\033[00m\]:\[\033[01;34m\]\w\[\033[00m\]\$ PYTHONPATH=/home/jetcobot/sun_ws/ros2_ws/build/pick_place/prefix_override:/usr/lib/python3/dist-packages/colcon_core/task/python/colcon_distutils_commands:/home/jetcobot/sun_ws/ros2_ws/install/pick_place/lib/python3.12/site-packages:${PYTHONPATH} /usr/bin/python3 -W ignore:setup.py install is deprecated -W ignore:easy_install command is deprecated setup.py egg_info --egg-base ../../build/pick_place build --build-base /home/jetcobot/sun_ws/ros2_ws/build/pick_place/build install --record /home/jetcobot/sun_ws/ros2_ws/build/pick_place/install.log --single-version-externally-managed install_data
[2.147s] running egg_info
[2.148s] creating ../../build/pick_place/pick_place.egg-info
[2.186s] writing ../../build/pick_place/pick_place.egg-info/PKG-INFO
[2.187s] writing dependency_links to ../../build/pick_place/pick_place.egg-info/dependency_links.txt
[2.187s] writing entry points to ../../build/pick_place/pick_place.egg-info/entry_points.txt
[2.188s] writing requirements to ../../build/pick_place/pick_place.egg-info/requires.txt
[2.188s] writing top-level names to ../../build/pick_place/pick_place.egg-info/top_level.txt
[2.188s] writing manifest file '../../build/pick_place/pick_place.egg-info/SOURCES.txt'
[2.255s] reading manifest file '../../build/pick_place/pick_place.egg-info/SOURCES.txt'
[2.256s] writing manifest file '../../build/pick_place/pick_place.egg-info/SOURCES.txt'
[2.256s] running build
[2.256s] running build_py
[2.256s] creating /home/jetcobot/sun_ws/ros2_ws/build/pick_place/build
[2.257s] creating /home/jetcobot/sun_ws/ros2_ws/build/pick_place/build/lib
[2.257s] creating /home/jetcobot/sun_ws/ros2_ws/build/pick_place/build/lib/pick_place
[2.257s] copying pick_place/__init__.py -> /home/jetcobot/sun_ws/ros2_ws/build/pick_place/build/lib/pick_place
[2.257s] copying pick_place/transform_node.py -> /home/jetcobot/sun_ws/ros2_ws/build/pick_place/build/lib/pick_place
[2.258s] copying pick_place/camera_node.py -> /home/jetcobot/sun_ws/ros2_ws/build/pick_place/build/lib/pick_place
[2.258s] copying pick_place/control_node.py -> /home/jetcobot/sun_ws/ros2_ws/build/pick_place/build/lib/pick_place
[2.258s] copying pick_place/detection_node.py -> /home/jetcobot/sun_ws/ros2_ws/build/pick_place/build/lib/pick_place
[2.258s] running install
[2.267s] running install_lib
[2.301s] creating /home/jetcobot/sun_ws/ros2_ws/install/pick_place/lib/python3.12/site-packages/pick_place
[2.301s] copying /home/jetcobot/sun_ws/ros2_ws/build/pick_place/build/lib/pick_place/__init__.py -> /home/jetcobot/sun_ws/ros2_ws/install/pick_place/lib/python3.12/site-packages/pick_place
[2.301s] copying /home/jetcobot/sun_ws/ros2_ws/build/pick_place/build/lib/pick_place/transform_node.py -> /home/jetcobot/sun_ws/ros2_ws/install/pick_place/lib/python3.12/site-packages/pick_place
[2.301s] copying /home/jetcobot/sun_ws/ros2_ws/build/pick_place/build/lib/pick_place/camera_node.py -> /home/jetcobot/sun_ws/ros2_ws/install/pick_place/lib/python3.12/site-packages/pick_place
[2.301s] copying /home/jetcobot/sun_ws/ros2_ws/build/pick_place/build/lib/pick_place/control_node.py -> /home/jetcobot/sun_ws/ros2_ws/install/pick_place/lib/python3.12/site-packages/pick_place
[2.301s] copying /home/jetcobot/sun_ws/ros2_ws/build/pick_place/build/lib/pick_place/detection_node.py -> /home/jetcobot/sun_ws/ros2_ws/install/pick_place/lib/python3.12/site-packages/pick_place
[2.302s] byte-compiling /home/jetcobot/sun_ws/ros2_ws/install/pick_place/lib/python3.12/site-packages/pick_place/__init__.py to __init__.cpython-312.pyc
[2.302s] byte-compiling /home/jetcobot/sun_ws/ros2_ws/install/pick_place/lib/python3.12/site-packages/pick_place/transform_node.py to transform_node.cpython-312.pyc
[2.304s] byte-compiling /home/jetcobot/sun_ws/ros2_ws/install/pick_place/lib/python3.12/site-packages/pick_place/camera_node.py to camera_node.cpython-312.pyc
[2.305s] byte-compiling /home/jetcobot/sun_ws/ros2_ws/install/pick_place/lib/python3.12/site-packages/pick_place/control_node.py to control_node.cpython-312.pyc
[2.306s] byte-compiling /home/jetcobot/sun_ws/ros2_ws/install/pick_place/lib/python3.12/site-packages/pick_place/detection_node.py to detection_node.cpython-312.pyc
[2.307s] running install_data
[2.307s] creating /home/jetcobot/sun_ws/ros2_ws/install/pick_place/share
[2.307s] creating /home/jetcobot/sun_ws/ros2_ws/install/pick_place/share/ament_index
[2.307s] creating /home/jetcobot/sun_ws/ros2_ws/install/pick_place/share/ament_index/resource_index
[2.307s] creating /home/jetcobot/sun_ws/ros2_ws/install/pick_place/share/ament_index/resource_index/packages
[2.307s] copying resource/pick_place -> /home/jetcobot/sun_ws/ros2_ws/install/pick_place/share/ament_index/resource_index/packages
[2.307s] creating /home/jetcobot/sun_ws/ros2_ws/install/pick_place/share/pick_place
[2.308s] copying package.xml -> /home/jetcobot/sun_ws/ros2_ws/install/pick_place/share/pick_place
[2.308s] creating /home/jetcobot/sun_ws/ros2_ws/install/pick_place/share/pick_place/launch
[2.308s] copying launch/pick_place_launch.py -> /home/jetcobot/sun_ws/ros2_ws/install/pick_place/share/pick_place/launch
[2.308s] running install_egg_info
[2.343s] Copying ../../build/pick_place/pick_place.egg-info to /home/jetcobot/sun_ws/ros2_ws/install/pick_place/lib/python3.12/site-packages/pick_place-0.0.0-py3.12.egg-info
[2.344s] running install_scripts
[2.560s] Installing camera_node script to /home/jetcobot/sun_ws/ros2_ws/install/pick_place/lib/pick_place
[2.560s] Installing control_node script to /home/jetcobot/sun_ws/ros2_ws/install/pick_place/lib/pick_place
[2.560s] Installing detection_node script to /home/jetcobot/sun_ws/ros2_ws/install/pick_place/lib/pick_place
[2.560s] Installing transform_node script to /home/jetcobot/sun_ws/ros2_ws/install/pick_place/lib/pick_place
[2.561s] writing list of installed files to '/home/jetcobot/sun_ws/ros2_ws/build/pick_place/install.log'
[2.647s] Invoked command in '/home/jetcobot/sun_ws/ros2_ws/src/pick_place' returned '0': DEBUGINFOD_URLS=https://debuginfod.ubuntu.com PS1=\[\e]0;\u@\h: \w\a\]${debian_chroot:+($debian_chroot)}\[\033[01;32m\]\u@\h\[\033[00m\]:\[\033[01;34m\]\w\[\033[00m\]\$ PYTHONPATH=/home/jetcobot/sun_ws/ros2_ws/build/pick_place/prefix_override:/usr/lib/python3/dist-packages/colcon_core/task/python/colcon_distutils_commands:/home/jetcobot/sun_ws/ros2_ws/install/pick_place/lib/python3.12/site-packages:${PYTHONPATH} /usr/bin/python3 -W ignore:setup.py install is deprecated -W ignore:easy_install command is deprecated setup.py egg_info --egg-base ../../build/pick_place build --build-base /home/jetcobot/sun_ws/ros2_ws/build/pick_place/build install --record /home/jetcobot/sun_ws/ros2_ws/build/pick_place/install.log --single-version-externally-managed install_data
