[2.232s] Invoking command in '/home/jetcobot/sun_ws/ros2_ws/build/pick_place': DEBUGINFOD_URLS=https://debuginfod.ubuntu.com PS1=\[\e]0;\u@\h: \w\a\]${debian_chroot:+($debian_chroot)}\[\033[01;32m\]\u@\h\[\033[00m\]:\[\033[01;34m\]\w\[\033[00m\]\$ PYTHONPATH=/home/jetcobot/sun_ws/ros2_ws/build/pick_place/prefix_override:/usr/lib/python3/dist-packages/colcon_core/task/python/colcon_distutils_commands:/home/jetcobot/sun_ws/ros2_ws/install/pick_place/lib/python3.12/site-packages:${PYTHONPATH} /usr/bin/python3 -W ignore:setup.py install is deprecated -W ignore:easy_install command is deprecated setup.py develop --editable --build-directory /home/jetcobot/sun_ws/ros2_ws/build/pick_place/build --no-deps symlink_data --force
[2.825s] running develop
[3.205s] running egg_info
[3.241s] writing pick_place.egg-info/PKG-INFO
[3.243s] writing dependency_links to pick_place.egg-info/dependency_links.txt
[3.244s] writing entry points to pick_place.egg-info/entry_points.txt
[3.244s] writing requirements to pick_place.egg-info/requires.txt
[3.244s] writing top-level names to pick_place.egg-info/top_level.txt
[3.316s] reading manifest file 'pick_place.egg-info/SOURCES.txt'
[3.318s] writing manifest file 'pick_place.egg-info/SOURCES.txt'
[3.361s] running build_ext
[3.362s] Creating /home/jetcobot/sun_ws/ros2_ws/install/pick_place/lib/python3.12/site-packages/pick-place.egg-link (link to .)
[3.363s] Installing camera_node script to /home/jetcobot/sun_ws/ros2_ws/install/pick_place/lib/pick_place
[3.363s] Installing control_node script to /home/jetcobot/sun_ws/ros2_ws/install/pick_place/lib/pick_place
[3.364s] Installing detection_node script to /home/jetcobot/sun_ws/ros2_ws/install/pick_place/lib/pick_place
[3.366s] Installing transform_node script to /home/jetcobot/sun_ws/ros2_ws/install/pick_place/lib/pick_place
[3.367s] 
[3.368s] Installed /home/jetcobot/sun_ws/ros2_ws/build/pick_place
[3.369s] running symlink_data
[3.370s] symbolically linking /home/jetcobot/sun_ws/ros2_ws/build/pick_place/resource/pick_place -> /home/jetcobot/sun_ws/ros2_ws/install/pick_place/share/ament_index/resource_index/packages
[3.370s] symbolically linking /home/jetcobot/sun_ws/ros2_ws/build/pick_place/package.xml -> /home/jetcobot/sun_ws/ros2_ws/install/pick_place/share/pick_place
[3.372s] symbolically linking /home/jetcobot/sun_ws/ros2_ws/build/pick_place/launch/pick_place_launch.py -> /home/jetcobot/sun_ws/ros2_ws/install/pick_place/share/pick_place/launch
[3.508s] Invoked command in '/home/jetcobot/sun_ws/ros2_ws/build/pick_place' returned '0': DEBUGINFOD_URLS=https://debuginfod.ubuntu.com PS1=\[\e]0;\u@\h: \w\a\]${debian_chroot:+($debian_chroot)}\[\033[01;32m\]\u@\h\[\033[00m\]:\[\033[01;34m\]\w\[\033[00m\]\$ PYTHONPATH=/home/jetcobot/sun_ws/ros2_ws/build/pick_place/prefix_override:/usr/lib/python3/dist-packages/colcon_core/task/python/colcon_distutils_commands:/home/jetcobot/sun_ws/ros2_ws/install/pick_place/lib/python3.12/site-packages:${PYTHONPATH} /usr/bin/python3 -W ignore:setup.py install is deprecated -W ignore:easy_install command is deprecated setup.py develop --editable --build-directory /home/jetcobot/sun_ws/ros2_ws/build/pick_place/build --no-deps symlink_data --force
