running develop
Removing /home/jetcobot/sun_ws/ros2_ws/install/pick_place/lib/python3.12/site-packages/pick-place.egg-link (link to .)
running egg_info
writing ../../build/pick_place/pick_place.egg-info/PKG-INFO
writing dependency_links to ../../build/pick_place/pick_place.egg-info/dependency_links.txt
writing entry points to ../../build/pick_place/pick_place.egg-info/entry_points.txt
writing requirements to ../../build/pick_place/pick_place.egg-info/requires.txt
writing top-level names to ../../build/pick_place/pick_place.egg-info/top_level.txt
reading manifest file '../../build/pick_place/pick_place.egg-info/SOURCES.txt'
writing manifest file '../../build/pick_place/pick_place.egg-info/SOURCES.txt'
running build
running build_py
running install
running install_lib
creating /home/jetcobot/sun_ws/ros2_ws/install/pick_place/lib/python3.12/site-packages/pick_place
copying /home/jetcobot/sun_ws/ros2_ws/build/pick_place/build/lib/pick_place/__init__.py -> /home/jetcobot/sun_ws/ros2_ws/install/pick_place/lib/python3.12/site-packages/pick_place
copying /home/jetcobot/sun_ws/ros2_ws/build/pick_place/build/lib/pick_place/transform_node.py -> /home/jetcobot/sun_ws/ros2_ws/install/pick_place/lib/python3.12/site-packages/pick_place
copying /home/jetcobot/sun_ws/ros2_ws/build/pick_place/build/lib/pick_place/camera_node.py -> /home/jetcobot/sun_ws/ros2_ws/install/pick_place/lib/python3.12/site-packages/pick_place
copying /home/jetcobot/sun_ws/ros2_ws/build/pick_place/build/lib/pick_place/control_node.py -> /home/jetcobot/sun_ws/ros2_ws/install/pick_place/lib/python3.12/site-packages/pick_place
copying /home/jetcobot/sun_ws/ros2_ws/build/pick_place/build/lib/pick_place/detection_node.py -> /home/jetcobot/sun_ws/ros2_ws/install/pick_place/lib/python3.12/site-packages/pick_place
byte-compiling /home/jetcobot/sun_ws/ros2_ws/install/pick_place/lib/python3.12/site-packages/pick_place/__init__.py to __init__.cpython-312.pyc
byte-compiling /home/jetcobot/sun_ws/ros2_ws/install/pick_place/lib/python3.12/site-packages/pick_place/transform_node.py to transform_node.cpython-312.pyc
byte-compiling /home/jetcobot/sun_ws/ros2_ws/install/pick_place/lib/python3.12/site-packages/pick_place/camera_node.py to camera_node.cpython-312.pyc
byte-compiling /home/jetcobot/sun_ws/ros2_ws/install/pick_place/lib/python3.12/site-packages/pick_place/control_node.py to control_node.cpython-312.pyc
byte-compiling /home/jetcobot/sun_ws/ros2_ws/install/pick_place/lib/python3.12/site-packages/pick_place/detection_node.py to detection_node.cpython-312.pyc
running install_data
copying resource/pick_place -> /home/jetcobot/sun_ws/ros2_ws/install/pick_place/share/ament_index/resource_index/packages
copying package.xml -> /home/jetcobot/sun_ws/ros2_ws/install/pick_place/share/pick_place
copying launch/pick_place_launch.py -> /home/jetcobot/sun_ws/ros2_ws/install/pick_place/share/pick_place/launch
running install_egg_info
Copying ../../build/pick_place/pick_place.egg-info to /home/jetcobot/sun_ws/ros2_ws/install/pick_place/lib/python3.12/site-packages/pick_place-0.0.0-py3.12.egg-info
running install_scripts
Installing camera_node script to /home/jetcobot/sun_ws/ros2_ws/install/pick_place/lib/pick_place
Installing control_node script to /home/jetcobot/sun_ws/ros2_ws/install/pick_place/lib/pick_place
Installing detection_node script to /home/jetcobot/sun_ws/ros2_ws/install/pick_place/lib/pick_place
Installing transform_node script to /home/jetcobot/sun_ws/ros2_ws/install/pick_place/lib/pick_place
writing list of installed files to '/home/jetcobot/sun_ws/ros2_ws/build/pick_place/install.log'
