[1.757s] Invoking command in '/home/jetcobot/sun_ws/ros2_ws/build/pick_place': DEBUGINFOD_URLS=https://debuginfod.ubuntu.com PS1=\[\e]0;\u@\h: \w\a\]${debian_chroot:+($debian_chroot)}\[\033[01;32m\]\u@\h\[\033[00m\]:\[\033[01;34m\]\w\[\033[00m\]\$ PYTHONPATH=/home/jetcobot/sun_ws/ros2_ws/build/pick_place/prefix_override:/usr/lib/python3/dist-packages/colcon_core/task/python/colcon_distutils_commands:/home/jetcobot/sun_ws/ros2_ws/install/pick_place/lib/python3.12/site-packages:${PYTHONPATH} /usr/bin/python3 -W ignore:setup.py install is deprecated -W ignore:easy_install command is deprecated setup.py develop --uninstall --editable --build-directory /home/jetcobot/sun_ws/ros2_ws/build/pick_place/build
[2.259s] running develop
[2.606s] Removing /home/jetcobot/sun_ws/ros2_ws/install/pick_place/lib/python3.12/site-packages/pick-place.egg-link (link to .)
[2.720s] Invoked command in '/home/jetcobot/sun_ws/ros2_ws/build/pick_place' returned '0': DEBUGINFOD_URLS=https://debuginfod.ubuntu.com PS1=\[\e]0;\u@\h: \w\a\]${debian_chroot:+($debian_chroot)}\[\033[01;32m\]\u@\h\[\033[00m\]:\[\033[01;34m\]\w\[\033[00m\]\$ PYTHONPATH=/home/jetcobot/sun_ws/ros2_ws/build/pick_place/prefix_override:/usr/lib/python3/dist-packages/colcon_core/task/python/colcon_distutils_commands:/home/jetcobot/sun_ws/ros2_ws/install/pick_place/lib/python3.12/site-packages:${PYTHONPATH} /usr/bin/python3 -W ignore:setup.py install is deprecated -W ignore:easy_install command is deprecated setup.py develop --uninstall --editable --build-directory /home/jetcobot/sun_ws/ros2_ws/build/pick_place/build
[2.722s] Invoking command in '/home/jetcobot/sun_ws/ros2_ws/src/pick_place': DEBUGINFOD_URLS=https://debuginfod.ubuntu.com PS1=\[\e]0;\u@\h: \w\a\]${debian_chroot:+($debian_chroot)}\[\033[01;32m\]\u@\h\[\033[00m\]:\[\033[01;34m\]\w\[\033[00m\]\$ PYTHONPATH=/home/jetcobot/sun_ws/ros2_ws/build/pick_place/prefix_override:/usr/lib/python3/dist-packages/colcon_core/task/python/colcon_distutils_commands:/home/jetcobot/sun_ws/ros2_ws/install/pick_place/lib/python3.12/site-packages:${PYTHONPATH} /usr/bin/python3 -W ignore:setup.py install is deprecated -W ignore:easy_install command is deprecated setup.py egg_info --egg-base ../../build/pick_place build --build-base /home/jetcobot/sun_ws/ros2_ws/build/pick_place/build install --record /home/jetcobot/sun_ws/ros2_ws/build/pick_place/install.log --single-version-externally-managed install_data --force
[3.194s] running egg_info
[3.228s] writing ../../build/pick_place/pick_place.egg-info/PKG-INFO
[3.229s] writing dependency_links to ../../build/pick_place/pick_place.egg-info/dependency_links.txt
[3.229s] writing entry points to ../../build/pick_place/pick_place.egg-info/entry_points.txt
[3.230s] writing requirements to ../../build/pick_place/pick_place.egg-info/requires.txt
[3.231s] writing top-level names to ../../build/pick_place/pick_place.egg-info/top_level.txt
[3.301s] reading manifest file '../../build/pick_place/pick_place.egg-info/SOURCES.txt'
[3.302s] writing manifest file '../../build/pick_place/pick_place.egg-info/SOURCES.txt'
[3.302s] running build
[3.302s] running build_py
[3.303s] running install
[3.312s] running install_lib
[3.347s] creating /home/jetcobot/sun_ws/ros2_ws/install/pick_place/lib/python3.12/site-packages/pick_place
[3.348s] copying /home/jetcobot/sun_ws/ros2_ws/build/pick_place/build/lib/pick_place/__init__.py -> /home/jetcobot/sun_ws/ros2_ws/install/pick_place/lib/python3.12/site-packages/pick_place
[3.348s] copying /home/jetcobot/sun_ws/ros2_ws/build/pick_place/build/lib/pick_place/transform_node.py -> /home/jetcobot/sun_ws/ros2_ws/install/pick_place/lib/python3.12/site-packages/pick_place
[3.349s] copying /home/jetcobot/sun_ws/ros2_ws/build/pick_place/build/lib/pick_place/camera_node.py -> /home/jetcobot/sun_ws/ros2_ws/install/pick_place/lib/python3.12/site-packages/pick_place
[3.349s] copying /home/jetcobot/sun_ws/ros2_ws/build/pick_place/build/lib/pick_place/control_node.py -> /home/jetcobot/sun_ws/ros2_ws/install/pick_place/lib/python3.12/site-packages/pick_place
[3.349s] copying /home/jetcobot/sun_ws/ros2_ws/build/pick_place/build/lib/pick_place/detection_node.py -> /home/jetcobot/sun_ws/ros2_ws/install/pick_place/lib/python3.12/site-packages/pick_place
[3.349s] byte-compiling /home/jetcobot/sun_ws/ros2_ws/install/pick_place/lib/python3.12/site-packages/pick_place/__init__.py to __init__.cpython-312.pyc
[3.349s] byte-compiling /home/jetcobot/sun_ws/ros2_ws/install/pick_place/lib/python3.12/site-packages/pick_place/transform_node.py to transform_node.cpython-312.pyc
[3.351s] byte-compiling /home/jetcobot/sun_ws/ros2_ws/install/pick_place/lib/python3.12/site-packages/pick_place/camera_node.py to camera_node.cpython-312.pyc
[3.352s] byte-compiling /home/jetcobot/sun_ws/ros2_ws/install/pick_place/lib/python3.12/site-packages/pick_place/control_node.py to control_node.cpython-312.pyc
[3.353s] byte-compiling /home/jetcobot/sun_ws/ros2_ws/install/pick_place/lib/python3.12/site-packages/pick_place/detection_node.py to detection_node.cpython-312.pyc
[3.354s] running install_data
[3.354s] copying resource/pick_place -> /home/jetcobot/sun_ws/ros2_ws/install/pick_place/share/ament_index/resource_index/packages
[3.354s] copying package.xml -> /home/jetcobot/sun_ws/ros2_ws/install/pick_place/share/pick_place
[3.354s] copying launch/pick_place_launch.py -> /home/jetcobot/sun_ws/ros2_ws/install/pick_place/share/pick_place/launch
[3.356s] running install_egg_info
[3.391s] Copying ../../build/pick_place/pick_place.egg-info to /home/jetcobot/sun_ws/ros2_ws/install/pick_place/lib/python3.12/site-packages/pick_place-0.0.0-py3.12.egg-info
[3.395s] running install_scripts
[3.660s] Installing camera_node script to /home/jetcobot/sun_ws/ros2_ws/install/pick_place/lib/pick_place
[3.660s] Installing control_node script to /home/jetcobot/sun_ws/ros2_ws/install/pick_place/lib/pick_place
[3.664s] Installing detection_node script to /home/jetcobot/sun_ws/ros2_ws/install/pick_place/lib/pick_place
[3.665s] Installing transform_node script to /home/jetcobot/sun_ws/ros2_ws/install/pick_place/lib/pick_place
[3.666s] writing list of installed files to '/home/jetcobot/sun_ws/ros2_ws/build/pick_place/install.log'
[3.818s] Invoked command in '/home/jetcobot/sun_ws/ros2_ws/src/pick_place' returned '0': DEBUGINFOD_URLS=https://debuginfod.ubuntu.com PS1=\[\e]0;\u@\h: \w\a\]${debian_chroot:+($debian_chroot)}\[\033[01;32m\]\u@\h\[\033[00m\]:\[\033[01;34m\]\w\[\033[00m\]\$ PYTHONPATH=/home/jetcobot/sun_ws/ros2_ws/build/pick_place/prefix_override:/usr/lib/python3/dist-packages/colcon_core/task/python/colcon_distutils_commands:/home/jetcobot/sun_ws/ros2_ws/install/pick_place/lib/python3.12/site-packages:${PYTHONPATH} /usr/bin/python3 -W ignore:setup.py install is deprecated -W ignore:easy_install command is deprecated setup.py egg_info --egg-base ../../build/pick_place build --build-base /home/jetcobot/sun_ws/ros2_ws/build/pick_place/build install --record /home/jetcobot/sun_ws/ros2_ws/build/pick_place/install.log --single-version-externally-managed install_data --force
