[0.021s] Invoking command in '/home/jetcobot/sun_ws/ros2_ws/build/custom_messeage': CMAKE_PREFIX_PATH=${CMAKE_PREFIX_PATH}:/home/jetcobot/sun_ws/ros2_ws/install/pick_and_place:/opt/ros/jazzy DEBUGINFOD_URLS=https://debuginfod.ubuntu.com /usr/bin/cmake /home/jetcobot/sun_ws/ros2_ws/src/custom_messeage -DCMAKE_INSTALL_PREFIX=/home/jetcobot/sun_ws/ros2_ws/install/custom_messeage
[0.134s] -- The C compiler identification is GNU 13.3.0
[0.238s] -- The CXX compiler identification is GNU 13.3.0
[0.265s] -- Detecting C compiler ABI info
[0.448s] -- Detecting C compiler ABI info - done
[0.462s] -- Check for working C compiler: /usr/bin/cc - skipped
[0.463s] -- Detecting C compile features
[0.463s] -- Detecting C compile features - done
[0.479s] -- Detecting CXX compiler ABI info
[0.679s] -- Detecting CXX compiler ABI info - done
[0.693s] -- Check for working CXX compiler: /usr/bin/c++ - skipped
[0.694s] -- Detecting CXX compile features
[0.694s] -- Detecting CXX compile features - done
[0.701s] -- Found ament_cmake: 2.5.3 (/opt/ros/jazzy/share/ament_cmake/cmake)
[0.954s] -- Found Python3: /usr/bin/python3 (found version "3.12.3") found components: Interpreter 
[1.169s] -- Found rosidl_default_generators: 1.6.0 (/opt/ros/jazzy/share/rosidl_default_generators/cmake)
[1.182s] -- Using all available rosidl_typesupport_c: rosidl_typesupport_fastrtps_c;rosidl_typesupport_introspection_c
[1.287s] -- Using all available rosidl_typesupport_cpp: rosidl_typesupport_fastrtps_cpp;rosidl_typesupport_introspection_cpp
[1.375s] -- Found rosidl_adapter: 4.6.5 (/opt/ros/jazzy/share/rosidl_adapter/cmake)
[2.405s] -- Found ament_cmake_ros: 0.12.0 (/opt/ros/jazzy/share/ament_cmake_ros/cmake)
[3.116s] -- Using all available rosidl_typesupport_c: rosidl_typesupport_fastrtps_c;rosidl_typesupport_introspection_c
[4.006s] -- Using all available rosidl_typesupport_cpp: rosidl_typesupport_fastrtps_cpp;rosidl_typesupport_introspection_cpp
[4.013s] -- Found python_cmake_module: 0.11.1 (/opt/ros/jazzy/share/python_cmake_module/cmake)
[4.231s] -- Found PythonExtra: /usr/bin/python3  
[4.961s] -- Found Python3: /usr/bin/python3 (found version "3.12.3") found components: Interpreter Development NumPy Development.Module Development.Embed 
[5.021s] -- Found ament_lint_auto: 0.17.1 (/opt/ros/jazzy/share/ament_lint_auto/cmake)
[5.087s] -- Added test 'lint_cmake' to check CMake code style
[5.090s] -- Added test 'xmllint' to check XML markup files
[5.095s] -- Configuring done (5.1s)
[5.145s] -- Generating done (0.0s)
[5.168s] -- Build files have been written to: /home/jetcobot/sun_ws/ros2_ws/build/custom_messeage
[5.194s] Invoked command in '/home/jetcobot/sun_ws/ros2_ws/build/custom_messeage' returned '0': CMAKE_PREFIX_PATH=${CMAKE_PREFIX_PATH}:/home/jetcobot/sun_ws/ros2_ws/install/pick_and_place:/opt/ros/jazzy DEBUGINFOD_URLS=https://debuginfod.ubuntu.com /usr/bin/cmake /home/jetcobot/sun_ws/ros2_ws/src/custom_messeage -DCMAKE_INSTALL_PREFIX=/home/jetcobot/sun_ws/ros2_ws/install/custom_messeage
[5.197s] Invoking command in '/home/jetcobot/sun_ws/ros2_ws/build/custom_messeage': CMAKE_PREFIX_PATH=${CMAKE_PREFIX_PATH}:/home/jetcobot/sun_ws/ros2_ws/install/pick_and_place:/opt/ros/jazzy DEBUGINFOD_URLS=https://debuginfod.ubuntu.com /usr/bin/cmake --build /home/jetcobot/sun_ws/ros2_ws/build/custom_messeage -- -j4 -l4
[5.295s] [  2%] [34m[1mGenerating type hashes for ROS interfaces[0m
[5.313s] [  2%] Built target ament_cmake_python_copy_custom_messeage
[5.664s] [  2%] Built target custom_messeage__rosidl_generator_type_description
[5.683s] [  5%] [34m[1mGenerating C code for ROS interfaces[0m
[5.707s] [  8%] [34m[1mGenerating C++ code for ROS interfaces[0m
[5.758s] running egg_info
[5.759s] creating custom_messeage.egg-info
[5.796s] writing custom_messeage.egg-info/PKG-INFO
[5.797s] writing dependency_links to custom_messeage.egg-info/dependency_links.txt
[5.797s] writing top-level names to custom_messeage.egg-info/top_level.txt
[5.797s] writing manifest file 'custom_messeage.egg-info/SOURCES.txt'
[5.904s] reading manifest file 'custom_messeage.egg-info/SOURCES.txt'
[5.904s] writing manifest file 'custom_messeage.egg-info/SOURCES.txt'
[6.005s] [  8%] Built target ament_cmake_python_build_custom_messeage_egg
[6.225s] [  8%] Built target custom_messeage__cpp
[6.262s] [ 14%] [32mBuilding C object CMakeFiles/custom_messeage__rosidl_generator_c.dir/rosidl_generator_c/custom_messeage/srv/detail/robot_arm_request__description.c.o[0m
[6.265s] [ 17%] [32mBuilding C object CMakeFiles/custom_messeage__rosidl_generator_c.dir/rosidl_generator_c/custom_messeage/srv/detail/robot_arm_request__functions.c.o[0m
[6.265s] [ 17%] [32mBuilding C object CMakeFiles/custom_messeage__rosidl_generator_c.dir/rosidl_generator_c/custom_messeage/srv/detail/robot_arm_request__type_support.c.o[0m
[6.464s] [ 20%] [32m[1mLinking C shared library libcustom_messeage__rosidl_generator_c.so[0m
[6.541s] [ 20%] Built target custom_messeage__rosidl_generator_c
[6.564s] [ 26%] [34m[1mGenerating C introspection for ROS interfaces[0m
[6.565s] [ 26%] [34m[1mGenerating C type support for eProsima Fast-RTPS[0m
[6.575s] [ 29%] [34m[1mGenerating C++ type support for eProsima Fast-RTPS[0m
[6.575s] [ 32%] [34m[1mGenerating C type support dispatch for ROS interfaces[0m
[7.039s] [ 35%] [32mBuilding CXX object CMakeFiles/custom_messeage__rosidl_typesupport_c.dir/rosidl_typesupport_c/custom_messeage/srv/robot_arm_request__type_support.cpp.o[0m
[7.097s] [ 38%] [32mBuilding C object CMakeFiles/custom_messeage__rosidl_typesupport_introspection_c.dir/rosidl_typesupport_introspection_c/custom_messeage/srv/detail/robot_arm_request__type_support.c.o[0m
[7.188s] [ 41%] [32m[1mLinking CXX shared library libcustom_messeage__rosidl_typesupport_c.so[0m
[7.193s] [ 44%] [32mBuilding CXX object CMakeFiles/custom_messeage__rosidl_typesupport_fastrtps_c.dir/rosidl_typesupport_fastrtps_c/custom_messeage/srv/detail/robot_arm_request__type_support_c.cpp.o[0m
[7.198s] [ 47%] [32mBuilding CXX object CMakeFiles/custom_messeage__rosidl_typesupport_fastrtps_cpp.dir/rosidl_typesupport_fastrtps_cpp/custom_messeage/srv/detail/dds_fastrtps/robot_arm_request__type_support.cpp.o[0m
[7.216s] [ 50%] [32m[1mLinking C shared library libcustom_messeage__rosidl_typesupport_introspection_c.so[0m
[7.279s] [ 50%] Built target custom_messeage__rosidl_typesupport_c
[7.290s] [ 50%] Built target custom_messeage__rosidl_typesupport_introspection_c
[7.302s] [ 52%] [34m[1mGenerating C++ introspection for ROS interfaces[0m
[7.316s] [ 55%] [34m[1mGenerating C++ type support dispatch for ROS interfaces[0m
[7.851s] [ 58%] [32mBuilding CXX object CMakeFiles/custom_messeage__rosidl_typesupport_cpp.dir/rosidl_typesupport_cpp/custom_messeage/srv/robot_arm_request__type_support.cpp.o[0m
[7.875s] [ 61%] [32mBuilding CXX object CMakeFiles/custom_messeage__rosidl_typesupport_introspection_cpp.dir/rosidl_typesupport_introspection_cpp/custom_messeage/srv/detail/robot_arm_request__type_support.cpp.o[0m
[8.418s] [ 64%] [32m[1mLinking CXX shared library libcustom_messeage__rosidl_typesupport_fastrtps_c.so[0m
[8.636s] [ 64%] Built target custom_messeage__rosidl_typesupport_fastrtps_c
[8.686s] [ 67%] [32m[1mLinking CXX shared library libcustom_messeage__rosidl_typesupport_fastrtps_cpp.so[0m
[8.737s] [ 70%] [32m[1mLinking CXX shared library libcustom_messeage__rosidl_typesupport_cpp.so[0m
[8.820s] [ 73%] [32m[1mLinking CXX shared library libcustom_messeage__rosidl_typesupport_introspection_cpp.so[0m
[8.903s] [ 73%] Built target custom_messeage__rosidl_typesupport_fastrtps_cpp
[8.947s] [ 73%] Built target custom_messeage__rosidl_typesupport_cpp
[8.998s] [ 73%] Built target custom_messeage__rosidl_typesupport_introspection_cpp
[9.039s] [ 73%] Built target custom_messeage
[9.081s] [ 76%] [34m[1mGenerating Python code for ROS interfaces[0m
[9.624s] [ 76%] Built target custom_messeage__py
[9.664s] [ 79%] [32mBuilding C object CMakeFiles/custom_messeage__rosidl_generator_py.dir/rosidl_generator_py/custom_messeage/srv/_robot_arm_request_s.c.o[0m
[9.984s] [ 82%] [32m[1mLinking C shared library libcustom_messeage__rosidl_generator_py.so[0m
[10.068s] [ 82%] Built target custom_messeage__rosidl_generator_py
[10.109s] [ 88%] [32mBuilding C object CMakeFiles/custom_messeage_s__rosidl_typesupport_introspection_c.dir/rosidl_generator_py/custom_messeage/_custom_messeage_s.ep.rosidl_typesupport_introspection_c.c.o[0m
[10.110s] [ 91%] [32mBuilding C object CMakeFiles/custom_messeage_s__rosidl_typesupport_c.dir/rosidl_generator_py/custom_messeage/_custom_messeage_s.ep.rosidl_typesupport_c.c.o[0m
[10.110s] [ 88%] [32mBuilding C object CMakeFiles/custom_messeage_s__rosidl_typesupport_fastrtps_c.dir/rosidl_generator_py/custom_messeage/_custom_messeage_s.ep.rosidl_typesupport_fastrtps_c.c.o[0m
[10.309s] [ 94%] [32m[1mLinking C shared module rosidl_generator_py/custom_messeage/custom_messeage_s__rosidl_typesupport_c.so[0m
[10.310s] [ 97%] [32m[1mLinking C shared module rosidl_generator_py/custom_messeage/custom_messeage_s__rosidl_typesupport_fastrtps_c.so[0m
[10.310s] [100%] [32m[1mLinking C shared module rosidl_generator_py/custom_messeage/custom_messeage_s__rosidl_typesupport_introspection_c.so[0m
[10.374s] [100%] Built target custom_messeage_s__rosidl_typesupport_introspection_c
[10.375s] [100%] Built target custom_messeage_s__rosidl_typesupport_fastrtps_c
[10.377s] [100%] Built target custom_messeage_s__rosidl_typesupport_c
[10.401s] Invoked command in '/home/jetcobot/sun_ws/ros2_ws/build/custom_messeage' returned '0': CMAKE_PREFIX_PATH=${CMAKE_PREFIX_PATH}:/home/jetcobot/sun_ws/ros2_ws/install/pick_and_place:/opt/ros/jazzy DEBUGINFOD_URLS=https://debuginfod.ubuntu.com /usr/bin/cmake --build /home/jetcobot/sun_ws/ros2_ws/build/custom_messeage -- -j4 -l4
[10.422s] Invoking command in '/home/jetcobot/sun_ws/ros2_ws/build/custom_messeage': CMAKE_PREFIX_PATH=${CMAKE_PREFIX_PATH}:/home/jetcobot/sun_ws/ros2_ws/install/pick_and_place:/opt/ros/jazzy DEBUGINFOD_URLS=https://debuginfod.ubuntu.com /usr/bin/cmake --install /home/jetcobot/sun_ws/ros2_ws/build/custom_messeage
[10.439s] -- Install configuration: ""
[10.439s] -- Installing: /home/jetcobot/sun_ws/ros2_ws/install/custom_messeage/share/ament_index/resource_index/rosidl_interfaces/custom_messeage
[10.439s] -- Installing: /home/jetcobot/sun_ws/ros2_ws/install/custom_messeage/share/custom_messeage/srv/RobotArmRequest.json
[10.440s] -- Installing: /home/jetcobot/sun_ws/ros2_ws/install/custom_messeage/include/custom_messeage/custom_messeage
[10.440s] -- Installing: /home/jetcobot/sun_ws/ros2_ws/install/custom_messeage/include/custom_messeage/custom_messeage/msg
[10.440s] -- Installing: /home/jetcobot/sun_ws/ros2_ws/install/custom_messeage/include/custom_messeage/custom_messeage/msg/rosidl_generator_c__visibility_control.h
[10.440s] -- Installing: /home/jetcobot/sun_ws/ros2_ws/install/custom_messeage/include/custom_messeage/custom_messeage/srv
[10.440s] -- Installing: /home/jetcobot/sun_ws/ros2_ws/install/custom_messeage/include/custom_messeage/custom_messeage/srv/detail
[10.440s] -- Installing: /home/jetcobot/sun_ws/ros2_ws/install/custom_messeage/include/custom_messeage/custom_messeage/srv/detail/robot_arm_request__description.c
[10.441s] -- Installing: /home/jetcobot/sun_ws/ros2_ws/install/custom_messeage/include/custom_messeage/custom_messeage/srv/detail/robot_arm_request__type_support.c
[10.441s] -- Installing: /home/jetcobot/sun_ws/ros2_ws/install/custom_messeage/include/custom_messeage/custom_messeage/srv/detail/robot_arm_request__functions.h
[10.441s] -- Installing: /home/jetcobot/sun_ws/ros2_ws/install/custom_messeage/include/custom_messeage/custom_messeage/srv/detail/robot_arm_request__struct.h
[10.441s] -- Installing: /home/jetcobot/sun_ws/ros2_ws/install/custom_messeage/include/custom_messeage/custom_messeage/srv/detail/robot_arm_request__type_support.h
[10.441s] -- Installing: /home/jetcobot/sun_ws/ros2_ws/install/custom_messeage/include/custom_messeage/custom_messeage/srv/detail/robot_arm_request__functions.c
[10.441s] -- Installing: /home/jetcobot/sun_ws/ros2_ws/install/custom_messeage/include/custom_messeage/custom_messeage/srv/robot_arm_request.h
[10.442s] -- Installing: /home/jetcobot/sun_ws/ros2_ws/install/custom_messeage/share/custom_messeage/environment/library_path.sh
[10.442s] -- Installing: /home/jetcobot/sun_ws/ros2_ws/install/custom_messeage/share/custom_messeage/environment/library_path.dsv
[10.442s] -- Installing: /home/jetcobot/sun_ws/ros2_ws/install/custom_messeage/lib/libcustom_messeage__rosidl_generator_c.so
[10.443s] -- Set non-toolchain portion of runtime path of "/home/jetcobot/sun_ws/ros2_ws/install/custom_messeage/lib/libcustom_messeage__rosidl_generator_c.so" to ""
[10.443s] -- Up-to-date: /home/jetcobot/sun_ws/ros2_ws/install/custom_messeage/include/custom_messeage/custom_messeage
[10.443s] -- Up-to-date: /home/jetcobot/sun_ws/ros2_ws/install/custom_messeage/include/custom_messeage/custom_messeage/msg
[10.443s] -- Installing: /home/jetcobot/sun_ws/ros2_ws/install/custom_messeage/include/custom_messeage/custom_messeage/msg/rosidl_typesupport_fastrtps_c__visibility_control.h
[10.443s] -- Up-to-date: /home/jetcobot/sun_ws/ros2_ws/install/custom_messeage/include/custom_messeage/custom_messeage/srv
[10.443s] -- Up-to-date: /home/jetcobot/sun_ws/ros2_ws/install/custom_messeage/include/custom_messeage/custom_messeage/srv/detail
[10.443s] -- Installing: /home/jetcobot/sun_ws/ros2_ws/install/custom_messeage/include/custom_messeage/custom_messeage/srv/detail/robot_arm_request__rosidl_typesupport_fastrtps_c.h
[10.443s] -- Installing: /home/jetcobot/sun_ws/ros2_ws/install/custom_messeage/lib/libcustom_messeage__rosidl_typesupport_fastrtps_c.so
[10.444s] -- Set non-toolchain portion of runtime path of "/home/jetcobot/sun_ws/ros2_ws/install/custom_messeage/lib/libcustom_messeage__rosidl_typesupport_fastrtps_c.so" to ""
[10.444s] -- Up-to-date: /home/jetcobot/sun_ws/ros2_ws/install/custom_messeage/include/custom_messeage/custom_messeage
[10.444s] -- Up-to-date: /home/jetcobot/sun_ws/ros2_ws/install/custom_messeage/include/custom_messeage/custom_messeage/msg
[10.444s] -- Installing: /home/jetcobot/sun_ws/ros2_ws/install/custom_messeage/include/custom_messeage/custom_messeage/msg/rosidl_typesupport_introspection_c__visibility_control.h
[10.444s] -- Up-to-date: /home/jetcobot/sun_ws/ros2_ws/install/custom_messeage/include/custom_messeage/custom_messeage/srv
[10.445s] -- Up-to-date: /home/jetcobot/sun_ws/ros2_ws/install/custom_messeage/include/custom_messeage/custom_messeage/srv/detail
[10.445s] -- Installing: /home/jetcobot/sun_ws/ros2_ws/install/custom_messeage/include/custom_messeage/custom_messeage/srv/detail/robot_arm_request__rosidl_typesupport_introspection_c.h
[10.445s] -- Installing: /home/jetcobot/sun_ws/ros2_ws/install/custom_messeage/include/custom_messeage/custom_messeage/srv/detail/robot_arm_request__type_support.c
[10.445s] -- Installing: /home/jetcobot/sun_ws/ros2_ws/install/custom_messeage/lib/libcustom_messeage__rosidl_typesupport_introspection_c.so
[10.446s] -- Set non-toolchain portion of runtime path of "/home/jetcobot/sun_ws/ros2_ws/install/custom_messeage/lib/libcustom_messeage__rosidl_typesupport_introspection_c.so" to ""
[10.446s] -- Installing: /home/jetcobot/sun_ws/ros2_ws/install/custom_messeage/lib/libcustom_messeage__rosidl_typesupport_c.so
[10.446s] -- Set non-toolchain portion of runtime path of "/home/jetcobot/sun_ws/ros2_ws/install/custom_messeage/lib/libcustom_messeage__rosidl_typesupport_c.so" to ""
[10.446s] -- Up-to-date: /home/jetcobot/sun_ws/ros2_ws/install/custom_messeage/include/custom_messeage/custom_messeage
[10.447s] -- Up-to-date: /home/jetcobot/sun_ws/ros2_ws/install/custom_messeage/include/custom_messeage/custom_messeage/msg
[10.447s] -- Installing: /home/jetcobot/sun_ws/ros2_ws/install/custom_messeage/include/custom_messeage/custom_messeage/msg/rosidl_generator_cpp__visibility_control.hpp
[10.447s] -- Up-to-date: /home/jetcobot/sun_ws/ros2_ws/install/custom_messeage/include/custom_messeage/custom_messeage/srv
[10.447s] -- Up-to-date: /home/jetcobot/sun_ws/ros2_ws/install/custom_messeage/include/custom_messeage/custom_messeage/srv/detail
[10.447s] -- Installing: /home/jetcobot/sun_ws/ros2_ws/install/custom_messeage/include/custom_messeage/custom_messeage/srv/detail/robot_arm_request__builder.hpp
[10.447s] -- Installing: /home/jetcobot/sun_ws/ros2_ws/install/custom_messeage/include/custom_messeage/custom_messeage/srv/detail/robot_arm_request__type_support.hpp
[10.447s] -- Installing: /home/jetcobot/sun_ws/ros2_ws/install/custom_messeage/include/custom_messeage/custom_messeage/srv/detail/robot_arm_request__traits.hpp
[10.447s] -- Installing: /home/jetcobot/sun_ws/ros2_ws/install/custom_messeage/include/custom_messeage/custom_messeage/srv/detail/robot_arm_request__struct.hpp
[10.448s] -- Installing: /home/jetcobot/sun_ws/ros2_ws/install/custom_messeage/include/custom_messeage/custom_messeage/srv/robot_arm_request.hpp
[10.448s] -- Up-to-date: /home/jetcobot/sun_ws/ros2_ws/install/custom_messeage/include/custom_messeage/custom_messeage
[10.448s] -- Up-to-date: /home/jetcobot/sun_ws/ros2_ws/install/custom_messeage/include/custom_messeage/custom_messeage/msg
[10.448s] -- Installing: /home/jetcobot/sun_ws/ros2_ws/install/custom_messeage/include/custom_messeage/custom_messeage/msg/rosidl_typesupport_fastrtps_cpp__visibility_control.h
[10.448s] -- Up-to-date: /home/jetcobot/sun_ws/ros2_ws/install/custom_messeage/include/custom_messeage/custom_messeage/srv
[10.448s] -- Up-to-date: /home/jetcobot/sun_ws/ros2_ws/install/custom_messeage/include/custom_messeage/custom_messeage/srv/detail
[10.448s] -- Installing: /home/jetcobot/sun_ws/ros2_ws/install/custom_messeage/include/custom_messeage/custom_messeage/srv/detail/dds_fastrtps
[10.448s] -- Installing: /home/jetcobot/sun_ws/ros2_ws/install/custom_messeage/include/custom_messeage/custom_messeage/srv/detail/robot_arm_request__rosidl_typesupport_fastrtps_cpp.hpp
[10.448s] -- Installing: /home/jetcobot/sun_ws/ros2_ws/install/custom_messeage/lib/libcustom_messeage__rosidl_typesupport_fastrtps_cpp.so
[10.449s] -- Set non-toolchain portion of runtime path of "/home/jetcobot/sun_ws/ros2_ws/install/custom_messeage/lib/libcustom_messeage__rosidl_typesupport_fastrtps_cpp.so" to ""
[10.449s] -- Up-to-date: /home/jetcobot/sun_ws/ros2_ws/install/custom_messeage/include/custom_messeage/custom_messeage
[10.449s] -- Up-to-date: /home/jetcobot/sun_ws/ros2_ws/install/custom_messeage/include/custom_messeage/custom_messeage/srv
[10.449s] -- Up-to-date: /home/jetcobot/sun_ws/ros2_ws/install/custom_messeage/include/custom_messeage/custom_messeage/srv/detail
[10.450s] -- Installing: /home/jetcobot/sun_ws/ros2_ws/install/custom_messeage/include/custom_messeage/custom_messeage/srv/detail/robot_arm_request__rosidl_typesupport_introspection_cpp.hpp
[10.450s] -- Installing: /home/jetcobot/sun_ws/ros2_ws/install/custom_messeage/include/custom_messeage/custom_messeage/srv/detail/robot_arm_request__type_support.cpp
[10.450s] -- Installing: /home/jetcobot/sun_ws/ros2_ws/install/custom_messeage/lib/libcustom_messeage__rosidl_typesupport_introspection_cpp.so
[10.450s] -- Set non-toolchain portion of runtime path of "/home/jetcobot/sun_ws/ros2_ws/install/custom_messeage/lib/libcustom_messeage__rosidl_typesupport_introspection_cpp.so" to ""
[10.451s] -- Installing: /home/jetcobot/sun_ws/ros2_ws/install/custom_messeage/lib/libcustom_messeage__rosidl_typesupport_cpp.so
[10.451s] -- Set non-toolchain portion of runtime path of "/home/jetcobot/sun_ws/ros2_ws/install/custom_messeage/lib/libcustom_messeage__rosidl_typesupport_cpp.so" to ""
[10.451s] -- Installing: /home/jetcobot/sun_ws/ros2_ws/install/custom_messeage/share/custom_messeage/environment/pythonpath.sh
[10.451s] -- Installing: /home/jetcobot/sun_ws/ros2_ws/install/custom_messeage/share/custom_messeage/environment/pythonpath.dsv
[10.452s] -- Installing: /home/jetcobot/sun_ws/ros2_ws/install/custom_messeage/lib/python3.12/site-packages/custom_messeage-0.0.0-py3.12.egg-info
[10.452s] -- Installing: /home/jetcobot/sun_ws/ros2_ws/install/custom_messeage/lib/python3.12/site-packages/custom_messeage-0.0.0-py3.12.egg-info/SOURCES.txt
[10.452s] -- Installing: /home/jetcobot/sun_ws/ros2_ws/install/custom_messeage/lib/python3.12/site-packages/custom_messeage-0.0.0-py3.12.egg-info/top_level.txt
[10.452s] -- Installing: /home/jetcobot/sun_ws/ros2_ws/install/custom_messeage/lib/python3.12/site-packages/custom_messeage-0.0.0-py3.12.egg-info/PKG-INFO
[10.452s] -- Installing: /home/jetcobot/sun_ws/ros2_ws/install/custom_messeage/lib/python3.12/site-packages/custom_messeage-0.0.0-py3.12.egg-info/dependency_links.txt
[10.452s] -- Installing: /home/jetcobot/sun_ws/ros2_ws/install/custom_messeage/lib/python3.12/site-packages/custom_messeage
[10.453s] -- Installing: /home/jetcobot/sun_ws/ros2_ws/install/custom_messeage/lib/python3.12/site-packages/custom_messeage/custom_messeage_s__rosidl_typesupport_introspection_c.so
[10.453s] -- Installing: /home/jetcobot/sun_ws/ros2_ws/install/custom_messeage/lib/python3.12/site-packages/custom_messeage/__init__.py
[10.453s] -- Installing: /home/jetcobot/sun_ws/ros2_ws/install/custom_messeage/lib/python3.12/site-packages/custom_messeage/_custom_messeage_s.ep.rosidl_typesupport_c.c
[10.453s] -- Installing: /home/jetcobot/sun_ws/ros2_ws/install/custom_messeage/lib/python3.12/site-packages/custom_messeage/custom_messeage_s__rosidl_typesupport_c.so
[10.453s] -- Installing: /home/jetcobot/sun_ws/ros2_ws/install/custom_messeage/lib/python3.12/site-packages/custom_messeage/srv
[10.453s] -- Installing: /home/jetcobot/sun_ws/ros2_ws/install/custom_messeage/lib/python3.12/site-packages/custom_messeage/srv/__init__.py
[10.454s] -- Installing: /home/jetcobot/sun_ws/ros2_ws/install/custom_messeage/lib/python3.12/site-packages/custom_messeage/srv/_robot_arm_request.py
[10.454s] -- Installing: /home/jetcobot/sun_ws/ros2_ws/install/custom_messeage/lib/python3.12/site-packages/custom_messeage/srv/_robot_arm_request_s.c
[10.454s] -- Installing: /home/jetcobot/sun_ws/ros2_ws/install/custom_messeage/lib/python3.12/site-packages/custom_messeage/_custom_messeage_s.ep.rosidl_typesupport_introspection_c.c
[10.454s] -- Installing: /home/jetcobot/sun_ws/ros2_ws/install/custom_messeage/lib/python3.12/site-packages/custom_messeage/custom_messeage_s__rosidl_typesupport_fastrtps_c.so
[10.454s] -- Installing: /home/jetcobot/sun_ws/ros2_ws/install/custom_messeage/lib/python3.12/site-packages/custom_messeage/_custom_messeage_s.ep.rosidl_typesupport_fastrtps_c.c
[10.514s] Listing '/home/jetcobot/sun_ws/ros2_ws/install/custom_messeage/lib/python3.12/site-packages/custom_messeage'...
[10.515s] Compiling '/home/jetcobot/sun_ws/ros2_ws/install/custom_messeage/lib/python3.12/site-packages/custom_messeage/__init__.py'...
[10.515s] Listing '/home/jetcobot/sun_ws/ros2_ws/install/custom_messeage/lib/python3.12/site-packages/custom_messeage/srv'...
[10.515s] Compiling '/home/jetcobot/sun_ws/ros2_ws/install/custom_messeage/lib/python3.12/site-packages/custom_messeage/srv/__init__.py'...
[10.515s] Compiling '/home/jetcobot/sun_ws/ros2_ws/install/custom_messeage/lib/python3.12/site-packages/custom_messeage/srv/_robot_arm_request.py'...
[10.527s] -- Installing: /home/jetcobot/sun_ws/ros2_ws/install/custom_messeage/lib/python3.12/site-packages/custom_messeage/custom_messeage_s__rosidl_typesupport_fastrtps_c.so
[10.528s] -- Set non-toolchain portion of runtime path of "/home/jetcobot/sun_ws/ros2_ws/install/custom_messeage/lib/python3.12/site-packages/custom_messeage/custom_messeage_s__rosidl_typesupport_fastrtps_c.so" to ""
[10.528s] -- Installing: /home/jetcobot/sun_ws/ros2_ws/install/custom_messeage/lib/python3.12/site-packages/custom_messeage/custom_messeage_s__rosidl_typesupport_introspection_c.so
[10.529s] -- Set non-toolchain portion of runtime path of "/home/jetcobot/sun_ws/ros2_ws/install/custom_messeage/lib/python3.12/site-packages/custom_messeage/custom_messeage_s__rosidl_typesupport_introspection_c.so" to ""
[10.529s] -- Installing: /home/jetcobot/sun_ws/ros2_ws/install/custom_messeage/lib/python3.12/site-packages/custom_messeage/custom_messeage_s__rosidl_typesupport_c.so
[10.529s] -- Set non-toolchain portion of runtime path of "/home/jetcobot/sun_ws/ros2_ws/install/custom_messeage/lib/python3.12/site-packages/custom_messeage/custom_messeage_s__rosidl_typesupport_c.so" to ""
[10.530s] -- Installing: /home/jetcobot/sun_ws/ros2_ws/install/custom_messeage/lib/libcustom_messeage__rosidl_generator_py.so
[10.530s] -- Set non-toolchain portion of runtime path of "/home/jetcobot/sun_ws/ros2_ws/install/custom_messeage/lib/libcustom_messeage__rosidl_generator_py.so" to ""
[10.530s] -- Installing: /home/jetcobot/sun_ws/ros2_ws/install/custom_messeage/share/custom_messeage/srv/RobotArmRequest.idl
[10.531s] -- Installing: /home/jetcobot/sun_ws/ros2_ws/install/custom_messeage/share/custom_messeage/srv/RobotArmRequest.srv
[10.531s] -- Installing: /home/jetcobot/sun_ws/ros2_ws/install/custom_messeage/share/ament_index/resource_index/package_run_dependencies/custom_messeage
[10.531s] -- Installing: /home/jetcobot/sun_ws/ros2_ws/install/custom_messeage/share/ament_index/resource_index/parent_prefix_path/custom_messeage
[10.531s] -- Installing: /home/jetcobot/sun_ws/ros2_ws/install/custom_messeage/share/custom_messeage/environment/ament_prefix_path.sh
[10.531s] -- Installing: /home/jetcobot/sun_ws/ros2_ws/install/custom_messeage/share/custom_messeage/environment/ament_prefix_path.dsv
[10.531s] -- Installing: /home/jetcobot/sun_ws/ros2_ws/install/custom_messeage/share/custom_messeage/environment/path.sh
[10.532s] -- Installing: /home/jetcobot/sun_ws/ros2_ws/install/custom_messeage/share/custom_messeage/environment/path.dsv
[10.532s] -- Installing: /home/jetcobot/sun_ws/ros2_ws/install/custom_messeage/share/custom_messeage/local_setup.bash
[10.532s] -- Installing: /home/jetcobot/sun_ws/ros2_ws/install/custom_messeage/share/custom_messeage/local_setup.sh
[10.532s] -- Installing: /home/jetcobot/sun_ws/ros2_ws/install/custom_messeage/share/custom_messeage/local_setup.zsh
[10.532s] -- Installing: /home/jetcobot/sun_ws/ros2_ws/install/custom_messeage/share/custom_messeage/local_setup.dsv
[10.533s] -- Installing: /home/jetcobot/sun_ws/ros2_ws/install/custom_messeage/share/custom_messeage/package.dsv
[10.533s] -- Installing: /home/jetcobot/sun_ws/ros2_ws/install/custom_messeage/share/ament_index/resource_index/packages/custom_messeage
[10.533s] -- Installing: /home/jetcobot/sun_ws/ros2_ws/install/custom_messeage/share/custom_messeage/cmake/export_custom_messeage__rosidl_generator_cExport.cmake
[10.533s] -- Installing: /home/jetcobot/sun_ws/ros2_ws/install/custom_messeage/share/custom_messeage/cmake/export_custom_messeage__rosidl_generator_cExport-noconfig.cmake
[10.534s] -- Installing: /home/jetcobot/sun_ws/ros2_ws/install/custom_messeage/share/custom_messeage/cmake/export_custom_messeage__rosidl_typesupport_fastrtps_cExport.cmake
[10.534s] -- Installing: /home/jetcobot/sun_ws/ros2_ws/install/custom_messeage/share/custom_messeage/cmake/export_custom_messeage__rosidl_typesupport_fastrtps_cExport-noconfig.cmake
[10.534s] -- Installing: /home/jetcobot/sun_ws/ros2_ws/install/custom_messeage/share/custom_messeage/cmake/custom_messeage__rosidl_typesupport_introspection_cExport.cmake
[10.534s] -- Installing: /home/jetcobot/sun_ws/ros2_ws/install/custom_messeage/share/custom_messeage/cmake/custom_messeage__rosidl_typesupport_introspection_cExport-noconfig.cmake
[10.534s] -- Installing: /home/jetcobot/sun_ws/ros2_ws/install/custom_messeage/share/custom_messeage/cmake/custom_messeage__rosidl_typesupport_cExport.cmake
[10.535s] -- Installing: /home/jetcobot/sun_ws/ros2_ws/install/custom_messeage/share/custom_messeage/cmake/custom_messeage__rosidl_typesupport_cExport-noconfig.cmake
[10.535s] -- Installing: /home/jetcobot/sun_ws/ros2_ws/install/custom_messeage/share/custom_messeage/cmake/export_custom_messeage__rosidl_generator_cppExport.cmake
[10.535s] -- Installing: /home/jetcobot/sun_ws/ros2_ws/install/custom_messeage/share/custom_messeage/cmake/export_custom_messeage__rosidl_typesupport_fastrtps_cppExport.cmake
[10.535s] -- Installing: /home/jetcobot/sun_ws/ros2_ws/install/custom_messeage/share/custom_messeage/cmake/export_custom_messeage__rosidl_typesupport_fastrtps_cppExport-noconfig.cmake
[10.535s] -- Installing: /home/jetcobot/sun_ws/ros2_ws/install/custom_messeage/share/custom_messeage/cmake/custom_messeage__rosidl_typesupport_introspection_cppExport.cmake
[10.536s] -- Installing: /home/jetcobot/sun_ws/ros2_ws/install/custom_messeage/share/custom_messeage/cmake/custom_messeage__rosidl_typesupport_introspection_cppExport-noconfig.cmake
[10.536s] -- Installing: /home/jetcobot/sun_ws/ros2_ws/install/custom_messeage/share/custom_messeage/cmake/custom_messeage__rosidl_typesupport_cppExport.cmake
[10.536s] -- Installing: /home/jetcobot/sun_ws/ros2_ws/install/custom_messeage/share/custom_messeage/cmake/custom_messeage__rosidl_typesupport_cppExport-noconfig.cmake
[10.536s] -- Installing: /home/jetcobot/sun_ws/ros2_ws/install/custom_messeage/share/custom_messeage/cmake/export_custom_messeage__rosidl_generator_pyExport.cmake
[10.536s] -- Installing: /home/jetcobot/sun_ws/ros2_ws/install/custom_messeage/share/custom_messeage/cmake/export_custom_messeage__rosidl_generator_pyExport-noconfig.cmake
[10.537s] -- Installing: /home/jetcobot/sun_ws/ros2_ws/install/custom_messeage/share/custom_messeage/cmake/rosidl_cmake-extras.cmake
[10.537s] -- Installing: /home/jetcobot/sun_ws/ros2_ws/install/custom_messeage/share/custom_messeage/cmake/ament_cmake_export_dependencies-extras.cmake
[10.537s] -- Installing: /home/jetcobot/sun_ws/ros2_ws/install/custom_messeage/share/custom_messeage/cmake/ament_cmake_export_include_directories-extras.cmake
[10.537s] -- Installing: /home/jetcobot/sun_ws/ros2_ws/install/custom_messeage/share/custom_messeage/cmake/ament_cmake_export_libraries-extras.cmake
[10.537s] -- Installing: /home/jetcobot/sun_ws/ros2_ws/install/custom_messeage/share/custom_messeage/cmake/ament_cmake_export_targets-extras.cmake
[10.538s] -- Installing: /home/jetcobot/sun_ws/ros2_ws/install/custom_messeage/share/custom_messeage/cmake/rosidl_cmake_export_typesupport_targets-extras.cmake
[10.538s] -- Installing: /home/jetcobot/sun_ws/ros2_ws/install/custom_messeage/share/custom_messeage/cmake/rosidl_cmake_export_typesupport_libraries-extras.cmake
[10.538s] -- Installing: /home/jetcobot/sun_ws/ros2_ws/install/custom_messeage/share/custom_messeage/cmake/custom_messeageConfig.cmake
[10.538s] -- Installing: /home/jetcobot/sun_ws/ros2_ws/install/custom_messeage/share/custom_messeage/cmake/custom_messeageConfig-version.cmake
[10.538s] -- Installing: /home/jetcobot/sun_ws/ros2_ws/install/custom_messeage/share/custom_messeage/package.xml
[10.543s] Invoked command in '/home/jetcobot/sun_ws/ros2_ws/build/custom_messeage' returned '0': CMAKE_PREFIX_PATH=${CMAKE_PREFIX_PATH}:/home/jetcobot/sun_ws/ros2_ws/install/pick_and_place:/opt/ros/jazzy DEBUGINFOD_URLS=https://debuginfod.ubuntu.com /usr/bin/cmake --install /home/jetcobot/sun_ws/ros2_ws/build/custom_messeage
