[3.210s] Invoking command in '/home/jetcobot/sun_ws/ros2_ws/build/pick_and_place': DEBUGINFOD_URLS=https://debuginfod.ubuntu.com PS1=\[\e]0;\u@\h: \w\a\]${debian_chroot:+($debian_chroot)}\[\033[01;32m\]\u@\h\[\033[00m\]:\[\033[01;34m\]\w\[\033[00m\]\$ PYTHONPATH=/home/jetcobot/sun_ws/ros2_ws/build/pick_and_place/prefix_override:/usr/lib/python3/dist-packages/colcon_core/task/python/colcon_distutils_commands:/home/jetcobot/sun_ws/ros2_ws/install/pick_and_place/lib/python3.12/site-packages:${PYTHONPATH} /usr/bin/python3 -W ignore:setup.py install is deprecated -W ignore:easy_install command is deprecated setup.py develop --editable --build-directory /home/jetcobot/sun_ws/ros2_ws/build/pick_and_place/build --no-deps symlink_data
[3.973s] running develop
[4.437s] running egg_info
[4.477s] writing pick_and_place.egg-info/PKG-INFO
[4.478s] writing dependency_links to pick_and_place.egg-info/dependency_links.txt
[4.480s] writing entry points to pick_and_place.egg-info/entry_points.txt
[4.481s] writing requirements to pick_and_place.egg-info/requires.txt
[4.481s] writing top-level names to pick_and_place.egg-info/top_level.txt
[4.579s] reading manifest file 'pick_and_place.egg-info/SOURCES.txt'
[4.581s] writing manifest file 'pick_and_place.egg-info/SOURCES.txt'
[4.648s] running build_ext
[4.648s] Creating /home/jetcobot/sun_ws/ros2_ws/install/pick_and_place/lib/python3.12/site-packages/pick-and-place.egg-link (link to .)
[4.650s] Installing camera_node script to /home/jetcobot/sun_ws/ros2_ws/install/pick_and_place/lib/pick_and_place
[4.659s] Installing camera_test_node script to /home/jetcobot/sun_ws/ros2_ws/install/pick_and_place/lib/pick_and_place
[4.660s] Installing control_node script to /home/jetcobot/sun_ws/ros2_ws/install/pick_and_place/lib/pick_and_place
[4.660s] Installing detection_node script to /home/jetcobot/sun_ws/ros2_ws/install/pick_and_place/lib/pick_and_place
[4.660s] Installing robot2_control_node script to /home/jetcobot/sun_ws/ros2_ws/install/pick_and_place/lib/pick_and_place
[4.660s] Installing transform_node script to /home/jetcobot/sun_ws/ros2_ws/install/pick_and_place/lib/pick_and_place
[4.661s] 
[4.661s] Installed /home/jetcobot/sun_ws/ros2_ws/build/pick_and_place
[4.661s] running symlink_data
[4.795s] Invoked command in '/home/jetcobot/sun_ws/ros2_ws/build/pick_and_place' returned '0': DEBUGINFOD_URLS=https://debuginfod.ubuntu.com PS1=\[\e]0;\u@\h: \w\a\]${debian_chroot:+($debian_chroot)}\[\033[01;32m\]\u@\h\[\033[00m\]:\[\033[01;34m\]\w\[\033[00m\]\$ PYTHONPATH=/home/jetcobot/sun_ws/ros2_ws/build/pick_and_place/prefix_override:/usr/lib/python3/dist-packages/colcon_core/task/python/colcon_distutils_commands:/home/jetcobot/sun_ws/ros2_ws/install/pick_and_place/lib/python3.12/site-packages:${PYTHONPATH} /usr/bin/python3 -W ignore:setup.py install is deprecated -W ignore:easy_install command is deprecated setup.py develop --editable --build-directory /home/jetcobot/sun_ws/ros2_ws/build/pick_and_place/build --no-deps symlink_data
