[0.040s] Invoking command in '/home/jetcobot/sun_ws/ros2_ws/build/custom_messeage': CMAKE_PREFIX_PATH=${CMAKE_PREFIX_PATH}:/home/jetcobot/sun_ws/ros2_ws/install/pick_and_place:/home/jetcobot/CJ_ws/jetcobot_rotus/install/jetcobot_driver:/opt/ros/jazzy DEBUGINFOD_URLS=https://debuginfod.ubuntu.com /usr/bin/cmake --build /home/jetcobot/sun_ws/ros2_ws/build/custom_messeage -- -j4 -l4
[0.588s] [  2%] Built target custom_messeage__rosidl_generator_type_description
[0.592s] [  2%] Built target ament_cmake_python_symlink_custom_messeage
[0.592s] [  5%] Built target custom_messeage__cpp
[0.592s] [ 20%] Built target custom_messeage__rosidl_generator_c
[0.592s] [ 29%] Built target custom_messeage__rosidl_typesupport_introspection_cpp
[0.592s] [ 38%] Built target custom_messeage__rosidl_typesupport_cpp
[0.592s] [ 47%] Built target custom_messeage__rosidl_typesupport_fastrtps_c
[0.593s] [ 55%] Built target custom_messeage__rosidl_typesupport_introspection_c
[0.593s] [ 64%] Built target custom_messeage__rosidl_typesupport_c
[0.593s] [ 73%] Built target custom_messeage__rosidl_typesupport_fastrtps_cpp
[0.593s] [ 73%] Built target custom_messeage
[0.593s] [ 76%] Built target custom_messeage__py
[0.609s] [ 82%] Built target custom_messeage__rosidl_generator_py
[0.706s] [ 88%] Built target custom_messeage_s__rosidl_typesupport_introspection_c
[0.709s] [ 94%] Built target custom_messeage_s__rosidl_typesupport_c
[0.709s] [100%] Built target custom_messeage_s__rosidl_typesupport_fastrtps_c
[0.713s] running egg_info
[0.764s] writing custom_messeage.egg-info/PKG-INFO
[0.764s] writing dependency_links to custom_messeage.egg-info/dependency_links.txt
[0.766s] writing top-level names to custom_messeage.egg-info/top_level.txt
[0.927s] reading manifest file 'custom_messeage.egg-info/SOURCES.txt'
[0.928s] writing manifest file 'custom_messeage.egg-info/SOURCES.txt'
[1.065s] [100%] Built target ament_cmake_python_build_custom_messeage_egg
[1.113s] Invoked command in '/home/jetcobot/sun_ws/ros2_ws/build/custom_messeage' returned '0': CMAKE_PREFIX_PATH=${CMAKE_PREFIX_PATH}:/home/jetcobot/sun_ws/ros2_ws/install/pick_and_place:/home/jetcobot/CJ_ws/jetcobot_rotus/install/jetcobot_driver:/opt/ros/jazzy DEBUGINFOD_URLS=https://debuginfod.ubuntu.com /usr/bin/cmake --build /home/jetcobot/sun_ws/ros2_ws/build/custom_messeage -- -j4 -l4
[1.138s] Invoking command in '/home/jetcobot/sun_ws/ros2_ws/build/custom_messeage': CMAKE_PREFIX_PATH=${CMAKE_PREFIX_PATH}:/home/jetcobot/sun_ws/ros2_ws/install/pick_and_place:/home/jetcobot/CJ_ws/jetcobot_rotus/install/jetcobot_driver:/opt/ros/jazzy DEBUGINFOD_URLS=https://debuginfod.ubuntu.com /usr/bin/cmake --install /home/jetcobot/sun_ws/ros2_ws/build/custom_messeage
[1.163s] -- Install configuration: ""
[1.164s] -- Execute custom install script
[1.165s] -- Up-to-date symlink: /home/jetcobot/sun_ws/ros2_ws/install/custom_messeage/share/ament_index/resource_index/rosidl_interfaces/custom_messeage
[1.166s] -- Up-to-date symlink: /home/jetcobot/sun_ws/ros2_ws/install/custom_messeage/share/custom_messeage/srv/RobotArmRequest.json
[1.170s] -- Up-to-date symlink: /home/jetcobot/sun_ws/ros2_ws/install/custom_messeage/include/custom_messeage/custom_messeage/msg/rosidl_generator_c__visibility_control.h
[1.170s] -- Up-to-date symlink: /home/jetcobot/sun_ws/ros2_ws/install/custom_messeage/include/custom_messeage/custom_messeage/srv/detail/robot_arm_request__functions.h
[1.170s] -- Up-to-date symlink: /home/jetcobot/sun_ws/ros2_ws/install/custom_messeage/include/custom_messeage/custom_messeage/srv/detail/robot_arm_request__struct.h
[1.170s] -- Up-to-date symlink: /home/jetcobot/sun_ws/ros2_ws/install/custom_messeage/include/custom_messeage/custom_messeage/srv/detail/robot_arm_request__type_support.h
[1.170s] -- Up-to-date symlink: /home/jetcobot/sun_ws/ros2_ws/install/custom_messeage/include/custom_messeage/custom_messeage/srv/robot_arm_request.h
[1.170s] -- Up-to-date symlink: /home/jetcobot/sun_ws/ros2_ws/install/custom_messeage/share/custom_messeage/environment/library_path.sh
[1.170s] -- Up-to-date symlink: /home/jetcobot/sun_ws/ros2_ws/install/custom_messeage/share/custom_messeage/environment/library_path.dsv
[1.170s] -- Up-to-date symlink: /home/jetcobot/sun_ws/ros2_ws/install/custom_messeage/include/custom_messeage/custom_messeage/msg/rosidl_typesupport_fastrtps_c__visibility_control.h
[1.171s] -- Up-to-date symlink: /home/jetcobot/sun_ws/ros2_ws/install/custom_messeage/include/custom_messeage/custom_messeage/srv/detail/robot_arm_request__rosidl_typesupport_fastrtps_c.h
[1.171s] -- Up-to-date symlink: /home/jetcobot/sun_ws/ros2_ws/install/custom_messeage/include/custom_messeage/custom_messeage/msg/rosidl_typesupport_introspection_c__visibility_control.h
[1.172s] -- Up-to-date symlink: /home/jetcobot/sun_ws/ros2_ws/install/custom_messeage/include/custom_messeage/custom_messeage/srv/detail/robot_arm_request__rosidl_typesupport_introspection_c.h
[1.175s] -- Up-to-date symlink: /home/jetcobot/sun_ws/ros2_ws/install/custom_messeage/include/custom_messeage/custom_messeage/msg/rosidl_generator_cpp__visibility_control.hpp
[1.175s] -- Up-to-date symlink: /home/jetcobot/sun_ws/ros2_ws/install/custom_messeage/include/custom_messeage/custom_messeage/srv/detail/robot_arm_request__builder.hpp
[1.175s] -- Up-to-date symlink: /home/jetcobot/sun_ws/ros2_ws/install/custom_messeage/include/custom_messeage/custom_messeage/srv/detail/robot_arm_request__struct.hpp
[1.175s] -- Up-to-date symlink: /home/jetcobot/sun_ws/ros2_ws/install/custom_messeage/include/custom_messeage/custom_messeage/srv/detail/robot_arm_request__traits.hpp
[1.175s] -- Up-to-date symlink: /home/jetcobot/sun_ws/ros2_ws/install/custom_messeage/include/custom_messeage/custom_messeage/srv/detail/robot_arm_request__type_support.hpp
[1.175s] -- Up-to-date symlink: /home/jetcobot/sun_ws/ros2_ws/install/custom_messeage/include/custom_messeage/custom_messeage/srv/robot_arm_request.hpp
[1.176s] -- Up-to-date symlink: /home/jetcobot/sun_ws/ros2_ws/install/custom_messeage/include/custom_messeage/custom_messeage/msg/rosidl_typesupport_fastrtps_cpp__visibility_control.h
[1.176s] -- Up-to-date symlink: /home/jetcobot/sun_ws/ros2_ws/install/custom_messeage/include/custom_messeage/custom_messeage/srv/detail/robot_arm_request__rosidl_typesupport_fastrtps_cpp.hpp
[1.178s] -- Up-to-date symlink: /home/jetcobot/sun_ws/ros2_ws/install/custom_messeage/include/custom_messeage/custom_messeage/srv/detail/robot_arm_request__rosidl_typesupport_introspection_cpp.hpp
[1.178s] -- Up-to-date symlink: /home/jetcobot/sun_ws/ros2_ws/install/custom_messeage/share/custom_messeage/environment/pythonpath.sh
[1.178s] -- Up-to-date symlink: /home/jetcobot/sun_ws/ros2_ws/install/custom_messeage/share/custom_messeage/environment/pythonpath.dsv
[1.178s] -- Up-to-date symlink: /home/jetcobot/sun_ws/ros2_ws/install/custom_messeage/lib/python3.12/site-packages/custom_messeage-0.0.0-py3.12.egg-info/PKG-INFO
[1.180s] -- Up-to-date symlink: /home/jetcobot/sun_ws/ros2_ws/install/custom_messeage/lib/python3.12/site-packages/custom_messeage-0.0.0-py3.12.egg-info/SOURCES.txt
[1.180s] -- Up-to-date symlink: /home/jetcobot/sun_ws/ros2_ws/install/custom_messeage/lib/python3.12/site-packages/custom_messeage-0.0.0-py3.12.egg-info/dependency_links.txt
[1.180s] -- Up-to-date symlink: /home/jetcobot/sun_ws/ros2_ws/install/custom_messeage/lib/python3.12/site-packages/custom_messeage-0.0.0-py3.12.egg-info/top_level.txt
[1.180s] -- Up-to-date symlink: /home/jetcobot/sun_ws/ros2_ws/install/custom_messeage/lib/python3.12/site-packages/custom_messeage/__init__.py
[1.180s] -- Up-to-date symlink: /home/jetcobot/sun_ws/ros2_ws/install/custom_messeage/lib/python3.12/site-packages/custom_messeage/_custom_messeage_s.ep.rosidl_typesupport_c.c
[1.182s] -- Up-to-date symlink: /home/jetcobot/sun_ws/ros2_ws/install/custom_messeage/lib/python3.12/site-packages/custom_messeage/_custom_messeage_s.ep.rosidl_typesupport_fastrtps_c.c
[1.182s] -- Up-to-date symlink: /home/jetcobot/sun_ws/ros2_ws/install/custom_messeage/lib/python3.12/site-packages/custom_messeage/_custom_messeage_s.ep.rosidl_typesupport_introspection_c.c
[1.182s] -- Up-to-date symlink: /home/jetcobot/sun_ws/ros2_ws/install/custom_messeage/lib/python3.12/site-packages/custom_messeage/custom_messeage_s__rosidl_typesupport_c.so
[1.182s] -- Up-to-date symlink: /home/jetcobot/sun_ws/ros2_ws/install/custom_messeage/lib/python3.12/site-packages/custom_messeage/custom_messeage_s__rosidl_typesupport_fastrtps_c.so
[1.182s] -- Up-to-date symlink: /home/jetcobot/sun_ws/ros2_ws/install/custom_messeage/lib/python3.12/site-packages/custom_messeage/custom_messeage_s__rosidl_typesupport_introspection_c.so
[1.182s] -- Up-to-date symlink: /home/jetcobot/sun_ws/ros2_ws/install/custom_messeage/lib/python3.12/site-packages/custom_messeage/srv/__init__.py
[1.188s] -- Up-to-date symlink: /home/jetcobot/sun_ws/ros2_ws/install/custom_messeage/lib/python3.12/site-packages/custom_messeage/srv/_robot_arm_request.py
[1.188s] -- Up-to-date symlink: /home/jetcobot/sun_ws/ros2_ws/install/custom_messeage/lib/python3.12/site-packages/custom_messeage/srv/_robot_arm_request_s.c
[1.188s] -- Up-to-date symlink: /home/jetcobot/sun_ws/ros2_ws/install/custom_messeage/lib/python3.12/site-packages/custom_messeage/custom_messeage_s__rosidl_typesupport_fastrtps_c.so
[1.188s] -- Up-to-date symlink: /home/jetcobot/sun_ws/ros2_ws/install/custom_messeage/lib/python3.12/site-packages/custom_messeage/custom_messeage_s__rosidl_typesupport_introspection_c.so
[1.188s] -- Up-to-date symlink: /home/jetcobot/sun_ws/ros2_ws/install/custom_messeage/lib/python3.12/site-packages/custom_messeage/custom_messeage_s__rosidl_typesupport_c.so
[1.188s] -- Up-to-date symlink: /home/jetcobot/sun_ws/ros2_ws/install/custom_messeage/share/custom_messeage/srv/RobotArmRequest.idl
[1.188s] -- Up-to-date symlink: /home/jetcobot/sun_ws/ros2_ws/install/custom_messeage/share/custom_messeage/srv/RobotArmRequest.srv
[1.189s] -- Up-to-date symlink: /home/jetcobot/sun_ws/ros2_ws/install/custom_messeage/share/ament_index/resource_index/package_run_dependencies/custom_messeage
[1.189s] -- Up-to-date symlink: /home/jetcobot/sun_ws/ros2_ws/install/custom_messeage/share/ament_index/resource_index/parent_prefix_path/custom_messeage
[1.189s] -- Up-to-date symlink: /home/jetcobot/sun_ws/ros2_ws/install/custom_messeage/share/custom_messeage/environment/ament_prefix_path.sh
[1.189s] -- Up-to-date symlink: /home/jetcobot/sun_ws/ros2_ws/install/custom_messeage/share/custom_messeage/environment/ament_prefix_path.dsv
[1.189s] -- Up-to-date symlink: /home/jetcobot/sun_ws/ros2_ws/install/custom_messeage/share/custom_messeage/environment/path.sh
[1.189s] -- Up-to-date symlink: /home/jetcobot/sun_ws/ros2_ws/install/custom_messeage/share/custom_messeage/environment/path.dsv
[1.189s] -- Up-to-date symlink: /home/jetcobot/sun_ws/ros2_ws/install/custom_messeage/share/custom_messeage/local_setup.bash
[1.189s] -- Up-to-date symlink: /home/jetcobot/sun_ws/ros2_ws/install/custom_messeage/share/custom_messeage/local_setup.sh
[1.189s] -- Up-to-date symlink: /home/jetcobot/sun_ws/ros2_ws/install/custom_messeage/share/custom_messeage/local_setup.zsh
[1.189s] -- Up-to-date symlink: /home/jetcobot/sun_ws/ros2_ws/install/custom_messeage/share/custom_messeage/local_setup.dsv
[1.189s] -- Symlinking: /home/jetcobot/sun_ws/ros2_ws/install/custom_messeage/share/custom_messeage/package.dsv
[1.217s] -- Up-to-date symlink: /home/jetcobot/sun_ws/ros2_ws/install/custom_messeage/share/ament_index/resource_index/packages/custom_messeage
[1.217s] -- Up-to-date symlink: /home/jetcobot/sun_ws/ros2_ws/install/custom_messeage/share/custom_messeage/cmake/rosidl_cmake-extras.cmake
[1.217s] -- Up-to-date symlink: /home/jetcobot/sun_ws/ros2_ws/install/custom_messeage/share/custom_messeage/cmake/ament_cmake_export_dependencies-extras.cmake
[1.217s] -- Up-to-date symlink: /home/jetcobot/sun_ws/ros2_ws/install/custom_messeage/share/custom_messeage/cmake/ament_cmake_export_include_directories-extras.cmake
[1.217s] -- Up-to-date symlink: /home/jetcobot/sun_ws/ros2_ws/install/custom_messeage/share/custom_messeage/cmake/ament_cmake_export_libraries-extras.cmake
[1.218s] -- Up-to-date symlink: /home/jetcobot/sun_ws/ros2_ws/install/custom_messeage/share/custom_messeage/cmake/ament_cmake_export_targets-extras.cmake
[1.218s] -- Up-to-date symlink: /home/jetcobot/sun_ws/ros2_ws/install/custom_messeage/share/custom_messeage/cmake/rosidl_cmake_export_typesupport_targets-extras.cmake
[1.222s] -- Up-to-date symlink: /home/jetcobot/sun_ws/ros2_ws/install/custom_messeage/share/custom_messeage/cmake/rosidl_cmake_export_typesupport_libraries-extras.cmake
[1.222s] -- Up-to-date symlink: /home/jetcobot/sun_ws/ros2_ws/install/custom_messeage/share/custom_messeage/cmake/custom_messeageConfig.cmake
[1.222s] -- Up-to-date symlink: /home/jetcobot/sun_ws/ros2_ws/install/custom_messeage/share/custom_messeage/cmake/custom_messeageConfig-version.cmake
[1.222s] -- Up-to-date symlink: /home/jetcobot/sun_ws/ros2_ws/install/custom_messeage/share/custom_messeage/package.xml
[1.222s] -- Up-to-date: /home/jetcobot/sun_ws/ros2_ws/install/custom_messeage/lib/libcustom_messeage__rosidl_generator_c.so
[1.222s] -- Up-to-date: /home/jetcobot/sun_ws/ros2_ws/install/custom_messeage/lib/libcustom_messeage__rosidl_typesupport_fastrtps_c.so
[1.226s] -- Up-to-date: /home/jetcobot/sun_ws/ros2_ws/install/custom_messeage/lib/libcustom_messeage__rosidl_typesupport_introspection_c.so
[1.226s] -- Up-to-date: /home/jetcobot/sun_ws/ros2_ws/install/custom_messeage/lib/libcustom_messeage__rosidl_typesupport_c.so
[1.226s] -- Up-to-date: /home/jetcobot/sun_ws/ros2_ws/install/custom_messeage/lib/libcustom_messeage__rosidl_typesupport_fastrtps_cpp.so
[1.226s] -- Up-to-date: /home/jetcobot/sun_ws/ros2_ws/install/custom_messeage/lib/libcustom_messeage__rosidl_typesupport_introspection_cpp.so
[1.226s] -- Up-to-date: /home/jetcobot/sun_ws/ros2_ws/install/custom_messeage/lib/libcustom_messeage__rosidl_typesupport_cpp.so
[1.314s] Listing '/home/jetcobot/sun_ws/ros2_ws/install/custom_messeage/lib/python3.12/site-packages/custom_messeage'...
[1.314s] Listing '/home/jetcobot/sun_ws/ros2_ws/install/custom_messeage/lib/python3.12/site-packages/custom_messeage/srv'...
[1.334s] -- Up-to-date: /home/jetcobot/sun_ws/ros2_ws/install/custom_messeage/lib/libcustom_messeage__rosidl_generator_py.so
[1.334s] -- Up-to-date: /home/jetcobot/sun_ws/ros2_ws/install/custom_messeage/share/custom_messeage/cmake/export_custom_messeage__rosidl_generator_cExport.cmake
[1.335s] -- Up-to-date: /home/jetcobot/sun_ws/ros2_ws/install/custom_messeage/share/custom_messeage/cmake/export_custom_messeage__rosidl_generator_cExport-noconfig.cmake
[1.335s] -- Up-to-date: /home/jetcobot/sun_ws/ros2_ws/install/custom_messeage/share/custom_messeage/cmake/export_custom_messeage__rosidl_typesupport_fastrtps_cExport.cmake
[1.335s] -- Up-to-date: /home/jetcobot/sun_ws/ros2_ws/install/custom_messeage/share/custom_messeage/cmake/export_custom_messeage__rosidl_typesupport_fastrtps_cExport-noconfig.cmake
[1.335s] -- Up-to-date: /home/jetcobot/sun_ws/ros2_ws/install/custom_messeage/share/custom_messeage/cmake/custom_messeage__rosidl_typesupport_introspection_cExport.cmake
[1.335s] -- Up-to-date: /home/jetcobot/sun_ws/ros2_ws/install/custom_messeage/share/custom_messeage/cmake/custom_messeage__rosidl_typesupport_introspection_cExport-noconfig.cmake
[1.335s] -- Up-to-date: /home/jetcobot/sun_ws/ros2_ws/install/custom_messeage/share/custom_messeage/cmake/custom_messeage__rosidl_typesupport_cExport.cmake
[1.335s] -- Up-to-date: /home/jetcobot/sun_ws/ros2_ws/install/custom_messeage/share/custom_messeage/cmake/custom_messeage__rosidl_typesupport_cExport-noconfig.cmake
[1.337s] -- Up-to-date: /home/jetcobot/sun_ws/ros2_ws/install/custom_messeage/share/custom_messeage/cmake/export_custom_messeage__rosidl_generator_cppExport.cmake
[1.340s] -- Up-to-date: /home/jetcobot/sun_ws/ros2_ws/install/custom_messeage/share/custom_messeage/cmake/export_custom_messeage__rosidl_typesupport_fastrtps_cppExport.cmake
[1.340s] -- Up-to-date: /home/jetcobot/sun_ws/ros2_ws/install/custom_messeage/share/custom_messeage/cmake/export_custom_messeage__rosidl_typesupport_fastrtps_cppExport-noconfig.cmake
[1.341s] -- Up-to-date: /home/jetcobot/sun_ws/ros2_ws/install/custom_messeage/share/custom_messeage/cmake/custom_messeage__rosidl_typesupport_introspection_cppExport.cmake
[1.341s] -- Up-to-date: /home/jetcobot/sun_ws/ros2_ws/install/custom_messeage/share/custom_messeage/cmake/custom_messeage__rosidl_typesupport_introspection_cppExport-noconfig.cmake
[1.342s] -- Up-to-date: /home/jetcobot/sun_ws/ros2_ws/install/custom_messeage/share/custom_messeage/cmake/custom_messeage__rosidl_typesupport_cppExport.cmake
[1.342s] -- Up-to-date: /home/jetcobot/sun_ws/ros2_ws/install/custom_messeage/share/custom_messeage/cmake/custom_messeage__rosidl_typesupport_cppExport-noconfig.cmake
[1.343s] -- Up-to-date: /home/jetcobot/sun_ws/ros2_ws/install/custom_messeage/share/custom_messeage/cmake/export_custom_messeage__rosidl_generator_pyExport.cmake
[1.343s] -- Up-to-date: /home/jetcobot/sun_ws/ros2_ws/install/custom_messeage/share/custom_messeage/cmake/export_custom_messeage__rosidl_generator_pyExport-noconfig.cmake
[1.356s] Invoked command in '/home/jetcobot/sun_ws/ros2_ws/build/custom_messeage' returned '0': CMAKE_PREFIX_PATH=${CMAKE_PREFIX_PATH}:/home/jetcobot/sun_ws/ros2_ws/install/pick_and_place:/home/jetcobot/CJ_ws/jetcobot_rotus/install/jetcobot_driver:/opt/ros/jazzy DEBUGINFOD_URLS=https://debuginfod.ubuntu.com /usr/bin/cmake --install /home/jetcobot/sun_ws/ros2_ws/build/custom_messeage
