[3.818s] Invoking command in '/home/jetcobot/venv/mycobot/dev/moon_ws/ros2_ws/src/pick_and_place': DEBUGINFOD_URLS=https://debuginfod.ubuntu.com PYTHONPATH=/home/jetcobot/venv/mycobot/dev/moon_ws/ros2_ws/build/pick_and_place/prefix_override:/usr/lib/python3/dist-packages/colcon_core/task/python/colcon_distutils_commands:/home/jetcobot/venv/mycobot/dev/moon_ws/ros2_ws/install/pick_and_place/lib/python3.12/site-packages:${PYTHONPATH} /usr/bin/python3 -W ignore:setup.py install is deprecated -W ignore:easy_install command is deprecated setup.py egg_info --egg-base ../../build/pick_and_place build --build-base /home/jetcobot/venv/mycobot/dev/moon_ws/ros2_ws/build/pick_and_place/build install --record /home/jetcobot/venv/mycobot/dev/moon_ws/ros2_ws/build/pick_and_place/install.log --single-version-externally-managed install_data
[4.730s] running egg_info
[4.734s] creating ../../build/pick_and_place/pick_and_place.egg-info
[4.800s] writing ../../build/pick_and_place/pick_and_place.egg-info/PKG-INFO
[4.803s] writing dependency_links to ../../build/pick_and_place/pick_and_place.egg-info/dependency_links.txt
[4.804s] writing entry points to ../../build/pick_and_place/pick_and_place.egg-info/entry_points.txt
[4.805s] writing requirements to ../../build/pick_and_place/pick_and_place.egg-info/requires.txt
[4.805s] writing top-level names to ../../build/pick_and_place/pick_and_place.egg-info/top_level.txt
[4.805s] writing manifest file '../../build/pick_and_place/pick_and_place.egg-info/SOURCES.txt'
[4.893s] reading manifest file '../../build/pick_and_place/pick_and_place.egg-info/SOURCES.txt'
[4.893s] adding license file 'LICENSE'
[4.894s] writing manifest file '../../build/pick_and_place/pick_and_place.egg-info/SOURCES.txt'
[4.894s] running build
[4.895s] running build_py
[4.895s] creating /home/jetcobot/venv/mycobot/dev/moon_ws/ros2_ws/build/pick_and_place/build
[4.895s] creating /home/jetcobot/venv/mycobot/dev/moon_ws/ros2_ws/build/pick_and_place/build/lib
[4.895s] creating /home/jetcobot/venv/mycobot/dev/moon_ws/ros2_ws/build/pick_and_place/build/lib/pick_and_place
[4.895s] copying pick_and_place/__init__.py -> /home/jetcobot/venv/mycobot/dev/moon_ws/ros2_ws/build/pick_and_place/build/lib/pick_and_place
[4.896s] copying pick_and_place/image_caputure_old.py -> /home/jetcobot/venv/mycobot/dev/moon_ws/ros2_ws/build/pick_and_place/build/lib/pick_and_place
[4.897s] copying pick_and_place/test_robot_control_v3.py -> /home/jetcobot/venv/mycobot/dev/moon_ws/ros2_ws/build/pick_and_place/build/lib/pick_and_place
[4.898s] copying pick_and_place/image_detection.py -> /home/jetcobot/venv/mycobot/dev/moon_ws/ros2_ws/build/pick_and_place/build/lib/pick_and_place
[4.898s] copying pick_and_place/camera_test_node.py -> /home/jetcobot/venv/mycobot/dev/moon_ws/ros2_ws/build/pick_and_place/build/lib/pick_and_place
[4.898s] copying pick_and_place/robot2_control_node.py -> /home/jetcobot/venv/mycobot/dev/moon_ws/ros2_ws/build/pick_and_place/build/lib/pick_and_place
[4.898s] copying pick_and_place/robot1_control_node.py -> /home/jetcobot/venv/mycobot/dev/moon_ws/ros2_ws/build/pick_and_place/build/lib/pick_and_place
[4.898s] copying pick_and_place/image_capture.py -> /home/jetcobot/venv/mycobot/dev/moon_ws/ros2_ws/build/pick_and_place/build/lib/pick_and_place
[4.898s] copying pick_and_place/base_coordinate_transform.py -> /home/jetcobot/venv/mycobot/dev/moon_ws/ros2_ws/build/pick_and_place/build/lib/pick_and_place
[4.898s] running install
[4.908s] running install_lib
[4.951s] creating /home/jetcobot/venv/mycobot/dev/moon_ws/ros2_ws/install/pick_and_place/lib/python3.12/site-packages/pick_and_place
[4.952s] copying /home/jetcobot/venv/mycobot/dev/moon_ws/ros2_ws/build/pick_and_place/build/lib/pick_and_place/__init__.py -> /home/jetcobot/venv/mycobot/dev/moon_ws/ros2_ws/install/pick_and_place/lib/python3.12/site-packages/pick_and_place
[4.952s] copying /home/jetcobot/venv/mycobot/dev/moon_ws/ros2_ws/build/pick_and_place/build/lib/pick_and_place/image_caputure_old.py -> /home/jetcobot/venv/mycobot/dev/moon_ws/ros2_ws/install/pick_and_place/lib/python3.12/site-packages/pick_and_place
[4.952s] copying /home/jetcobot/venv/mycobot/dev/moon_ws/ros2_ws/build/pick_and_place/build/lib/pick_and_place/test_robot_control_v3.py -> /home/jetcobot/venv/mycobot/dev/moon_ws/ros2_ws/install/pick_and_place/lib/python3.12/site-packages/pick_and_place
[4.952s] copying /home/jetcobot/venv/mycobot/dev/moon_ws/ros2_ws/build/pick_and_place/build/lib/pick_and_place/image_detection.py -> /home/jetcobot/venv/mycobot/dev/moon_ws/ros2_ws/install/pick_and_place/lib/python3.12/site-packages/pick_and_place
[4.953s] copying /home/jetcobot/venv/mycobot/dev/moon_ws/ros2_ws/build/pick_and_place/build/lib/pick_and_place/camera_test_node.py -> /home/jetcobot/venv/mycobot/dev/moon_ws/ros2_ws/install/pick_and_place/lib/python3.12/site-packages/pick_and_place
[4.953s] copying /home/jetcobot/venv/mycobot/dev/moon_ws/ros2_ws/build/pick_and_place/build/lib/pick_and_place/robot2_control_node.py -> /home/jetcobot/venv/mycobot/dev/moon_ws/ros2_ws/install/pick_and_place/lib/python3.12/site-packages/pick_and_place
[4.955s] copying /home/jetcobot/venv/mycobot/dev/moon_ws/ros2_ws/build/pick_and_place/build/lib/pick_and_place/robot1_control_node.py -> /home/jetcobot/venv/mycobot/dev/moon_ws/ros2_ws/install/pick_and_place/lib/python3.12/site-packages/pick_and_place
[4.956s] copying /home/jetcobot/venv/mycobot/dev/moon_ws/ros2_ws/build/pick_and_place/build/lib/pick_and_place/image_capture.py -> /home/jetcobot/venv/mycobot/dev/moon_ws/ros2_ws/install/pick_and_place/lib/python3.12/site-packages/pick_and_place
[4.956s] copying /home/jetcobot/venv/mycobot/dev/moon_ws/ros2_ws/build/pick_and_place/build/lib/pick_and_place/base_coordinate_transform.py -> /home/jetcobot/venv/mycobot/dev/moon_ws/ros2_ws/install/pick_and_place/lib/python3.12/site-packages/pick_and_place
[4.956s] byte-compiling /home/jetcobot/venv/mycobot/dev/moon_ws/ros2_ws/install/pick_and_place/lib/python3.12/site-packages/pick_and_place/__init__.py to __init__.cpython-312.pyc
[4.956s] byte-compiling /home/jetcobot/venv/mycobot/dev/moon_ws/ros2_ws/install/pick_and_place/lib/python3.12/site-packages/pick_and_place/image_caputure_old.py to image_caputure_old.cpython-312.pyc
[4.958s] byte-compiling /home/jetcobot/venv/mycobot/dev/moon_ws/ros2_ws/install/pick_and_place/lib/python3.12/site-packages/pick_and_place/test_robot_control_v3.py to test_robot_control_v3.cpython-312.pyc
[4.963s] byte-compiling /home/jetcobot/venv/mycobot/dev/moon_ws/ros2_ws/install/pick_and_place/lib/python3.12/site-packages/pick_and_place/image_detection.py to image_detection.cpython-312.pyc
[4.963s] byte-compiling /home/jetcobot/venv/mycobot/dev/moon_ws/ros2_ws/install/pick_and_place/lib/python3.12/site-packages/pick_and_place/camera_test_node.py to camera_test_node.cpython-312.pyc
[4.963s] byte-compiling /home/jetcobot/venv/mycobot/dev/moon_ws/ros2_ws/install/pick_and_place/lib/python3.12/site-packages/pick_and_place/robot2_control_node.py to robot2_control_node.cpython-312.pyc
[4.968s] byte-compiling /home/jetcobot/venv/mycobot/dev/moon_ws/ros2_ws/install/pick_and_place/lib/python3.12/site-packages/pick_and_place/robot1_control_node.py to robot1_control_node.cpython-312.pyc
[4.969s] byte-compiling /home/jetcobot/venv/mycobot/dev/moon_ws/ros2_ws/install/pick_and_place/lib/python3.12/site-packages/pick_and_place/image_capture.py to image_capture.cpython-312.pyc
[4.971s] byte-compiling /home/jetcobot/venv/mycobot/dev/moon_ws/ros2_ws/install/pick_and_place/lib/python3.12/site-packages/pick_and_place/base_coordinate_transform.py to base_coordinate_transform.cpython-312.pyc
[4.972s] running install_data
[4.973s] creating /home/jetcobot/venv/mycobot/dev/moon_ws/ros2_ws/install/pick_and_place/share/ament_index
[4.973s] creating /home/jetcobot/venv/mycobot/dev/moon_ws/ros2_ws/install/pick_and_place/share/ament_index/resource_index
[4.973s] creating /home/jetcobot/venv/mycobot/dev/moon_ws/ros2_ws/install/pick_and_place/share/ament_index/resource_index/packages
[4.974s] copying resource/pick_and_place -> /home/jetcobot/venv/mycobot/dev/moon_ws/ros2_ws/install/pick_and_place/share/ament_index/resource_index/packages
[4.974s] copying package.xml -> /home/jetcobot/venv/mycobot/dev/moon_ws/ros2_ws/install/pick_and_place/share/pick_and_place
[4.975s] creating /home/jetcobot/venv/mycobot/dev/moon_ws/ros2_ws/install/pick_and_place/share/pick_and_place/launch
[4.975s] copying launch/pick_and_place_launch.py -> /home/jetcobot/venv/mycobot/dev/moon_ws/ros2_ws/install/pick_and_place/share/pick_and_place/launch
[4.976s] creating /home/jetcobot/venv/mycobot/dev/moon_ws/ros2_ws/install/pick_and_place/share/pick_and_place/srv
[4.976s] running install_egg_info
[5.018s] Copying ../../build/pick_and_place/pick_and_place.egg-info to /home/jetcobot/venv/mycobot/dev/moon_ws/ros2_ws/install/pick_and_place/lib/python3.12/site-packages/pick_and_place-0.0.0-py3.12.egg-info
[5.020s] running install_scripts
[5.284s] Installing camera_node script to /home/jetcobot/venv/mycobot/dev/moon_ws/ros2_ws/install/pick_and_place/lib/pick_and_place
[5.285s] Installing camera_test_node script to /home/jetcobot/venv/mycobot/dev/moon_ws/ros2_ws/install/pick_and_place/lib/pick_and_place
[5.285s] Installing control_node script to /home/jetcobot/venv/mycobot/dev/moon_ws/ros2_ws/install/pick_and_place/lib/pick_and_place
[5.285s] Installing detection_node script to /home/jetcobot/venv/mycobot/dev/moon_ws/ros2_ws/install/pick_and_place/lib/pick_and_place
[5.285s] Installing robot2_control_node script to /home/jetcobot/venv/mycobot/dev/moon_ws/ros2_ws/install/pick_and_place/lib/pick_and_place
[5.285s] Installing transform_node script to /home/jetcobot/venv/mycobot/dev/moon_ws/ros2_ws/install/pick_and_place/lib/pick_and_place
[5.286s] writing list of installed files to '/home/jetcobot/venv/mycobot/dev/moon_ws/ros2_ws/build/pick_and_place/install.log'
[5.388s] Invoked command in '/home/jetcobot/venv/mycobot/dev/moon_ws/ros2_ws/src/pick_and_place' returned '0': DEBUGINFOD_URLS=https://debuginfod.ubuntu.com PYTHONPATH=/home/jetcobot/venv/mycobot/dev/moon_ws/ros2_ws/build/pick_and_place/prefix_override:/usr/lib/python3/dist-packages/colcon_core/task/python/colcon_distutils_commands:/home/jetcobot/venv/mycobot/dev/moon_ws/ros2_ws/install/pick_and_place/lib/python3.12/site-packages:${PYTHONPATH} /usr/bin/python3 -W ignore:setup.py install is deprecated -W ignore:easy_install command is deprecated setup.py egg_info --egg-base ../../build/pick_and_place build --build-base /home/jetcobot/venv/mycobot/dev/moon_ws/ros2_ws/build/pick_and_place/build install --record /home/jetcobot/venv/mycobot/dev/moon_ws/ros2_ws/build/pick_and_place/install.log --single-version-externally-managed install_data
