[0.022s] Invoking command in '/home/jetcobot/sun_ws/ros2_ws/build/custom_messeage': CMAKE_PREFIX_PATH=${CMAKE_PREFIX_PATH}:/home/jetcobot/sun_ws/ros2_ws/install/pick_and_place:/opt/ros/jazzy DEBUGINFOD_URLS=https://debuginfod.ubuntu.com /usr/bin/cmake /home/jetcobot/sun_ws/ros2_ws/src/custom_messeage -DCMAKE_INSTALL_PREFIX=/home/jetcobot/sun_ws/ros2_ws/install/custom_messeage
[0.047s] -- Found ament_cmake: 2.5.3 (/opt/ros/jazzy/share/ament_cmake/cmake)
[0.093s] -- Found Python3: /usr/bin/python3 (found version "3.12.3") found components: Interpreter 
[0.232s] -- Override CMake install command with custom implementation using symlinks instead of copying resources
[0.246s] -- Found rosidl_default_generators: 1.6.0 (/opt/ros/jazzy/share/rosidl_default_generators/cmake)
[0.249s] -- Using all available rosidl_typesupport_c: rosidl_typesupport_fastrtps_c;rosidl_typesupport_introspection_c
[0.300s] -- Using all available rosidl_typesupport_cpp: rosidl_typesupport_fastrtps_cpp;rosidl_typesupport_introspection_cpp
[0.340s] -- Found rosidl_adapter: 4.6.5 (/opt/ros/jazzy/share/rosidl_adapter/cmake)
[0.800s] -- Found ament_cmake_ros: 0.12.0 (/opt/ros/jazzy/share/ament_cmake_ros/cmake)
[0.957s] -- Using all available rosidl_typesupport_c: rosidl_typesupport_fastrtps_c;rosidl_typesupport_introspection_c
[1.154s] -- Using all available rosidl_typesupport_cpp: rosidl_typesupport_fastrtps_cpp;rosidl_typesupport_introspection_cpp
[1.156s] -- Found python_cmake_module: 0.11.1 (/opt/ros/jazzy/share/python_cmake_module/cmake)
[1.748s] -- Found Python3: /usr/bin/python3 (found version "3.12.3") found components: Interpreter Development NumPy Development.Module Development.Embed 
[1.765s] -- Found ament_lint_auto: 0.17.1 (/opt/ros/jazzy/share/ament_lint_auto/cmake)
[1.779s] -- Added test 'lint_cmake' to check CMake code style
[1.781s] -- Added test 'xmllint' to check XML markup files
[1.785s] -- Configuring done (1.7s)
[1.863s] -- Generating done (0.1s)
[1.913s] -- Build files have been written to: /home/jetcobot/sun_ws/ros2_ws/build/custom_messeage
[1.927s] Invoked command in '/home/jetcobot/sun_ws/ros2_ws/build/custom_messeage' returned '0': CMAKE_PREFIX_PATH=${CMAKE_PREFIX_PATH}:/home/jetcobot/sun_ws/ros2_ws/install/pick_and_place:/opt/ros/jazzy DEBUGINFOD_URLS=https://debuginfod.ubuntu.com /usr/bin/cmake /home/jetcobot/sun_ws/ros2_ws/src/custom_messeage -DCMAKE_INSTALL_PREFIX=/home/jetcobot/sun_ws/ros2_ws/install/custom_messeage
[1.928s] Invoking command in '/home/jetcobot/sun_ws/ros2_ws/build/custom_messeage': CMAKE_PREFIX_PATH=${CMAKE_PREFIX_PATH}:/home/jetcobot/sun_ws/ros2_ws/install/pick_and_place:/opt/ros/jazzy DEBUGINFOD_URLS=https://debuginfod.ubuntu.com /usr/bin/cmake --build /home/jetcobot/sun_ws/ros2_ws/build/custom_messeage -- -j4 -l4
[2.028s] [  2%] Built target custom_messeage__rosidl_generator_type_description
[2.051s] [  2%] Built target ament_cmake_python_symlink_custom_messeage
[2.077s] [ 17%] Built target custom_messeage__rosidl_generator_c
[2.089s] [ 20%] Built target custom_messeage__cpp
[2.180s] [ 29%] Built target custom_messeage__rosidl_typesupport_fastrtps_c
[2.207s] [ 38%] Built target custom_messeage__rosidl_typesupport_introspection_c
[2.227s] [ 47%] Built target custom_messeage__rosidl_typesupport_c
[2.298s] [ 55%] Built target custom_messeage__rosidl_typesupport_introspection_cpp
[2.312s] [ 64%] Built target custom_messeage__rosidl_typesupport_fastrtps_cpp
[2.313s] [ 73%] Built target custom_messeage__rosidl_typesupport_cpp
[2.356s] [ 73%] Built target custom_messeage
[2.396s] [ 76%] Built target custom_messeage__py
[2.455s] [ 82%] Built target custom_messeage__rosidl_generator_py
[2.523s] [ 88%] Built target custom_messeage_s__rosidl_typesupport_c
[2.535s] [ 94%] Built target custom_messeage_s__rosidl_typesupport_introspection_c
[2.540s] [100%] Built target custom_messeage_s__rosidl_typesupport_fastrtps_c
[2.572s] running egg_info
[2.609s] writing custom_messeage.egg-info/PKG-INFO
[2.610s] writing dependency_links to custom_messeage.egg-info/dependency_links.txt
[2.611s] writing top-level names to custom_messeage.egg-info/top_level.txt
[2.718s] reading manifest file 'custom_messeage.egg-info/SOURCES.txt'
[2.719s] writing manifest file 'custom_messeage.egg-info/SOURCES.txt'
[2.801s] [100%] Built target ament_cmake_python_build_custom_messeage_egg
[2.826s] Invoked command in '/home/jetcobot/sun_ws/ros2_ws/build/custom_messeage' returned '0': CMAKE_PREFIX_PATH=${CMAKE_PREFIX_PATH}:/home/jetcobot/sun_ws/ros2_ws/install/pick_and_place:/opt/ros/jazzy DEBUGINFOD_URLS=https://debuginfod.ubuntu.com /usr/bin/cmake --build /home/jetcobot/sun_ws/ros2_ws/build/custom_messeage -- -j4 -l4
[2.847s] Invoking command in '/home/jetcobot/sun_ws/ros2_ws/build/custom_messeage': CMAKE_PREFIX_PATH=${CMAKE_PREFIX_PATH}:/home/jetcobot/sun_ws/ros2_ws/install/pick_and_place:/opt/ros/jazzy DEBUGINFOD_URLS=https://debuginfod.ubuntu.com /usr/bin/cmake --install /home/jetcobot/sun_ws/ros2_ws/build/custom_messeage
[2.868s] -- Install configuration: ""
[2.869s] -- Execute custom install script
[2.869s] -- Up-to-date symlink: /home/jetcobot/sun_ws/ros2_ws/install/custom_messeage/share/ament_index/resource_index/rosidl_interfaces/custom_messeage
[2.869s] -- Up-to-date symlink: /home/jetcobot/sun_ws/ros2_ws/install/custom_messeage/share/custom_messeage/srv/RobotArmRequest.json
[2.870s] -- Up-to-date symlink: /home/jetcobot/sun_ws/ros2_ws/install/custom_messeage/include/custom_messeage/custom_messeage/msg/rosidl_generator_c__visibility_control.h
[2.870s] -- Up-to-date symlink: /home/jetcobot/sun_ws/ros2_ws/install/custom_messeage/include/custom_messeage/custom_messeage/srv/detail/robot_arm_request__functions.h
[2.870s] -- Up-to-date symlink: /home/jetcobot/sun_ws/ros2_ws/install/custom_messeage/include/custom_messeage/custom_messeage/srv/detail/robot_arm_request__struct.h
[2.871s] -- Up-to-date symlink: /home/jetcobot/sun_ws/ros2_ws/install/custom_messeage/include/custom_messeage/custom_messeage/srv/detail/robot_arm_request__type_support.h
[2.871s] -- Up-to-date symlink: /home/jetcobot/sun_ws/ros2_ws/install/custom_messeage/include/custom_messeage/custom_messeage/srv/robot_arm_request.h
[2.871s] -- Up-to-date symlink: /home/jetcobot/sun_ws/ros2_ws/install/custom_messeage/share/custom_messeage/environment/library_path.sh
[2.871s] -- Up-to-date symlink: /home/jetcobot/sun_ws/ros2_ws/install/custom_messeage/share/custom_messeage/environment/library_path.dsv
[2.872s] -- Up-to-date symlink: /home/jetcobot/sun_ws/ros2_ws/install/custom_messeage/include/custom_messeage/custom_messeage/msg/rosidl_typesupport_fastrtps_c__visibility_control.h
[2.872s] -- Up-to-date symlink: /home/jetcobot/sun_ws/ros2_ws/install/custom_messeage/include/custom_messeage/custom_messeage/srv/detail/robot_arm_request__rosidl_typesupport_fastrtps_c.h
[2.873s] -- Up-to-date symlink: /home/jetcobot/sun_ws/ros2_ws/install/custom_messeage/include/custom_messeage/custom_messeage/msg/rosidl_typesupport_introspection_c__visibility_control.h
[2.873s] -- Up-to-date symlink: /home/jetcobot/sun_ws/ros2_ws/install/custom_messeage/include/custom_messeage/custom_messeage/srv/detail/robot_arm_request__rosidl_typesupport_introspection_c.h
[2.873s] -- Up-to-date symlink: /home/jetcobot/sun_ws/ros2_ws/install/custom_messeage/include/custom_messeage/custom_messeage/msg/rosidl_generator_cpp__visibility_control.hpp
[2.873s] -- Up-to-date symlink: /home/jetcobot/sun_ws/ros2_ws/install/custom_messeage/include/custom_messeage/custom_messeage/srv/detail/robot_arm_request__builder.hpp
[2.874s] -- Up-to-date symlink: /home/jetcobot/sun_ws/ros2_ws/install/custom_messeage/include/custom_messeage/custom_messeage/srv/detail/robot_arm_request__struct.hpp
[2.874s] -- Up-to-date symlink: /home/jetcobot/sun_ws/ros2_ws/install/custom_messeage/include/custom_messeage/custom_messeage/srv/detail/robot_arm_request__traits.hpp
[2.874s] -- Up-to-date symlink: /home/jetcobot/sun_ws/ros2_ws/install/custom_messeage/include/custom_messeage/custom_messeage/srv/detail/robot_arm_request__type_support.hpp
[2.874s] -- Up-to-date symlink: /home/jetcobot/sun_ws/ros2_ws/install/custom_messeage/include/custom_messeage/custom_messeage/srv/robot_arm_request.hpp
[2.875s] -- Up-to-date symlink: /home/jetcobot/sun_ws/ros2_ws/install/custom_messeage/include/custom_messeage/custom_messeage/msg/rosidl_typesupport_fastrtps_cpp__visibility_control.h
[2.875s] -- Up-to-date symlink: /home/jetcobot/sun_ws/ros2_ws/install/custom_messeage/include/custom_messeage/custom_messeage/srv/detail/robot_arm_request__rosidl_typesupport_fastrtps_cpp.hpp
[2.875s] -- Up-to-date symlink: /home/jetcobot/sun_ws/ros2_ws/install/custom_messeage/include/custom_messeage/custom_messeage/srv/detail/robot_arm_request__rosidl_typesupport_introspection_cpp.hpp
[2.875s] -- Up-to-date symlink: /home/jetcobot/sun_ws/ros2_ws/install/custom_messeage/share/custom_messeage/environment/pythonpath.sh
[2.876s] -- Up-to-date symlink: /home/jetcobot/sun_ws/ros2_ws/install/custom_messeage/share/custom_messeage/environment/pythonpath.dsv
[2.876s] -- Up-to-date symlink: /home/jetcobot/sun_ws/ros2_ws/install/custom_messeage/lib/python3.12/site-packages/custom_messeage-0.0.0-py3.12.egg-info/PKG-INFO
[2.876s] -- Up-to-date symlink: /home/jetcobot/sun_ws/ros2_ws/install/custom_messeage/lib/python3.12/site-packages/custom_messeage-0.0.0-py3.12.egg-info/SOURCES.txt
[2.876s] -- Up-to-date symlink: /home/jetcobot/sun_ws/ros2_ws/install/custom_messeage/lib/python3.12/site-packages/custom_messeage-0.0.0-py3.12.egg-info/dependency_links.txt
[2.877s] -- Up-to-date symlink: /home/jetcobot/sun_ws/ros2_ws/install/custom_messeage/lib/python3.12/site-packages/custom_messeage-0.0.0-py3.12.egg-info/top_level.txt
[2.877s] -- Up-to-date symlink: /home/jetcobot/sun_ws/ros2_ws/install/custom_messeage/lib/python3.12/site-packages/custom_messeage/__init__.py
[2.877s] -- Up-to-date symlink: /home/jetcobot/sun_ws/ros2_ws/install/custom_messeage/lib/python3.12/site-packages/custom_messeage/_custom_messeage_s.ep.rosidl_typesupport_c.c
[2.878s] -- Up-to-date symlink: /home/jetcobot/sun_ws/ros2_ws/install/custom_messeage/lib/python3.12/site-packages/custom_messeage/_custom_messeage_s.ep.rosidl_typesupport_fastrtps_c.c
[2.878s] -- Up-to-date symlink: /home/jetcobot/sun_ws/ros2_ws/install/custom_messeage/lib/python3.12/site-packages/custom_messeage/_custom_messeage_s.ep.rosidl_typesupport_introspection_c.c
[2.878s] -- Up-to-date symlink: /home/jetcobot/sun_ws/ros2_ws/install/custom_messeage/lib/python3.12/site-packages/custom_messeage/custom_messeage_s__rosidl_typesupport_c.so
[2.878s] -- Up-to-date symlink: /home/jetcobot/sun_ws/ros2_ws/install/custom_messeage/lib/python3.12/site-packages/custom_messeage/custom_messeage_s__rosidl_typesupport_fastrtps_c.so
[2.878s] -- Up-to-date symlink: /home/jetcobot/sun_ws/ros2_ws/install/custom_messeage/lib/python3.12/site-packages/custom_messeage/custom_messeage_s__rosidl_typesupport_introspection_c.so
[2.878s] -- Up-to-date symlink: /home/jetcobot/sun_ws/ros2_ws/install/custom_messeage/lib/python3.12/site-packages/custom_messeage/srv/__init__.py
[2.878s] -- Up-to-date symlink: /home/jetcobot/sun_ws/ros2_ws/install/custom_messeage/lib/python3.12/site-packages/custom_messeage/srv/_robot_arm_request.py
[2.879s] -- Up-to-date symlink: /home/jetcobot/sun_ws/ros2_ws/install/custom_messeage/lib/python3.12/site-packages/custom_messeage/srv/_robot_arm_request_s.c
[2.879s] -- Up-to-date symlink: /home/jetcobot/sun_ws/ros2_ws/install/custom_messeage/lib/python3.12/site-packages/custom_messeage/custom_messeage_s__rosidl_typesupport_fastrtps_c.so
[2.879s] -- Up-to-date symlink: /home/jetcobot/sun_ws/ros2_ws/install/custom_messeage/lib/python3.12/site-packages/custom_messeage/custom_messeage_s__rosidl_typesupport_introspection_c.so
[2.880s] -- Up-to-date symlink: /home/jetcobot/sun_ws/ros2_ws/install/custom_messeage/lib/python3.12/site-packages/custom_messeage/custom_messeage_s__rosidl_typesupport_c.so
[2.880s] -- Up-to-date symlink: /home/jetcobot/sun_ws/ros2_ws/install/custom_messeage/share/custom_messeage/srv/RobotArmRequest.idl
[2.880s] -- Up-to-date symlink: /home/jetcobot/sun_ws/ros2_ws/install/custom_messeage/share/custom_messeage/srv/RobotArmRequest.srv
[2.880s] -- Up-to-date symlink: /home/jetcobot/sun_ws/ros2_ws/install/custom_messeage/share/ament_index/resource_index/package_run_dependencies/custom_messeage
[2.881s] -- Up-to-date symlink: /home/jetcobot/sun_ws/ros2_ws/install/custom_messeage/share/ament_index/resource_index/parent_prefix_path/custom_messeage
[2.881s] -- Up-to-date symlink: /home/jetcobot/sun_ws/ros2_ws/install/custom_messeage/share/custom_messeage/environment/ament_prefix_path.sh
[2.881s] -- Up-to-date symlink: /home/jetcobot/sun_ws/ros2_ws/install/custom_messeage/share/custom_messeage/environment/ament_prefix_path.dsv
[2.881s] -- Up-to-date symlink: /home/jetcobot/sun_ws/ros2_ws/install/custom_messeage/share/custom_messeage/environment/path.sh
[2.881s] -- Up-to-date symlink: /home/jetcobot/sun_ws/ros2_ws/install/custom_messeage/share/custom_messeage/environment/path.dsv
[2.882s] -- Up-to-date symlink: /home/jetcobot/sun_ws/ros2_ws/install/custom_messeage/share/custom_messeage/local_setup.bash
[2.882s] -- Up-to-date symlink: /home/jetcobot/sun_ws/ros2_ws/install/custom_messeage/share/custom_messeage/local_setup.sh
[2.882s] -- Up-to-date symlink: /home/jetcobot/sun_ws/ros2_ws/install/custom_messeage/share/custom_messeage/local_setup.zsh
[2.882s] -- Up-to-date symlink: /home/jetcobot/sun_ws/ros2_ws/install/custom_messeage/share/custom_messeage/local_setup.dsv
[2.882s] -- Symlinking: /home/jetcobot/sun_ws/ros2_ws/install/custom_messeage/share/custom_messeage/package.dsv
[2.901s] -- Up-to-date symlink: /home/jetcobot/sun_ws/ros2_ws/install/custom_messeage/share/ament_index/resource_index/packages/custom_messeage
[2.902s] -- Up-to-date symlink: /home/jetcobot/sun_ws/ros2_ws/install/custom_messeage/share/custom_messeage/cmake/rosidl_cmake-extras.cmake
[2.902s] -- Up-to-date symlink: /home/jetcobot/sun_ws/ros2_ws/install/custom_messeage/share/custom_messeage/cmake/ament_cmake_export_dependencies-extras.cmake
[2.902s] -- Up-to-date symlink: /home/jetcobot/sun_ws/ros2_ws/install/custom_messeage/share/custom_messeage/cmake/ament_cmake_export_include_directories-extras.cmake
[2.902s] -- Up-to-date symlink: /home/jetcobot/sun_ws/ros2_ws/install/custom_messeage/share/custom_messeage/cmake/ament_cmake_export_libraries-extras.cmake
[2.902s] -- Up-to-date symlink: /home/jetcobot/sun_ws/ros2_ws/install/custom_messeage/share/custom_messeage/cmake/ament_cmake_export_targets-extras.cmake
[2.903s] -- Up-to-date symlink: /home/jetcobot/sun_ws/ros2_ws/install/custom_messeage/share/custom_messeage/cmake/rosidl_cmake_export_typesupport_targets-extras.cmake
[2.903s] -- Up-to-date symlink: /home/jetcobot/sun_ws/ros2_ws/install/custom_messeage/share/custom_messeage/cmake/rosidl_cmake_export_typesupport_libraries-extras.cmake
[2.903s] -- Up-to-date symlink: /home/jetcobot/sun_ws/ros2_ws/install/custom_messeage/share/custom_messeage/cmake/custom_messeageConfig.cmake
[2.903s] -- Up-to-date symlink: /home/jetcobot/sun_ws/ros2_ws/install/custom_messeage/share/custom_messeage/cmake/custom_messeageConfig-version.cmake
[2.903s] -- Up-to-date symlink: /home/jetcobot/sun_ws/ros2_ws/install/custom_messeage/share/custom_messeage/package.xml
[2.904s] -- Up-to-date: /home/jetcobot/sun_ws/ros2_ws/install/custom_messeage/lib/libcustom_messeage__rosidl_generator_c.so
[2.904s] -- Up-to-date: /home/jetcobot/sun_ws/ros2_ws/install/custom_messeage/lib/libcustom_messeage__rosidl_typesupport_fastrtps_c.so
[2.905s] -- Up-to-date: /home/jetcobot/sun_ws/ros2_ws/install/custom_messeage/lib/libcustom_messeage__rosidl_typesupport_introspection_c.so
[2.905s] -- Up-to-date: /home/jetcobot/sun_ws/ros2_ws/install/custom_messeage/lib/libcustom_messeage__rosidl_typesupport_c.so
[2.905s] -- Up-to-date: /home/jetcobot/sun_ws/ros2_ws/install/custom_messeage/lib/libcustom_messeage__rosidl_typesupport_fastrtps_cpp.so
[2.906s] -- Up-to-date: /home/jetcobot/sun_ws/ros2_ws/install/custom_messeage/lib/libcustom_messeage__rosidl_typesupport_introspection_cpp.so
[2.906s] -- Up-to-date: /home/jetcobot/sun_ws/ros2_ws/install/custom_messeage/lib/libcustom_messeage__rosidl_typesupport_cpp.so
[2.965s] Listing '/home/jetcobot/sun_ws/ros2_ws/install/custom_messeage/lib/python3.12/site-packages/custom_messeage'...
[2.965s] Compiling '/home/jetcobot/sun_ws/ros2_ws/install/custom_messeage/lib/python3.12/site-packages/custom_messeage/__init__.py'...
[2.966s] Listing '/home/jetcobot/sun_ws/ros2_ws/install/custom_messeage/lib/python3.12/site-packages/custom_messeage/srv'...
[2.981s] -- Up-to-date: /home/jetcobot/sun_ws/ros2_ws/install/custom_messeage/lib/libcustom_messeage__rosidl_generator_py.so
[2.981s] -- Up-to-date: /home/jetcobot/sun_ws/ros2_ws/install/custom_messeage/share/custom_messeage/cmake/export_custom_messeage__rosidl_generator_cExport.cmake
[2.981s] -- Up-to-date: /home/jetcobot/sun_ws/ros2_ws/install/custom_messeage/share/custom_messeage/cmake/export_custom_messeage__rosidl_generator_cExport-noconfig.cmake
[2.981s] -- Up-to-date: /home/jetcobot/sun_ws/ros2_ws/install/custom_messeage/share/custom_messeage/cmake/export_custom_messeage__rosidl_typesupport_fastrtps_cExport.cmake
[2.981s] -- Up-to-date: /home/jetcobot/sun_ws/ros2_ws/install/custom_messeage/share/custom_messeage/cmake/export_custom_messeage__rosidl_typesupport_fastrtps_cExport-noconfig.cmake
[2.981s] -- Up-to-date: /home/jetcobot/sun_ws/ros2_ws/install/custom_messeage/share/custom_messeage/cmake/custom_messeage__rosidl_typesupport_introspection_cExport.cmake
[2.982s] -- Up-to-date: /home/jetcobot/sun_ws/ros2_ws/install/custom_messeage/share/custom_messeage/cmake/custom_messeage__rosidl_typesupport_introspection_cExport-noconfig.cmake
[2.982s] -- Up-to-date: /home/jetcobot/sun_ws/ros2_ws/install/custom_messeage/share/custom_messeage/cmake/custom_messeage__rosidl_typesupport_cExport.cmake
[2.982s] -- Up-to-date: /home/jetcobot/sun_ws/ros2_ws/install/custom_messeage/share/custom_messeage/cmake/custom_messeage__rosidl_typesupport_cExport-noconfig.cmake
[2.982s] -- Up-to-date: /home/jetcobot/sun_ws/ros2_ws/install/custom_messeage/share/custom_messeage/cmake/export_custom_messeage__rosidl_generator_cppExport.cmake
[2.982s] -- Up-to-date: /home/jetcobot/sun_ws/ros2_ws/install/custom_messeage/share/custom_messeage/cmake/export_custom_messeage__rosidl_typesupport_fastrtps_cppExport.cmake
[2.982s] -- Up-to-date: /home/jetcobot/sun_ws/ros2_ws/install/custom_messeage/share/custom_messeage/cmake/export_custom_messeage__rosidl_typesupport_fastrtps_cppExport-noconfig.cmake
[2.982s] -- Up-to-date: /home/jetcobot/sun_ws/ros2_ws/install/custom_messeage/share/custom_messeage/cmake/custom_messeage__rosidl_typesupport_introspection_cppExport.cmake
[2.982s] -- Up-to-date: /home/jetcobot/sun_ws/ros2_ws/install/custom_messeage/share/custom_messeage/cmake/custom_messeage__rosidl_typesupport_introspection_cppExport-noconfig.cmake
[2.982s] -- Up-to-date: /home/jetcobot/sun_ws/ros2_ws/install/custom_messeage/share/custom_messeage/cmake/custom_messeage__rosidl_typesupport_cppExport.cmake
[2.982s] -- Up-to-date: /home/jetcobot/sun_ws/ros2_ws/install/custom_messeage/share/custom_messeage/cmake/custom_messeage__rosidl_typesupport_cppExport-noconfig.cmake
[2.982s] -- Up-to-date: /home/jetcobot/sun_ws/ros2_ws/install/custom_messeage/share/custom_messeage/cmake/export_custom_messeage__rosidl_generator_pyExport.cmake
[2.982s] -- Up-to-date: /home/jetcobot/sun_ws/ros2_ws/install/custom_messeage/share/custom_messeage/cmake/export_custom_messeage__rosidl_generator_pyExport-noconfig.cmake
[2.986s] Invoked command in '/home/jetcobot/sun_ws/ros2_ws/build/custom_messeage' returned '0': CMAKE_PREFIX_PATH=${CMAKE_PREFIX_PATH}:/home/jetcobot/sun_ws/ros2_ws/install/pick_and_place:/opt/ros/jazzy DEBUGINFOD_URLS=https://debuginfod.ubuntu.com /usr/bin/cmake --install /home/jetcobot/sun_ws/ros2_ws/build/custom_messeage
