[0.212s] DEBUG:colcon:Command line arguments: ['/usr/bin/colcon', 'build']
[0.213s] DEBUG:colcon:Parsed command line arguments: Namespace(log_base=None, log_level=None, verb_name='build', build_base='build', install_base='install', merge_install=False, symlink_install=False, test_result_base=None, continue_on_error=False, executor='parallel', parallel_workers=4, event_handlers=None, ignore_user_meta=False, metas=['./colcon.meta'], base_paths=['.'], packages_ignore=None, packages_ignore_regex=None, paths=None, packages_up_to=None, packages_up_to_regex=None, packages_above=None, packages_above_and_dependencies=None, packages_above_depth=None, packages_select_by_dep=None, packages_skip_by_dep=None, packages_skip_up_to=None, packages_select_build_failed=False, packages_skip_build_finished=False, packages_select_test_failures=False, packages_skip_test_passed=False, packages_select=None, packages_skip=None, packages_select_regex=None, packages_skip_regex=None, packages_start=None, packages_end=None, allow_overriding=[], cmake_args=None, cmake_target=None, cmake_target_skip_unavailable=False, cmake_clean_cache=False, cmake_clean_first=False, cmake_force_configure=False, ament_cmake_args=None, catkin_cmake_args=None, catkin_skip_building_tests=False, mixin_files=None, mixin=None, verb_parser=<colcon_mixin.mixin.mixin_argument.MixinArgumentDecorator object at 0xffff9020b590>, verb_extension=<colcon_core.verb.build.BuildVerb object at 0xffff9020ab40>, main=<bound method BuildVerb.main of <colcon_core.verb.build.BuildVerb object at 0xffff9020ab40>>, mixin_verb=('build',))
[0.289s] Level 1:colcon.colcon_core.package_discovery:discover_packages(colcon_meta) check parameters
[0.289s] Level 1:colcon.colcon_core.package_discovery:discover_packages(recursive) check parameters
[0.289s] Level 1:colcon.colcon_core.package_discovery:discover_packages(ignore) check parameters
[0.290s] Level 1:colcon.colcon_core.package_discovery:discover_packages(path) check parameters
[0.290s] Level 1:colcon.colcon_core.package_discovery:discover_packages(colcon_meta) discover
[0.290s] Level 1:colcon.colcon_core.package_discovery:discover_packages(recursive) discover
[0.290s] INFO:colcon.colcon_core.package_discovery:Crawling recursively for packages in '/home/jetcobot/venv/mycobot/dev/moon_ws/ros2_ws'
[0.290s] Level 1:colcon.colcon_core.package_identification:_identify(.) by extensions ['ignore', 'ignore_ament_install']
[0.290s] Level 1:colcon.colcon_core.package_identification:_identify(.) by extension 'ignore'
[0.290s] Level 1:colcon.colcon_core.package_identification:_identify(.) by extension 'ignore_ament_install'
[0.290s] Level 1:colcon.colcon_core.package_identification:_identify(.) by extensions ['colcon_pkg']
[0.290s] Level 1:colcon.colcon_core.package_identification:_identify(.) by extension 'colcon_pkg'
[0.290s] Level 1:colcon.colcon_core.package_identification:_identify(.) by extensions ['colcon_meta']
[0.291s] Level 1:colcon.colcon_core.package_identification:_identify(.) by extension 'colcon_meta'
[0.291s] Level 1:colcon.colcon_core.package_identification:_identify(.) by extensions ['ros']
[0.291s] Level 1:colcon.colcon_core.package_identification:_identify(.) by extension 'ros'
[0.350s] Level 1:colcon.colcon_core.package_identification:_identify(.) by extensions ['cmake', 'python']
[0.350s] Level 1:colcon.colcon_core.package_identification:_identify(.) by extension 'cmake'
[0.350s] Level 1:colcon.colcon_core.package_identification:_identify(.) by extension 'python'
[0.350s] Level 1:colcon.colcon_core.package_identification:_identify(.) by extensions ['python_setup_py']
[0.350s] Level 1:colcon.colcon_core.package_identification:_identify(.) by extension 'python_setup_py'
[0.351s] Level 1:colcon.colcon_core.package_identification:_identify(build) by extensions ['ignore', 'ignore_ament_install']
[0.351s] Level 1:colcon.colcon_core.package_identification:_identify(build) by extension 'ignore'
[0.351s] Level 1:colcon.colcon_core.package_identification:_identify(build) ignored
[0.351s] Level 1:colcon.colcon_core.package_identification:_identify(install) by extensions ['ignore', 'ignore_ament_install']
[0.352s] Level 1:colcon.colcon_core.package_identification:_identify(install) by extension 'ignore'
[0.352s] Level 1:colcon.colcon_core.package_identification:_identify(install) ignored
[0.352s] Level 1:colcon.colcon_core.package_identification:_identify(log) by extensions ['ignore', 'ignore_ament_install']
[0.352s] Level 1:colcon.colcon_core.package_identification:_identify(log) by extension 'ignore'
[0.352s] Level 1:colcon.colcon_core.package_identification:_identify(log) ignored
[0.352s] Level 1:colcon.colcon_core.package_identification:_identify(src) by extensions ['ignore', 'ignore_ament_install']
[0.352s] Level 1:colcon.colcon_core.package_identification:_identify(src) by extension 'ignore'
[0.352s] Level 1:colcon.colcon_core.package_identification:_identify(src) by extension 'ignore_ament_install'
[0.352s] Level 1:colcon.colcon_core.package_identification:_identify(src) by extensions ['colcon_pkg']
[0.353s] Level 1:colcon.colcon_core.package_identification:_identify(src) by extension 'colcon_pkg'
[0.353s] Level 1:colcon.colcon_core.package_identification:_identify(src) by extensions ['colcon_meta']
[0.353s] Level 1:colcon.colcon_core.package_identification:_identify(src) by extension 'colcon_meta'
[0.353s] Level 1:colcon.colcon_core.package_identification:_identify(src) by extensions ['ros']
[0.353s] Level 1:colcon.colcon_core.package_identification:_identify(src) by extension 'ros'
[0.353s] Level 1:colcon.colcon_core.package_identification:_identify(src) by extensions ['cmake', 'python']
[0.353s] Level 1:colcon.colcon_core.package_identification:_identify(src) by extension 'cmake'
[0.353s] Level 1:colcon.colcon_core.package_identification:_identify(src) by extension 'python'
[0.353s] Level 1:colcon.colcon_core.package_identification:_identify(src) by extensions ['python_setup_py']
[0.353s] Level 1:colcon.colcon_core.package_identification:_identify(src) by extension 'python_setup_py'
[0.353s] Level 1:colcon.colcon_core.package_identification:_identify(src/custom_messeage) by extensions ['ignore', 'ignore_ament_install']
[0.353s] Level 1:colcon.colcon_core.package_identification:_identify(src/custom_messeage) by extension 'ignore'
[0.354s] Level 1:colcon.colcon_core.package_identification:_identify(src/custom_messeage) by extension 'ignore_ament_install'
[0.354s] Level 1:colcon.colcon_core.package_identification:_identify(src/custom_messeage) by extensions ['colcon_pkg']
[0.354s] Level 1:colcon.colcon_core.package_identification:_identify(src/custom_messeage) by extension 'colcon_pkg'
[0.354s] Level 1:colcon.colcon_core.package_identification:_identify(src/custom_messeage) by extensions ['colcon_meta']
[0.354s] Level 1:colcon.colcon_core.package_identification:_identify(src/custom_messeage) by extension 'colcon_meta'
[0.354s] Level 1:colcon.colcon_core.package_identification:_identify(src/custom_messeage) by extensions ['ros']
[0.354s] Level 1:colcon.colcon_core.package_identification:_identify(src/custom_messeage) by extension 'ros'
[0.358s] DEBUG:colcon.colcon_core.package_identification:Package 'src/custom_messeage' with type 'ros.ament_cmake' and name 'custom_messeage'
[0.358s] Level 1:colcon.colcon_core.package_identification:_identify(src/pick_and_place) by extensions ['ignore', 'ignore_ament_install']
[0.358s] Level 1:colcon.colcon_core.package_identification:_identify(src/pick_and_place) by extension 'ignore'
[0.358s] Level 1:colcon.colcon_core.package_identification:_identify(src/pick_and_place) by extension 'ignore_ament_install'
[0.358s] Level 1:colcon.colcon_core.package_identification:_identify(src/pick_and_place) by extensions ['colcon_pkg']
[0.359s] Level 1:colcon.colcon_core.package_identification:_identify(src/pick_and_place) by extension 'colcon_pkg'
[0.359s] Level 1:colcon.colcon_core.package_identification:_identify(src/pick_and_place) by extensions ['colcon_meta']
[0.359s] Level 1:colcon.colcon_core.package_identification:_identify(src/pick_and_place) by extension 'colcon_meta'
[0.359s] Level 1:colcon.colcon_core.package_identification:_identify(src/pick_and_place) by extensions ['ros']
[0.359s] Level 1:colcon.colcon_core.package_identification:_identify(src/pick_and_place) by extension 'ros'
[0.360s] DEBUG:colcon.colcon_core.package_identification:Package 'src/pick_and_place' with type 'ros.ament_python' and name 'pick_and_place'
[0.360s] Level 1:colcon.colcon_core.package_discovery:discover_packages(recursive) using defaults
[0.360s] Level 1:colcon.colcon_core.package_discovery:discover_packages(ignore) discover
[0.360s] Level 1:colcon.colcon_core.package_discovery:discover_packages(ignore) using defaults
[0.360s] Level 1:colcon.colcon_core.package_discovery:discover_packages(path) discover
[0.360s] Level 1:colcon.colcon_core.package_discovery:discover_packages(path) using defaults
[0.391s] Level 1:colcon.colcon_core.package_discovery:discover_packages(prefix_path) check parameters
[0.391s] Level 1:colcon.colcon_core.package_discovery:discover_packages(prefix_path) discover
[0.395s] DEBUG:colcon.colcon_installed_package_information.package_discovery:Found 1 installed packages in /home/jetcobot/CJ_ws/ros_ws/src/robocallee_fms/install
[0.396s] DEBUG:colcon.colcon_installed_package_information.package_discovery:Found 5 installed packages in /home/jetcobot/ros2_ws/install
[0.397s] DEBUG:colcon.colcon_installed_package_information.package_discovery:Found 1 installed packages in /home/jetcobot/jetcobot_ws/install
[0.398s] DEBUG:colcon.colcon_installed_package_information.package_discovery:Found 1 installed packages in /home/jetcobot/ros2_ws/src/jetcobot_ruckig_test/install
[0.401s] DEBUG:colcon.colcon_installed_package_information.package_discovery:Found 448 installed packages in /opt/ros/jazzy
[0.405s] Level 1:colcon.colcon_core.package_discovery:discover_packages(prefix_path) using defaults
[0.516s] Level 5:colcon.colcon_core.verb:set package 'custom_messeage' build argument 'cmake_args' from command line to 'None'
[0.516s] Level 5:colcon.colcon_core.verb:set package 'custom_messeage' build argument 'cmake_target' from command line to 'None'
[0.516s] Level 5:colcon.colcon_core.verb:set package 'custom_messeage' build argument 'cmake_target_skip_unavailable' from command line to 'False'
[0.516s] Level 5:colcon.colcon_core.verb:set package 'custom_messeage' build argument 'cmake_clean_cache' from command line to 'False'
[0.516s] Level 5:colcon.colcon_core.verb:set package 'custom_messeage' build argument 'cmake_clean_first' from command line to 'False'
[0.516s] Level 5:colcon.colcon_core.verb:set package 'custom_messeage' build argument 'cmake_force_configure' from command line to 'False'
[0.516s] Level 5:colcon.colcon_core.verb:set package 'custom_messeage' build argument 'ament_cmake_args' from command line to 'None'
[0.517s] Level 5:colcon.colcon_core.verb:set package 'custom_messeage' build argument 'catkin_cmake_args' from command line to 'None'
[0.517s] Level 5:colcon.colcon_core.verb:set package 'custom_messeage' build argument 'catkin_skip_building_tests' from command line to 'False'
[0.517s] DEBUG:colcon.colcon_core.verb:Building package 'custom_messeage' with the following arguments: {'ament_cmake_args': None, 'build_base': '/home/jetcobot/venv/mycobot/dev/moon_ws/ros2_ws/build/custom_messeage', 'catkin_cmake_args': None, 'catkin_skip_building_tests': False, 'cmake_args': None, 'cmake_clean_cache': False, 'cmake_clean_first': False, 'cmake_force_configure': False, 'cmake_target': None, 'cmake_target_skip_unavailable': False, 'install_base': '/home/jetcobot/venv/mycobot/dev/moon_ws/ros2_ws/install/custom_messeage', 'merge_install': False, 'path': '/home/jetcobot/venv/mycobot/dev/moon_ws/ros2_ws/src/custom_messeage', 'symlink_install': False, 'test_result_base': None}
[0.517s] Level 5:colcon.colcon_core.verb:set package 'pick_and_place' build argument 'cmake_args' from command line to 'None'
[0.517s] Level 5:colcon.colcon_core.verb:set package 'pick_and_place' build argument 'cmake_target' from command line to 'None'
[0.517s] Level 5:colcon.colcon_core.verb:set package 'pick_and_place' build argument 'cmake_target_skip_unavailable' from command line to 'False'
[0.517s] Level 5:colcon.colcon_core.verb:set package 'pick_and_place' build argument 'cmake_clean_cache' from command line to 'False'
[0.517s] Level 5:colcon.colcon_core.verb:set package 'pick_and_place' build argument 'cmake_clean_first' from command line to 'False'
[0.517s] Level 5:colcon.colcon_core.verb:set package 'pick_and_place' build argument 'cmake_force_configure' from command line to 'False'
[0.517s] Level 5:colcon.colcon_core.verb:set package 'pick_and_place' build argument 'ament_cmake_args' from command line to 'None'
[0.517s] Level 5:colcon.colcon_core.verb:set package 'pick_and_place' build argument 'catkin_cmake_args' from command line to 'None'
[0.517s] Level 5:colcon.colcon_core.verb:set package 'pick_and_place' build argument 'catkin_skip_building_tests' from command line to 'False'
[0.517s] DEBUG:colcon.colcon_core.verb:Building package 'pick_and_place' with the following arguments: {'ament_cmake_args': None, 'build_base': '/home/jetcobot/venv/mycobot/dev/moon_ws/ros2_ws/build/pick_and_place', 'catkin_cmake_args': None, 'catkin_skip_building_tests': False, 'cmake_args': None, 'cmake_clean_cache': False, 'cmake_clean_first': False, 'cmake_force_configure': False, 'cmake_target': None, 'cmake_target_skip_unavailable': False, 'install_base': '/home/jetcobot/venv/mycobot/dev/moon_ws/ros2_ws/install/pick_and_place', 'merge_install': False, 'path': '/home/jetcobot/venv/mycobot/dev/moon_ws/ros2_ws/src/pick_and_place', 'symlink_install': False, 'test_result_base': None}
[0.518s] INFO:colcon.colcon_core.executor:Executing jobs using 'parallel' executor
[0.519s] DEBUG:colcon.colcon_parallel_executor.executor.parallel:run_until_complete
[0.520s] INFO:colcon.colcon_ros.task.ament_cmake.build:Building ROS package in '/home/jetcobot/venv/mycobot/dev/moon_ws/ros2_ws/src/custom_messeage' with build type 'ament_cmake'
[0.520s] INFO:colcon.colcon_cmake.task.cmake.build:Building CMake package in '/home/jetcobot/venv/mycobot/dev/moon_ws/ros2_ws/src/custom_messeage'
[0.523s] INFO:colcon.colcon_core.plugin_system:Skipping extension 'colcon_core.shell.bat': Not used on non-Windows systems
[0.523s] INFO:colcon.colcon_core.shell:Skip shell extension 'powershell' for command environment: Not usable outside of PowerShell
[0.523s] DEBUG:colcon.colcon_core.shell:Skip shell extension 'dsv' for command environment
[0.535s] INFO:colcon.colcon_ros.task.ament_python.build:Building ROS package in '/home/jetcobot/venv/mycobot/dev/moon_ws/ros2_ws/src/pick_and_place' with build type 'ament_python'
[0.535s] Level 1:colcon.colcon_core.shell:create_environment_hook('pick_and_place', 'ament_prefix_path')
[0.535s] INFO:colcon.colcon_core.shell:Creating environment hook '/home/jetcobot/venv/mycobot/dev/moon_ws/ros2_ws/install/pick_and_place/share/pick_and_place/hook/ament_prefix_path.ps1'
[0.538s] INFO:colcon.colcon_core.shell:Creating environment descriptor '/home/jetcobot/venv/mycobot/dev/moon_ws/ros2_ws/install/pick_and_place/share/pick_and_place/hook/ament_prefix_path.dsv'
[0.540s] INFO:colcon.colcon_core.shell:Creating environment hook '/home/jetcobot/venv/mycobot/dev/moon_ws/ros2_ws/install/pick_and_place/share/pick_and_place/hook/ament_prefix_path.sh'
[0.542s] INFO:colcon.colcon_core.shell:Skip shell extension 'powershell' for command environment: Not usable outside of PowerShell
[0.542s] DEBUG:colcon.colcon_core.shell:Skip shell extension 'dsv' for command environment
[0.564s] DEBUG:colcon.colcon_core.event_handler.log_command:Invoking command in '/home/jetcobot/venv/mycobot/dev/moon_ws/ros2_ws/build/custom_messeage': CMAKE_PREFIX_PATH=${CMAKE_PREFIX_PATH}:/home/jetcobot/ros2_ws/install/jetcobot_driver:/home/jetcobot/ros2_ws/install/jetcobot_control:/home/jetcobot/jetcobot_ws/install/jetcobot_ctrl:/opt/ros/jazzy DEBUGINFOD_URLS=https://debuginfod.ubuntu.com /usr/bin/cmake /home/jetcobot/venv/mycobot/dev/moon_ws/ros2_ws/src/custom_messeage -DCMAKE_INSTALL_PREFIX=/home/jetcobot/venv/mycobot/dev/moon_ws/ros2_ws/install/custom_messeage
[1.166s] INFO:colcon.colcon_core.task.python.build:Building Python package in '/home/jetcobot/venv/mycobot/dev/moon_ws/ros2_ws/src/pick_and_place'
[1.167s] INFO:colcon.colcon_core.shell:Skip shell extension 'powershell' for command environment: Not usable outside of PowerShell
[1.167s] DEBUG:colcon.colcon_core.shell:Skip shell extension 'dsv' for command environment
[4.355s] DEBUG:colcon.colcon_core.event_handler.log_command:Invoking command in '/home/jetcobot/venv/mycobot/dev/moon_ws/ros2_ws/src/pick_and_place': DEBUGINFOD_URLS=https://debuginfod.ubuntu.com PYTHONPATH=/home/jetcobot/venv/mycobot/dev/moon_ws/ros2_ws/build/pick_and_place/prefix_override:/usr/lib/python3/dist-packages/colcon_core/task/python/colcon_distutils_commands:/home/jetcobot/venv/mycobot/dev/moon_ws/ros2_ws/install/pick_and_place/lib/python3.12/site-packages:${PYTHONPATH} /usr/bin/python3 -W ignore:setup.py install is deprecated -W ignore:easy_install command is deprecated setup.py egg_info --egg-base ../../build/pick_and_place build --build-base /home/jetcobot/venv/mycobot/dev/moon_ws/ros2_ws/build/pick_and_place/build install --record /home/jetcobot/venv/mycobot/dev/moon_ws/ros2_ws/build/pick_and_place/install.log --single-version-externally-managed install_data
[5.925s] DEBUG:colcon.colcon_core.event_handler.log_command:Invoked command in '/home/jetcobot/venv/mycobot/dev/moon_ws/ros2_ws/src/pick_and_place' returned '0': DEBUGINFOD_URLS=https://debuginfod.ubuntu.com PYTHONPATH=/home/jetcobot/venv/mycobot/dev/moon_ws/ros2_ws/build/pick_and_place/prefix_override:/usr/lib/python3/dist-packages/colcon_core/task/python/colcon_distutils_commands:/home/jetcobot/venv/mycobot/dev/moon_ws/ros2_ws/install/pick_and_place/lib/python3.12/site-packages:${PYTHONPATH} /usr/bin/python3 -W ignore:setup.py install is deprecated -W ignore:easy_install command is deprecated setup.py egg_info --egg-base ../../build/pick_and_place build --build-base /home/jetcobot/venv/mycobot/dev/moon_ws/ros2_ws/build/pick_and_place/build install --record /home/jetcobot/venv/mycobot/dev/moon_ws/ros2_ws/build/pick_and_place/install.log --single-version-externally-managed install_data
[5.927s] Level 1:colcon.colcon_core.environment:checking '/home/jetcobot/venv/mycobot/dev/moon_ws/ros2_ws/install/pick_and_place' for CMake module files
[5.928s] Level 1:colcon.colcon_core.environment:checking '/home/jetcobot/venv/mycobot/dev/moon_ws/ros2_ws/install/pick_and_place' for CMake config files
[5.929s] Level 1:colcon.colcon_core.environment:checking '/home/jetcobot/venv/mycobot/dev/moon_ws/ros2_ws/install/pick_and_place/lib'
[5.929s] Level 1:colcon.colcon_core.environment:checking '/home/jetcobot/venv/mycobot/dev/moon_ws/ros2_ws/install/pick_and_place/bin'
[5.929s] Level 1:colcon.colcon_core.environment:checking '/home/jetcobot/venv/mycobot/dev/moon_ws/ros2_ws/install/pick_and_place/lib/pkgconfig/pick_and_place.pc'
[5.930s] Level 1:colcon.colcon_core.environment:checking '/home/jetcobot/venv/mycobot/dev/moon_ws/ros2_ws/install/pick_and_place/lib/python3.12/site-packages'
[5.930s] Level 1:colcon.colcon_core.shell:create_environment_hook('pick_and_place', 'pythonpath')
[5.930s] INFO:colcon.colcon_core.shell:Creating environment hook '/home/jetcobot/venv/mycobot/dev/moon_ws/ros2_ws/install/pick_and_place/share/pick_and_place/hook/pythonpath.ps1'
[5.931s] INFO:colcon.colcon_core.shell:Creating environment descriptor '/home/jetcobot/venv/mycobot/dev/moon_ws/ros2_ws/install/pick_and_place/share/pick_and_place/hook/pythonpath.dsv'
[5.931s] INFO:colcon.colcon_core.shell:Creating environment hook '/home/jetcobot/venv/mycobot/dev/moon_ws/ros2_ws/install/pick_and_place/share/pick_and_place/hook/pythonpath.sh'
[5.932s] Level 1:colcon.colcon_core.environment:checking '/home/jetcobot/venv/mycobot/dev/moon_ws/ros2_ws/install/pick_and_place/bin'
[5.932s] Level 1:colcon.colcon_core.environment:create_environment_scripts_only(pick_and_place)
[5.933s] INFO:colcon.colcon_core.shell:Creating package script '/home/jetcobot/venv/mycobot/dev/moon_ws/ros2_ws/install/pick_and_place/share/pick_and_place/package.ps1'
[5.935s] INFO:colcon.colcon_core.shell:Creating package descriptor '/home/jetcobot/venv/mycobot/dev/moon_ws/ros2_ws/install/pick_and_place/share/pick_and_place/package.dsv'
[5.936s] INFO:colcon.colcon_core.shell:Creating package script '/home/jetcobot/venv/mycobot/dev/moon_ws/ros2_ws/install/pick_and_place/share/pick_and_place/package.sh'
[5.937s] INFO:colcon.colcon_core.shell:Creating package script '/home/jetcobot/venv/mycobot/dev/moon_ws/ros2_ws/install/pick_and_place/share/pick_and_place/package.bash'
[5.938s] INFO:colcon.colcon_core.shell:Creating package script '/home/jetcobot/venv/mycobot/dev/moon_ws/ros2_ws/install/pick_and_place/share/pick_and_place/package.zsh'
[5.938s] Level 1:colcon.colcon_core.environment:create_file_with_runtime_dependencies(/home/jetcobot/venv/mycobot/dev/moon_ws/ros2_ws/install/pick_and_place/share/colcon-core/packages/pick_and_place)
[9.814s] DEBUG:colcon.colcon_core.event_handler.log_command:Invoked command in '/home/jetcobot/venv/mycobot/dev/moon_ws/ros2_ws/build/custom_messeage' returned '0': CMAKE_PREFIX_PATH=${CMAKE_PREFIX_PATH}:/home/jetcobot/ros2_ws/install/jetcobot_driver:/home/jetcobot/ros2_ws/install/jetcobot_control:/home/jetcobot/jetcobot_ws/install/jetcobot_ctrl:/opt/ros/jazzy DEBUGINFOD_URLS=https://debuginfod.ubuntu.com /usr/bin/cmake /home/jetcobot/venv/mycobot/dev/moon_ws/ros2_ws/src/custom_messeage -DCMAKE_INSTALL_PREFIX=/home/jetcobot/venv/mycobot/dev/moon_ws/ros2_ws/install/custom_messeage
[9.814s] DEBUG:colcon.colcon_core.event_handler.log_command:Invoking command in '/home/jetcobot/venv/mycobot/dev/moon_ws/ros2_ws/build/custom_messeage': CMAKE_PREFIX_PATH=${CMAKE_PREFIX_PATH}:/home/jetcobot/ros2_ws/install/jetcobot_driver:/home/jetcobot/ros2_ws/install/jetcobot_control:/home/jetcobot/jetcobot_ws/install/jetcobot_ctrl:/opt/ros/jazzy DEBUGINFOD_URLS=https://debuginfod.ubuntu.com /usr/bin/cmake --build /home/jetcobot/venv/mycobot/dev/moon_ws/ros2_ws/build/custom_messeage -- -j4 -l4
[16.014s] DEBUG:colcon.colcon_core.event_handler.log_command:Invoked command in '/home/jetcobot/venv/mycobot/dev/moon_ws/ros2_ws/build/custom_messeage' returned '0': CMAKE_PREFIX_PATH=${CMAKE_PREFIX_PATH}:/home/jetcobot/ros2_ws/install/jetcobot_driver:/home/jetcobot/ros2_ws/install/jetcobot_control:/home/jetcobot/jetcobot_ws/install/jetcobot_ctrl:/opt/ros/jazzy DEBUGINFOD_URLS=https://debuginfod.ubuntu.com /usr/bin/cmake --build /home/jetcobot/venv/mycobot/dev/moon_ws/ros2_ws/build/custom_messeage -- -j4 -l4
[16.035s] DEBUG:colcon.colcon_core.event_handler.log_command:Invoking command in '/home/jetcobot/venv/mycobot/dev/moon_ws/ros2_ws/build/custom_messeage': CMAKE_PREFIX_PATH=${CMAKE_PREFIX_PATH}:/home/jetcobot/ros2_ws/install/jetcobot_driver:/home/jetcobot/ros2_ws/install/jetcobot_control:/home/jetcobot/jetcobot_ws/install/jetcobot_ctrl:/opt/ros/jazzy DEBUGINFOD_URLS=https://debuginfod.ubuntu.com /usr/bin/cmake --install /home/jetcobot/venv/mycobot/dev/moon_ws/ros2_ws/build/custom_messeage
[16.173s] Level 1:colcon.colcon_core.environment:create_environment_scripts_only(custom_messeage)
[16.173s] Level 1:colcon.colcon_core.environment:checking '/home/jetcobot/venv/mycobot/dev/moon_ws/ros2_ws/install/custom_messeage' for CMake module files
[16.173s] DEBUG:colcon.colcon_core.event_handler.log_command:Invoked command in '/home/jetcobot/venv/mycobot/dev/moon_ws/ros2_ws/build/custom_messeage' returned '0': CMAKE_PREFIX_PATH=${CMAKE_PREFIX_PATH}:/home/jetcobot/ros2_ws/install/jetcobot_driver:/home/jetcobot/ros2_ws/install/jetcobot_control:/home/jetcobot/jetcobot_ws/install/jetcobot_ctrl:/opt/ros/jazzy DEBUGINFOD_URLS=https://debuginfod.ubuntu.com /usr/bin/cmake --install /home/jetcobot/venv/mycobot/dev/moon_ws/ros2_ws/build/custom_messeage
[16.174s] Level 1:colcon.colcon_core.environment:checking '/home/jetcobot/venv/mycobot/dev/moon_ws/ros2_ws/install/custom_messeage' for CMake config files
[16.175s] Level 1:colcon.colcon_core.shell:create_environment_hook('custom_messeage', 'cmake_prefix_path')
[16.175s] INFO:colcon.colcon_core.shell:Creating environment hook '/home/jetcobot/venv/mycobot/dev/moon_ws/ros2_ws/install/custom_messeage/share/custom_messeage/hook/cmake_prefix_path.ps1'
[16.176s] INFO:colcon.colcon_core.shell:Creating environment descriptor '/home/jetcobot/venv/mycobot/dev/moon_ws/ros2_ws/install/custom_messeage/share/custom_messeage/hook/cmake_prefix_path.dsv'
[16.176s] INFO:colcon.colcon_core.shell:Creating environment hook '/home/jetcobot/venv/mycobot/dev/moon_ws/ros2_ws/install/custom_messeage/share/custom_messeage/hook/cmake_prefix_path.sh'
[16.177s] Level 1:colcon.colcon_core.environment:checking '/home/jetcobot/venv/mycobot/dev/moon_ws/ros2_ws/install/custom_messeage/lib'
[16.177s] Level 1:colcon.colcon_core.shell:create_environment_hook('custom_messeage', 'ld_library_path_lib')
[16.177s] INFO:colcon.colcon_core.shell:Creating environment hook '/home/jetcobot/venv/mycobot/dev/moon_ws/ros2_ws/install/custom_messeage/share/custom_messeage/hook/ld_library_path_lib.ps1'
[16.178s] INFO:colcon.colcon_core.shell:Creating environment descriptor '/home/jetcobot/venv/mycobot/dev/moon_ws/ros2_ws/install/custom_messeage/share/custom_messeage/hook/ld_library_path_lib.dsv'
[16.178s] INFO:colcon.colcon_core.shell:Creating environment hook '/home/jetcobot/venv/mycobot/dev/moon_ws/ros2_ws/install/custom_messeage/share/custom_messeage/hook/ld_library_path_lib.sh'
[16.178s] Level 1:colcon.colcon_core.environment:checking '/home/jetcobot/venv/mycobot/dev/moon_ws/ros2_ws/install/custom_messeage/bin'
[16.179s] Level 1:colcon.colcon_core.environment:checking '/home/jetcobot/venv/mycobot/dev/moon_ws/ros2_ws/install/custom_messeage/lib/pkgconfig/custom_messeage.pc'
[16.179s] Level 1:colcon.colcon_core.environment:checking '/home/jetcobot/venv/mycobot/dev/moon_ws/ros2_ws/install/custom_messeage/lib/python3.12/site-packages'
[16.179s] Level 1:colcon.colcon_core.shell:create_environment_hook('custom_messeage', 'pythonpath')
[16.179s] INFO:colcon.colcon_core.shell:Creating environment hook '/home/jetcobot/venv/mycobot/dev/moon_ws/ros2_ws/install/custom_messeage/share/custom_messeage/hook/pythonpath.ps1'
[16.180s] INFO:colcon.colcon_core.shell:Creating environment descriptor '/home/jetcobot/venv/mycobot/dev/moon_ws/ros2_ws/install/custom_messeage/share/custom_messeage/hook/pythonpath.dsv'
[16.181s] INFO:colcon.colcon_core.shell:Creating environment hook '/home/jetcobot/venv/mycobot/dev/moon_ws/ros2_ws/install/custom_messeage/share/custom_messeage/hook/pythonpath.sh'
[16.182s] Level 1:colcon.colcon_core.environment:checking '/home/jetcobot/venv/mycobot/dev/moon_ws/ros2_ws/install/custom_messeage/bin'
[16.182s] INFO:colcon.colcon_core.shell:Creating package script '/home/jetcobot/venv/mycobot/dev/moon_ws/ros2_ws/install/custom_messeage/share/custom_messeage/package.ps1'
[16.183s] INFO:colcon.colcon_core.shell:Creating package descriptor '/home/jetcobot/venv/mycobot/dev/moon_ws/ros2_ws/install/custom_messeage/share/custom_messeage/package.dsv'
[16.184s] INFO:colcon.colcon_core.shell:Creating package script '/home/jetcobot/venv/mycobot/dev/moon_ws/ros2_ws/install/custom_messeage/share/custom_messeage/package.sh'
[16.184s] INFO:colcon.colcon_core.shell:Creating package script '/home/jetcobot/venv/mycobot/dev/moon_ws/ros2_ws/install/custom_messeage/share/custom_messeage/package.bash'
[16.185s] INFO:colcon.colcon_core.shell:Creating package script '/home/jetcobot/venv/mycobot/dev/moon_ws/ros2_ws/install/custom_messeage/share/custom_messeage/package.zsh'
[16.185s] Level 1:colcon.colcon_core.environment:create_file_with_runtime_dependencies(/home/jetcobot/venv/mycobot/dev/moon_ws/ros2_ws/install/custom_messeage/share/colcon-core/packages/custom_messeage)
[16.186s] Level 1:colcon.colcon_core.environment:create_environment_scripts_only(custom_messeage)
[16.186s] Level 1:colcon.colcon_core.environment:checking '/home/jetcobot/venv/mycobot/dev/moon_ws/ros2_ws/install/custom_messeage' for CMake module files
[16.187s] Level 1:colcon.colcon_core.environment:checking '/home/jetcobot/venv/mycobot/dev/moon_ws/ros2_ws/install/custom_messeage' for CMake config files
[16.188s] Level 1:colcon.colcon_core.shell:create_environment_hook('custom_messeage', 'cmake_prefix_path')
[16.188s] INFO:colcon.colcon_core.shell:Creating environment hook '/home/jetcobot/venv/mycobot/dev/moon_ws/ros2_ws/install/custom_messeage/share/custom_messeage/hook/cmake_prefix_path.ps1'
[16.190s] INFO:colcon.colcon_core.shell:Creating environment descriptor '/home/jetcobot/venv/mycobot/dev/moon_ws/ros2_ws/install/custom_messeage/share/custom_messeage/hook/cmake_prefix_path.dsv'
[16.191s] INFO:colcon.colcon_core.shell:Creating environment hook '/home/jetcobot/venv/mycobot/dev/moon_ws/ros2_ws/install/custom_messeage/share/custom_messeage/hook/cmake_prefix_path.sh'
[16.193s] Level 1:colcon.colcon_core.environment:checking '/home/jetcobot/venv/mycobot/dev/moon_ws/ros2_ws/install/custom_messeage/lib'
[16.193s] Level 1:colcon.colcon_core.shell:create_environment_hook('custom_messeage', 'ld_library_path_lib')
[16.193s] INFO:colcon.colcon_core.shell:Creating environment hook '/home/jetcobot/venv/mycobot/dev/moon_ws/ros2_ws/install/custom_messeage/share/custom_messeage/hook/ld_library_path_lib.ps1'
[16.194s] INFO:colcon.colcon_core.shell:Creating environment descriptor '/home/jetcobot/venv/mycobot/dev/moon_ws/ros2_ws/install/custom_messeage/share/custom_messeage/hook/ld_library_path_lib.dsv'
[16.197s] INFO:colcon.colcon_core.shell:Creating environment hook '/home/jetcobot/venv/mycobot/dev/moon_ws/ros2_ws/install/custom_messeage/share/custom_messeage/hook/ld_library_path_lib.sh'
[16.198s] Level 1:colcon.colcon_core.environment:checking '/home/jetcobot/venv/mycobot/dev/moon_ws/ros2_ws/install/custom_messeage/bin'
[16.199s] Level 1:colcon.colcon_core.environment:checking '/home/jetcobot/venv/mycobot/dev/moon_ws/ros2_ws/install/custom_messeage/lib/pkgconfig/custom_messeage.pc'
[16.199s] Level 1:colcon.colcon_core.environment:checking '/home/jetcobot/venv/mycobot/dev/moon_ws/ros2_ws/install/custom_messeage/lib/python3.12/site-packages'
[16.199s] Level 1:colcon.colcon_core.shell:create_environment_hook('custom_messeage', 'pythonpath')
[16.199s] INFO:colcon.colcon_core.shell:Creating environment hook '/home/jetcobot/venv/mycobot/dev/moon_ws/ros2_ws/install/custom_messeage/share/custom_messeage/hook/pythonpath.ps1'
[16.200s] INFO:colcon.colcon_core.shell:Creating environment descriptor '/home/jetcobot/venv/mycobot/dev/moon_ws/ros2_ws/install/custom_messeage/share/custom_messeage/hook/pythonpath.dsv'
[16.201s] INFO:colcon.colcon_core.shell:Creating environment hook '/home/jetcobot/venv/mycobot/dev/moon_ws/ros2_ws/install/custom_messeage/share/custom_messeage/hook/pythonpath.sh'
[16.203s] Level 1:colcon.colcon_core.environment:checking '/home/jetcobot/venv/mycobot/dev/moon_ws/ros2_ws/install/custom_messeage/bin'
[16.203s] INFO:colcon.colcon_core.shell:Creating package script '/home/jetcobot/venv/mycobot/dev/moon_ws/ros2_ws/install/custom_messeage/share/custom_messeage/package.ps1'
[16.204s] INFO:colcon.colcon_core.shell:Creating package descriptor '/home/jetcobot/venv/mycobot/dev/moon_ws/ros2_ws/install/custom_messeage/share/custom_messeage/package.dsv'
[16.205s] INFO:colcon.colcon_core.shell:Creating package script '/home/jetcobot/venv/mycobot/dev/moon_ws/ros2_ws/install/custom_messeage/share/custom_messeage/package.sh'
[16.207s] INFO:colcon.colcon_core.shell:Creating package script '/home/jetcobot/venv/mycobot/dev/moon_ws/ros2_ws/install/custom_messeage/share/custom_messeage/package.bash'
[16.208s] INFO:colcon.colcon_core.shell:Creating package script '/home/jetcobot/venv/mycobot/dev/moon_ws/ros2_ws/install/custom_messeage/share/custom_messeage/package.zsh'
[16.209s] Level 1:colcon.colcon_core.environment:create_file_with_runtime_dependencies(/home/jetcobot/venv/mycobot/dev/moon_ws/ros2_ws/install/custom_messeage/share/colcon-core/packages/custom_messeage)
[16.210s] DEBUG:colcon.colcon_parallel_executor.executor.parallel:closing loop
[16.211s] DEBUG:colcon.colcon_parallel_executor.executor.parallel:loop closed
[16.211s] DEBUG:colcon.colcon_parallel_executor.executor.parallel:run_until_complete finished with '0'
[16.211s] DEBUG:colcon.colcon_core.event_reactor:joining thread
[16.251s] INFO:colcon.colcon_core.plugin_system:Skipping extension 'colcon_notification.desktop_notification.terminal_notifier': Not used on non-Darwin systems
[16.251s] INFO:colcon.colcon_core.plugin_system:Skipping extension 'colcon_notification.desktop_notification.win32': Not used on non-Windows systems
[16.251s] INFO:colcon.colcon_notification.desktop_notification:Sending desktop notification using 'notify2'
[16.253s] DEBUG:colcon.colcon_notification.desktop_notification.notify2:Failed to initialize notify2: org.freedesktop.DBus.Error.ServiceUnknown: The name org.freedesktop.Notifications was not provided by any .service files
[16.253s] DEBUG:colcon.colcon_core.event_reactor:joined thread
[16.253s] INFO:colcon.colcon_core.shell:Creating prefix script '/home/jetcobot/venv/mycobot/dev/moon_ws/ros2_ws/install/local_setup.ps1'
[16.254s] INFO:colcon.colcon_core.shell:Creating prefix util module '/home/jetcobot/venv/mycobot/dev/moon_ws/ros2_ws/install/_local_setup_util_ps1.py'
[16.256s] INFO:colcon.colcon_core.shell:Creating prefix chain script '/home/jetcobot/venv/mycobot/dev/moon_ws/ros2_ws/install/setup.ps1'
[16.257s] INFO:colcon.colcon_core.shell:Creating prefix script '/home/jetcobot/venv/mycobot/dev/moon_ws/ros2_ws/install/local_setup.sh'
[16.258s] INFO:colcon.colcon_core.shell:Creating prefix util module '/home/jetcobot/venv/mycobot/dev/moon_ws/ros2_ws/install/_local_setup_util_sh.py'
[16.259s] INFO:colcon.colcon_core.shell:Creating prefix chain script '/home/jetcobot/venv/mycobot/dev/moon_ws/ros2_ws/install/setup.sh'
[16.260s] INFO:colcon.colcon_core.shell:Creating prefix script '/home/jetcobot/venv/mycobot/dev/moon_ws/ros2_ws/install/local_setup.bash'
[16.261s] INFO:colcon.colcon_core.shell:Creating prefix chain script '/home/jetcobot/venv/mycobot/dev/moon_ws/ros2_ws/install/setup.bash'
[16.262s] INFO:colcon.colcon_core.shell:Creating prefix script '/home/jetcobot/venv/mycobot/dev/moon_ws/ros2_ws/install/local_setup.zsh'
[16.263s] INFO:colcon.colcon_core.shell:Creating prefix chain script '/home/jetcobot/venv/mycobot/dev/moon_ws/ros2_ws/install/setup.zsh'
