[0.034s] Invoking command in '/home/jetcobot/sun_ws/ros2_ws/build/custom_messeage': CMAKE_PREFIX_PATH=${CMAKE_PREFIX_PATH}:/home/jetcobot/sun_ws/ros2_ws/install/pick_and_place:/home/jetcobot/CJ_ws/jetcobot_rotus/install/jetcobot_driver:/opt/ros/jazzy DEBUGINFOD_URLS=https://debuginfod.ubuntu.com /usr/bin/cmake --build /home/jetcobot/sun_ws/ros2_ws/build/custom_messeage -- -j4 -l4
[0.593s] [  2%] Built target custom_messeage__rosidl_generator_type_description
[0.593s] [  2%] Built target ament_cmake_python_symlink_custom_messeage
[0.594s] [ 17%] Built target custom_messeage__rosidl_generator_c
[0.594s] [ 20%] Built target custom_messeage__cpp
[0.594s] [ 29%] Built target custom_messeage__rosidl_typesupport_introspection_c
[0.594s] [ 38%] Built target custom_messeage__rosidl_typesupport_fastrtps_c
[0.594s] [ 47%] Built target custom_messeage__rosidl_typesupport_c
[0.594s] [ 55%] Built target custom_messeage__rosidl_typesupport_fastrtps_cpp
[0.594s] [ 64%] Built target custom_messeage__rosidl_typesupport_introspection_cpp
[0.594s] [ 73%] Built target custom_messeage__rosidl_typesupport_cpp
[0.594s] [ 73%] Built target custom_messeage
[0.595s] [ 76%] Built target custom_messeage__py
[0.595s] [ 82%] Built target custom_messeage__rosidl_generator_py
[0.595s] [ 88%] Built target custom_messeage_s__rosidl_typesupport_fastrtps_c
[0.620s] [ 94%] Built target custom_messeage_s__rosidl_typesupport_c
[0.629s] [100%] Built target custom_messeage_s__rosidl_typesupport_introspection_c
[0.671s] running egg_info
[0.716s] writing custom_messeage.egg-info/PKG-INFO
[0.717s] writing dependency_links to custom_messeage.egg-info/dependency_links.txt
[0.718s] writing top-level names to custom_messeage.egg-info/top_level.txt
[0.892s] reading manifest file 'custom_messeage.egg-info/SOURCES.txt'
[0.893s] writing manifest file 'custom_messeage.egg-info/SOURCES.txt'
[1.070s] [100%] Built target ament_cmake_python_build_custom_messeage_egg
[1.103s] Invoked command in '/home/jetcobot/sun_ws/ros2_ws/build/custom_messeage' returned '0': CMAKE_PREFIX_PATH=${CMAKE_PREFIX_PATH}:/home/jetcobot/sun_ws/ros2_ws/install/pick_and_place:/home/jetcobot/CJ_ws/jetcobot_rotus/install/jetcobot_driver:/opt/ros/jazzy DEBUGINFOD_URLS=https://debuginfod.ubuntu.com /usr/bin/cmake --build /home/jetcobot/sun_ws/ros2_ws/build/custom_messeage -- -j4 -l4
[1.133s] Invoking command in '/home/jetcobot/sun_ws/ros2_ws/build/custom_messeage': CMAKE_PREFIX_PATH=${CMAKE_PREFIX_PATH}:/home/jetcobot/sun_ws/ros2_ws/install/pick_and_place:/home/jetcobot/CJ_ws/jetcobot_rotus/install/jetcobot_driver:/opt/ros/jazzy DEBUGINFOD_URLS=https://debuginfod.ubuntu.com /usr/bin/cmake --install /home/jetcobot/sun_ws/ros2_ws/build/custom_messeage
[1.152s] -- Install configuration: ""
[1.156s] -- Execute custom install script
[1.157s] -- Up-to-date symlink: /home/jetcobot/sun_ws/ros2_ws/install/custom_messeage/share/ament_index/resource_index/rosidl_interfaces/custom_messeage
[1.157s] -- Up-to-date symlink: /home/jetcobot/sun_ws/ros2_ws/install/custom_messeage/share/custom_messeage/srv/RobotArmRequest.json
[1.157s] -- Up-to-date symlink: /home/jetcobot/sun_ws/ros2_ws/install/custom_messeage/include/custom_messeage/custom_messeage/msg/rosidl_generator_c__visibility_control.h
[1.158s] -- Up-to-date symlink: /home/jetcobot/sun_ws/ros2_ws/install/custom_messeage/include/custom_messeage/custom_messeage/srv/detail/robot_arm_request__functions.h
[1.158s] -- Up-to-date symlink: /home/jetcobot/sun_ws/ros2_ws/install/custom_messeage/include/custom_messeage/custom_messeage/srv/detail/robot_arm_request__struct.h
[1.159s] -- Up-to-date symlink: /home/jetcobot/sun_ws/ros2_ws/install/custom_messeage/include/custom_messeage/custom_messeage/srv/detail/robot_arm_request__type_support.h
[1.160s] -- Up-to-date symlink: /home/jetcobot/sun_ws/ros2_ws/install/custom_messeage/include/custom_messeage/custom_messeage/srv/robot_arm_request.h
[1.160s] -- Up-to-date symlink: /home/jetcobot/sun_ws/ros2_ws/install/custom_messeage/share/custom_messeage/environment/library_path.sh
[1.161s] -- Up-to-date symlink: /home/jetcobot/sun_ws/ros2_ws/install/custom_messeage/share/custom_messeage/environment/library_path.dsv
[1.162s] -- Up-to-date symlink: /home/jetcobot/sun_ws/ros2_ws/install/custom_messeage/include/custom_messeage/custom_messeage/msg/rosidl_typesupport_fastrtps_c__visibility_control.h
[1.163s] -- Up-to-date symlink: /home/jetcobot/sun_ws/ros2_ws/install/custom_messeage/include/custom_messeage/custom_messeage/srv/detail/robot_arm_request__rosidl_typesupport_fastrtps_c.h
[1.164s] -- Up-to-date symlink: /home/jetcobot/sun_ws/ros2_ws/install/custom_messeage/include/custom_messeage/custom_messeage/msg/rosidl_typesupport_introspection_c__visibility_control.h
[1.165s] -- Up-to-date symlink: /home/jetcobot/sun_ws/ros2_ws/install/custom_messeage/include/custom_messeage/custom_messeage/srv/detail/robot_arm_request__rosidl_typesupport_introspection_c.h
[1.165s] -- Up-to-date symlink: /home/jetcobot/sun_ws/ros2_ws/install/custom_messeage/include/custom_messeage/custom_messeage/msg/rosidl_generator_cpp__visibility_control.hpp
[1.166s] -- Up-to-date symlink: /home/jetcobot/sun_ws/ros2_ws/install/custom_messeage/include/custom_messeage/custom_messeage/srv/detail/robot_arm_request__builder.hpp
[1.167s] -- Up-to-date symlink: /home/jetcobot/sun_ws/ros2_ws/install/custom_messeage/include/custom_messeage/custom_messeage/srv/detail/robot_arm_request__struct.hpp
[1.167s] -- Up-to-date symlink: /home/jetcobot/sun_ws/ros2_ws/install/custom_messeage/include/custom_messeage/custom_messeage/srv/detail/robot_arm_request__traits.hpp
[1.167s] -- Up-to-date symlink: /home/jetcobot/sun_ws/ros2_ws/install/custom_messeage/include/custom_messeage/custom_messeage/srv/detail/robot_arm_request__type_support.hpp
[1.168s] -- Up-to-date symlink: /home/jetcobot/sun_ws/ros2_ws/install/custom_messeage/include/custom_messeage/custom_messeage/srv/robot_arm_request.hpp
[1.169s] -- Up-to-date symlink: /home/jetcobot/sun_ws/ros2_ws/install/custom_messeage/include/custom_messeage/custom_messeage/msg/rosidl_typesupport_fastrtps_cpp__visibility_control.h
[1.169s] -- Up-to-date symlink: /home/jetcobot/sun_ws/ros2_ws/install/custom_messeage/include/custom_messeage/custom_messeage/srv/detail/robot_arm_request__rosidl_typesupport_fastrtps_cpp.hpp
[1.171s] -- Up-to-date symlink: /home/jetcobot/sun_ws/ros2_ws/install/custom_messeage/include/custom_messeage/custom_messeage/srv/detail/robot_arm_request__rosidl_typesupport_introspection_cpp.hpp
[1.171s] -- Up-to-date symlink: /home/jetcobot/sun_ws/ros2_ws/install/custom_messeage/share/custom_messeage/environment/pythonpath.sh
[1.172s] -- Up-to-date symlink: /home/jetcobot/sun_ws/ros2_ws/install/custom_messeage/share/custom_messeage/environment/pythonpath.dsv
[1.172s] -- Up-to-date symlink: /home/jetcobot/sun_ws/ros2_ws/install/custom_messeage/lib/python3.12/site-packages/custom_messeage-0.0.0-py3.12.egg-info/PKG-INFO
[1.172s] -- Up-to-date symlink: /home/jetcobot/sun_ws/ros2_ws/install/custom_messeage/lib/python3.12/site-packages/custom_messeage-0.0.0-py3.12.egg-info/SOURCES.txt
[1.172s] -- Up-to-date symlink: /home/jetcobot/sun_ws/ros2_ws/install/custom_messeage/lib/python3.12/site-packages/custom_messeage-0.0.0-py3.12.egg-info/dependency_links.txt
[1.172s] -- Up-to-date symlink: /home/jetcobot/sun_ws/ros2_ws/install/custom_messeage/lib/python3.12/site-packages/custom_messeage-0.0.0-py3.12.egg-info/top_level.txt
[1.176s] -- Up-to-date symlink: /home/jetcobot/sun_ws/ros2_ws/install/custom_messeage/lib/python3.12/site-packages/custom_messeage/__init__.py
[1.176s] -- Up-to-date symlink: /home/jetcobot/sun_ws/ros2_ws/install/custom_messeage/lib/python3.12/site-packages/custom_messeage/_custom_messeage_s.ep.rosidl_typesupport_c.c
[1.178s] -- Up-to-date symlink: /home/jetcobot/sun_ws/ros2_ws/install/custom_messeage/lib/python3.12/site-packages/custom_messeage/_custom_messeage_s.ep.rosidl_typesupport_fastrtps_c.c
[1.179s] -- Up-to-date symlink: /home/jetcobot/sun_ws/ros2_ws/install/custom_messeage/lib/python3.12/site-packages/custom_messeage/_custom_messeage_s.ep.rosidl_typesupport_introspection_c.c
[1.179s] -- Up-to-date symlink: /home/jetcobot/sun_ws/ros2_ws/install/custom_messeage/lib/python3.12/site-packages/custom_messeage/custom_messeage_s__rosidl_typesupport_c.so
[1.179s] -- Up-to-date symlink: /home/jetcobot/sun_ws/ros2_ws/install/custom_messeage/lib/python3.12/site-packages/custom_messeage/custom_messeage_s__rosidl_typesupport_fastrtps_c.so
[1.179s] -- Up-to-date symlink: /home/jetcobot/sun_ws/ros2_ws/install/custom_messeage/lib/python3.12/site-packages/custom_messeage/custom_messeage_s__rosidl_typesupport_introspection_c.so
[1.180s] -- Up-to-date symlink: /home/jetcobot/sun_ws/ros2_ws/install/custom_messeage/lib/python3.12/site-packages/custom_messeage/srv/__init__.py
[1.180s] -- Up-to-date symlink: /home/jetcobot/sun_ws/ros2_ws/install/custom_messeage/lib/python3.12/site-packages/custom_messeage/srv/_robot_arm_request.py
[1.180s] -- Up-to-date symlink: /home/jetcobot/sun_ws/ros2_ws/install/custom_messeage/lib/python3.12/site-packages/custom_messeage/srv/_robot_arm_request_s.c
[1.180s] -- Up-to-date symlink: /home/jetcobot/sun_ws/ros2_ws/install/custom_messeage/lib/python3.12/site-packages/custom_messeage/custom_messeage_s__rosidl_typesupport_fastrtps_c.so
[1.180s] -- Up-to-date symlink: /home/jetcobot/sun_ws/ros2_ws/install/custom_messeage/lib/python3.12/site-packages/custom_messeage/custom_messeage_s__rosidl_typesupport_introspection_c.so
[1.180s] -- Up-to-date symlink: /home/jetcobot/sun_ws/ros2_ws/install/custom_messeage/lib/python3.12/site-packages/custom_messeage/custom_messeage_s__rosidl_typesupport_c.so
[1.180s] -- Up-to-date symlink: /home/jetcobot/sun_ws/ros2_ws/install/custom_messeage/share/custom_messeage/srv/RobotArmRequest.idl
[1.180s] -- Up-to-date symlink: /home/jetcobot/sun_ws/ros2_ws/install/custom_messeage/share/custom_messeage/srv/RobotArmRequest.srv
[1.186s] -- Up-to-date symlink: /home/jetcobot/sun_ws/ros2_ws/install/custom_messeage/share/ament_index/resource_index/package_run_dependencies/custom_messeage
[1.187s] -- Up-to-date symlink: /home/jetcobot/sun_ws/ros2_ws/install/custom_messeage/share/ament_index/resource_index/parent_prefix_path/custom_messeage
[1.188s] -- Up-to-date symlink: /home/jetcobot/sun_ws/ros2_ws/install/custom_messeage/share/custom_messeage/environment/ament_prefix_path.sh
[1.189s] -- Up-to-date symlink: /home/jetcobot/sun_ws/ros2_ws/install/custom_messeage/share/custom_messeage/environment/ament_prefix_path.dsv
[1.189s] -- Up-to-date symlink: /home/jetcobot/sun_ws/ros2_ws/install/custom_messeage/share/custom_messeage/environment/path.sh
[1.189s] -- Up-to-date symlink: /home/jetcobot/sun_ws/ros2_ws/install/custom_messeage/share/custom_messeage/environment/path.dsv
[1.189s] -- Up-to-date symlink: /home/jetcobot/sun_ws/ros2_ws/install/custom_messeage/share/custom_messeage/local_setup.bash
[1.189s] -- Up-to-date symlink: /home/jetcobot/sun_ws/ros2_ws/install/custom_messeage/share/custom_messeage/local_setup.sh
[1.189s] -- Up-to-date symlink: /home/jetcobot/sun_ws/ros2_ws/install/custom_messeage/share/custom_messeage/local_setup.zsh
[1.189s] -- Up-to-date symlink: /home/jetcobot/sun_ws/ros2_ws/install/custom_messeage/share/custom_messeage/local_setup.dsv
[1.189s] -- Symlinking: /home/jetcobot/sun_ws/ros2_ws/install/custom_messeage/share/custom_messeage/package.dsv
[1.205s] -- Up-to-date symlink: /home/jetcobot/sun_ws/ros2_ws/install/custom_messeage/share/ament_index/resource_index/packages/custom_messeage
[1.206s] -- Up-to-date symlink: /home/jetcobot/sun_ws/ros2_ws/install/custom_messeage/share/custom_messeage/cmake/rosidl_cmake-extras.cmake
[1.207s] -- Up-to-date symlink: /home/jetcobot/sun_ws/ros2_ws/install/custom_messeage/share/custom_messeage/cmake/ament_cmake_export_dependencies-extras.cmake
[1.207s] -- Up-to-date symlink: /home/jetcobot/sun_ws/ros2_ws/install/custom_messeage/share/custom_messeage/cmake/ament_cmake_export_include_directories-extras.cmake
[1.210s] -- Up-to-date symlink: /home/jetcobot/sun_ws/ros2_ws/install/custom_messeage/share/custom_messeage/cmake/ament_cmake_export_libraries-extras.cmake
[1.211s] -- Up-to-date symlink: /home/jetcobot/sun_ws/ros2_ws/install/custom_messeage/share/custom_messeage/cmake/ament_cmake_export_targets-extras.cmake
[1.211s] -- Up-to-date symlink: /home/jetcobot/sun_ws/ros2_ws/install/custom_messeage/share/custom_messeage/cmake/rosidl_cmake_export_typesupport_targets-extras.cmake
[1.211s] -- Up-to-date symlink: /home/jetcobot/sun_ws/ros2_ws/install/custom_messeage/share/custom_messeage/cmake/rosidl_cmake_export_typesupport_libraries-extras.cmake
[1.211s] -- Up-to-date symlink: /home/jetcobot/sun_ws/ros2_ws/install/custom_messeage/share/custom_messeage/cmake/custom_messeageConfig.cmake
[1.211s] -- Up-to-date symlink: /home/jetcobot/sun_ws/ros2_ws/install/custom_messeage/share/custom_messeage/cmake/custom_messeageConfig-version.cmake
[1.211s] -- Up-to-date symlink: /home/jetcobot/sun_ws/ros2_ws/install/custom_messeage/share/custom_messeage/package.xml
[1.211s] -- Up-to-date: /home/jetcobot/sun_ws/ros2_ws/install/custom_messeage/lib/libcustom_messeage__rosidl_generator_c.so
[1.211s] -- Up-to-date: /home/jetcobot/sun_ws/ros2_ws/install/custom_messeage/lib/libcustom_messeage__rosidl_typesupport_fastrtps_c.so
[1.216s] -- Up-to-date: /home/jetcobot/sun_ws/ros2_ws/install/custom_messeage/lib/libcustom_messeage__rosidl_typesupport_introspection_c.so
[1.216s] -- Up-to-date: /home/jetcobot/sun_ws/ros2_ws/install/custom_messeage/lib/libcustom_messeage__rosidl_typesupport_c.so
[1.216s] -- Up-to-date: /home/jetcobot/sun_ws/ros2_ws/install/custom_messeage/lib/libcustom_messeage__rosidl_typesupport_fastrtps_cpp.so
[1.216s] -- Up-to-date: /home/jetcobot/sun_ws/ros2_ws/install/custom_messeage/lib/libcustom_messeage__rosidl_typesupport_introspection_cpp.so
[1.216s] -- Up-to-date: /home/jetcobot/sun_ws/ros2_ws/install/custom_messeage/lib/libcustom_messeage__rosidl_typesupport_cpp.so
[1.297s] Listing '/home/jetcobot/sun_ws/ros2_ws/install/custom_messeage/lib/python3.12/site-packages/custom_messeage'...
[1.297s] Listing '/home/jetcobot/sun_ws/ros2_ws/install/custom_messeage/lib/python3.12/site-packages/custom_messeage/srv'...
[1.317s] -- Up-to-date: /home/jetcobot/sun_ws/ros2_ws/install/custom_messeage/lib/libcustom_messeage__rosidl_generator_py.so
[1.320s] -- Up-to-date: /home/jetcobot/sun_ws/ros2_ws/install/custom_messeage/share/custom_messeage/cmake/export_custom_messeage__rosidl_generator_cExport.cmake
[1.321s] -- Up-to-date: /home/jetcobot/sun_ws/ros2_ws/install/custom_messeage/share/custom_messeage/cmake/export_custom_messeage__rosidl_generator_cExport-noconfig.cmake
[1.322s] -- Up-to-date: /home/jetcobot/sun_ws/ros2_ws/install/custom_messeage/share/custom_messeage/cmake/export_custom_messeage__rosidl_typesupport_fastrtps_cExport.cmake
[1.324s] -- Up-to-date: /home/jetcobot/sun_ws/ros2_ws/install/custom_messeage/share/custom_messeage/cmake/export_custom_messeage__rosidl_typesupport_fastrtps_cExport-noconfig.cmake
[1.326s] -- Up-to-date: /home/jetcobot/sun_ws/ros2_ws/install/custom_messeage/share/custom_messeage/cmake/custom_messeage__rosidl_typesupport_introspection_cExport.cmake
[1.327s] -- Up-to-date: /home/jetcobot/sun_ws/ros2_ws/install/custom_messeage/share/custom_messeage/cmake/custom_messeage__rosidl_typesupport_introspection_cExport-noconfig.cmake
[1.328s] -- Up-to-date: /home/jetcobot/sun_ws/ros2_ws/install/custom_messeage/share/custom_messeage/cmake/custom_messeage__rosidl_typesupport_cExport.cmake
[1.331s] -- Up-to-date: /home/jetcobot/sun_ws/ros2_ws/install/custom_messeage/share/custom_messeage/cmake/custom_messeage__rosidl_typesupport_cExport-noconfig.cmake
[1.332s] -- Up-to-date: /home/jetcobot/sun_ws/ros2_ws/install/custom_messeage/share/custom_messeage/cmake/export_custom_messeage__rosidl_generator_cppExport.cmake
[1.332s] -- Up-to-date: /home/jetcobot/sun_ws/ros2_ws/install/custom_messeage/share/custom_messeage/cmake/export_custom_messeage__rosidl_typesupport_fastrtps_cppExport.cmake
[1.332s] -- Up-to-date: /home/jetcobot/sun_ws/ros2_ws/install/custom_messeage/share/custom_messeage/cmake/export_custom_messeage__rosidl_typesupport_fastrtps_cppExport-noconfig.cmake
[1.332s] -- Up-to-date: /home/jetcobot/sun_ws/ros2_ws/install/custom_messeage/share/custom_messeage/cmake/custom_messeage__rosidl_typesupport_introspection_cppExport.cmake
[1.332s] -- Up-to-date: /home/jetcobot/sun_ws/ros2_ws/install/custom_messeage/share/custom_messeage/cmake/custom_messeage__rosidl_typesupport_introspection_cppExport-noconfig.cmake
[1.332s] -- Up-to-date: /home/jetcobot/sun_ws/ros2_ws/install/custom_messeage/share/custom_messeage/cmake/custom_messeage__rosidl_typesupport_cppExport.cmake
[1.332s] -- Up-to-date: /home/jetcobot/sun_ws/ros2_ws/install/custom_messeage/share/custom_messeage/cmake/custom_messeage__rosidl_typesupport_cppExport-noconfig.cmake
[1.333s] -- Up-to-date: /home/jetcobot/sun_ws/ros2_ws/install/custom_messeage/share/custom_messeage/cmake/export_custom_messeage__rosidl_generator_pyExport.cmake
[1.333s] -- Up-to-date: /home/jetcobot/sun_ws/ros2_ws/install/custom_messeage/share/custom_messeage/cmake/export_custom_messeage__rosidl_generator_pyExport-noconfig.cmake
[1.343s] Invoked command in '/home/jetcobot/sun_ws/ros2_ws/build/custom_messeage' returned '0': CMAKE_PREFIX_PATH=${CMAKE_PREFIX_PATH}:/home/jetcobot/sun_ws/ros2_ws/install/pick_and_place:/home/jetcobot/CJ_ws/jetcobot_rotus/install/jetcobot_driver:/opt/ros/jazzy DEBUGINFOD_URLS=https://debuginfod.ubuntu.com /usr/bin/cmake --install /home/jetcobot/sun_ws/ros2_ws/build/custom_messeage
