[0.028s] Invoking command in '/home/jetcobot/venv/mycobot/dev/moon_ws/ros2_ws/build/custom_messeage': CMAKE_PREFIX_PATH=${CMAKE_PREFIX_PATH}:/home/jetcobot/venv/mycobot/dev/moon_ws/ros2_ws/install/pick_and_place:/home/jetcobot/ros2_ws/install/jetcobot_driver:/home/jetcobot/ros2_ws/install/jetcobot_control:/home/jetcobot/jetcobot_ws/install/jetcobot_ctrl:/opt/ros/jazzy DEBUGINFOD_URLS=https://debuginfod.ubuntu.com /usr/bin/cmake --build /home/jetcobot/venv/mycobot/dev/moon_ws/ros2_ws/build/custom_messeage -- -j4 -l4
[0.145s] [  2%] Built target custom_messeage__rosidl_generator_type_description
[0.179s] [  2%] Built target ament_cmake_python_copy_custom_messeage
[0.210s] [ 11%] Built target custom_messeage__cpp
[0.211s] [ 20%] Built target custom_messeage__rosidl_generator_c
[0.285s] [ 29%] Built target custom_messeage__rosidl_typesupport_fastrtps_cpp
[0.295s] [ 38%] Built target custom_messeage__rosidl_typesupport_cpp
[0.334s] [ 47%] Built target custom_messeage__rosidl_typesupport_introspection_cpp
[0.403s] [ 55%] Built target custom_messeage__rosidl_typesupport_fastrtps_c
[0.409s] [ 64%] Built target custom_messeage__rosidl_typesupport_introspection_c
[0.412s] [ 73%] Built target custom_messeage__rosidl_typesupport_c
[0.467s] [ 73%] Built target custom_messeage
[0.510s] [ 76%] Built target custom_messeage__py
[0.572s] [ 82%] Built target custom_messeage__rosidl_generator_py
[0.663s] [ 88%] Built target custom_messeage_s__rosidl_typesupport_c
[0.676s] [100%] Built target custom_messeage_s__rosidl_typesupport_introspection_c
[0.677s] [100%] Built target custom_messeage_s__rosidl_typesupport_fastrtps_c
[0.712s] running egg_info
[0.752s] writing custom_messeage.egg-info/PKG-INFO
[0.753s] writing dependency_links to custom_messeage.egg-info/dependency_links.txt
[0.753s] writing top-level names to custom_messeage.egg-info/top_level.txt
[0.877s] reading manifest file 'custom_messeage.egg-info/SOURCES.txt'
[0.878s] writing manifest file 'custom_messeage.egg-info/SOURCES.txt'
[0.964s] [100%] Built target ament_cmake_python_build_custom_messeage_egg
[0.990s] Invoked command in '/home/jetcobot/venv/mycobot/dev/moon_ws/ros2_ws/build/custom_messeage' returned '0': CMAKE_PREFIX_PATH=${CMAKE_PREFIX_PATH}:/home/jetcobot/venv/mycobot/dev/moon_ws/ros2_ws/install/pick_and_place:/home/jetcobot/ros2_ws/install/jetcobot_driver:/home/jetcobot/ros2_ws/install/jetcobot_control:/home/jetcobot/jetcobot_ws/install/jetcobot_ctrl:/opt/ros/jazzy DEBUGINFOD_URLS=https://debuginfod.ubuntu.com /usr/bin/cmake --build /home/jetcobot/venv/mycobot/dev/moon_ws/ros2_ws/build/custom_messeage -- -j4 -l4
[1.011s] Invoking command in '/home/jetcobot/venv/mycobot/dev/moon_ws/ros2_ws/build/custom_messeage': CMAKE_PREFIX_PATH=${CMAKE_PREFIX_PATH}:/home/jetcobot/venv/mycobot/dev/moon_ws/ros2_ws/install/pick_and_place:/home/jetcobot/ros2_ws/install/jetcobot_driver:/home/jetcobot/ros2_ws/install/jetcobot_control:/home/jetcobot/jetcobot_ws/install/jetcobot_ctrl:/opt/ros/jazzy DEBUGINFOD_URLS=https://debuginfod.ubuntu.com /usr/bin/cmake --install /home/jetcobot/venv/mycobot/dev/moon_ws/ros2_ws/build/custom_messeage
[1.030s] -- Install configuration: ""
[1.030s] -- Up-to-date: /home/jetcobot/venv/mycobot/dev/moon_ws/ros2_ws/install/custom_messeage/share/ament_index/resource_index/rosidl_interfaces/custom_messeage
[1.030s] -- Up-to-date: /home/jetcobot/venv/mycobot/dev/moon_ws/ros2_ws/install/custom_messeage/share/custom_messeage/srv/RobotArmRequest.json
[1.031s] -- Up-to-date: /home/jetcobot/venv/mycobot/dev/moon_ws/ros2_ws/install/custom_messeage/include/custom_messeage/custom_messeage
[1.031s] -- Up-to-date: /home/jetcobot/venv/mycobot/dev/moon_ws/ros2_ws/install/custom_messeage/include/custom_messeage/custom_messeage/msg
[1.031s] -- Up-to-date: /home/jetcobot/venv/mycobot/dev/moon_ws/ros2_ws/install/custom_messeage/include/custom_messeage/custom_messeage/msg/rosidl_generator_c__visibility_control.h
[1.031s] -- Up-to-date: /home/jetcobot/venv/mycobot/dev/moon_ws/ros2_ws/install/custom_messeage/include/custom_messeage/custom_messeage/srv
[1.031s] -- Up-to-date: /home/jetcobot/venv/mycobot/dev/moon_ws/ros2_ws/install/custom_messeage/include/custom_messeage/custom_messeage/srv/detail
[1.033s] -- Up-to-date: /home/jetcobot/venv/mycobot/dev/moon_ws/ros2_ws/install/custom_messeage/include/custom_messeage/custom_messeage/srv/detail/robot_arm_request__description.c
[1.033s] -- Installing: /home/jetcobot/venv/mycobot/dev/moon_ws/ros2_ws/install/custom_messeage/include/custom_messeage/custom_messeage/srv/detail/robot_arm_request__type_support.c
[1.034s] -- Up-to-date: /home/jetcobot/venv/mycobot/dev/moon_ws/ros2_ws/install/custom_messeage/include/custom_messeage/custom_messeage/srv/detail/robot_arm_request__functions.h
[1.034s] -- Up-to-date: /home/jetcobot/venv/mycobot/dev/moon_ws/ros2_ws/install/custom_messeage/include/custom_messeage/custom_messeage/srv/detail/robot_arm_request__struct.h
[1.034s] -- Up-to-date: /home/jetcobot/venv/mycobot/dev/moon_ws/ros2_ws/install/custom_messeage/include/custom_messeage/custom_messeage/srv/detail/robot_arm_request__type_support.h
[1.034s] -- Up-to-date: /home/jetcobot/venv/mycobot/dev/moon_ws/ros2_ws/install/custom_messeage/include/custom_messeage/custom_messeage/srv/detail/robot_arm_request__functions.c
[1.034s] -- Up-to-date: /home/jetcobot/venv/mycobot/dev/moon_ws/ros2_ws/install/custom_messeage/include/custom_messeage/custom_messeage/srv/robot_arm_request.h
[1.034s] -- Up-to-date: /home/jetcobot/venv/mycobot/dev/moon_ws/ros2_ws/install/custom_messeage/share/custom_messeage/environment/library_path.sh
[1.034s] -- Up-to-date: /home/jetcobot/venv/mycobot/dev/moon_ws/ros2_ws/install/custom_messeage/share/custom_messeage/environment/library_path.dsv
[1.035s] -- Up-to-date: /home/jetcobot/venv/mycobot/dev/moon_ws/ros2_ws/install/custom_messeage/lib/libcustom_messeage__rosidl_generator_c.so
[1.035s] -- Up-to-date: /home/jetcobot/venv/mycobot/dev/moon_ws/ros2_ws/install/custom_messeage/include/custom_messeage/custom_messeage
[1.035s] -- Up-to-date: /home/jetcobot/venv/mycobot/dev/moon_ws/ros2_ws/install/custom_messeage/include/custom_messeage/custom_messeage/msg
[1.035s] -- Up-to-date: /home/jetcobot/venv/mycobot/dev/moon_ws/ros2_ws/install/custom_messeage/include/custom_messeage/custom_messeage/msg/rosidl_typesupport_fastrtps_c__visibility_control.h
[1.035s] -- Up-to-date: /home/jetcobot/venv/mycobot/dev/moon_ws/ros2_ws/install/custom_messeage/include/custom_messeage/custom_messeage/srv
[1.036s] -- Up-to-date: /home/jetcobot/venv/mycobot/dev/moon_ws/ros2_ws/install/custom_messeage/include/custom_messeage/custom_messeage/srv/detail
[1.036s] -- Up-to-date: /home/jetcobot/venv/mycobot/dev/moon_ws/ros2_ws/install/custom_messeage/include/custom_messeage/custom_messeage/srv/detail/robot_arm_request__rosidl_typesupport_fastrtps_c.h
[1.036s] -- Up-to-date: /home/jetcobot/venv/mycobot/dev/moon_ws/ros2_ws/install/custom_messeage/lib/libcustom_messeage__rosidl_typesupport_fastrtps_c.so
[1.038s] -- Up-to-date: /home/jetcobot/venv/mycobot/dev/moon_ws/ros2_ws/install/custom_messeage/include/custom_messeage/custom_messeage
[1.038s] -- Up-to-date: /home/jetcobot/venv/mycobot/dev/moon_ws/ros2_ws/install/custom_messeage/include/custom_messeage/custom_messeage/msg
[1.038s] -- Up-to-date: /home/jetcobot/venv/mycobot/dev/moon_ws/ros2_ws/install/custom_messeage/include/custom_messeage/custom_messeage/msg/rosidl_typesupport_introspection_c__visibility_control.h
[1.038s] -- Up-to-date: /home/jetcobot/venv/mycobot/dev/moon_ws/ros2_ws/install/custom_messeage/include/custom_messeage/custom_messeage/srv
[1.038s] -- Up-to-date: /home/jetcobot/venv/mycobot/dev/moon_ws/ros2_ws/install/custom_messeage/include/custom_messeage/custom_messeage/srv/detail
[1.038s] -- Up-to-date: /home/jetcobot/venv/mycobot/dev/moon_ws/ros2_ws/install/custom_messeage/include/custom_messeage/custom_messeage/srv/detail/robot_arm_request__rosidl_typesupport_introspection_c.h
[1.039s] -- Installing: /home/jetcobot/venv/mycobot/dev/moon_ws/ros2_ws/install/custom_messeage/include/custom_messeage/custom_messeage/srv/detail/robot_arm_request__type_support.c
[1.040s] -- Up-to-date: /home/jetcobot/venv/mycobot/dev/moon_ws/ros2_ws/install/custom_messeage/lib/libcustom_messeage__rosidl_typesupport_introspection_c.so
[1.040s] -- Up-to-date: /home/jetcobot/venv/mycobot/dev/moon_ws/ros2_ws/install/custom_messeage/lib/libcustom_messeage__rosidl_typesupport_c.so
[1.040s] -- Up-to-date: /home/jetcobot/venv/mycobot/dev/moon_ws/ros2_ws/install/custom_messeage/include/custom_messeage/custom_messeage
[1.040s] -- Up-to-date: /home/jetcobot/venv/mycobot/dev/moon_ws/ros2_ws/install/custom_messeage/include/custom_messeage/custom_messeage/msg
[1.042s] -- Up-to-date: /home/jetcobot/venv/mycobot/dev/moon_ws/ros2_ws/install/custom_messeage/include/custom_messeage/custom_messeage/msg/rosidl_generator_cpp__visibility_control.hpp
[1.042s] -- Up-to-date: /home/jetcobot/venv/mycobot/dev/moon_ws/ros2_ws/install/custom_messeage/include/custom_messeage/custom_messeage/srv
[1.042s] -- Up-to-date: /home/jetcobot/venv/mycobot/dev/moon_ws/ros2_ws/install/custom_messeage/include/custom_messeage/custom_messeage/srv/detail
[1.042s] -- Up-to-date: /home/jetcobot/venv/mycobot/dev/moon_ws/ros2_ws/install/custom_messeage/include/custom_messeage/custom_messeage/srv/detail/robot_arm_request__builder.hpp
[1.042s] -- Up-to-date: /home/jetcobot/venv/mycobot/dev/moon_ws/ros2_ws/install/custom_messeage/include/custom_messeage/custom_messeage/srv/detail/robot_arm_request__type_support.hpp
[1.042s] -- Up-to-date: /home/jetcobot/venv/mycobot/dev/moon_ws/ros2_ws/install/custom_messeage/include/custom_messeage/custom_messeage/srv/detail/robot_arm_request__traits.hpp
[1.043s] -- Up-to-date: /home/jetcobot/venv/mycobot/dev/moon_ws/ros2_ws/install/custom_messeage/include/custom_messeage/custom_messeage/srv/detail/robot_arm_request__struct.hpp
[1.044s] -- Up-to-date: /home/jetcobot/venv/mycobot/dev/moon_ws/ros2_ws/install/custom_messeage/include/custom_messeage/custom_messeage/srv/robot_arm_request.hpp
[1.044s] -- Up-to-date: /home/jetcobot/venv/mycobot/dev/moon_ws/ros2_ws/install/custom_messeage/include/custom_messeage/custom_messeage
[1.044s] -- Up-to-date: /home/jetcobot/venv/mycobot/dev/moon_ws/ros2_ws/install/custom_messeage/include/custom_messeage/custom_messeage/msg
[1.044s] -- Up-to-date: /home/jetcobot/venv/mycobot/dev/moon_ws/ros2_ws/install/custom_messeage/include/custom_messeage/custom_messeage/msg/rosidl_typesupport_fastrtps_cpp__visibility_control.h
[1.044s] -- Up-to-date: /home/jetcobot/venv/mycobot/dev/moon_ws/ros2_ws/install/custom_messeage/include/custom_messeage/custom_messeage/srv
[1.044s] -- Up-to-date: /home/jetcobot/venv/mycobot/dev/moon_ws/ros2_ws/install/custom_messeage/include/custom_messeage/custom_messeage/srv/detail
[1.044s] -- Up-to-date: /home/jetcobot/venv/mycobot/dev/moon_ws/ros2_ws/install/custom_messeage/include/custom_messeage/custom_messeage/srv/detail/dds_fastrtps
[1.044s] -- Up-to-date: /home/jetcobot/venv/mycobot/dev/moon_ws/ros2_ws/install/custom_messeage/include/custom_messeage/custom_messeage/srv/detail/robot_arm_request__rosidl_typesupport_fastrtps_cpp.hpp
[1.044s] -- Up-to-date: /home/jetcobot/venv/mycobot/dev/moon_ws/ros2_ws/install/custom_messeage/lib/libcustom_messeage__rosidl_typesupport_fastrtps_cpp.so
[1.045s] -- Up-to-date: /home/jetcobot/venv/mycobot/dev/moon_ws/ros2_ws/install/custom_messeage/include/custom_messeage/custom_messeage
[1.046s] -- Up-to-date: /home/jetcobot/venv/mycobot/dev/moon_ws/ros2_ws/install/custom_messeage/include/custom_messeage/custom_messeage/srv
[1.046s] -- Up-to-date: /home/jetcobot/venv/mycobot/dev/moon_ws/ros2_ws/install/custom_messeage/include/custom_messeage/custom_messeage/srv/detail
[1.046s] -- Up-to-date: /home/jetcobot/venv/mycobot/dev/moon_ws/ros2_ws/install/custom_messeage/include/custom_messeage/custom_messeage/srv/detail/robot_arm_request__rosidl_typesupport_introspection_cpp.hpp
[1.046s] -- Up-to-date: /home/jetcobot/venv/mycobot/dev/moon_ws/ros2_ws/install/custom_messeage/include/custom_messeage/custom_messeage/srv/detail/robot_arm_request__type_support.cpp
[1.046s] -- Up-to-date: /home/jetcobot/venv/mycobot/dev/moon_ws/ros2_ws/install/custom_messeage/lib/libcustom_messeage__rosidl_typesupport_introspection_cpp.so
[1.046s] -- Up-to-date: /home/jetcobot/venv/mycobot/dev/moon_ws/ros2_ws/install/custom_messeage/lib/libcustom_messeage__rosidl_typesupport_cpp.so
[1.048s] -- Up-to-date: /home/jetcobot/venv/mycobot/dev/moon_ws/ros2_ws/install/custom_messeage/share/custom_messeage/environment/pythonpath.sh
[1.048s] -- Up-to-date: /home/jetcobot/venv/mycobot/dev/moon_ws/ros2_ws/install/custom_messeage/share/custom_messeage/environment/pythonpath.dsv
[1.048s] -- Up-to-date: /home/jetcobot/venv/mycobot/dev/moon_ws/ros2_ws/install/custom_messeage/lib/python3.12/site-packages/custom_messeage-0.0.0-py3.12.egg-info
[1.048s] -- Installing: /home/jetcobot/venv/mycobot/dev/moon_ws/ros2_ws/install/custom_messeage/lib/python3.12/site-packages/custom_messeage-0.0.0-py3.12.egg-info/SOURCES.txt
[1.048s] -- Installing: /home/jetcobot/venv/mycobot/dev/moon_ws/ros2_ws/install/custom_messeage/lib/python3.12/site-packages/custom_messeage-0.0.0-py3.12.egg-info/top_level.txt
[1.048s] -- Installing: /home/jetcobot/venv/mycobot/dev/moon_ws/ros2_ws/install/custom_messeage/lib/python3.12/site-packages/custom_messeage-0.0.0-py3.12.egg-info/PKG-INFO
[1.048s] -- Installing: /home/jetcobot/venv/mycobot/dev/moon_ws/ros2_ws/install/custom_messeage/lib/python3.12/site-packages/custom_messeage-0.0.0-py3.12.egg-info/dependency_links.txt
[1.048s] -- Up-to-date: /home/jetcobot/venv/mycobot/dev/moon_ws/ros2_ws/install/custom_messeage/lib/python3.12/site-packages/custom_messeage
[1.049s] -- Up-to-date: /home/jetcobot/venv/mycobot/dev/moon_ws/ros2_ws/install/custom_messeage/lib/python3.12/site-packages/custom_messeage/custom_messeage_s__rosidl_typesupport_introspection_c.so
[1.049s] -- Up-to-date: /home/jetcobot/venv/mycobot/dev/moon_ws/ros2_ws/install/custom_messeage/lib/python3.12/site-packages/custom_messeage/__init__.py
[1.049s] -- Up-to-date: /home/jetcobot/venv/mycobot/dev/moon_ws/ros2_ws/install/custom_messeage/lib/python3.12/site-packages/custom_messeage/_custom_messeage_s.ep.rosidl_typesupport_c.c
[1.049s] -- Up-to-date: /home/jetcobot/venv/mycobot/dev/moon_ws/ros2_ws/install/custom_messeage/lib/python3.12/site-packages/custom_messeage/custom_messeage_s__rosidl_typesupport_c.so
[1.049s] -- Up-to-date: /home/jetcobot/venv/mycobot/dev/moon_ws/ros2_ws/install/custom_messeage/lib/python3.12/site-packages/custom_messeage/srv
[1.049s] -- Up-to-date: /home/jetcobot/venv/mycobot/dev/moon_ws/ros2_ws/install/custom_messeage/lib/python3.12/site-packages/custom_messeage/srv/__init__.py
[1.049s] -- Up-to-date: /home/jetcobot/venv/mycobot/dev/moon_ws/ros2_ws/install/custom_messeage/lib/python3.12/site-packages/custom_messeage/srv/_robot_arm_request.py
[1.049s] -- Up-to-date: /home/jetcobot/venv/mycobot/dev/moon_ws/ros2_ws/install/custom_messeage/lib/python3.12/site-packages/custom_messeage/srv/_robot_arm_request_s.c
[1.050s] -- Up-to-date: /home/jetcobot/venv/mycobot/dev/moon_ws/ros2_ws/install/custom_messeage/lib/python3.12/site-packages/custom_messeage/_custom_messeage_s.ep.rosidl_typesupport_introspection_c.c
[1.050s] -- Up-to-date: /home/jetcobot/venv/mycobot/dev/moon_ws/ros2_ws/install/custom_messeage/lib/python3.12/site-packages/custom_messeage/custom_messeage_s__rosidl_typesupport_fastrtps_c.so
[1.050s] -- Up-to-date: /home/jetcobot/venv/mycobot/dev/moon_ws/ros2_ws/install/custom_messeage/lib/python3.12/site-packages/custom_messeage/_custom_messeage_s.ep.rosidl_typesupport_fastrtps_c.c
[1.113s] Listing '/home/jetcobot/venv/mycobot/dev/moon_ws/ros2_ws/install/custom_messeage/lib/python3.12/site-packages/custom_messeage'...
[1.113s] Listing '/home/jetcobot/venv/mycobot/dev/moon_ws/ros2_ws/install/custom_messeage/lib/python3.12/site-packages/custom_messeage/srv'...
[1.132s] -- Up-to-date: /home/jetcobot/venv/mycobot/dev/moon_ws/ros2_ws/install/custom_messeage/lib/python3.12/site-packages/custom_messeage/custom_messeage_s__rosidl_typesupport_fastrtps_c.so
[1.133s] -- Up-to-date: /home/jetcobot/venv/mycobot/dev/moon_ws/ros2_ws/install/custom_messeage/lib/python3.12/site-packages/custom_messeage/custom_messeage_s__rosidl_typesupport_introspection_c.so
[1.133s] -- Up-to-date: /home/jetcobot/venv/mycobot/dev/moon_ws/ros2_ws/install/custom_messeage/lib/python3.12/site-packages/custom_messeage/custom_messeage_s__rosidl_typesupport_c.so
[1.134s] -- Up-to-date: /home/jetcobot/venv/mycobot/dev/moon_ws/ros2_ws/install/custom_messeage/lib/libcustom_messeage__rosidl_generator_py.so
[1.134s] -- Up-to-date: /home/jetcobot/venv/mycobot/dev/moon_ws/ros2_ws/install/custom_messeage/share/custom_messeage/srv/RobotArmRequest.idl
[1.135s] -- Up-to-date: /home/jetcobot/venv/mycobot/dev/moon_ws/ros2_ws/install/custom_messeage/share/custom_messeage/srv/RobotArmRequest.srv
[1.136s] -- Up-to-date: /home/jetcobot/venv/mycobot/dev/moon_ws/ros2_ws/install/custom_messeage/share/ament_index/resource_index/package_run_dependencies/custom_messeage
[1.137s] -- Up-to-date: /home/jetcobot/venv/mycobot/dev/moon_ws/ros2_ws/install/custom_messeage/share/ament_index/resource_index/parent_prefix_path/custom_messeage
[1.137s] -- Up-to-date: /home/jetcobot/venv/mycobot/dev/moon_ws/ros2_ws/install/custom_messeage/share/custom_messeage/environment/ament_prefix_path.sh
[1.137s] -- Up-to-date: /home/jetcobot/venv/mycobot/dev/moon_ws/ros2_ws/install/custom_messeage/share/custom_messeage/environment/ament_prefix_path.dsv
[1.137s] -- Up-to-date: /home/jetcobot/venv/mycobot/dev/moon_ws/ros2_ws/install/custom_messeage/share/custom_messeage/environment/path.sh
[1.137s] -- Up-to-date: /home/jetcobot/venv/mycobot/dev/moon_ws/ros2_ws/install/custom_messeage/share/custom_messeage/environment/path.dsv
[1.137s] -- Up-to-date: /home/jetcobot/venv/mycobot/dev/moon_ws/ros2_ws/install/custom_messeage/share/custom_messeage/local_setup.bash
[1.137s] -- Up-to-date: /home/jetcobot/venv/mycobot/dev/moon_ws/ros2_ws/install/custom_messeage/share/custom_messeage/local_setup.sh
[1.137s] -- Up-to-date: /home/jetcobot/venv/mycobot/dev/moon_ws/ros2_ws/install/custom_messeage/share/custom_messeage/local_setup.zsh
[1.137s] -- Up-to-date: /home/jetcobot/venv/mycobot/dev/moon_ws/ros2_ws/install/custom_messeage/share/custom_messeage/local_setup.dsv
[1.139s] -- Installing: /home/jetcobot/venv/mycobot/dev/moon_ws/ros2_ws/install/custom_messeage/share/custom_messeage/package.dsv
[1.139s] -- Up-to-date: /home/jetcobot/venv/mycobot/dev/moon_ws/ros2_ws/install/custom_messeage/share/ament_index/resource_index/packages/custom_messeage
[1.140s] -- Up-to-date: /home/jetcobot/venv/mycobot/dev/moon_ws/ros2_ws/install/custom_messeage/share/custom_messeage/cmake/export_custom_messeage__rosidl_generator_cExport.cmake
[1.140s] -- Up-to-date: /home/jetcobot/venv/mycobot/dev/moon_ws/ros2_ws/install/custom_messeage/share/custom_messeage/cmake/export_custom_messeage__rosidl_generator_cExport-noconfig.cmake
[1.140s] -- Up-to-date: /home/jetcobot/venv/mycobot/dev/moon_ws/ros2_ws/install/custom_messeage/share/custom_messeage/cmake/export_custom_messeage__rosidl_typesupport_fastrtps_cExport.cmake
[1.140s] -- Up-to-date: /home/jetcobot/venv/mycobot/dev/moon_ws/ros2_ws/install/custom_messeage/share/custom_messeage/cmake/export_custom_messeage__rosidl_typesupport_fastrtps_cExport-noconfig.cmake
[1.141s] -- Up-to-date: /home/jetcobot/venv/mycobot/dev/moon_ws/ros2_ws/install/custom_messeage/share/custom_messeage/cmake/custom_messeage__rosidl_typesupport_introspection_cExport.cmake
[1.141s] -- Up-to-date: /home/jetcobot/venv/mycobot/dev/moon_ws/ros2_ws/install/custom_messeage/share/custom_messeage/cmake/custom_messeage__rosidl_typesupport_introspection_cExport-noconfig.cmake
[1.141s] -- Up-to-date: /home/jetcobot/venv/mycobot/dev/moon_ws/ros2_ws/install/custom_messeage/share/custom_messeage/cmake/custom_messeage__rosidl_typesupport_cExport.cmake
[1.141s] -- Up-to-date: /home/jetcobot/venv/mycobot/dev/moon_ws/ros2_ws/install/custom_messeage/share/custom_messeage/cmake/custom_messeage__rosidl_typesupport_cExport-noconfig.cmake
[1.141s] -- Up-to-date: /home/jetcobot/venv/mycobot/dev/moon_ws/ros2_ws/install/custom_messeage/share/custom_messeage/cmake/export_custom_messeage__rosidl_generator_cppExport.cmake
[1.141s] -- Up-to-date: /home/jetcobot/venv/mycobot/dev/moon_ws/ros2_ws/install/custom_messeage/share/custom_messeage/cmake/export_custom_messeage__rosidl_typesupport_fastrtps_cppExport.cmake
[1.141s] -- Up-to-date: /home/jetcobot/venv/mycobot/dev/moon_ws/ros2_ws/install/custom_messeage/share/custom_messeage/cmake/export_custom_messeage__rosidl_typesupport_fastrtps_cppExport-noconfig.cmake
[1.141s] -- Up-to-date: /home/jetcobot/venv/mycobot/dev/moon_ws/ros2_ws/install/custom_messeage/share/custom_messeage/cmake/custom_messeage__rosidl_typesupport_introspection_cppExport.cmake
[1.142s] -- Up-to-date: /home/jetcobot/venv/mycobot/dev/moon_ws/ros2_ws/install/custom_messeage/share/custom_messeage/cmake/custom_messeage__rosidl_typesupport_introspection_cppExport-noconfig.cmake
[1.142s] -- Up-to-date: /home/jetcobot/venv/mycobot/dev/moon_ws/ros2_ws/install/custom_messeage/share/custom_messeage/cmake/custom_messeage__rosidl_typesupport_cppExport.cmake
[1.142s] -- Up-to-date: /home/jetcobot/venv/mycobot/dev/moon_ws/ros2_ws/install/custom_messeage/share/custom_messeage/cmake/custom_messeage__rosidl_typesupport_cppExport-noconfig.cmake
[1.142s] -- Up-to-date: /home/jetcobot/venv/mycobot/dev/moon_ws/ros2_ws/install/custom_messeage/share/custom_messeage/cmake/export_custom_messeage__rosidl_generator_pyExport.cmake
[1.143s] -- Up-to-date: /home/jetcobot/venv/mycobot/dev/moon_ws/ros2_ws/install/custom_messeage/share/custom_messeage/cmake/export_custom_messeage__rosidl_generator_pyExport-noconfig.cmake
[1.143s] -- Up-to-date: /home/jetcobot/venv/mycobot/dev/moon_ws/ros2_ws/install/custom_messeage/share/custom_messeage/cmake/rosidl_cmake-extras.cmake
[1.143s] -- Up-to-date: /home/jetcobot/venv/mycobot/dev/moon_ws/ros2_ws/install/custom_messeage/share/custom_messeage/cmake/ament_cmake_export_dependencies-extras.cmake
[1.143s] -- Up-to-date: /home/jetcobot/venv/mycobot/dev/moon_ws/ros2_ws/install/custom_messeage/share/custom_messeage/cmake/ament_cmake_export_include_directories-extras.cmake
[1.143s] -- Up-to-date: /home/jetcobot/venv/mycobot/dev/moon_ws/ros2_ws/install/custom_messeage/share/custom_messeage/cmake/ament_cmake_export_libraries-extras.cmake
[1.144s] -- Up-to-date: /home/jetcobot/venv/mycobot/dev/moon_ws/ros2_ws/install/custom_messeage/share/custom_messeage/cmake/ament_cmake_export_targets-extras.cmake
[1.144s] -- Up-to-date: /home/jetcobot/venv/mycobot/dev/moon_ws/ros2_ws/install/custom_messeage/share/custom_messeage/cmake/rosidl_cmake_export_typesupport_targets-extras.cmake
[1.144s] -- Up-to-date: /home/jetcobot/venv/mycobot/dev/moon_ws/ros2_ws/install/custom_messeage/share/custom_messeage/cmake/rosidl_cmake_export_typesupport_libraries-extras.cmake
[1.144s] -- Up-to-date: /home/jetcobot/venv/mycobot/dev/moon_ws/ros2_ws/install/custom_messeage/share/custom_messeage/cmake/custom_messeageConfig.cmake
[1.144s] -- Up-to-date: /home/jetcobot/venv/mycobot/dev/moon_ws/ros2_ws/install/custom_messeage/share/custom_messeage/cmake/custom_messeageConfig-version.cmake
[1.144s] -- Up-to-date: /home/jetcobot/venv/mycobot/dev/moon_ws/ros2_ws/install/custom_messeage/share/custom_messeage/package.xml
[1.148s] Invoked command in '/home/jetcobot/venv/mycobot/dev/moon_ws/ros2_ws/build/custom_messeage' returned '0': CMAKE_PREFIX_PATH=${CMAKE_PREFIX_PATH}:/home/jetcobot/venv/mycobot/dev/moon_ws/ros2_ws/install/pick_and_place:/home/jetcobot/ros2_ws/install/jetcobot_driver:/home/jetcobot/ros2_ws/install/jetcobot_control:/home/jetcobot/jetcobot_ws/install/jetcobot_ctrl:/opt/ros/jazzy DEBUGINFOD_URLS=https://debuginfod.ubuntu.com /usr/bin/cmake --install /home/jetcobot/venv/mycobot/dev/moon_ws/ros2_ws/build/custom_messeage
