[2.071s] Invoking command in '/home/jetcobot/venv/mycobot/dev/moon_ws/ros2_ws/build/pick_and_place': DEBUGINFOD_URLS=https://debuginfod.ubuntu.com PYTHONPATH=/home/jetcobot/venv/mycobot/dev/moon_ws/ros2_ws/build/pick_and_place/prefix_override:/usr/lib/python3/dist-packages/colcon_core/task/python/colcon_distutils_commands:/home/jetcobot/venv/mycobot/dev/moon_ws/ros2_ws/install/pick_and_place/lib/python3.12/site-packages:${PYTHONPATH} /usr/bin/python3 -W ignore:setup.py install is deprecated -W ignore:easy_install command is deprecated setup.py develop --editable --build-directory /home/jetcobot/venv/mycobot/dev/moon_ws/ros2_ws/build/pick_and_place/build --no-deps symlink_data
[2.609s] running develop
[2.972s] running egg_info
[3.006s] writing pick_and_place.egg-info/PKG-INFO
[3.006s] writing dependency_links to pick_and_place.egg-info/dependency_links.txt
[3.007s] writing entry points to pick_and_place.egg-info/entry_points.txt
[3.008s] writing requirements to pick_and_place.egg-info/requires.txt
[3.008s] writing top-level names to pick_and_place.egg-info/top_level.txt
[3.081s] reading manifest file 'pick_and_place.egg-info/SOURCES.txt'
[3.082s] writing manifest file 'pick_and_place.egg-info/SOURCES.txt'
[3.118s] running build_ext
[3.119s] Creating /home/jetcobot/venv/mycobot/dev/moon_ws/ros2_ws/install/pick_and_place/lib/python3.12/site-packages/pick-and-place.egg-link (link to .)
[3.119s] Installing camera_node script to /home/jetcobot/venv/mycobot/dev/moon_ws/ros2_ws/install/pick_and_place/lib/pick_and_place
[3.120s] Installing camera_test_node script to /home/jetcobot/venv/mycobot/dev/moon_ws/ros2_ws/install/pick_and_place/lib/pick_and_place
[3.120s] Installing control_node script to /home/jetcobot/venv/mycobot/dev/moon_ws/ros2_ws/install/pick_and_place/lib/pick_and_place
[3.120s] Installing detection_node script to /home/jetcobot/venv/mycobot/dev/moon_ws/ros2_ws/install/pick_and_place/lib/pick_and_place
[3.120s] Installing robot1_control_node script to /home/jetcobot/venv/mycobot/dev/moon_ws/ros2_ws/install/pick_and_place/lib/pick_and_place
[3.121s] Installing robot2_control_node script to /home/jetcobot/venv/mycobot/dev/moon_ws/ros2_ws/install/pick_and_place/lib/pick_and_place
[3.121s] Installing transform_node script to /home/jetcobot/venv/mycobot/dev/moon_ws/ros2_ws/install/pick_and_place/lib/pick_and_place
[3.121s] 
[3.121s] Installed /home/jetcobot/venv/mycobot/dev/moon_ws/ros2_ws/build/pick_and_place
[3.121s] running symlink_data
[3.220s] Invoked command in '/home/jetcobot/venv/mycobot/dev/moon_ws/ros2_ws/build/pick_and_place' returned '0': DEBUGINFOD_URLS=https://debuginfod.ubuntu.com PYTHONPATH=/home/jetcobot/venv/mycobot/dev/moon_ws/ros2_ws/build/pick_and_place/prefix_override:/usr/lib/python3/dist-packages/colcon_core/task/python/colcon_distutils_commands:/home/jetcobot/venv/mycobot/dev/moon_ws/ros2_ws/install/pick_and_place/lib/python3.12/site-packages:${PYTHONPATH} /usr/bin/python3 -W ignore:setup.py install is deprecated -W ignore:easy_install command is deprecated setup.py develop --editable --build-directory /home/jetcobot/venv/mycobot/dev/moon_ws/ros2_ws/build/pick_and_place/build --no-deps symlink_data
