[0.167s] DEBUG:colcon:Command line arguments: ['/usr/bin/colcon', 'build', '--symlink-install']
[0.167s] DEBUG:colcon:Parsed command line arguments: Namespace(log_base=None, log_level=None, verb_name='build', build_base='build', install_base='install', merge_install=False, symlink_install=True, test_result_base=None, continue_on_error=False, executor='parallel', parallel_workers=4, event_handlers=None, ignore_user_meta=False, metas=['./colcon.meta'], base_paths=['.'], packages_ignore=None, packages_ignore_regex=None, paths=None, packages_up_to=None, packages_up_to_regex=None, packages_above=None, packages_above_and_dependencies=None, packages_above_depth=None, packages_select_by_dep=None, packages_skip_by_dep=None, packages_skip_up_to=None, packages_select_build_failed=False, packages_skip_build_finished=False, packages_select_test_failures=False, packages_skip_test_passed=False, packages_select=None, packages_skip=None, packages_select_regex=None, packages_skip_regex=None, packages_start=None, packages_end=None, allow_overriding=[], cmake_args=None, cmake_target=None, cmake_target_skip_unavailable=False, cmake_clean_cache=False, cmake_clean_first=False, cmake_force_configure=False, ament_cmake_args=None, catkin_cmake_args=None, catkin_skip_building_tests=False, mixin_files=None, mixin=None, verb_parser=<colcon_mixin.mixin.mixin_argument.MixinArgumentDecorator object at 0xffffa99027e0>, verb_extension=<colcon_core.verb.build.BuildVerb object at 0xffffa9902360>, main=<bound method BuildVerb.main of <colcon_core.verb.build.BuildVerb object at 0xffffa9902360>>, mixin_verb=('build',))
[0.229s] Level 1:colcon.colcon_core.package_discovery:discover_packages(colcon_meta) check parameters
[0.229s] Level 1:colcon.colcon_core.package_discovery:discover_packages(recursive) check parameters
[0.229s] Level 1:colcon.colcon_core.package_discovery:discover_packages(ignore) check parameters
[0.229s] Level 1:colcon.colcon_core.package_discovery:discover_packages(path) check parameters
[0.229s] Level 1:colcon.colcon_core.package_discovery:discover_packages(colcon_meta) discover
[0.229s] Level 1:colcon.colcon_core.package_discovery:discover_packages(recursive) discover
[0.229s] INFO:colcon.colcon_core.package_discovery:Crawling recursively for packages in '/home/jetcobot/sun_ws/ros2_ws'
[0.229s] Level 1:colcon.colcon_core.package_identification:_identify(.) by extensions ['ignore', 'ignore_ament_install']
[0.229s] Level 1:colcon.colcon_core.package_identification:_identify(.) by extension 'ignore'
[0.229s] Level 1:colcon.colcon_core.package_identification:_identify(.) by extension 'ignore_ament_install'
[0.229s] Level 1:colcon.colcon_core.package_identification:_identify(.) by extensions ['colcon_pkg']
[0.229s] Level 1:colcon.colcon_core.package_identification:_identify(.) by extension 'colcon_pkg'
[0.230s] Level 1:colcon.colcon_core.package_identification:_identify(.) by extensions ['colcon_meta']
[0.230s] Level 1:colcon.colcon_core.package_identification:_identify(.) by extension 'colcon_meta'
[0.230s] Level 1:colcon.colcon_core.package_identification:_identify(.) by extensions ['ros']
[0.230s] Level 1:colcon.colcon_core.package_identification:_identify(.) by extension 'ros'
[0.271s] Level 1:colcon.colcon_core.package_identification:_identify(.) by extensions ['cmake', 'python']
[0.271s] Level 1:colcon.colcon_core.package_identification:_identify(.) by extension 'cmake'
[0.271s] Level 1:colcon.colcon_core.package_identification:_identify(.) by extension 'python'
[0.271s] Level 1:colcon.colcon_core.package_identification:_identify(.) by extensions ['python_setup_py']
[0.271s] Level 1:colcon.colcon_core.package_identification:_identify(.) by extension 'python_setup_py'
[0.271s] Level 1:colcon.colcon_core.package_identification:_identify(build) by extensions ['ignore', 'ignore_ament_install']
[0.272s] Level 1:colcon.colcon_core.package_identification:_identify(build) by extension 'ignore'
[0.272s] Level 1:colcon.colcon_core.package_identification:_identify(build) ignored
[0.272s] Level 1:colcon.colcon_core.package_identification:_identify(install) by extensions ['ignore', 'ignore_ament_install']
[0.272s] Level 1:colcon.colcon_core.package_identification:_identify(install) by extension 'ignore'
[0.272s] Level 1:colcon.colcon_core.package_identification:_identify(install) ignored
[0.272s] Level 1:colcon.colcon_core.package_identification:_identify(log) by extensions ['ignore', 'ignore_ament_install']
[0.272s] Level 1:colcon.colcon_core.package_identification:_identify(log) by extension 'ignore'
[0.272s] Level 1:colcon.colcon_core.package_identification:_identify(log) ignored
[0.272s] Level 1:colcon.colcon_core.package_identification:_identify(src) by extensions ['ignore', 'ignore_ament_install']
[0.273s] Level 1:colcon.colcon_core.package_identification:_identify(src) by extension 'ignore'
[0.273s] Level 1:colcon.colcon_core.package_identification:_identify(src) by extension 'ignore_ament_install'
[0.273s] Level 1:colcon.colcon_core.package_identification:_identify(src) by extensions ['colcon_pkg']
[0.273s] Level 1:colcon.colcon_core.package_identification:_identify(src) by extension 'colcon_pkg'
[0.273s] Level 1:colcon.colcon_core.package_identification:_identify(src) by extensions ['colcon_meta']
[0.273s] Level 1:colcon.colcon_core.package_identification:_identify(src) by extension 'colcon_meta'
[0.273s] Level 1:colcon.colcon_core.package_identification:_identify(src) by extensions ['ros']
[0.273s] Level 1:colcon.colcon_core.package_identification:_identify(src) by extension 'ros'
[0.273s] Level 1:colcon.colcon_core.package_identification:_identify(src) by extensions ['cmake', 'python']
[0.273s] Level 1:colcon.colcon_core.package_identification:_identify(src) by extension 'cmake'
[0.273s] Level 1:colcon.colcon_core.package_identification:_identify(src) by extension 'python'
[0.273s] Level 1:colcon.colcon_core.package_identification:_identify(src) by extensions ['python_setup_py']
[0.273s] Level 1:colcon.colcon_core.package_identification:_identify(src) by extension 'python_setup_py'
[0.273s] Level 1:colcon.colcon_core.package_identification:_identify(src/custom_messeage) by extensions ['ignore', 'ignore_ament_install']
[0.273s] Level 1:colcon.colcon_core.package_identification:_identify(src/custom_messeage) by extension 'ignore'
[0.273s] Level 1:colcon.colcon_core.package_identification:_identify(src/custom_messeage) by extension 'ignore_ament_install'
[0.273s] Level 1:colcon.colcon_core.package_identification:_identify(src/custom_messeage) by extensions ['colcon_pkg']
[0.274s] Level 1:colcon.colcon_core.package_identification:_identify(src/custom_messeage) by extension 'colcon_pkg'
[0.274s] Level 1:colcon.colcon_core.package_identification:_identify(src/custom_messeage) by extensions ['colcon_meta']
[0.274s] Level 1:colcon.colcon_core.package_identification:_identify(src/custom_messeage) by extension 'colcon_meta'
[0.274s] Level 1:colcon.colcon_core.package_identification:_identify(src/custom_messeage) by extensions ['ros']
[0.274s] Level 1:colcon.colcon_core.package_identification:_identify(src/custom_messeage) by extension 'ros'
[0.277s] DEBUG:colcon.colcon_core.package_identification:Package 'src/custom_messeage' with type 'ros.ament_cmake' and name 'custom_messeage'
[0.277s] Level 1:colcon.colcon_core.package_identification:_identify(src/pick_and_place) by extensions ['ignore', 'ignore_ament_install']
[0.277s] Level 1:colcon.colcon_core.package_identification:_identify(src/pick_and_place) by extension 'ignore'
[0.277s] Level 1:colcon.colcon_core.package_identification:_identify(src/pick_and_place) by extension 'ignore_ament_install'
[0.277s] Level 1:colcon.colcon_core.package_identification:_identify(src/pick_and_place) by extensions ['colcon_pkg']
[0.277s] Level 1:colcon.colcon_core.package_identification:_identify(src/pick_and_place) by extension 'colcon_pkg'
[0.277s] Level 1:colcon.colcon_core.package_identification:_identify(src/pick_and_place) by extensions ['colcon_meta']
[0.277s] Level 1:colcon.colcon_core.package_identification:_identify(src/pick_and_place) by extension 'colcon_meta'
[0.277s] Level 1:colcon.colcon_core.package_identification:_identify(src/pick_and_place) by extensions ['ros']
[0.278s] Level 1:colcon.colcon_core.package_identification:_identify(src/pick_and_place) by extension 'ros'
[0.278s] DEBUG:colcon.colcon_core.package_identification:Package 'src/pick_and_place' with type 'ros.ament_python' and name 'pick_and_place'
[0.278s] Level 1:colcon.colcon_core.package_discovery:discover_packages(recursive) using defaults
[0.278s] Level 1:colcon.colcon_core.package_discovery:discover_packages(ignore) discover
[0.278s] Level 1:colcon.colcon_core.package_discovery:discover_packages(ignore) using defaults
[0.278s] Level 1:colcon.colcon_core.package_discovery:discover_packages(path) discover
[0.278s] Level 1:colcon.colcon_core.package_discovery:discover_packages(path) using defaults
[0.305s] Level 1:colcon.colcon_core.package_discovery:discover_packages(prefix_path) check parameters
[0.305s] Level 1:colcon.colcon_core.package_discovery:discover_packages(prefix_path) discover
[0.307s] DEBUG:colcon.colcon_installed_package_information.package_discovery:Found 2 installed packages in /home/jetcobot/sun_ws/ros2_ws/install
[0.308s] DEBUG:colcon.colcon_installed_package_information.package_discovery:Found 1 installed packages in /home/jetcobot/CJ_ws/ros_ws/src/robocallee_fms/install
[0.310s] DEBUG:colcon.colcon_installed_package_information.package_discovery:Found 379 installed packages in /opt/ros/jazzy
[0.313s] Level 1:colcon.colcon_core.package_discovery:discover_packages(prefix_path) using defaults
[0.391s] Level 5:colcon.colcon_core.verb:set package 'custom_messeage' build argument 'cmake_args' from command line to 'None'
[0.391s] Level 5:colcon.colcon_core.verb:set package 'custom_messeage' build argument 'cmake_target' from command line to 'None'
[0.391s] Level 5:colcon.colcon_core.verb:set package 'custom_messeage' build argument 'cmake_target_skip_unavailable' from command line to 'False'
[0.391s] Level 5:colcon.colcon_core.verb:set package 'custom_messeage' build argument 'cmake_clean_cache' from command line to 'False'
[0.391s] Level 5:colcon.colcon_core.verb:set package 'custom_messeage' build argument 'cmake_clean_first' from command line to 'False'
[0.391s] Level 5:colcon.colcon_core.verb:set package 'custom_messeage' build argument 'cmake_force_configure' from command line to 'False'
[0.391s] Level 5:colcon.colcon_core.verb:set package 'custom_messeage' build argument 'ament_cmake_args' from command line to 'None'
[0.391s] Level 5:colcon.colcon_core.verb:set package 'custom_messeage' build argument 'catkin_cmake_args' from command line to 'None'
[0.391s] Level 5:colcon.colcon_core.verb:set package 'custom_messeage' build argument 'catkin_skip_building_tests' from command line to 'False'
[0.391s] DEBUG:colcon.colcon_core.verb:Building package 'custom_messeage' with the following arguments: {'ament_cmake_args': None, 'build_base': '/home/jetcobot/sun_ws/ros2_ws/build/custom_messeage', 'catkin_cmake_args': None, 'catkin_skip_building_tests': False, 'cmake_args': None, 'cmake_clean_cache': False, 'cmake_clean_first': False, 'cmake_force_configure': False, 'cmake_target': None, 'cmake_target_skip_unavailable': False, 'install_base': '/home/jetcobot/sun_ws/ros2_ws/install/custom_messeage', 'merge_install': False, 'path': '/home/jetcobot/sun_ws/ros2_ws/src/custom_messeage', 'symlink_install': True, 'test_result_base': None}
[0.392s] Level 5:colcon.colcon_core.verb:set package 'pick_and_place' build argument 'cmake_args' from command line to 'None'
[0.392s] Level 5:colcon.colcon_core.verb:set package 'pick_and_place' build argument 'cmake_target' from command line to 'None'
[0.392s] Level 5:colcon.colcon_core.verb:set package 'pick_and_place' build argument 'cmake_target_skip_unavailable' from command line to 'False'
[0.392s] Level 5:colcon.colcon_core.verb:set package 'pick_and_place' build argument 'cmake_clean_cache' from command line to 'False'
[0.392s] Level 5:colcon.colcon_core.verb:set package 'pick_and_place' build argument 'cmake_clean_first' from command line to 'False'
[0.392s] Level 5:colcon.colcon_core.verb:set package 'pick_and_place' build argument 'cmake_force_configure' from command line to 'False'
[0.392s] Level 5:colcon.colcon_core.verb:set package 'pick_and_place' build argument 'ament_cmake_args' from command line to 'None'
[0.392s] Level 5:colcon.colcon_core.verb:set package 'pick_and_place' build argument 'catkin_cmake_args' from command line to 'None'
[0.392s] Level 5:colcon.colcon_core.verb:set package 'pick_and_place' build argument 'catkin_skip_building_tests' from command line to 'False'
[0.392s] DEBUG:colcon.colcon_core.verb:Building package 'pick_and_place' with the following arguments: {'ament_cmake_args': None, 'build_base': '/home/jetcobot/sun_ws/ros2_ws/build/pick_and_place', 'catkin_cmake_args': None, 'catkin_skip_building_tests': False, 'cmake_args': None, 'cmake_clean_cache': False, 'cmake_clean_first': False, 'cmake_force_configure': False, 'cmake_target': None, 'cmake_target_skip_unavailable': False, 'install_base': '/home/jetcobot/sun_ws/ros2_ws/install/pick_and_place', 'merge_install': False, 'path': '/home/jetcobot/sun_ws/ros2_ws/src/pick_and_place', 'symlink_install': True, 'test_result_base': None}
[0.392s] INFO:colcon.colcon_core.executor:Executing jobs using 'parallel' executor
[0.393s] DEBUG:colcon.colcon_parallel_executor.executor.parallel:run_until_complete
[0.394s] INFO:colcon.colcon_ros.task.ament_cmake.build:Building ROS package in '/home/jetcobot/sun_ws/ros2_ws/src/custom_messeage' with build type 'ament_cmake'
[0.394s] INFO:colcon.colcon_cmake.task.cmake.build:Building CMake package in '/home/jetcobot/sun_ws/ros2_ws/src/custom_messeage'
[0.396s] INFO:colcon.colcon_core.plugin_system:Skipping extension 'colcon_core.shell.bat': Not used on non-Windows systems
[0.397s] INFO:colcon.colcon_core.shell:Skip shell extension 'powershell' for command environment: Not usable outside of PowerShell
[0.397s] DEBUG:colcon.colcon_core.shell:Skip shell extension 'dsv' for command environment
[0.402s] INFO:colcon.colcon_ros.task.ament_python.build:Building ROS package in '/home/jetcobot/sun_ws/ros2_ws/src/pick_and_place' with build type 'ament_python'
[0.403s] Level 1:colcon.colcon_core.shell:create_environment_hook('pick_and_place', 'ament_prefix_path')
[0.403s] INFO:colcon.colcon_core.shell:Creating environment hook '/home/jetcobot/sun_ws/ros2_ws/install/pick_and_place/share/pick_and_place/hook/ament_prefix_path.ps1'
[0.404s] INFO:colcon.colcon_core.shell:Creating environment descriptor '/home/jetcobot/sun_ws/ros2_ws/install/pick_and_place/share/pick_and_place/hook/ament_prefix_path.dsv'
[0.405s] INFO:colcon.colcon_core.shell:Creating environment hook '/home/jetcobot/sun_ws/ros2_ws/install/pick_and_place/share/pick_and_place/hook/ament_prefix_path.sh'
[0.406s] INFO:colcon.colcon_core.shell:Skip shell extension 'powershell' for command environment: Not usable outside of PowerShell
[0.406s] DEBUG:colcon.colcon_core.shell:Skip shell extension 'dsv' for command environment
[0.419s] DEBUG:colcon.colcon_core.event_handler.log_command:Invoking command in '/home/jetcobot/sun_ws/ros2_ws/build/custom_messeage': CMAKE_PREFIX_PATH=${CMAKE_PREFIX_PATH}:/home/jetcobot/sun_ws/ros2_ws/install/pick_and_place:/opt/ros/jazzy DEBUGINFOD_URLS=https://debuginfod.ubuntu.com /usr/bin/cmake --build /home/jetcobot/sun_ws/ros2_ws/build/custom_messeage -- -j4 -l4
[0.997s] INFO:colcon.colcon_core.task.python.build:Building Python package in '/home/jetcobot/sun_ws/ros2_ws/src/pick_and_place'
[0.997s] INFO:colcon.colcon_core.shell:Skip shell extension 'powershell' for command environment: Not usable outside of PowerShell
[0.997s] DEBUG:colcon.colcon_core.shell:Skip shell extension 'dsv' for command environment
[1.422s] DEBUG:colcon.colcon_core.event_handler.log_command:Invoked command in '/home/jetcobot/sun_ws/ros2_ws/build/custom_messeage' returned '0': CMAKE_PREFIX_PATH=${CMAKE_PREFIX_PATH}:/home/jetcobot/sun_ws/ros2_ws/install/pick_and_place:/opt/ros/jazzy DEBUGINFOD_URLS=https://debuginfod.ubuntu.com /usr/bin/cmake --build /home/jetcobot/sun_ws/ros2_ws/build/custom_messeage -- -j4 -l4
[1.453s] DEBUG:colcon.colcon_core.event_handler.log_command:Invoking command in '/home/jetcobot/sun_ws/ros2_ws/build/custom_messeage': CMAKE_PREFIX_PATH=${CMAKE_PREFIX_PATH}:/home/jetcobot/sun_ws/ros2_ws/install/pick_and_place:/opt/ros/jazzy DEBUGINFOD_URLS=https://debuginfod.ubuntu.com /usr/bin/cmake --install /home/jetcobot/sun_ws/ros2_ws/build/custom_messeage
[1.647s] Level 1:colcon.colcon_core.environment:create_environment_scripts_only(custom_messeage)
[1.651s] DEBUG:colcon.colcon_core.event_handler.log_command:Invoked command in '/home/jetcobot/sun_ws/ros2_ws/build/custom_messeage' returned '0': CMAKE_PREFIX_PATH=${CMAKE_PREFIX_PATH}:/home/jetcobot/sun_ws/ros2_ws/install/pick_and_place:/opt/ros/jazzy DEBUGINFOD_URLS=https://debuginfod.ubuntu.com /usr/bin/cmake --install /home/jetcobot/sun_ws/ros2_ws/build/custom_messeage
[1.656s] Level 1:colcon.colcon_core.environment:checking '/home/jetcobot/sun_ws/ros2_ws/install/custom_messeage' for CMake module files
[1.659s] Level 1:colcon.colcon_core.environment:checking '/home/jetcobot/sun_ws/ros2_ws/install/custom_messeage' for CMake config files
[1.660s] Level 1:colcon.colcon_core.shell:create_environment_hook('custom_messeage', 'cmake_prefix_path')
[1.661s] INFO:colcon.colcon_core.shell:Creating environment hook '/home/jetcobot/sun_ws/ros2_ws/install/custom_messeage/share/custom_messeage/hook/cmake_prefix_path.ps1'
[1.661s] INFO:colcon.colcon_core.shell:Creating environment descriptor '/home/jetcobot/sun_ws/ros2_ws/install/custom_messeage/share/custom_messeage/hook/cmake_prefix_path.dsv'
[1.662s] INFO:colcon.colcon_core.shell:Creating environment hook '/home/jetcobot/sun_ws/ros2_ws/install/custom_messeage/share/custom_messeage/hook/cmake_prefix_path.sh'
[1.664s] Level 1:colcon.colcon_core.environment:checking '/home/jetcobot/sun_ws/ros2_ws/install/custom_messeage/lib'
[1.664s] Level 1:colcon.colcon_core.shell:create_environment_hook('custom_messeage', 'ld_library_path_lib')
[1.664s] INFO:colcon.colcon_core.shell:Creating environment hook '/home/jetcobot/sun_ws/ros2_ws/install/custom_messeage/share/custom_messeage/hook/ld_library_path_lib.ps1'
[1.665s] INFO:colcon.colcon_core.shell:Creating environment descriptor '/home/jetcobot/sun_ws/ros2_ws/install/custom_messeage/share/custom_messeage/hook/ld_library_path_lib.dsv'
[1.666s] INFO:colcon.colcon_core.shell:Creating environment hook '/home/jetcobot/sun_ws/ros2_ws/install/custom_messeage/share/custom_messeage/hook/ld_library_path_lib.sh'
[1.667s] Level 1:colcon.colcon_core.environment:checking '/home/jetcobot/sun_ws/ros2_ws/install/custom_messeage/bin'
[1.667s] Level 1:colcon.colcon_core.environment:checking '/home/jetcobot/sun_ws/ros2_ws/install/custom_messeage/lib/pkgconfig/custom_messeage.pc'
[1.668s] Level 1:colcon.colcon_core.environment:checking '/home/jetcobot/sun_ws/ros2_ws/install/custom_messeage/lib/python3.12/site-packages'
[1.668s] Level 1:colcon.colcon_core.shell:create_environment_hook('custom_messeage', 'pythonpath')
[1.669s] INFO:colcon.colcon_core.shell:Creating environment hook '/home/jetcobot/sun_ws/ros2_ws/install/custom_messeage/share/custom_messeage/hook/pythonpath.ps1'
[1.669s] INFO:colcon.colcon_core.shell:Creating environment descriptor '/home/jetcobot/sun_ws/ros2_ws/install/custom_messeage/share/custom_messeage/hook/pythonpath.dsv'
[1.670s] INFO:colcon.colcon_core.shell:Creating environment hook '/home/jetcobot/sun_ws/ros2_ws/install/custom_messeage/share/custom_messeage/hook/pythonpath.sh'
[1.672s] Level 1:colcon.colcon_core.environment:checking '/home/jetcobot/sun_ws/ros2_ws/install/custom_messeage/bin'
[1.675s] INFO:colcon.colcon_core.shell:Creating package script '/home/jetcobot/sun_ws/ros2_ws/install/custom_messeage/share/custom_messeage/package.ps1'
[1.679s] INFO:colcon.colcon_core.shell:Creating package descriptor '/home/jetcobot/sun_ws/ros2_ws/install/custom_messeage/share/custom_messeage/package.dsv'
[1.685s] INFO:colcon.colcon_core.shell:Creating package script '/home/jetcobot/sun_ws/ros2_ws/install/custom_messeage/share/custom_messeage/package.sh'
[1.690s] INFO:colcon.colcon_core.shell:Creating package script '/home/jetcobot/sun_ws/ros2_ws/install/custom_messeage/share/custom_messeage/package.bash'
[1.696s] INFO:colcon.colcon_core.shell:Creating package script '/home/jetcobot/sun_ws/ros2_ws/install/custom_messeage/share/custom_messeage/package.zsh'
[1.698s] Level 1:colcon.colcon_core.environment:create_file_with_runtime_dependencies(/home/jetcobot/sun_ws/ros2_ws/install/custom_messeage/share/colcon-core/packages/custom_messeage)
[1.700s] Level 1:colcon.colcon_core.environment:create_environment_scripts_only(custom_messeage)
[1.701s] Level 1:colcon.colcon_core.environment:checking '/home/jetcobot/sun_ws/ros2_ws/install/custom_messeage' for CMake module files
[1.702s] Level 1:colcon.colcon_core.environment:checking '/home/jetcobot/sun_ws/ros2_ws/install/custom_messeage' for CMake config files
[1.703s] Level 1:colcon.colcon_core.shell:create_environment_hook('custom_messeage', 'cmake_prefix_path')
[1.704s] INFO:colcon.colcon_core.shell:Creating environment hook '/home/jetcobot/sun_ws/ros2_ws/install/custom_messeage/share/custom_messeage/hook/cmake_prefix_path.ps1'
[1.705s] INFO:colcon.colcon_core.shell:Creating environment descriptor '/home/jetcobot/sun_ws/ros2_ws/install/custom_messeage/share/custom_messeage/hook/cmake_prefix_path.dsv'
[1.707s] INFO:colcon.colcon_core.shell:Creating environment hook '/home/jetcobot/sun_ws/ros2_ws/install/custom_messeage/share/custom_messeage/hook/cmake_prefix_path.sh'
[1.711s] Level 1:colcon.colcon_core.environment:checking '/home/jetcobot/sun_ws/ros2_ws/install/custom_messeage/lib'
[1.711s] Level 1:colcon.colcon_core.shell:create_environment_hook('custom_messeage', 'ld_library_path_lib')
[1.712s] INFO:colcon.colcon_core.shell:Creating environment hook '/home/jetcobot/sun_ws/ros2_ws/install/custom_messeage/share/custom_messeage/hook/ld_library_path_lib.ps1'
[1.713s] INFO:colcon.colcon_core.shell:Creating environment descriptor '/home/jetcobot/sun_ws/ros2_ws/install/custom_messeage/share/custom_messeage/hook/ld_library_path_lib.dsv'
[1.714s] INFO:colcon.colcon_core.shell:Creating environment hook '/home/jetcobot/sun_ws/ros2_ws/install/custom_messeage/share/custom_messeage/hook/ld_library_path_lib.sh'
[1.715s] Level 1:colcon.colcon_core.environment:checking '/home/jetcobot/sun_ws/ros2_ws/install/custom_messeage/bin'
[1.715s] Level 1:colcon.colcon_core.environment:checking '/home/jetcobot/sun_ws/ros2_ws/install/custom_messeage/lib/pkgconfig/custom_messeage.pc'
[1.716s] Level 1:colcon.colcon_core.environment:checking '/home/jetcobot/sun_ws/ros2_ws/install/custom_messeage/lib/python3.12/site-packages'
[1.716s] Level 1:colcon.colcon_core.shell:create_environment_hook('custom_messeage', 'pythonpath')
[1.717s] INFO:colcon.colcon_core.shell:Creating environment hook '/home/jetcobot/sun_ws/ros2_ws/install/custom_messeage/share/custom_messeage/hook/pythonpath.ps1'
[1.719s] INFO:colcon.colcon_core.shell:Creating environment descriptor '/home/jetcobot/sun_ws/ros2_ws/install/custom_messeage/share/custom_messeage/hook/pythonpath.dsv'
[1.720s] INFO:colcon.colcon_core.shell:Creating environment hook '/home/jetcobot/sun_ws/ros2_ws/install/custom_messeage/share/custom_messeage/hook/pythonpath.sh'
[1.721s] Level 1:colcon.colcon_core.environment:checking '/home/jetcobot/sun_ws/ros2_ws/install/custom_messeage/bin'
[1.722s] INFO:colcon.colcon_core.shell:Creating package script '/home/jetcobot/sun_ws/ros2_ws/install/custom_messeage/share/custom_messeage/package.ps1'
[1.723s] INFO:colcon.colcon_core.shell:Creating package descriptor '/home/jetcobot/sun_ws/ros2_ws/install/custom_messeage/share/custom_messeage/package.dsv'
[1.725s] INFO:colcon.colcon_core.shell:Creating package script '/home/jetcobot/sun_ws/ros2_ws/install/custom_messeage/share/custom_messeage/package.sh'
[1.727s] INFO:colcon.colcon_core.shell:Creating package script '/home/jetcobot/sun_ws/ros2_ws/install/custom_messeage/share/custom_messeage/package.bash'
[1.728s] INFO:colcon.colcon_core.shell:Creating package script '/home/jetcobot/sun_ws/ros2_ws/install/custom_messeage/share/custom_messeage/package.zsh'
[1.729s] Level 1:colcon.colcon_core.environment:create_file_with_runtime_dependencies(/home/jetcobot/sun_ws/ros2_ws/install/custom_messeage/share/colcon-core/packages/custom_messeage)
[2.609s] DEBUG:colcon.colcon_core.event_handler.log_command:Invoking command in '/home/jetcobot/sun_ws/ros2_ws/build/pick_and_place': DEBUGINFOD_URLS=https://debuginfod.ubuntu.com PYTHONPATH=/home/jetcobot/sun_ws/ros2_ws/build/pick_and_place/prefix_override:/usr/lib/python3/dist-packages/colcon_core/task/python/colcon_distutils_commands:/home/jetcobot/sun_ws/ros2_ws/install/pick_and_place/lib/python3.12/site-packages:${PYTHONPATH} /usr/bin/python3 -W ignore:setup.py install is deprecated -W ignore:easy_install command is deprecated setup.py develop --editable --build-directory /home/jetcobot/sun_ws/ros2_ws/build/pick_and_place/build --no-deps symlink_data
[4.365s] Level 1:colcon.colcon_core.shell:create_environment_hook('pick_and_place', 'pythonpath_develop')
[4.366s] INFO:colcon.colcon_core.shell:Creating environment hook '/home/jetcobot/sun_ws/ros2_ws/build/pick_and_place/share/pick_and_place/hook/pythonpath_develop.ps1'
[4.367s] INFO:colcon.colcon_core.shell:Creating environment descriptor '/home/jetcobot/sun_ws/ros2_ws/build/pick_and_place/share/pick_and_place/hook/pythonpath_develop.dsv'
[4.369s] DEBUG:colcon.colcon_core.event_handler.log_command:Invoked command in '/home/jetcobot/sun_ws/ros2_ws/build/pick_and_place' returned '0': DEBUGINFOD_URLS=https://debuginfod.ubuntu.com PYTHONPATH=/home/jetcobot/sun_ws/ros2_ws/build/pick_and_place/prefix_override:/usr/lib/python3/dist-packages/colcon_core/task/python/colcon_distutils_commands:/home/jetcobot/sun_ws/ros2_ws/install/pick_and_place/lib/python3.12/site-packages:${PYTHONPATH} /usr/bin/python3 -W ignore:setup.py install is deprecated -W ignore:easy_install command is deprecated setup.py develop --editable --build-directory /home/jetcobot/sun_ws/ros2_ws/build/pick_and_place/build --no-deps symlink_data
[4.369s] INFO:colcon.colcon_core.shell:Creating environment hook '/home/jetcobot/sun_ws/ros2_ws/build/pick_and_place/share/pick_and_place/hook/pythonpath_develop.sh'
[4.370s] Level 1:colcon.colcon_core.environment:checking '/home/jetcobot/sun_ws/ros2_ws/install/pick_and_place' for CMake module files
[4.371s] Level 1:colcon.colcon_core.environment:checking '/home/jetcobot/sun_ws/ros2_ws/install/pick_and_place' for CMake config files
[4.372s] Level 1:colcon.colcon_core.environment:checking '/home/jetcobot/sun_ws/ros2_ws/install/pick_and_place/lib'
[4.372s] Level 1:colcon.colcon_core.environment:checking '/home/jetcobot/sun_ws/ros2_ws/install/pick_and_place/bin'
[4.373s] Level 1:colcon.colcon_core.environment:checking '/home/jetcobot/sun_ws/ros2_ws/install/pick_and_place/lib/pkgconfig/pick_and_place.pc'
[4.373s] Level 1:colcon.colcon_core.environment:checking '/home/jetcobot/sun_ws/ros2_ws/install/pick_and_place/lib/python3.12/site-packages'
[4.373s] Level 1:colcon.colcon_core.shell:create_environment_hook('pick_and_place', 'pythonpath')
[4.373s] INFO:colcon.colcon_core.shell:Creating environment hook '/home/jetcobot/sun_ws/ros2_ws/install/pick_and_place/share/pick_and_place/hook/pythonpath.ps1'
[4.374s] INFO:colcon.colcon_core.shell:Creating environment descriptor '/home/jetcobot/sun_ws/ros2_ws/install/pick_and_place/share/pick_and_place/hook/pythonpath.dsv'
[4.375s] INFO:colcon.colcon_core.shell:Creating environment hook '/home/jetcobot/sun_ws/ros2_ws/install/pick_and_place/share/pick_and_place/hook/pythonpath.sh'
[4.376s] Level 1:colcon.colcon_core.environment:checking '/home/jetcobot/sun_ws/ros2_ws/install/pick_and_place/bin'
[4.376s] Level 1:colcon.colcon_core.environment:create_environment_scripts_only(pick_and_place)
[4.377s] INFO:colcon.colcon_core.shell:Creating package script '/home/jetcobot/sun_ws/ros2_ws/install/pick_and_place/share/pick_and_place/package.ps1'
[4.377s] INFO:colcon.colcon_core.shell:Creating package descriptor '/home/jetcobot/sun_ws/ros2_ws/install/pick_and_place/share/pick_and_place/package.dsv'
[4.379s] INFO:colcon.colcon_core.shell:Creating package script '/home/jetcobot/sun_ws/ros2_ws/install/pick_and_place/share/pick_and_place/package.sh'
[4.380s] INFO:colcon.colcon_core.shell:Creating package script '/home/jetcobot/sun_ws/ros2_ws/install/pick_and_place/share/pick_and_place/package.bash'
[4.381s] INFO:colcon.colcon_core.shell:Creating package script '/home/jetcobot/sun_ws/ros2_ws/install/pick_and_place/share/pick_and_place/package.zsh'
[4.383s] Level 1:colcon.colcon_core.environment:create_file_with_runtime_dependencies(/home/jetcobot/sun_ws/ros2_ws/install/pick_and_place/share/colcon-core/packages/pick_and_place)
[4.385s] DEBUG:colcon.colcon_parallel_executor.executor.parallel:closing loop
[4.387s] DEBUG:colcon.colcon_parallel_executor.executor.parallel:loop closed
[4.387s] DEBUG:colcon.colcon_parallel_executor.executor.parallel:run_until_complete finished with '0'
[4.387s] DEBUG:colcon.colcon_core.event_reactor:joining thread
[4.399s] INFO:colcon.colcon_core.plugin_system:Skipping extension 'colcon_notification.desktop_notification.terminal_notifier': Not used on non-Darwin systems
[4.399s] INFO:colcon.colcon_core.plugin_system:Skipping extension 'colcon_notification.desktop_notification.win32': Not used on non-Windows systems
[4.399s] INFO:colcon.colcon_notification.desktop_notification:Sending desktop notification using 'notify2'
[4.401s] DEBUG:colcon.colcon_notification.desktop_notification.notify2:Failed to initialize notify2: org.freedesktop.DBus.Error.ServiceUnknown: The name org.freedesktop.Notifications was not provided by any .service files
[4.401s] DEBUG:colcon.colcon_core.event_reactor:joined thread
[4.402s] INFO:colcon.colcon_core.shell:Creating prefix script '/home/jetcobot/sun_ws/ros2_ws/install/local_setup.ps1'
[4.403s] INFO:colcon.colcon_core.shell:Creating prefix util module '/home/jetcobot/sun_ws/ros2_ws/install/_local_setup_util_ps1.py'
[4.405s] INFO:colcon.colcon_core.shell:Creating prefix chain script '/home/jetcobot/sun_ws/ros2_ws/install/setup.ps1'
[4.409s] INFO:colcon.colcon_core.shell:Creating prefix script '/home/jetcobot/sun_ws/ros2_ws/install/local_setup.sh'
[4.412s] INFO:colcon.colcon_core.shell:Creating prefix util module '/home/jetcobot/sun_ws/ros2_ws/install/_local_setup_util_sh.py'
[4.413s] INFO:colcon.colcon_core.shell:Creating prefix chain script '/home/jetcobot/sun_ws/ros2_ws/install/setup.sh'
[4.418s] INFO:colcon.colcon_core.shell:Creating prefix script '/home/jetcobot/sun_ws/ros2_ws/install/local_setup.bash'
[4.419s] INFO:colcon.colcon_core.shell:Creating prefix chain script '/home/jetcobot/sun_ws/ros2_ws/install/setup.bash'
[4.421s] INFO:colcon.colcon_core.shell:Creating prefix script '/home/jetcobot/sun_ws/ros2_ws/install/local_setup.zsh'
[4.425s] INFO:colcon.colcon_core.shell:Creating prefix chain script '/home/jetcobot/sun_ws/ros2_ws/install/setup.zsh'
