[0.553s] Invoking command in '/home/jetcobot/sun_ws/ros2_ws/build/robocallee_fms': CMAKE_PREFIX_PATH=${CMAKE_PREFIX_PATH}:/home/jetcobot/sun_ws/ros2_ws/install/pick_and_place:/opt/ros/jazzy DEBUGINFOD_URLS=https://debuginfod.ubuntu.com /usr/bin/cmake --build /home/jetcobot/sun_ws/ros2_ws/build/robocallee_fms -- -j4 -l4
[0.738s] [  1%] Built target robocallee_fms__rosidl_generator_type_description
[0.843s] [  1%] Built target ament_cmake_python_symlink_robocallee_fms
[0.854s] [  2%] Built target robocallee_fms__cpp
[0.888s] [ 25%] Built target robocallee_fms__rosidl_generator_c
[1.040s] [ 35%] Built target robocallee_fms__rosidl_typesupport_cpp
[1.052s] [ 51%] Built target robocallee_fms__rosidl_typesupport_introspection_c
[1.061s] [ 54%] Built target robocallee_fms__rosidl_typesupport_fastrtps_c
[1.166s] [ 63%] Built target robocallee_fms__rosidl_typesupport_c
[1.280s] [ 72%] Built target robocallee_fms__rosidl_typesupport_introspection_cpp
[1.288s] [ 82%] Built target robocallee_fms__rosidl_typesupport_fastrtps_cpp
[1.362s] [ 82%] Built target robocallee_fms
[1.472s] [ 83%] Built target robocallee_fms__py
[1.613s] [ 91%] Built target robocallee_fms__rosidl_generator_py
[1.688s] running egg_info
[1.726s] [ 94%] Built target robocallee_fms_s__rosidl_typesupport_introspection_c
[1.746s] writing robocallee_fms.egg-info/PKG-INFO
[1.768s] [ 97%] Built target robocallee_fms_s__rosidl_typesupport_c
[1.773s] [100%] Built target robocallee_fms_s__rosidl_typesupport_fastrtps_c
[1.842s] writing dependency_links to robocallee_fms.egg-info/dependency_links.txt
[1.844s] writing top-level names to robocallee_fms.egg-info/top_level.txt
[2.025s] reading manifest file 'robocallee_fms.egg-info/SOURCES.txt'
[2.026s] writing manifest file 'robocallee_fms.egg-info/SOURCES.txt'
[2.160s] [100%] Built target ament_cmake_python_build_robocallee_fms_egg
[2.209s] Invoked command in '/home/jetcobot/sun_ws/ros2_ws/build/robocallee_fms' returned '0': CMAKE_PREFIX_PATH=${CMAKE_PREFIX_PATH}:/home/jetcobot/sun_ws/ros2_ws/install/pick_and_place:/opt/ros/jazzy DEBUGINFOD_URLS=https://debuginfod.ubuntu.com /usr/bin/cmake --build /home/jetcobot/sun_ws/ros2_ws/build/robocallee_fms -- -j4 -l4
[2.212s] Invoking command in '/home/jetcobot/sun_ws/ros2_ws/build/robocallee_fms': CMAKE_PREFIX_PATH=${CMAKE_PREFIX_PATH}:/home/jetcobot/sun_ws/ros2_ws/install/pick_and_place:/opt/ros/jazzy DEBUGINFOD_URLS=https://debuginfod.ubuntu.com /usr/bin/cmake --install /home/jetcobot/sun_ws/ros2_ws/build/robocallee_fms
[2.244s] -- Install configuration: ""
[2.246s] -- Execute custom install script
[2.247s] -- Up-to-date symlink: /home/jetcobot/sun_ws/ros2_ws/install/robocallee_fms/share/ament_index/resource_index/rosidl_interfaces/robocallee_fms
[2.248s] -- Up-to-date symlink: /home/jetcobot/sun_ws/ros2_ws/install/robocallee_fms/share/robocallee_fms/msg/ArucoPose.json
[2.249s] -- Up-to-date symlink: /home/jetcobot/sun_ws/ros2_ws/install/robocallee_fms/share/robocallee_fms/msg/ArucoPoseArray.json
[2.249s] -- Up-to-date symlink: /home/jetcobot/sun_ws/ros2_ws/install/robocallee_fms/share/robocallee_fms/srv/CustomerRequest.json
[2.250s] -- Up-to-date symlink: /home/jetcobot/sun_ws/ros2_ws/install/robocallee_fms/share/robocallee_fms/srv/EmployeeRequest.json
[2.251s] -- Up-to-date symlink: /home/jetcobot/sun_ws/ros2_ws/install/robocallee_fms/share/robocallee_fms/srv/RobotArmRequest.json
[2.253s] -- Up-to-date symlink: /home/jetcobot/sun_ws/ros2_ws/install/robocallee_fms/include/robocallee_fms/robocallee_fms/msg/aruco_pose.h
[2.259s] -- Up-to-date symlink: /home/jetcobot/sun_ws/ros2_ws/install/robocallee_fms/include/robocallee_fms/robocallee_fms/msg/aruco_pose_array.h
[2.259s] -- Up-to-date symlink: /home/jetcobot/sun_ws/ros2_ws/install/robocallee_fms/include/robocallee_fms/robocallee_fms/msg/detail/aruco_pose__functions.h
[2.259s] -- Up-to-date symlink: /home/jetcobot/sun_ws/ros2_ws/install/robocallee_fms/include/robocallee_fms/robocallee_fms/msg/detail/aruco_pose__struct.h
[2.259s] -- Up-to-date symlink: /home/jetcobot/sun_ws/ros2_ws/install/robocallee_fms/include/robocallee_fms/robocallee_fms/msg/detail/aruco_pose__type_support.h
[2.259s] -- Up-to-date symlink: /home/jetcobot/sun_ws/ros2_ws/install/robocallee_fms/include/robocallee_fms/robocallee_fms/msg/detail/aruco_pose_array__functions.h
[2.259s] -- Up-to-date symlink: /home/jetcobot/sun_ws/ros2_ws/install/robocallee_fms/include/robocallee_fms/robocallee_fms/msg/detail/aruco_pose_array__struct.h
[2.260s] -- Up-to-date symlink: /home/jetcobot/sun_ws/ros2_ws/install/robocallee_fms/include/robocallee_fms/robocallee_fms/msg/detail/aruco_pose_array__type_support.h
[2.260s] -- Up-to-date symlink: /home/jetcobot/sun_ws/ros2_ws/install/robocallee_fms/include/robocallee_fms/robocallee_fms/msg/rosidl_generator_c__visibility_control.h
[2.260s] -- Up-to-date symlink: /home/jetcobot/sun_ws/ros2_ws/install/robocallee_fms/include/robocallee_fms/robocallee_fms/srv/customer_request.h
[2.260s] -- Up-to-date symlink: /home/jetcobot/sun_ws/ros2_ws/install/robocallee_fms/include/robocallee_fms/robocallee_fms/srv/detail/customer_request__functions.h
[2.260s] -- Up-to-date symlink: /home/jetcobot/sun_ws/ros2_ws/install/robocallee_fms/include/robocallee_fms/robocallee_fms/srv/detail/customer_request__struct.h
[2.260s] -- Up-to-date symlink: /home/jetcobot/sun_ws/ros2_ws/install/robocallee_fms/include/robocallee_fms/robocallee_fms/srv/detail/customer_request__type_support.h
[2.260s] -- Up-to-date symlink: /home/jetcobot/sun_ws/ros2_ws/install/robocallee_fms/include/robocallee_fms/robocallee_fms/srv/detail/employee_request__functions.h
[2.260s] -- Up-to-date symlink: /home/jetcobot/sun_ws/ros2_ws/install/robocallee_fms/include/robocallee_fms/robocallee_fms/srv/detail/employee_request__struct.h
[2.261s] -- Up-to-date symlink: /home/jetcobot/sun_ws/ros2_ws/install/robocallee_fms/include/robocallee_fms/robocallee_fms/srv/detail/employee_request__type_support.h
[2.261s] -- Up-to-date symlink: /home/jetcobot/sun_ws/ros2_ws/install/robocallee_fms/include/robocallee_fms/robocallee_fms/srv/detail/robot_arm_request__functions.h
[2.261s] -- Up-to-date symlink: /home/jetcobot/sun_ws/ros2_ws/install/robocallee_fms/include/robocallee_fms/robocallee_fms/srv/detail/robot_arm_request__struct.h
[2.261s] -- Up-to-date symlink: /home/jetcobot/sun_ws/ros2_ws/install/robocallee_fms/include/robocallee_fms/robocallee_fms/srv/detail/robot_arm_request__type_support.h
[2.261s] -- Up-to-date symlink: /home/jetcobot/sun_ws/ros2_ws/install/robocallee_fms/include/robocallee_fms/robocallee_fms/srv/employee_request.h
[2.261s] -- Up-to-date symlink: /home/jetcobot/sun_ws/ros2_ws/install/robocallee_fms/include/robocallee_fms/robocallee_fms/srv/robot_arm_request.h
[2.261s] -- Up-to-date symlink: /home/jetcobot/sun_ws/ros2_ws/install/robocallee_fms/share/robocallee_fms/environment/library_path.sh
[2.261s] -- Up-to-date symlink: /home/jetcobot/sun_ws/ros2_ws/install/robocallee_fms/share/robocallee_fms/environment/library_path.dsv
[2.265s] -- Up-to-date symlink: /home/jetcobot/sun_ws/ros2_ws/install/robocallee_fms/include/robocallee_fms/robocallee_fms/msg/detail/aruco_pose__rosidl_typesupport_fastrtps_c.h
[2.265s] -- Up-to-date symlink: /home/jetcobot/sun_ws/ros2_ws/install/robocallee_fms/include/robocallee_fms/robocallee_fms/msg/detail/aruco_pose_array__rosidl_typesupport_fastrtps_c.h
[2.265s] -- Up-to-date symlink: /home/jetcobot/sun_ws/ros2_ws/install/robocallee_fms/include/robocallee_fms/robocallee_fms/msg/rosidl_typesupport_fastrtps_c__visibility_control.h
[2.265s] -- Up-to-date symlink: /home/jetcobot/sun_ws/ros2_ws/install/robocallee_fms/include/robocallee_fms/robocallee_fms/srv/detail/customer_request__rosidl_typesupport_fastrtps_c.h
[2.265s] -- Up-to-date symlink: /home/jetcobot/sun_ws/ros2_ws/install/robocallee_fms/include/robocallee_fms/robocallee_fms/srv/detail/employee_request__rosidl_typesupport_fastrtps_c.h
[2.265s] -- Up-to-date symlink: /home/jetcobot/sun_ws/ros2_ws/install/robocallee_fms/include/robocallee_fms/robocallee_fms/srv/detail/robot_arm_request__rosidl_typesupport_fastrtps_c.h
[2.267s] -- Up-to-date symlink: /home/jetcobot/sun_ws/ros2_ws/install/robocallee_fms/include/robocallee_fms/robocallee_fms/msg/detail/aruco_pose__rosidl_typesupport_introspection_c.h
[2.267s] -- Up-to-date symlink: /home/jetcobot/sun_ws/ros2_ws/install/robocallee_fms/include/robocallee_fms/robocallee_fms/msg/detail/aruco_pose_array__rosidl_typesupport_introspection_c.h
[2.268s] -- Up-to-date symlink: /home/jetcobot/sun_ws/ros2_ws/install/robocallee_fms/include/robocallee_fms/robocallee_fms/msg/rosidl_typesupport_introspection_c__visibility_control.h
[2.268s] -- Up-to-date symlink: /home/jetcobot/sun_ws/ros2_ws/install/robocallee_fms/include/robocallee_fms/robocallee_fms/srv/detail/customer_request__rosidl_typesupport_introspection_c.h
[2.269s] -- Up-to-date symlink: /home/jetcobot/sun_ws/ros2_ws/install/robocallee_fms/include/robocallee_fms/robocallee_fms/srv/detail/employee_request__rosidl_typesupport_introspection_c.h
[2.270s] -- Up-to-date symlink: /home/jetcobot/sun_ws/ros2_ws/install/robocallee_fms/include/robocallee_fms/robocallee_fms/srv/detail/robot_arm_request__rosidl_typesupport_introspection_c.h
[2.271s] -- Up-to-date symlink: /home/jetcobot/sun_ws/ros2_ws/install/robocallee_fms/include/robocallee_fms/robocallee_fms/msg/aruco_pose.hpp
[2.272s] -- Up-to-date symlink: /home/jetcobot/sun_ws/ros2_ws/install/robocallee_fms/include/robocallee_fms/robocallee_fms/msg/aruco_pose_array.hpp
[2.273s] -- Up-to-date symlink: /home/jetcobot/sun_ws/ros2_ws/install/robocallee_fms/include/robocallee_fms/robocallee_fms/msg/detail/aruco_pose__builder.hpp
[2.274s] -- Up-to-date symlink: /home/jetcobot/sun_ws/ros2_ws/install/robocallee_fms/include/robocallee_fms/robocallee_fms/msg/detail/aruco_pose__struct.hpp
[2.274s] -- Up-to-date symlink: /home/jetcobot/sun_ws/ros2_ws/install/robocallee_fms/include/robocallee_fms/robocallee_fms/msg/detail/aruco_pose__traits.hpp
[2.276s] -- Up-to-date symlink: /home/jetcobot/sun_ws/ros2_ws/install/robocallee_fms/include/robocallee_fms/robocallee_fms/msg/detail/aruco_pose__type_support.hpp
[2.276s] -- Up-to-date symlink: /home/jetcobot/sun_ws/ros2_ws/install/robocallee_fms/include/robocallee_fms/robocallee_fms/msg/detail/aruco_pose_array__builder.hpp
[2.276s] -- Up-to-date symlink: /home/jetcobot/sun_ws/ros2_ws/install/robocallee_fms/include/robocallee_fms/robocallee_fms/msg/detail/aruco_pose_array__struct.hpp
[2.277s] -- Up-to-date symlink: /home/jetcobot/sun_ws/ros2_ws/install/robocallee_fms/include/robocallee_fms/robocallee_fms/msg/detail/aruco_pose_array__traits.hpp
[2.277s] -- Up-to-date symlink: /home/jetcobot/sun_ws/ros2_ws/install/robocallee_fms/include/robocallee_fms/robocallee_fms/msg/detail/aruco_pose_array__type_support.hpp
[2.278s] -- Up-to-date symlink: /home/jetcobot/sun_ws/ros2_ws/install/robocallee_fms/include/robocallee_fms/robocallee_fms/msg/rosidl_generator_cpp__visibility_control.hpp
[2.278s] -- Up-to-date symlink: /home/jetcobot/sun_ws/ros2_ws/install/robocallee_fms/include/robocallee_fms/robocallee_fms/srv/customer_request.hpp
[2.279s] -- Up-to-date symlink: /home/jetcobot/sun_ws/ros2_ws/install/robocallee_fms/include/robocallee_fms/robocallee_fms/srv/detail/customer_request__builder.hpp
[2.279s] -- Up-to-date symlink: /home/jetcobot/sun_ws/ros2_ws/install/robocallee_fms/include/robocallee_fms/robocallee_fms/srv/detail/customer_request__struct.hpp
[2.280s] -- Up-to-date symlink: /home/jetcobot/sun_ws/ros2_ws/install/robocallee_fms/include/robocallee_fms/robocallee_fms/srv/detail/customer_request__traits.hpp
[2.280s] -- Up-to-date symlink: /home/jetcobot/sun_ws/ros2_ws/install/robocallee_fms/include/robocallee_fms/robocallee_fms/srv/detail/customer_request__type_support.hpp
[2.281s] -- Up-to-date symlink: /home/jetcobot/sun_ws/ros2_ws/install/robocallee_fms/include/robocallee_fms/robocallee_fms/srv/detail/employee_request__builder.hpp
[2.282s] -- Up-to-date symlink: /home/jetcobot/sun_ws/ros2_ws/install/robocallee_fms/include/robocallee_fms/robocallee_fms/srv/detail/employee_request__struct.hpp
[2.282s] -- Up-to-date symlink: /home/jetcobot/sun_ws/ros2_ws/install/robocallee_fms/include/robocallee_fms/robocallee_fms/srv/detail/employee_request__traits.hpp
[2.283s] -- Up-to-date symlink: /home/jetcobot/sun_ws/ros2_ws/install/robocallee_fms/include/robocallee_fms/robocallee_fms/srv/detail/employee_request__type_support.hpp
[2.284s] -- Up-to-date symlink: /home/jetcobot/sun_ws/ros2_ws/install/robocallee_fms/include/robocallee_fms/robocallee_fms/srv/detail/robot_arm_request__builder.hpp
[2.284s] -- Up-to-date symlink: /home/jetcobot/sun_ws/ros2_ws/install/robocallee_fms/include/robocallee_fms/robocallee_fms/srv/detail/robot_arm_request__struct.hpp
[2.286s] -- Up-to-date symlink: /home/jetcobot/sun_ws/ros2_ws/install/robocallee_fms/include/robocallee_fms/robocallee_fms/srv/detail/robot_arm_request__traits.hpp
[2.286s] -- Up-to-date symlink: /home/jetcobot/sun_ws/ros2_ws/install/robocallee_fms/include/robocallee_fms/robocallee_fms/srv/detail/robot_arm_request__type_support.hpp
[2.288s] -- Up-to-date symlink: /home/jetcobot/sun_ws/ros2_ws/install/robocallee_fms/include/robocallee_fms/robocallee_fms/srv/employee_request.hpp
[2.289s] -- Up-to-date symlink: /home/jetcobot/sun_ws/ros2_ws/install/robocallee_fms/include/robocallee_fms/robocallee_fms/srv/robot_arm_request.hpp
[2.289s] -- Up-to-date symlink: /home/jetcobot/sun_ws/ros2_ws/install/robocallee_fms/include/robocallee_fms/robocallee_fms/msg/detail/aruco_pose__rosidl_typesupport_fastrtps_cpp.hpp
[2.289s] -- Up-to-date symlink: /home/jetcobot/sun_ws/ros2_ws/install/robocallee_fms/include/robocallee_fms/robocallee_fms/msg/detail/aruco_pose_array__rosidl_typesupport_fastrtps_cpp.hpp
[2.290s] -- Up-to-date symlink: /home/jetcobot/sun_ws/ros2_ws/install/robocallee_fms/include/robocallee_fms/robocallee_fms/msg/rosidl_typesupport_fastrtps_cpp__visibility_control.h
[2.290s] -- Up-to-date symlink: /home/jetcobot/sun_ws/ros2_ws/install/robocallee_fms/include/robocallee_fms/robocallee_fms/srv/detail/customer_request__rosidl_typesupport_fastrtps_cpp.hpp
[2.291s] -- Up-to-date symlink: /home/jetcobot/sun_ws/ros2_ws/install/robocallee_fms/include/robocallee_fms/robocallee_fms/srv/detail/employee_request__rosidl_typesupport_fastrtps_cpp.hpp
[2.292s] -- Up-to-date symlink: /home/jetcobot/sun_ws/ros2_ws/install/robocallee_fms/include/robocallee_fms/robocallee_fms/srv/detail/robot_arm_request__rosidl_typesupport_fastrtps_cpp.hpp
[2.293s] -- Up-to-date symlink: /home/jetcobot/sun_ws/ros2_ws/install/robocallee_fms/include/robocallee_fms/robocallee_fms/msg/detail/aruco_pose__rosidl_typesupport_introspection_cpp.hpp
[2.294s] -- Up-to-date symlink: /home/jetcobot/sun_ws/ros2_ws/install/robocallee_fms/include/robocallee_fms/robocallee_fms/msg/detail/aruco_pose_array__rosidl_typesupport_introspection_cpp.hpp
[2.294s] -- Up-to-date symlink: /home/jetcobot/sun_ws/ros2_ws/install/robocallee_fms/include/robocallee_fms/robocallee_fms/srv/detail/customer_request__rosidl_typesupport_introspection_cpp.hpp
[2.296s] -- Up-to-date symlink: /home/jetcobot/sun_ws/ros2_ws/install/robocallee_fms/include/robocallee_fms/robocallee_fms/srv/detail/employee_request__rosidl_typesupport_introspection_cpp.hpp
[2.297s] -- Up-to-date symlink: /home/jetcobot/sun_ws/ros2_ws/install/robocallee_fms/include/robocallee_fms/robocallee_fms/srv/detail/robot_arm_request__rosidl_typesupport_introspection_cpp.hpp
[2.298s] -- Up-to-date symlink: /home/jetcobot/sun_ws/ros2_ws/install/robocallee_fms/share/robocallee_fms/environment/pythonpath.sh
[2.299s] -- Up-to-date symlink: /home/jetcobot/sun_ws/ros2_ws/install/robocallee_fms/share/robocallee_fms/environment/pythonpath.dsv
[2.299s] -- Up-to-date symlink: /home/jetcobot/sun_ws/ros2_ws/install/robocallee_fms/lib/python3.12/site-packages/robocallee_fms-0.0.0-py3.12.egg-info/PKG-INFO
[2.300s] -- Up-to-date symlink: /home/jetcobot/sun_ws/ros2_ws/install/robocallee_fms/lib/python3.12/site-packages/robocallee_fms-0.0.0-py3.12.egg-info/SOURCES.txt
[2.300s] -- Up-to-date symlink: /home/jetcobot/sun_ws/ros2_ws/install/robocallee_fms/lib/python3.12/site-packages/robocallee_fms-0.0.0-py3.12.egg-info/dependency_links.txt
[2.301s] -- Up-to-date symlink: /home/jetcobot/sun_ws/ros2_ws/install/robocallee_fms/lib/python3.12/site-packages/robocallee_fms-0.0.0-py3.12.egg-info/top_level.txt
[2.303s] -- Up-to-date symlink: /home/jetcobot/sun_ws/ros2_ws/install/robocallee_fms/lib/python3.12/site-packages/robocallee_fms/__init__.py
[2.304s] -- Up-to-date symlink: /home/jetcobot/sun_ws/ros2_ws/install/robocallee_fms/lib/python3.12/site-packages/robocallee_fms/_robocallee_fms_s.ep.rosidl_typesupport_c.c
[2.304s] -- Up-to-date symlink: /home/jetcobot/sun_ws/ros2_ws/install/robocallee_fms/lib/python3.12/site-packages/robocallee_fms/_robocallee_fms_s.ep.rosidl_typesupport_fastrtps_c.c
[2.305s] -- Up-to-date symlink: /home/jetcobot/sun_ws/ros2_ws/install/robocallee_fms/lib/python3.12/site-packages/robocallee_fms/_robocallee_fms_s.ep.rosidl_typesupport_introspection_c.c
[2.305s] -- Up-to-date symlink: /home/jetcobot/sun_ws/ros2_ws/install/robocallee_fms/lib/python3.12/site-packages/robocallee_fms/msg/__init__.py
[2.306s] -- Up-to-date symlink: /home/jetcobot/sun_ws/ros2_ws/install/robocallee_fms/lib/python3.12/site-packages/robocallee_fms/msg/_aruco_pose.py
[2.307s] -- Up-to-date symlink: /home/jetcobot/sun_ws/ros2_ws/install/robocallee_fms/lib/python3.12/site-packages/robocallee_fms/msg/_aruco_pose_array.py
[2.308s] -- Up-to-date symlink: /home/jetcobot/sun_ws/ros2_ws/install/robocallee_fms/lib/python3.12/site-packages/robocallee_fms/msg/_aruco_pose_array_s.c
[2.308s] -- Up-to-date symlink: /home/jetcobot/sun_ws/ros2_ws/install/robocallee_fms/lib/python3.12/site-packages/robocallee_fms/msg/_aruco_pose_s.c
[2.309s] -- Up-to-date symlink: /home/jetcobot/sun_ws/ros2_ws/install/robocallee_fms/lib/python3.12/site-packages/robocallee_fms/robocallee_fms_s__rosidl_typesupport_c.so
[2.309s] -- Up-to-date symlink: /home/jetcobot/sun_ws/ros2_ws/install/robocallee_fms/lib/python3.12/site-packages/robocallee_fms/robocallee_fms_s__rosidl_typesupport_fastrtps_c.so
[2.310s] -- Up-to-date symlink: /home/jetcobot/sun_ws/ros2_ws/install/robocallee_fms/lib/python3.12/site-packages/robocallee_fms/robocallee_fms_s__rosidl_typesupport_introspection_c.so
[2.310s] -- Up-to-date symlink: /home/jetcobot/sun_ws/ros2_ws/install/robocallee_fms/lib/python3.12/site-packages/robocallee_fms/srv/__init__.py
[2.310s] -- Up-to-date symlink: /home/jetcobot/sun_ws/ros2_ws/install/robocallee_fms/lib/python3.12/site-packages/robocallee_fms/srv/_customer_request.py
[2.311s] -- Up-to-date symlink: /home/jetcobot/sun_ws/ros2_ws/install/robocallee_fms/lib/python3.12/site-packages/robocallee_fms/srv/_customer_request_s.c
[2.311s] -- Up-to-date symlink: /home/jetcobot/sun_ws/ros2_ws/install/robocallee_fms/lib/python3.12/site-packages/robocallee_fms/srv/_employee_request.py
[2.312s] -- Up-to-date symlink: /home/jetcobot/sun_ws/ros2_ws/install/robocallee_fms/lib/python3.12/site-packages/robocallee_fms/srv/_employee_request_s.c
[2.313s] -- Up-to-date symlink: /home/jetcobot/sun_ws/ros2_ws/install/robocallee_fms/lib/python3.12/site-packages/robocallee_fms/srv/_robot_arm_request.py
[2.313s] -- Up-to-date symlink: /home/jetcobot/sun_ws/ros2_ws/install/robocallee_fms/lib/python3.12/site-packages/robocallee_fms/srv/_robot_arm_request_s.c
[2.315s] -- Up-to-date symlink: /home/jetcobot/sun_ws/ros2_ws/install/robocallee_fms/lib/python3.12/site-packages/robocallee_fms/robocallee_fms_s__rosidl_typesupport_fastrtps_c.so
[2.316s] -- Up-to-date symlink: /home/jetcobot/sun_ws/ros2_ws/install/robocallee_fms/lib/python3.12/site-packages/robocallee_fms/robocallee_fms_s__rosidl_typesupport_introspection_c.so
[2.317s] -- Up-to-date symlink: /home/jetcobot/sun_ws/ros2_ws/install/robocallee_fms/lib/python3.12/site-packages/robocallee_fms/robocallee_fms_s__rosidl_typesupport_c.so
[2.318s] -- Up-to-date symlink: /home/jetcobot/sun_ws/ros2_ws/install/robocallee_fms/share/robocallee_fms/msg/ArucoPose.idl
[2.319s] -- Up-to-date symlink: /home/jetcobot/sun_ws/ros2_ws/install/robocallee_fms/share/robocallee_fms/msg/ArucoPoseArray.idl
[2.320s] -- Up-to-date symlink: /home/jetcobot/sun_ws/ros2_ws/install/robocallee_fms/share/robocallee_fms/srv/CustomerRequest.idl
[2.321s] -- Up-to-date symlink: /home/jetcobot/sun_ws/ros2_ws/install/robocallee_fms/share/robocallee_fms/srv/EmployeeRequest.idl
[2.322s] -- Up-to-date symlink: /home/jetcobot/sun_ws/ros2_ws/install/robocallee_fms/share/robocallee_fms/srv/RobotArmRequest.idl
[2.322s] -- Up-to-date symlink: /home/jetcobot/sun_ws/ros2_ws/install/robocallee_fms/share/robocallee_fms/msg/ArucoPose.msg
[2.323s] -- Up-to-date symlink: /home/jetcobot/sun_ws/ros2_ws/install/robocallee_fms/share/robocallee_fms/msg/ArucoPoseArray.msg
[2.324s] -- Up-to-date symlink: /home/jetcobot/sun_ws/ros2_ws/install/robocallee_fms/share/robocallee_fms/srv/CustomerRequest.srv
[2.324s] -- Up-to-date symlink: /home/jetcobot/sun_ws/ros2_ws/install/robocallee_fms/share/robocallee_fms/srv/EmployeeRequest.srv
[2.325s] -- Up-to-date symlink: /home/jetcobot/sun_ws/ros2_ws/install/robocallee_fms/share/robocallee_fms/srv/RobotArmRequest.srv
[2.326s] -- Up-to-date symlink: /home/jetcobot/sun_ws/ros2_ws/install/robocallee_fms/share/ament_index/resource_index/package_run_dependencies/robocallee_fms
[2.326s] -- Up-to-date symlink: /home/jetcobot/sun_ws/ros2_ws/install/robocallee_fms/share/ament_index/resource_index/parent_prefix_path/robocallee_fms
[2.327s] -- Up-to-date symlink: /home/jetcobot/sun_ws/ros2_ws/install/robocallee_fms/share/robocallee_fms/environment/ament_prefix_path.sh
[2.328s] -- Up-to-date symlink: /home/jetcobot/sun_ws/ros2_ws/install/robocallee_fms/share/robocallee_fms/environment/ament_prefix_path.dsv
[2.328s] -- Up-to-date symlink: /home/jetcobot/sun_ws/ros2_ws/install/robocallee_fms/share/robocallee_fms/environment/path.sh
[2.329s] -- Up-to-date symlink: /home/jetcobot/sun_ws/ros2_ws/install/robocallee_fms/share/robocallee_fms/environment/path.dsv
[2.329s] -- Up-to-date symlink: /home/jetcobot/sun_ws/ros2_ws/install/robocallee_fms/share/robocallee_fms/local_setup.bash
[2.331s] -- Up-to-date symlink: /home/jetcobot/sun_ws/ros2_ws/install/robocallee_fms/share/robocallee_fms/local_setup.sh
[2.332s] -- Up-to-date symlink: /home/jetcobot/sun_ws/ros2_ws/install/robocallee_fms/share/robocallee_fms/local_setup.zsh
[2.332s] -- Up-to-date symlink: /home/jetcobot/sun_ws/ros2_ws/install/robocallee_fms/share/robocallee_fms/local_setup.dsv
[2.332s] -- Symlinking: /home/jetcobot/sun_ws/ros2_ws/install/robocallee_fms/share/robocallee_fms/package.dsv
[2.359s] -- Up-to-date symlink: /home/jetcobot/sun_ws/ros2_ws/install/robocallee_fms/share/ament_index/resource_index/packages/robocallee_fms
[2.359s] -- Up-to-date symlink: /home/jetcobot/sun_ws/ros2_ws/install/robocallee_fms/share/robocallee_fms/cmake/rosidl_cmake-extras.cmake
[2.359s] -- Up-to-date symlink: /home/jetcobot/sun_ws/ros2_ws/install/robocallee_fms/share/robocallee_fms/cmake/ament_cmake_export_dependencies-extras.cmake
[2.360s] -- Up-to-date symlink: /home/jetcobot/sun_ws/ros2_ws/install/robocallee_fms/share/robocallee_fms/cmake/ament_cmake_export_include_directories-extras.cmake
[2.360s] -- Up-to-date symlink: /home/jetcobot/sun_ws/ros2_ws/install/robocallee_fms/share/robocallee_fms/cmake/ament_cmake_export_libraries-extras.cmake
[2.361s] -- Up-to-date symlink: /home/jetcobot/sun_ws/ros2_ws/install/robocallee_fms/share/robocallee_fms/cmake/ament_cmake_export_targets-extras.cmake
[2.362s] -- Up-to-date symlink: /home/jetcobot/sun_ws/ros2_ws/install/robocallee_fms/share/robocallee_fms/cmake/rosidl_cmake_export_typesupport_targets-extras.cmake
[2.363s] -- Up-to-date symlink: /home/jetcobot/sun_ws/ros2_ws/install/robocallee_fms/share/robocallee_fms/cmake/rosidl_cmake_export_typesupport_libraries-extras.cmake
[2.364s] -- Up-to-date symlink: /home/jetcobot/sun_ws/ros2_ws/install/robocallee_fms/share/robocallee_fms/cmake/robocallee_fmsConfig.cmake
[2.364s] -- Up-to-date symlink: /home/jetcobot/sun_ws/ros2_ws/install/robocallee_fms/share/robocallee_fms/cmake/robocallee_fmsConfig-version.cmake
[2.365s] -- Up-to-date symlink: /home/jetcobot/sun_ws/ros2_ws/install/robocallee_fms/share/robocallee_fms/package.xml
[2.366s] -- Up-to-date: /home/jetcobot/sun_ws/ros2_ws/install/robocallee_fms/lib/librobocallee_fms__rosidl_generator_c.so
[2.367s] -- Up-to-date: /home/jetcobot/sun_ws/ros2_ws/install/robocallee_fms/lib/librobocallee_fms__rosidl_typesupport_fastrtps_c.so
[2.369s] -- Up-to-date: /home/jetcobot/sun_ws/ros2_ws/install/robocallee_fms/lib/librobocallee_fms__rosidl_typesupport_introspection_c.so
[2.370s] -- Up-to-date: /home/jetcobot/sun_ws/ros2_ws/install/robocallee_fms/lib/librobocallee_fms__rosidl_typesupport_c.so
[2.370s] -- Up-to-date: /home/jetcobot/sun_ws/ros2_ws/install/robocallee_fms/lib/librobocallee_fms__rosidl_typesupport_fastrtps_cpp.so
[2.371s] -- Up-to-date: /home/jetcobot/sun_ws/ros2_ws/install/robocallee_fms/lib/librobocallee_fms__rosidl_typesupport_introspection_cpp.so
[2.372s] -- Up-to-date: /home/jetcobot/sun_ws/ros2_ws/install/robocallee_fms/lib/librobocallee_fms__rosidl_typesupport_cpp.so
[2.458s] Listing '/home/jetcobot/sun_ws/ros2_ws/install/robocallee_fms/lib/python3.12/site-packages/robocallee_fms'...
[2.458s] Listing '/home/jetcobot/sun_ws/ros2_ws/install/robocallee_fms/lib/python3.12/site-packages/robocallee_fms/msg'...
[2.458s] Listing '/home/jetcobot/sun_ws/ros2_ws/install/robocallee_fms/lib/python3.12/site-packages/robocallee_fms/srv'...
[2.480s] -- Up-to-date: /home/jetcobot/sun_ws/ros2_ws/install/robocallee_fms/lib/librobocallee_fms__rosidl_generator_py.so
[2.482s] -- Up-to-date: /home/jetcobot/sun_ws/ros2_ws/install/robocallee_fms/share/robocallee_fms/cmake/export_robocallee_fms__rosidl_generator_cExport.cmake
[2.484s] -- Up-to-date: /home/jetcobot/sun_ws/ros2_ws/install/robocallee_fms/share/robocallee_fms/cmake/export_robocallee_fms__rosidl_generator_cExport-noconfig.cmake
[2.485s] -- Up-to-date: /home/jetcobot/sun_ws/ros2_ws/install/robocallee_fms/share/robocallee_fms/cmake/export_robocallee_fms__rosidl_typesupport_fastrtps_cExport.cmake
[2.487s] -- Up-to-date: /home/jetcobot/sun_ws/ros2_ws/install/robocallee_fms/share/robocallee_fms/cmake/export_robocallee_fms__rosidl_typesupport_fastrtps_cExport-noconfig.cmake
[2.487s] -- Up-to-date: /home/jetcobot/sun_ws/ros2_ws/install/robocallee_fms/share/robocallee_fms/cmake/robocallee_fms__rosidl_typesupport_introspection_cExport.cmake
[2.487s] -- Up-to-date: /home/jetcobot/sun_ws/ros2_ws/install/robocallee_fms/share/robocallee_fms/cmake/robocallee_fms__rosidl_typesupport_introspection_cExport-noconfig.cmake
[2.487s] -- Up-to-date: /home/jetcobot/sun_ws/ros2_ws/install/robocallee_fms/share/robocallee_fms/cmake/robocallee_fms__rosidl_typesupport_cExport.cmake
[2.488s] -- Up-to-date: /home/jetcobot/sun_ws/ros2_ws/install/robocallee_fms/share/robocallee_fms/cmake/robocallee_fms__rosidl_typesupport_cExport-noconfig.cmake
[2.493s] -- Up-to-date: /home/jetcobot/sun_ws/ros2_ws/install/robocallee_fms/share/robocallee_fms/cmake/export_robocallee_fms__rosidl_generator_cppExport.cmake
[2.496s] -- Up-to-date: /home/jetcobot/sun_ws/ros2_ws/install/robocallee_fms/share/robocallee_fms/cmake/export_robocallee_fms__rosidl_typesupport_fastrtps_cppExport.cmake
[2.496s] -- Up-to-date: /home/jetcobot/sun_ws/ros2_ws/install/robocallee_fms/share/robocallee_fms/cmake/export_robocallee_fms__rosidl_typesupport_fastrtps_cppExport-noconfig.cmake
[2.496s] -- Up-to-date: /home/jetcobot/sun_ws/ros2_ws/install/robocallee_fms/share/robocallee_fms/cmake/robocallee_fms__rosidl_typesupport_introspection_cppExport.cmake
[2.497s] -- Up-to-date: /home/jetcobot/sun_ws/ros2_ws/install/robocallee_fms/share/robocallee_fms/cmake/robocallee_fms__rosidl_typesupport_introspection_cppExport-noconfig.cmake
[2.497s] -- Up-to-date: /home/jetcobot/sun_ws/ros2_ws/install/robocallee_fms/share/robocallee_fms/cmake/robocallee_fms__rosidl_typesupport_cppExport.cmake
[2.497s] -- Up-to-date: /home/jetcobot/sun_ws/ros2_ws/install/robocallee_fms/share/robocallee_fms/cmake/robocallee_fms__rosidl_typesupport_cppExport-noconfig.cmake
[2.501s] -- Up-to-date: /home/jetcobot/sun_ws/ros2_ws/install/robocallee_fms/share/robocallee_fms/cmake/export_robocallee_fms__rosidl_generator_pyExport.cmake
[2.506s] -- Up-to-date: /home/jetcobot/sun_ws/ros2_ws/install/robocallee_fms/share/robocallee_fms/cmake/export_robocallee_fms__rosidl_generator_pyExport-noconfig.cmake
[2.511s] Invoked command in '/home/jetcobot/sun_ws/ros2_ws/build/robocallee_fms' returned '0': CMAKE_PREFIX_PATH=${CMAKE_PREFIX_PATH}:/home/jetcobot/sun_ws/ros2_ws/install/pick_and_place:/opt/ros/jazzy DEBUGINFOD_URLS=https://debuginfod.ubuntu.com /usr/bin/cmake --install /home/jetcobot/sun_ws/ros2_ws/build/robocallee_fms
