[1.784s] Invoking command in '/home/jetcobot/sun_ws/ros2_ws/src/pick_and_place': DEBUGINFOD_URLS=https://debuginfod.ubuntu.com PS1=\[\e]0;\u@\h: \w\a\]${debian_chroot:+($debian_chroot)}\[\033[01;32m\]\u@\h\[\033[00m\]:\[\033[01;34m\]\w\[\033[00m\]\$ PYTHONPATH=/home/jetcobot/sun_ws/ros2_ws/build/pick_and_place/prefix_override:/usr/lib/python3/dist-packages/colcon_core/task/python/colcon_distutils_commands:/home/jetcobot/sun_ws/ros2_ws/install/pick_and_place/lib/python3.12/site-packages:${PYTHONPATH} /usr/bin/python3 -W ignore:setup.py install is deprecated -W ignore:easy_install command is deprecated setup.py egg_info --egg-base ../../build/pick_and_place build --build-base /home/jetcobot/sun_ws/ros2_ws/build/pick_and_place/build install --record /home/jetcobot/sun_ws/ros2_ws/build/pick_and_place/install.log --single-version-externally-managed install_data
[2.228s] running egg_info
[2.229s] creating ../../build/pick_and_place/pick_and_place.egg-info
[2.263s] writing ../../build/pick_and_place/pick_and_place.egg-info/PKG-INFO
[2.264s] writing dependency_links to ../../build/pick_and_place/pick_and_place.egg-info/dependency_links.txt
[2.264s] writing entry points to ../../build/pick_and_place/pick_and_place.egg-info/entry_points.txt
[2.264s] writing requirements to ../../build/pick_and_place/pick_and_place.egg-info/requires.txt
[2.265s] writing top-level names to ../../build/pick_and_place/pick_and_place.egg-info/top_level.txt
[2.265s] writing manifest file '../../build/pick_and_place/pick_and_place.egg-info/SOURCES.txt'
[2.334s] reading manifest file '../../build/pick_and_place/pick_and_place.egg-info/SOURCES.txt'
[2.334s] adding license file 'LICENSE'
[2.335s] writing manifest file '../../build/pick_and_place/pick_and_place.egg-info/SOURCES.txt'
[2.335s] running build
[2.335s] running build_py
[2.336s] creating /home/jetcobot/sun_ws/ros2_ws/build/pick_and_place/build
[2.336s] creating /home/jetcobot/sun_ws/ros2_ws/build/pick_and_place/build/lib
[2.336s] creating /home/jetcobot/sun_ws/ros2_ws/build/pick_and_place/build/lib/pick_and_place
[2.336s] copying pick_and_place/__init__.py -> /home/jetcobot/sun_ws/ros2_ws/build/pick_and_place/build/lib/pick_and_place
[2.336s] copying pick_and_place/transform_node.py -> /home/jetcobot/sun_ws/ros2_ws/build/pick_and_place/build/lib/pick_and_place
[2.337s] copying pick_and_place/camera_node.py -> /home/jetcobot/sun_ws/ros2_ws/build/pick_and_place/build/lib/pick_and_place
[2.337s] copying pick_and_place/control_node.py -> /home/jetcobot/sun_ws/ros2_ws/build/pick_and_place/build/lib/pick_and_place
[2.338s] copying pick_and_place/detection_node.py -> /home/jetcobot/sun_ws/ros2_ws/build/pick_and_place/build/lib/pick_and_place
[2.338s] running install
[2.347s] running install_lib
[2.381s] creating /home/jetcobot/sun_ws/ros2_ws/install/pick_and_place/lib/python3.12/site-packages/pick_and_place
[2.381s] copying /home/jetcobot/sun_ws/ros2_ws/build/pick_and_place/build/lib/pick_and_place/__init__.py -> /home/jetcobot/sun_ws/ros2_ws/install/pick_and_place/lib/python3.12/site-packages/pick_and_place
[2.381s] copying /home/jetcobot/sun_ws/ros2_ws/build/pick_and_place/build/lib/pick_and_place/transform_node.py -> /home/jetcobot/sun_ws/ros2_ws/install/pick_and_place/lib/python3.12/site-packages/pick_and_place
[2.382s] copying /home/jetcobot/sun_ws/ros2_ws/build/pick_and_place/build/lib/pick_and_place/camera_node.py -> /home/jetcobot/sun_ws/ros2_ws/install/pick_and_place/lib/python3.12/site-packages/pick_and_place
[2.382s] copying /home/jetcobot/sun_ws/ros2_ws/build/pick_and_place/build/lib/pick_and_place/control_node.py -> /home/jetcobot/sun_ws/ros2_ws/install/pick_and_place/lib/python3.12/site-packages/pick_and_place
[2.382s] copying /home/jetcobot/sun_ws/ros2_ws/build/pick_and_place/build/lib/pick_and_place/detection_node.py -> /home/jetcobot/sun_ws/ros2_ws/install/pick_and_place/lib/python3.12/site-packages/pick_and_place
[2.383s] byte-compiling /home/jetcobot/sun_ws/ros2_ws/install/pick_and_place/lib/python3.12/site-packages/pick_and_place/__init__.py to __init__.cpython-312.pyc
[2.383s] byte-compiling /home/jetcobot/sun_ws/ros2_ws/install/pick_and_place/lib/python3.12/site-packages/pick_and_place/transform_node.py to transform_node.cpython-312.pyc
[2.385s] byte-compiling /home/jetcobot/sun_ws/ros2_ws/install/pick_and_place/lib/python3.12/site-packages/pick_and_place/camera_node.py to camera_node.cpython-312.pyc
[2.386s] byte-compiling /home/jetcobot/sun_ws/ros2_ws/install/pick_and_place/lib/python3.12/site-packages/pick_and_place/control_node.py to control_node.cpython-312.pyc
[2.387s] byte-compiling /home/jetcobot/sun_ws/ros2_ws/install/pick_and_place/lib/python3.12/site-packages/pick_and_place/detection_node.py to detection_node.cpython-312.pyc
[2.388s] running install_data
[2.388s] creating /home/jetcobot/sun_ws/ros2_ws/install/pick_and_place/share/ament_index
[2.388s] creating /home/jetcobot/sun_ws/ros2_ws/install/pick_and_place/share/ament_index/resource_index
[2.389s] creating /home/jetcobot/sun_ws/ros2_ws/install/pick_and_place/share/ament_index/resource_index/packages
[2.389s] copying resource/pick_and_place -> /home/jetcobot/sun_ws/ros2_ws/install/pick_and_place/share/ament_index/resource_index/packages
[2.389s] copying package.xml -> /home/jetcobot/sun_ws/ros2_ws/install/pick_and_place/share/pick_and_place
[2.389s] creating /home/jetcobot/sun_ws/ros2_ws/install/pick_and_place/share/pick_and_place/launch
[2.389s] copying launch/pickplace_launch.py -> /home/jetcobot/sun_ws/ros2_ws/install/pick_and_place/share/pick_and_place/launch
[2.389s] running install_egg_info
[2.426s] Copying ../../build/pick_and_place/pick_and_place.egg-info to /home/jetcobot/sun_ws/ros2_ws/install/pick_and_place/lib/python3.12/site-packages/pick_and_place-0.0.0-py3.12.egg-info
[2.428s] running install_scripts
[2.666s] Installing camera_node script to /home/jetcobot/sun_ws/ros2_ws/install/pick_and_place/lib/pick_and_place
[2.667s] Installing control_node script to /home/jetcobot/sun_ws/ros2_ws/install/pick_and_place/lib/pick_and_place
[2.668s] Installing detection_node script to /home/jetcobot/sun_ws/ros2_ws/install/pick_and_place/lib/pick_and_place
[2.668s] Installing transform_node script to /home/jetcobot/sun_ws/ros2_ws/install/pick_and_place/lib/pick_and_place
[2.668s] writing list of installed files to '/home/jetcobot/sun_ws/ros2_ws/build/pick_and_place/install.log'
[2.748s] Invoked command in '/home/jetcobot/sun_ws/ros2_ws/src/pick_and_place' returned '0': DEBUGINFOD_URLS=https://debuginfod.ubuntu.com PS1=\[\e]0;\u@\h: \w\a\]${debian_chroot:+($debian_chroot)}\[\033[01;32m\]\u@\h\[\033[00m\]:\[\033[01;34m\]\w\[\033[00m\]\$ PYTHONPATH=/home/jetcobot/sun_ws/ros2_ws/build/pick_and_place/prefix_override:/usr/lib/python3/dist-packages/colcon_core/task/python/colcon_distutils_commands:/home/jetcobot/sun_ws/ros2_ws/install/pick_and_place/lib/python3.12/site-packages:${PYTHONPATH} /usr/bin/python3 -W ignore:setup.py install is deprecated -W ignore:easy_install command is deprecated setup.py egg_info --egg-base ../../build/pick_and_place build --build-base /home/jetcobot/sun_ws/ros2_ws/build/pick_and_place/build install --record /home/jetcobot/sun_ws/ros2_ws/build/pick_and_place/install.log --single-version-externally-managed install_data
