/home/jetcobot/sun_ws/ros2_ws/install/pick_and_place/lib/python3.12/site-packages/pick_and_place/__init__.py
/home/jetcobot/sun_ws/ros2_ws/install/pick_and_place/lib/python3.12/site-packages/pick_and_place/test_robot_control_v3.py
/home/jetcobot/sun_ws/ros2_ws/install/pick_and_place/lib/python3.12/site-packages/pick_and_place/image_detection.py
/home/jetcobot/sun_ws/ros2_ws/install/pick_and_place/lib/python3.12/site-packages/pick_and_place/robot2_control_node.py
/home/jetcobot/sun_ws/ros2_ws/install/pick_and_place/lib/python3.12/site-packages/pick_and_place/image_capture.py
/home/jetcobot/sun_ws/ros2_ws/install/pick_and_place/lib/python3.12/site-packages/pick_and_place/base_coordinate_transform.py
/home/jetcobot/sun_ws/ros2_ws/install/pick_and_place/lib/python3.12/site-packages/pick_and_place/__pycache__/__init__.cpython-312.pyc
/home/jetcobot/sun_ws/ros2_ws/install/pick_and_place/lib/python3.12/site-packages/pick_and_place/__pycache__/test_robot_control_v3.cpython-312.pyc
/home/jetcobot/sun_ws/ros2_ws/install/pick_and_place/lib/python3.12/site-packages/pick_and_place/__pycache__/image_detection.cpython-312.pyc
/home/jetcobot/sun_ws/ros2_ws/install/pick_and_place/lib/python3.12/site-packages/pick_and_place/__pycache__/robot2_control_node.cpython-312.pyc
/home/jetcobot/sun_ws/ros2_ws/install/pick_and_place/lib/python3.12/site-packages/pick_and_place/__pycache__/image_capture.cpython-312.pyc
/home/jetcobot/sun_ws/ros2_ws/install/pick_and_place/lib/python3.12/site-packages/pick_and_place/__pycache__/base_coordinate_transform.cpython-312.pyc
/home/jetcobot/sun_ws/ros2_ws/install/pick_and_place/share/ament_index/resource_index/packages/pick_and_place
/home/jetcobot/sun_ws/ros2_ws/install/pick_and_place/share/pick_and_place/package.xml
/home/jetcobot/sun_ws/ros2_ws/install/pick_and_place/share/pick_and_place/launch/pick_and_place_launch.py
/home/jetcobot/sun_ws/ros2_ws/install/pick_and_place/share/pick_and_place/srv
/home/jetcobot/sun_ws/ros2_ws/install/pick_and_place/lib/python3.12/site-packages/pick_and_place-0.0.0-py3.12.egg-info/SOURCES.txt
/home/jetcobot/sun_ws/ros2_ws/install/pick_and_place/lib/python3.12/site-packages/pick_and_place-0.0.0-py3.12.egg-info/top_level.txt
/home/jetcobot/sun_ws/ros2_ws/install/pick_and_place/lib/python3.12/site-packages/pick_and_place-0.0.0-py3.12.egg-info/PKG-INFO
/home/jetcobot/sun_ws/ros2_ws/install/pick_and_place/lib/python3.12/site-packages/pick_and_place-0.0.0-py3.12.egg-info/zip-safe
/home/jetcobot/sun_ws/ros2_ws/install/pick_and_place/lib/python3.12/site-packages/pick_and_place-0.0.0-py3.12.egg-info/requires.txt
/home/jetcobot/sun_ws/ros2_ws/install/pick_and_place/lib/python3.12/site-packages/pick_and_place-0.0.0-py3.12.egg-info/dependency_links.txt
/home/jetcobot/sun_ws/ros2_ws/install/pick_and_place/lib/python3.12/site-packages/pick_and_place-0.0.0-py3.12.egg-info/entry_points.txt
/home/jetcobot/sun_ws/ros2_ws/install/pick_and_place/lib/pick_and_place/camera_node
/home/jetcobot/sun_ws/ros2_ws/install/pick_and_place/lib/pick_and_place/control_node
/home/jetcobot/sun_ws/ros2_ws/install/pick_and_place/lib/pick_and_place/detection_node
/home/jetcobot/sun_ws/ros2_ws/install/pick_and_place/lib/pick_and_place/robot2_control_node
/home/jetcobot/sun_ws/ros2_ws/install/pick_and_place/lib/pick_and_place/transform_node
