[2.444s] Invoking command in '/home/jetcobot/sun_ws/ros2_ws/build/pick_and_place': DEBUGINFOD_URLS=https://debuginfod.ubuntu.com PYTHONPATH=/home/jetcobot/sun_ws/ros2_ws/build/pick_and_place/prefix_override:/usr/lib/python3/dist-packages/colcon_core/task/python/colcon_distutils_commands:/home/jetcobot/sun_ws/ros2_ws/install/pick_and_place/lib/python3.12/site-packages:${PYTHONPATH} /usr/bin/python3 -W ignore:setup.py install is deprecated -W ignore:easy_install command is deprecated setup.py develop --editable --build-directory /home/jetcobot/sun_ws/ros2_ws/build/pick_and_place/build --no-deps symlink_data
[3.510s] running develop
[4.271s] running egg_info
[4.271s] creating pick_and_place.egg-info
[4.428s] writing pick_and_place.egg-info/PKG-INFO
[4.428s] writing dependency_links to pick_and_place.egg-info/dependency_links.txt
[4.434s] writing entry points to pick_and_place.egg-info/entry_points.txt
[4.434s] writing requirements to pick_and_place.egg-info/requires.txt
[4.435s] writing top-level names to pick_and_place.egg-info/top_level.txt
[4.440s] writing manifest file 'pick_and_place.egg-info/SOURCES.txt'
[4.734s] reading manifest file 'pick_and_place.egg-info/SOURCES.txt'
[4.735s] writing manifest file 'pick_and_place.egg-info/SOURCES.txt'
[4.790s] running build_ext
[4.790s] Creating /home/jetcobot/sun_ws/ros2_ws/install/pick_and_place/lib/python3.12/site-packages/pick-and-place.egg-link (link to .)
[4.793s] Installing camera_node script to /home/jetcobot/sun_ws/ros2_ws/install/pick_and_place/lib/pick_and_place
[4.793s] Installing camera_test_node script to /home/jetcobot/sun_ws/ros2_ws/install/pick_and_place/lib/pick_and_place
[4.793s] Installing control_node script to /home/jetcobot/sun_ws/ros2_ws/install/pick_and_place/lib/pick_and_place
[4.794s] Installing detection_node script to /home/jetcobot/sun_ws/ros2_ws/install/pick_and_place/lib/pick_and_place
[4.794s] Installing robot1_control_node script to /home/jetcobot/sun_ws/ros2_ws/install/pick_and_place/lib/pick_and_place
[4.794s] Installing robot2_control_node script to /home/jetcobot/sun_ws/ros2_ws/install/pick_and_place/lib/pick_and_place
[4.795s] Installing transform_node script to /home/jetcobot/sun_ws/ros2_ws/install/pick_and_place/lib/pick_and_place
[4.795s] 
[4.795s] Installed /home/jetcobot/sun_ws/ros2_ws/build/pick_and_place
[4.795s] running symlink_data
[4.796s] creating /home/jetcobot/sun_ws/ros2_ws/install/pick_and_place/share/ament_index
[4.797s] creating /home/jetcobot/sun_ws/ros2_ws/install/pick_and_place/share/ament_index/resource_index
[4.797s] creating /home/jetcobot/sun_ws/ros2_ws/install/pick_and_place/share/ament_index/resource_index/packages
[4.797s] symbolically linking /home/jetcobot/sun_ws/ros2_ws/build/pick_and_place/resource/pick_and_place -> /home/jetcobot/sun_ws/ros2_ws/install/pick_and_place/share/ament_index/resource_index/packages
[4.797s] symbolically linking /home/jetcobot/sun_ws/ros2_ws/build/pick_and_place/package.xml -> /home/jetcobot/sun_ws/ros2_ws/install/pick_and_place/share/pick_and_place
[4.797s] creating /home/jetcobot/sun_ws/ros2_ws/install/pick_and_place/share/pick_and_place/launch
[4.797s] symbolically linking /home/jetcobot/sun_ws/ros2_ws/build/pick_and_place/launch/pick_and_place_launch.py -> /home/jetcobot/sun_ws/ros2_ws/install/pick_and_place/share/pick_and_place/launch
[4.797s] creating /home/jetcobot/sun_ws/ros2_ws/install/pick_and_place/share/pick_and_place/srv
[4.975s] Invoked command in '/home/jetcobot/sun_ws/ros2_ws/build/pick_and_place' returned '0': DEBUGINFOD_URLS=https://debuginfod.ubuntu.com PYTHONPATH=/home/jetcobot/sun_ws/ros2_ws/build/pick_and_place/prefix_override:/usr/lib/python3/dist-packages/colcon_core/task/python/colcon_distutils_commands:/home/jetcobot/sun_ws/ros2_ws/install/pick_and_place/lib/python3.12/site-packages:${PYTHONPATH} /usr/bin/python3 -W ignore:setup.py install is deprecated -W ignore:easy_install command is deprecated setup.py develop --editable --build-directory /home/jetcobot/sun_ws/ros2_ws/build/pick_and_place/build --no-deps symlink_data
