[1.332s] Invoking command in '/home/jetcobot/sun_ws/ros2_ws/src/pick_and_place': DEBUGINFOD_URLS=https://debuginfod.ubuntu.com PYTHONPATH=/home/jetcobot/sun_ws/ros2_ws/build/pick_and_place/prefix_override:/usr/lib/python3/dist-packages/colcon_core/task/python/colcon_distutils_commands:/home/jetcobot/sun_ws/ros2_ws/install/pick_and_place/lib/python3.12/site-packages:${PYTHONPATH} /usr/bin/python3 -W ignore:setup.py install is deprecated -W ignore:easy_install command is deprecated setup.py egg_info --egg-base ../../build/pick_and_place build --build-base /home/jetcobot/sun_ws/ros2_ws/build/pick_and_place/build install --record /home/jetcobot/sun_ws/ros2_ws/build/pick_and_place/install.log --single-version-externally-managed install_data
[1.755s] running egg_info
[1.788s] writing ../../build/pick_and_place/pick_and_place.egg-info/PKG-INFO
[1.788s] writing dependency_links to ../../build/pick_and_place/pick_and_place.egg-info/dependency_links.txt
[1.789s] writing entry points to ../../build/pick_and_place/pick_and_place.egg-info/entry_points.txt
[1.790s] writing requirements to ../../build/pick_and_place/pick_and_place.egg-info/requires.txt
[1.791s] writing top-level names to ../../build/pick_and_place/pick_and_place.egg-info/top_level.txt
[1.859s] reading manifest file '../../build/pick_and_place/pick_and_place.egg-info/SOURCES.txt'
[1.859s] adding license file 'LICENSE'
[1.860s] writing manifest file '../../build/pick_and_place/pick_and_place.egg-info/SOURCES.txt'
[1.860s] running build
[1.860s] running build_py
[1.861s] copying pick_and_place/robot2_control_node.py -> /home/jetcobot/sun_ws/ros2_ws/build/pick_and_place/build/lib/pick_and_place
[1.862s] running install
[1.871s] running install_lib
[1.904s] copying /home/jetcobot/sun_ws/ros2_ws/build/pick_and_place/build/lib/pick_and_place/robot2_control_node.py -> /home/jetcobot/sun_ws/ros2_ws/install/pick_and_place/lib/python3.12/site-packages/pick_and_place
[1.905s] byte-compiling /home/jetcobot/sun_ws/ros2_ws/install/pick_and_place/lib/python3.12/site-packages/pick_and_place/robot2_control_node.py to robot2_control_node.cpython-312.pyc
[1.907s] running install_data
[1.907s] running install_egg_info
[1.943s] removing '/home/jetcobot/sun_ws/ros2_ws/install/pick_and_place/lib/python3.12/site-packages/pick_and_place-0.0.0-py3.12.egg-info' (and everything under it)
[1.945s] Copying ../../build/pick_and_place/pick_and_place.egg-info to /home/jetcobot/sun_ws/ros2_ws/install/pick_and_place/lib/python3.12/site-packages/pick_and_place-0.0.0-py3.12.egg-info
[1.945s] running install_scripts
[2.157s] Installing camera_node script to /home/jetcobot/sun_ws/ros2_ws/install/pick_and_place/lib/pick_and_place
[2.157s] Installing control_node script to /home/jetcobot/sun_ws/ros2_ws/install/pick_and_place/lib/pick_and_place
[2.158s] Installing detection_node script to /home/jetcobot/sun_ws/ros2_ws/install/pick_and_place/lib/pick_and_place
[2.162s] Installing robot2_control_node script to /home/jetcobot/sun_ws/ros2_ws/install/pick_and_place/lib/pick_and_place
[2.163s] Installing transform_node script to /home/jetcobot/sun_ws/ros2_ws/install/pick_and_place/lib/pick_and_place
[2.165s] writing list of installed files to '/home/jetcobot/sun_ws/ros2_ws/build/pick_and_place/install.log'
[2.243s] Invoked command in '/home/jetcobot/sun_ws/ros2_ws/src/pick_and_place' returned '0': DEBUGINFOD_URLS=https://debuginfod.ubuntu.com PYTHONPATH=/home/jetcobot/sun_ws/ros2_ws/build/pick_and_place/prefix_override:/usr/lib/python3/dist-packages/colcon_core/task/python/colcon_distutils_commands:/home/jetcobot/sun_ws/ros2_ws/install/pick_and_place/lib/python3.12/site-packages:${PYTHONPATH} /usr/bin/python3 -W ignore:setup.py install is deprecated -W ignore:easy_install command is deprecated setup.py egg_info --egg-base ../../build/pick_and_place build --build-base /home/jetcobot/sun_ws/ros2_ws/build/pick_and_place/build install --record /home/jetcobot/sun_ws/ros2_ws/build/pick_and_place/install.log --single-version-externally-managed install_data
