[1.809s] Invoking command in '/home/jetcobot/venv/mycobot/dev/moon_ws/ros2_ws/src/pick_and_place': DEBUGINFOD_URLS=https://debuginfod.ubuntu.com PYTHONPATH=/home/jetcobot/venv/mycobot/dev/moon_ws/ros2_ws/build/pick_and_place/prefix_override:/usr/lib/python3/dist-packages/colcon_core/task/python/colcon_distutils_commands:/home/jetcobot/venv/mycobot/dev/moon_ws/ros2_ws/install/pick_and_place/lib/python3.12/site-packages:${PYTHONPATH} /usr/bin/python3 -W ignore:setup.py install is deprecated -W ignore:easy_install command is deprecated setup.py egg_info --egg-base ../../build/pick_and_place build --build-base /home/jetcobot/venv/mycobot/dev/moon_ws/ros2_ws/build/pick_and_place/build install --record /home/jetcobot/venv/mycobot/dev/moon_ws/ros2_ws/build/pick_and_place/install.log --single-version-externally-managed install_data
[2.281s] running egg_info
[2.317s] writing ../../build/pick_and_place/pick_and_place.egg-info/PKG-INFO
[2.318s] writing dependency_links to ../../build/pick_and_place/pick_and_place.egg-info/dependency_links.txt
[2.319s] writing entry points to ../../build/pick_and_place/pick_and_place.egg-info/entry_points.txt
[2.323s] writing requirements to ../../build/pick_and_place/pick_and_place.egg-info/requires.txt
[2.324s] writing top-level names to ../../build/pick_and_place/pick_and_place.egg-info/top_level.txt
[2.401s] reading manifest file '../../build/pick_and_place/pick_and_place.egg-info/SOURCES.txt'
[2.402s] adding license file 'LICENSE'
[2.402s] writing manifest file '../../build/pick_and_place/pick_and_place.egg-info/SOURCES.txt'
[2.403s] running build
[2.403s] running build_py
[2.403s] copying pick_and_place/robot2_control_node.py -> /home/jetcobot/venv/mycobot/dev/moon_ws/ros2_ws/build/pick_and_place/build/lib/pick_and_place
[2.404s] copying pick_and_place/robot1_control_node.py -> /home/jetcobot/venv/mycobot/dev/moon_ws/ros2_ws/build/pick_and_place/build/lib/pick_and_place
[2.404s] running install
[2.414s] running install_lib
[2.450s] copying /home/jetcobot/venv/mycobot/dev/moon_ws/ros2_ws/build/pick_and_place/build/lib/pick_and_place/robot2_control_node.py -> /home/jetcobot/venv/mycobot/dev/moon_ws/ros2_ws/install/pick_and_place/lib/python3.12/site-packages/pick_and_place
[2.451s] copying /home/jetcobot/venv/mycobot/dev/moon_ws/ros2_ws/build/pick_and_place/build/lib/pick_and_place/robot1_control_node.py -> /home/jetcobot/venv/mycobot/dev/moon_ws/ros2_ws/install/pick_and_place/lib/python3.12/site-packages/pick_and_place
[2.452s] byte-compiling /home/jetcobot/venv/mycobot/dev/moon_ws/ros2_ws/install/pick_and_place/lib/python3.12/site-packages/pick_and_place/robot2_control_node.py to robot2_control_node.cpython-312.pyc
[2.456s] byte-compiling /home/jetcobot/venv/mycobot/dev/moon_ws/ros2_ws/install/pick_and_place/lib/python3.12/site-packages/pick_and_place/robot1_control_node.py to robot1_control_node.cpython-312.pyc
[2.459s] running install_data
[2.459s] running install_egg_info
[2.498s] removing '/home/jetcobot/venv/mycobot/dev/moon_ws/ros2_ws/install/pick_and_place/lib/python3.12/site-packages/pick_and_place-0.0.0-py3.12.egg-info' (and everything under it)
[2.498s] Copying ../../build/pick_and_place/pick_and_place.egg-info to /home/jetcobot/venv/mycobot/dev/moon_ws/ros2_ws/install/pick_and_place/lib/python3.12/site-packages/pick_and_place-0.0.0-py3.12.egg-info
[2.499s] running install_scripts
[2.735s] Installing camera_node script to /home/jetcobot/venv/mycobot/dev/moon_ws/ros2_ws/install/pick_and_place/lib/pick_and_place
[2.735s] Installing camera_test_node script to /home/jetcobot/venv/mycobot/dev/moon_ws/ros2_ws/install/pick_and_place/lib/pick_and_place
[2.736s] Installing control_node script to /home/jetcobot/venv/mycobot/dev/moon_ws/ros2_ws/install/pick_and_place/lib/pick_and_place
[2.738s] Installing detection_node script to /home/jetcobot/venv/mycobot/dev/moon_ws/ros2_ws/install/pick_and_place/lib/pick_and_place
[2.739s] Installing robot2_control_node script to /home/jetcobot/venv/mycobot/dev/moon_ws/ros2_ws/install/pick_and_place/lib/pick_and_place
[2.740s] Installing transform_node script to /home/jetcobot/venv/mycobot/dev/moon_ws/ros2_ws/install/pick_and_place/lib/pick_and_place
[2.741s] writing list of installed files to '/home/jetcobot/venv/mycobot/dev/moon_ws/ros2_ws/build/pick_and_place/install.log'
[2.828s] Invoked command in '/home/jetcobot/venv/mycobot/dev/moon_ws/ros2_ws/src/pick_and_place' returned '0': DEBUGINFOD_URLS=https://debuginfod.ubuntu.com PYTHONPATH=/home/jetcobot/venv/mycobot/dev/moon_ws/ros2_ws/build/pick_and_place/prefix_override:/usr/lib/python3/dist-packages/colcon_core/task/python/colcon_distutils_commands:/home/jetcobot/venv/mycobot/dev/moon_ws/ros2_ws/install/pick_and_place/lib/python3.12/site-packages:${PYTHONPATH} /usr/bin/python3 -W ignore:setup.py install is deprecated -W ignore:easy_install command is deprecated setup.py egg_info --egg-base ../../build/pick_and_place build --build-base /home/jetcobot/venv/mycobot/dev/moon_ws/ros2_ws/build/pick_and_place/build install --record /home/jetcobot/venv/mycobot/dev/moon_ws/ros2_ws/build/pick_and_place/install.log --single-version-externally-managed install_data
