[0.157s] DEBUG:colcon:Command line arguments: ['/usr/bin/colcon', 'build', '--symlink-install']
[0.157s] DEBUG:colcon:Parsed command line arguments: Namespace(log_base=None, log_level=None, verb_name='build', build_base='build', install_base='install', merge_install=False, symlink_install=True, test_result_base=None, continue_on_error=False, executor='parallel', parallel_workers=4, event_handlers=None, ignore_user_meta=False, metas=['./colcon.meta'], base_paths=['.'], packages_ignore=None, packages_ignore_regex=None, paths=None, packages_up_to=None, packages_up_to_regex=None, packages_above=None, packages_above_and_dependencies=None, packages_above_depth=None, packages_select_by_dep=None, packages_skip_by_dep=None, packages_skip_up_to=None, packages_select_build_failed=False, packages_skip_build_finished=False, packages_select_test_failures=False, packages_skip_test_passed=False, packages_select=None, packages_skip=None, packages_select_regex=None, packages_skip_regex=None, packages_start=None, packages_end=None, allow_overriding=[], cmake_args=None, cmake_target=None, cmake_target_skip_unavailable=False, cmake_clean_cache=False, cmake_clean_first=False, cmake_force_configure=False, ament_cmake_args=None, catkin_cmake_args=None, catkin_skip_building_tests=False, mixin_files=None, mixin=None, verb_parser=<colcon_mixin.mixin.mixin_argument.MixinArgumentDecorator object at 0xffffaad26600>, verb_extension=<colcon_core.verb.build.BuildVerb object at 0xffffaad26210>, main=<bound method BuildVerb.main of <colcon_core.verb.build.BuildVerb object at 0xffffaad26210>>, mixin_verb=('build',))
[0.213s] Level 1:colcon.colcon_core.package_discovery:discover_packages(colcon_meta) check parameters
[0.214s] Level 1:colcon.colcon_core.package_discovery:discover_packages(recursive) check parameters
[0.214s] Level 1:colcon.colcon_core.package_discovery:discover_packages(ignore) check parameters
[0.214s] Level 1:colcon.colcon_core.package_discovery:discover_packages(path) check parameters
[0.214s] Level 1:colcon.colcon_core.package_discovery:discover_packages(colcon_meta) discover
[0.214s] Level 1:colcon.colcon_core.package_discovery:discover_packages(recursive) discover
[0.214s] INFO:colcon.colcon_core.package_discovery:Crawling recursively for packages in '/home/jetcobot/sun_ws/ros2_ws'
[0.214s] Level 1:colcon.colcon_core.package_identification:_identify(.) by extensions ['ignore', 'ignore_ament_install']
[0.214s] Level 1:colcon.colcon_core.package_identification:_identify(.) by extension 'ignore'
[0.214s] Level 1:colcon.colcon_core.package_identification:_identify(.) by extension 'ignore_ament_install'
[0.214s] Level 1:colcon.colcon_core.package_identification:_identify(.) by extensions ['colcon_pkg']
[0.214s] Level 1:colcon.colcon_core.package_identification:_identify(.) by extension 'colcon_pkg'
[0.214s] Level 1:colcon.colcon_core.package_identification:_identify(.) by extensions ['colcon_meta']
[0.214s] Level 1:colcon.colcon_core.package_identification:_identify(.) by extension 'colcon_meta'
[0.215s] Level 1:colcon.colcon_core.package_identification:_identify(.) by extensions ['ros']
[0.215s] Level 1:colcon.colcon_core.package_identification:_identify(.) by extension 'ros'
[0.253s] Level 1:colcon.colcon_core.package_identification:_identify(.) by extensions ['cmake', 'python']
[0.253s] Level 1:colcon.colcon_core.package_identification:_identify(.) by extension 'cmake'
[0.253s] Level 1:colcon.colcon_core.package_identification:_identify(.) by extension 'python'
[0.253s] Level 1:colcon.colcon_core.package_identification:_identify(.) by extensions ['python_setup_py']
[0.253s] Level 1:colcon.colcon_core.package_identification:_identify(.) by extension 'python_setup_py'
[0.253s] Level 1:colcon.colcon_core.package_identification:_identify(build) by extensions ['ignore', 'ignore_ament_install']
[0.253s] Level 1:colcon.colcon_core.package_identification:_identify(build) by extension 'ignore'
[0.253s] Level 1:colcon.colcon_core.package_identification:_identify(build) ignored
[0.254s] Level 1:colcon.colcon_core.package_identification:_identify(install) by extensions ['ignore', 'ignore_ament_install']
[0.254s] Level 1:colcon.colcon_core.package_identification:_identify(install) by extension 'ignore'
[0.254s] Level 1:colcon.colcon_core.package_identification:_identify(install) ignored
[0.254s] Level 1:colcon.colcon_core.package_identification:_identify(log) by extensions ['ignore', 'ignore_ament_install']
[0.254s] Level 1:colcon.colcon_core.package_identification:_identify(log) by extension 'ignore'
[0.254s] Level 1:colcon.colcon_core.package_identification:_identify(log) ignored
[0.254s] Level 1:colcon.colcon_core.package_identification:_identify(src) by extensions ['ignore', 'ignore_ament_install']
[0.254s] Level 1:colcon.colcon_core.package_identification:_identify(src) by extension 'ignore'
[0.254s] Level 1:colcon.colcon_core.package_identification:_identify(src) by extension 'ignore_ament_install'
[0.254s] Level 1:colcon.colcon_core.package_identification:_identify(src) by extensions ['colcon_pkg']
[0.254s] Level 1:colcon.colcon_core.package_identification:_identify(src) by extension 'colcon_pkg'
[0.254s] Level 1:colcon.colcon_core.package_identification:_identify(src) by extensions ['colcon_meta']
[0.254s] Level 1:colcon.colcon_core.package_identification:_identify(src) by extension 'colcon_meta'
[0.255s] Level 1:colcon.colcon_core.package_identification:_identify(src) by extensions ['ros']
[0.255s] Level 1:colcon.colcon_core.package_identification:_identify(src) by extension 'ros'
[0.255s] Level 1:colcon.colcon_core.package_identification:_identify(src) by extensions ['cmake', 'python']
[0.255s] Level 1:colcon.colcon_core.package_identification:_identify(src) by extension 'cmake'
[0.255s] Level 1:colcon.colcon_core.package_identification:_identify(src) by extension 'python'
[0.255s] Level 1:colcon.colcon_core.package_identification:_identify(src) by extensions ['python_setup_py']
[0.255s] Level 1:colcon.colcon_core.package_identification:_identify(src) by extension 'python_setup_py'
[0.255s] Level 1:colcon.colcon_core.package_identification:_identify(src/custom_messeage) by extensions ['ignore', 'ignore_ament_install']
[0.255s] Level 1:colcon.colcon_core.package_identification:_identify(src/custom_messeage) by extension 'ignore'
[0.255s] Level 1:colcon.colcon_core.package_identification:_identify(src/custom_messeage) by extension 'ignore_ament_install'
[0.255s] Level 1:colcon.colcon_core.package_identification:_identify(src/custom_messeage) by extensions ['colcon_pkg']
[0.255s] Level 1:colcon.colcon_core.package_identification:_identify(src/custom_messeage) by extension 'colcon_pkg'
[0.255s] Level 1:colcon.colcon_core.package_identification:_identify(src/custom_messeage) by extensions ['colcon_meta']
[0.255s] Level 1:colcon.colcon_core.package_identification:_identify(src/custom_messeage) by extension 'colcon_meta'
[0.255s] Level 1:colcon.colcon_core.package_identification:_identify(src/custom_messeage) by extensions ['ros']
[0.255s] Level 1:colcon.colcon_core.package_identification:_identify(src/custom_messeage) by extension 'ros'
[0.258s] DEBUG:colcon.colcon_core.package_identification:Package 'src/custom_messeage' with type 'ros.ament_cmake' and name 'custom_messeage'
[0.259s] Level 1:colcon.colcon_core.package_identification:_identify(src/pick_and_place) by extensions ['ignore', 'ignore_ament_install']
[0.259s] Level 1:colcon.colcon_core.package_identification:_identify(src/pick_and_place) by extension 'ignore'
[0.259s] Level 1:colcon.colcon_core.package_identification:_identify(src/pick_and_place) by extension 'ignore_ament_install'
[0.259s] Level 1:colcon.colcon_core.package_identification:_identify(src/pick_and_place) by extensions ['colcon_pkg']
[0.259s] Level 1:colcon.colcon_core.package_identification:_identify(src/pick_and_place) by extension 'colcon_pkg'
[0.259s] Level 1:colcon.colcon_core.package_identification:_identify(src/pick_and_place) by extensions ['colcon_meta']
[0.259s] Level 1:colcon.colcon_core.package_identification:_identify(src/pick_and_place) by extension 'colcon_meta'
[0.259s] Level 1:colcon.colcon_core.package_identification:_identify(src/pick_and_place) by extensions ['ros']
[0.259s] Level 1:colcon.colcon_core.package_identification:_identify(src/pick_and_place) by extension 'ros'
[0.260s] DEBUG:colcon.colcon_core.package_identification:Package 'src/pick_and_place' with type 'ros.ament_python' and name 'pick_and_place'
[0.260s] Level 1:colcon.colcon_core.package_identification:_identify(src/ros2_custom_msgs) by extensions ['ignore', 'ignore_ament_install']
[0.260s] Level 1:colcon.colcon_core.package_identification:_identify(src/ros2_custom_msgs) by extension 'ignore'
[0.260s] Level 1:colcon.colcon_core.package_identification:_identify(src/ros2_custom_msgs) by extension 'ignore_ament_install'
[0.260s] Level 1:colcon.colcon_core.package_identification:_identify(src/ros2_custom_msgs) by extensions ['colcon_pkg']
[0.260s] Level 1:colcon.colcon_core.package_identification:_identify(src/ros2_custom_msgs) by extension 'colcon_pkg'
[0.260s] Level 1:colcon.colcon_core.package_identification:_identify(src/ros2_custom_msgs) by extensions ['colcon_meta']
[0.260s] Level 1:colcon.colcon_core.package_identification:_identify(src/ros2_custom_msgs) by extension 'colcon_meta'
[0.260s] Level 1:colcon.colcon_core.package_identification:_identify(src/ros2_custom_msgs) by extensions ['ros']
[0.260s] Level 1:colcon.colcon_core.package_identification:_identify(src/ros2_custom_msgs) by extension 'ros'
[0.260s] Level 1:colcon.colcon_core.package_identification:_identify(src/ros2_custom_msgs) by extensions ['cmake', 'python']
[0.261s] Level 1:colcon.colcon_core.package_identification:_identify(src/ros2_custom_msgs) by extension 'cmake'
[0.261s] Level 1:colcon.colcon_core.package_identification:_identify(src/ros2_custom_msgs) by extension 'python'
[0.261s] Level 1:colcon.colcon_core.package_identification:_identify(src/ros2_custom_msgs) by extensions ['python_setup_py']
[0.261s] Level 1:colcon.colcon_core.package_identification:_identify(src/ros2_custom_msgs) by extension 'python_setup_py'
[0.261s] Level 1:colcon.colcon_core.package_identification:_identify(src/ros2_custom_msgs/src) by extensions ['ignore', 'ignore_ament_install']
[0.261s] Level 1:colcon.colcon_core.package_identification:_identify(src/ros2_custom_msgs/src) by extension 'ignore'
[0.261s] Level 1:colcon.colcon_core.package_identification:_identify(src/ros2_custom_msgs/src) by extension 'ignore_ament_install'
[0.261s] Level 1:colcon.colcon_core.package_identification:_identify(src/ros2_custom_msgs/src) by extensions ['colcon_pkg']
[0.261s] Level 1:colcon.colcon_core.package_identification:_identify(src/ros2_custom_msgs/src) by extension 'colcon_pkg'
[0.261s] Level 1:colcon.colcon_core.package_identification:_identify(src/ros2_custom_msgs/src) by extensions ['colcon_meta']
[0.261s] Level 1:colcon.colcon_core.package_identification:_identify(src/ros2_custom_msgs/src) by extension 'colcon_meta'
[0.261s] Level 1:colcon.colcon_core.package_identification:_identify(src/ros2_custom_msgs/src) by extensions ['ros']
[0.261s] Level 1:colcon.colcon_core.package_identification:_identify(src/ros2_custom_msgs/src) by extension 'ros'
[0.261s] Level 1:colcon.colcon_core.package_identification:_identify(src/ros2_custom_msgs/src) by extensions ['cmake', 'python']
[0.261s] Level 1:colcon.colcon_core.package_identification:_identify(src/ros2_custom_msgs/src) by extension 'cmake'
[0.261s] Level 1:colcon.colcon_core.package_identification:_identify(src/ros2_custom_msgs/src) by extension 'python'
[0.261s] Level 1:colcon.colcon_core.package_identification:_identify(src/ros2_custom_msgs/src) by extensions ['python_setup_py']
[0.261s] Level 1:colcon.colcon_core.package_identification:_identify(src/ros2_custom_msgs/src) by extension 'python_setup_py'
[0.262s] Level 1:colcon.colcon_core.package_identification:_identify(src/ros2_custom_msgs/src/robocallee_fms) by extensions ['ignore', 'ignore_ament_install']
[0.262s] Level 1:colcon.colcon_core.package_identification:_identify(src/ros2_custom_msgs/src/robocallee_fms) by extension 'ignore'
[0.262s] Level 1:colcon.colcon_core.package_identification:_identify(src/ros2_custom_msgs/src/robocallee_fms) by extension 'ignore_ament_install'
[0.262s] Level 1:colcon.colcon_core.package_identification:_identify(src/ros2_custom_msgs/src/robocallee_fms) by extensions ['colcon_pkg']
[0.262s] Level 1:colcon.colcon_core.package_identification:_identify(src/ros2_custom_msgs/src/robocallee_fms) by extension 'colcon_pkg'
[0.262s] Level 1:colcon.colcon_core.package_identification:_identify(src/ros2_custom_msgs/src/robocallee_fms) by extensions ['colcon_meta']
[0.262s] Level 1:colcon.colcon_core.package_identification:_identify(src/ros2_custom_msgs/src/robocallee_fms) by extension 'colcon_meta'
[0.262s] Level 1:colcon.colcon_core.package_identification:_identify(src/ros2_custom_msgs/src/robocallee_fms) by extensions ['ros']
[0.262s] Level 1:colcon.colcon_core.package_identification:_identify(src/ros2_custom_msgs/src/robocallee_fms) by extension 'ros'
[0.262s] DEBUG:colcon.colcon_core.package_identification:Package 'src/ros2_custom_msgs/src/robocallee_fms' with type 'ros.ament_cmake' and name 'robocallee_fms'
[0.263s] Level 1:colcon.colcon_core.package_discovery:discover_packages(recursive) using defaults
[0.263s] Level 1:colcon.colcon_core.package_discovery:discover_packages(ignore) discover
[0.263s] Level 1:colcon.colcon_core.package_discovery:discover_packages(ignore) using defaults
[0.263s] Level 1:colcon.colcon_core.package_discovery:discover_packages(path) discover
[0.263s] Level 1:colcon.colcon_core.package_discovery:discover_packages(path) using defaults
[0.287s] Level 1:colcon.colcon_core.package_discovery:discover_packages(prefix_path) check parameters
[0.287s] Level 1:colcon.colcon_core.package_discovery:discover_packages(prefix_path) discover
[0.290s] DEBUG:colcon.colcon_installed_package_information.package_discovery:Found 3 installed packages in /home/jetcobot/sun_ws/ros2_ws/install
[0.290s] DEBUG:colcon.colcon_installed_package_information.package_discovery:Found 1 installed packages in /home/jetcobot/CJ_ws/ros_ws/src/robocallee_fms/install
[0.293s] DEBUG:colcon.colcon_installed_package_information.package_discovery:Found 379 installed packages in /opt/ros/jazzy
[0.296s] Level 1:colcon.colcon_core.package_discovery:discover_packages(prefix_path) using defaults
[0.370s] Level 5:colcon.colcon_core.verb:set package 'custom_messeage' build argument 'cmake_args' from command line to 'None'
[0.370s] Level 5:colcon.colcon_core.verb:set package 'custom_messeage' build argument 'cmake_target' from command line to 'None'
[0.370s] Level 5:colcon.colcon_core.verb:set package 'custom_messeage' build argument 'cmake_target_skip_unavailable' from command line to 'False'
[0.370s] Level 5:colcon.colcon_core.verb:set package 'custom_messeage' build argument 'cmake_clean_cache' from command line to 'False'
[0.370s] Level 5:colcon.colcon_core.verb:set package 'custom_messeage' build argument 'cmake_clean_first' from command line to 'False'
[0.370s] Level 5:colcon.colcon_core.verb:set package 'custom_messeage' build argument 'cmake_force_configure' from command line to 'False'
[0.370s] Level 5:colcon.colcon_core.verb:set package 'custom_messeage' build argument 'ament_cmake_args' from command line to 'None'
[0.370s] Level 5:colcon.colcon_core.verb:set package 'custom_messeage' build argument 'catkin_cmake_args' from command line to 'None'
[0.370s] Level 5:colcon.colcon_core.verb:set package 'custom_messeage' build argument 'catkin_skip_building_tests' from command line to 'False'
[0.370s] DEBUG:colcon.colcon_core.verb:Building package 'custom_messeage' with the following arguments: {'ament_cmake_args': None, 'build_base': '/home/jetcobot/sun_ws/ros2_ws/build/custom_messeage', 'catkin_cmake_args': None, 'catkin_skip_building_tests': False, 'cmake_args': None, 'cmake_clean_cache': False, 'cmake_clean_first': False, 'cmake_force_configure': False, 'cmake_target': None, 'cmake_target_skip_unavailable': False, 'install_base': '/home/jetcobot/sun_ws/ros2_ws/install/custom_messeage', 'merge_install': False, 'path': '/home/jetcobot/sun_ws/ros2_ws/src/custom_messeage', 'symlink_install': True, 'test_result_base': None}
[0.371s] Level 5:colcon.colcon_core.verb:set package 'pick_and_place' build argument 'cmake_args' from command line to 'None'
[0.371s] Level 5:colcon.colcon_core.verb:set package 'pick_and_place' build argument 'cmake_target' from command line to 'None'
[0.371s] Level 5:colcon.colcon_core.verb:set package 'pick_and_place' build argument 'cmake_target_skip_unavailable' from command line to 'False'
[0.371s] Level 5:colcon.colcon_core.verb:set package 'pick_and_place' build argument 'cmake_clean_cache' from command line to 'False'
[0.371s] Level 5:colcon.colcon_core.verb:set package 'pick_and_place' build argument 'cmake_clean_first' from command line to 'False'
[0.371s] Level 5:colcon.colcon_core.verb:set package 'pick_and_place' build argument 'cmake_force_configure' from command line to 'False'
[0.371s] Level 5:colcon.colcon_core.verb:set package 'pick_and_place' build argument 'ament_cmake_args' from command line to 'None'
[0.371s] Level 5:colcon.colcon_core.verb:set package 'pick_and_place' build argument 'catkin_cmake_args' from command line to 'None'
[0.371s] Level 5:colcon.colcon_core.verb:set package 'pick_and_place' build argument 'catkin_skip_building_tests' from command line to 'False'
[0.371s] DEBUG:colcon.colcon_core.verb:Building package 'pick_and_place' with the following arguments: {'ament_cmake_args': None, 'build_base': '/home/jetcobot/sun_ws/ros2_ws/build/pick_and_place', 'catkin_cmake_args': None, 'catkin_skip_building_tests': False, 'cmake_args': None, 'cmake_clean_cache': False, 'cmake_clean_first': False, 'cmake_force_configure': False, 'cmake_target': None, 'cmake_target_skip_unavailable': False, 'install_base': '/home/jetcobot/sun_ws/ros2_ws/install/pick_and_place', 'merge_install': False, 'path': '/home/jetcobot/sun_ws/ros2_ws/src/pick_and_place', 'symlink_install': True, 'test_result_base': None}
[0.371s] Level 5:colcon.colcon_core.verb:set package 'robocallee_fms' build argument 'cmake_args' from command line to 'None'
[0.372s] Level 5:colcon.colcon_core.verb:set package 'robocallee_fms' build argument 'cmake_target' from command line to 'None'
[0.372s] Level 5:colcon.colcon_core.verb:set package 'robocallee_fms' build argument 'cmake_target_skip_unavailable' from command line to 'False'
[0.372s] Level 5:colcon.colcon_core.verb:set package 'robocallee_fms' build argument 'cmake_clean_cache' from command line to 'False'
[0.372s] Level 5:colcon.colcon_core.verb:set package 'robocallee_fms' build argument 'cmake_clean_first' from command line to 'False'
[0.372s] Level 5:colcon.colcon_core.verb:set package 'robocallee_fms' build argument 'cmake_force_configure' from command line to 'False'
[0.372s] Level 5:colcon.colcon_core.verb:set package 'robocallee_fms' build argument 'ament_cmake_args' from command line to 'None'
[0.372s] Level 5:colcon.colcon_core.verb:set package 'robocallee_fms' build argument 'catkin_cmake_args' from command line to 'None'
[0.372s] Level 5:colcon.colcon_core.verb:set package 'robocallee_fms' build argument 'catkin_skip_building_tests' from command line to 'False'
[0.372s] DEBUG:colcon.colcon_core.verb:Building package 'robocallee_fms' with the following arguments: {'ament_cmake_args': None, 'build_base': '/home/jetcobot/sun_ws/ros2_ws/build/robocallee_fms', 'catkin_cmake_args': None, 'catkin_skip_building_tests': False, 'cmake_args': None, 'cmake_clean_cache': False, 'cmake_clean_first': False, 'cmake_force_configure': False, 'cmake_target': None, 'cmake_target_skip_unavailable': False, 'install_base': '/home/jetcobot/sun_ws/ros2_ws/install/robocallee_fms', 'merge_install': False, 'path': '/home/jetcobot/sun_ws/ros2_ws/src/ros2_custom_msgs/src/robocallee_fms', 'symlink_install': True, 'test_result_base': None}
[0.372s] INFO:colcon.colcon_core.executor:Executing jobs using 'parallel' executor
[0.373s] DEBUG:colcon.colcon_parallel_executor.executor.parallel:run_until_complete
[0.373s] INFO:colcon.colcon_ros.task.ament_cmake.build:Building ROS package in '/home/jetcobot/sun_ws/ros2_ws/src/custom_messeage' with build type 'ament_cmake'
[0.374s] INFO:colcon.colcon_cmake.task.cmake.build:Building CMake package in '/home/jetcobot/sun_ws/ros2_ws/src/custom_messeage'
[0.376s] INFO:colcon.colcon_core.plugin_system:Skipping extension 'colcon_core.shell.bat': Not used on non-Windows systems
[0.376s] INFO:colcon.colcon_core.shell:Skip shell extension 'powershell' for command environment: Not usable outside of PowerShell
[0.376s] DEBUG:colcon.colcon_core.shell:Skip shell extension 'dsv' for command environment
[0.398s] INFO:colcon.colcon_ros.task.ament_python.build:Building ROS package in '/home/jetcobot/sun_ws/ros2_ws/src/pick_and_place' with build type 'ament_python'
[0.398s] Level 1:colcon.colcon_core.shell:create_environment_hook('pick_and_place', 'ament_prefix_path')
[0.398s] INFO:colcon.colcon_core.shell:Creating environment hook '/home/jetcobot/sun_ws/ros2_ws/install/pick_and_place/share/pick_and_place/hook/ament_prefix_path.ps1'
[0.400s] INFO:colcon.colcon_core.shell:Creating environment descriptor '/home/jetcobot/sun_ws/ros2_ws/install/pick_and_place/share/pick_and_place/hook/ament_prefix_path.dsv'
[0.404s] INFO:colcon.colcon_core.shell:Creating environment hook '/home/jetcobot/sun_ws/ros2_ws/install/pick_and_place/share/pick_and_place/hook/ament_prefix_path.sh'
[0.405s] INFO:colcon.colcon_core.shell:Skip shell extension 'powershell' for command environment: Not usable outside of PowerShell
[0.405s] DEBUG:colcon.colcon_core.shell:Skip shell extension 'dsv' for command environment
[0.411s] INFO:colcon.colcon_ros.task.ament_cmake.build:Building ROS package in '/home/jetcobot/sun_ws/ros2_ws/src/ros2_custom_msgs/src/robocallee_fms' with build type 'ament_cmake'
[0.411s] INFO:colcon.colcon_cmake.task.cmake.build:Building CMake package in '/home/jetcobot/sun_ws/ros2_ws/src/ros2_custom_msgs/src/robocallee_fms'
[0.411s] INFO:colcon.colcon_core.shell:Skip shell extension 'powershell' for command environment: Not usable outside of PowerShell
[0.411s] DEBUG:colcon.colcon_core.shell:Skip shell extension 'dsv' for command environment
[0.426s] DEBUG:colcon.colcon_core.event_handler.log_command:Invoking command in '/home/jetcobot/sun_ws/ros2_ws/build/custom_messeage': CMAKE_PREFIX_PATH=${CMAKE_PREFIX_PATH}:/home/jetcobot/sun_ws/ros2_ws/install/pick_and_place:/opt/ros/jazzy DEBUGINFOD_URLS=https://debuginfod.ubuntu.com /usr/bin/cmake --build /home/jetcobot/sun_ws/ros2_ws/build/custom_messeage -- -j4 -l4
[0.916s] INFO:colcon.colcon_core.task.python.build:Building Python package in '/home/jetcobot/sun_ws/ros2_ws/src/pick_and_place'
[0.923s] INFO:colcon.colcon_core.shell:Skip shell extension 'powershell' for command environment: Not usable outside of PowerShell
[0.923s] DEBUG:colcon.colcon_core.shell:Skip shell extension 'dsv' for command environment
[0.960s] DEBUG:colcon.colcon_core.event_handler.log_command:Invoking command in '/home/jetcobot/sun_ws/ros2_ws/build/robocallee_fms': CMAKE_PREFIX_PATH=${CMAKE_PREFIX_PATH}:/home/jetcobot/sun_ws/ros2_ws/install/pick_and_place:/opt/ros/jazzy DEBUGINFOD_URLS=https://debuginfod.ubuntu.com /usr/bin/cmake --build /home/jetcobot/sun_ws/ros2_ws/build/robocallee_fms -- -j4 -l4
[1.541s] DEBUG:colcon.colcon_core.event_handler.log_command:Invoked command in '/home/jetcobot/sun_ws/ros2_ws/build/custom_messeage' returned '0': CMAKE_PREFIX_PATH=${CMAKE_PREFIX_PATH}:/home/jetcobot/sun_ws/ros2_ws/install/pick_and_place:/opt/ros/jazzy DEBUGINFOD_URLS=https://debuginfod.ubuntu.com /usr/bin/cmake --build /home/jetcobot/sun_ws/ros2_ws/build/custom_messeage -- -j4 -l4
[1.591s] DEBUG:colcon.colcon_core.event_handler.log_command:Invoking command in '/home/jetcobot/sun_ws/ros2_ws/build/custom_messeage': CMAKE_PREFIX_PATH=${CMAKE_PREFIX_PATH}:/home/jetcobot/sun_ws/ros2_ws/install/pick_and_place:/opt/ros/jazzy DEBUGINFOD_URLS=https://debuginfod.ubuntu.com /usr/bin/cmake --install /home/jetcobot/sun_ws/ros2_ws/build/custom_messeage
[1.906s] Level 1:colcon.colcon_core.environment:create_environment_scripts_only(custom_messeage)
[1.915s] Level 1:colcon.colcon_core.environment:checking '/home/jetcobot/sun_ws/ros2_ws/install/custom_messeage' for CMake module files
[1.919s] Level 1:colcon.colcon_core.environment:checking '/home/jetcobot/sun_ws/ros2_ws/install/custom_messeage' for CMake config files
[1.916s] DEBUG:colcon.colcon_core.event_handler.log_command:Invoked command in '/home/jetcobot/sun_ws/ros2_ws/build/custom_messeage' returned '0': CMAKE_PREFIX_PATH=${CMAKE_PREFIX_PATH}:/home/jetcobot/sun_ws/ros2_ws/install/pick_and_place:/opt/ros/jazzy DEBUGINFOD_URLS=https://debuginfod.ubuntu.com /usr/bin/cmake --install /home/jetcobot/sun_ws/ros2_ws/build/custom_messeage
[1.921s] Level 1:colcon.colcon_core.shell:create_environment_hook('custom_messeage', 'cmake_prefix_path')
[1.924s] INFO:colcon.colcon_core.shell:Creating environment hook '/home/jetcobot/sun_ws/ros2_ws/install/custom_messeage/share/custom_messeage/hook/cmake_prefix_path.ps1'
[1.927s] INFO:colcon.colcon_core.shell:Creating environment descriptor '/home/jetcobot/sun_ws/ros2_ws/install/custom_messeage/share/custom_messeage/hook/cmake_prefix_path.dsv'
[1.930s] INFO:colcon.colcon_core.shell:Creating environment hook '/home/jetcobot/sun_ws/ros2_ws/install/custom_messeage/share/custom_messeage/hook/cmake_prefix_path.sh'
[1.932s] Level 1:colcon.colcon_core.environment:checking '/home/jetcobot/sun_ws/ros2_ws/install/custom_messeage/lib'
[1.934s] Level 1:colcon.colcon_core.shell:create_environment_hook('custom_messeage', 'ld_library_path_lib')
[1.935s] INFO:colcon.colcon_core.shell:Creating environment hook '/home/jetcobot/sun_ws/ros2_ws/install/custom_messeage/share/custom_messeage/hook/ld_library_path_lib.ps1'
[1.939s] INFO:colcon.colcon_core.shell:Creating environment descriptor '/home/jetcobot/sun_ws/ros2_ws/install/custom_messeage/share/custom_messeage/hook/ld_library_path_lib.dsv'
[1.940s] INFO:colcon.colcon_core.shell:Creating environment hook '/home/jetcobot/sun_ws/ros2_ws/install/custom_messeage/share/custom_messeage/hook/ld_library_path_lib.sh'
[1.945s] Level 1:colcon.colcon_core.environment:checking '/home/jetcobot/sun_ws/ros2_ws/install/custom_messeage/bin'
[1.945s] Level 1:colcon.colcon_core.environment:checking '/home/jetcobot/sun_ws/ros2_ws/install/custom_messeage/lib/pkgconfig/custom_messeage.pc'
[1.945s] Level 1:colcon.colcon_core.environment:checking '/home/jetcobot/sun_ws/ros2_ws/install/custom_messeage/lib/python3.12/site-packages'
[1.946s] Level 1:colcon.colcon_core.shell:create_environment_hook('custom_messeage', 'pythonpath')
[1.947s] INFO:colcon.colcon_core.shell:Creating environment hook '/home/jetcobot/sun_ws/ros2_ws/install/custom_messeage/share/custom_messeage/hook/pythonpath.ps1'
[1.950s] INFO:colcon.colcon_core.shell:Creating environment descriptor '/home/jetcobot/sun_ws/ros2_ws/install/custom_messeage/share/custom_messeage/hook/pythonpath.dsv'
[1.954s] INFO:colcon.colcon_core.shell:Creating environment hook '/home/jetcobot/sun_ws/ros2_ws/install/custom_messeage/share/custom_messeage/hook/pythonpath.sh'
[1.960s] Level 1:colcon.colcon_core.environment:checking '/home/jetcobot/sun_ws/ros2_ws/install/custom_messeage/bin'
[1.963s] INFO:colcon.colcon_core.shell:Creating package script '/home/jetcobot/sun_ws/ros2_ws/install/custom_messeage/share/custom_messeage/package.ps1'
[1.971s] INFO:colcon.colcon_core.shell:Creating package descriptor '/home/jetcobot/sun_ws/ros2_ws/install/custom_messeage/share/custom_messeage/package.dsv'
[1.973s] INFO:colcon.colcon_core.shell:Creating package script '/home/jetcobot/sun_ws/ros2_ws/install/custom_messeage/share/custom_messeage/package.sh'
[1.976s] INFO:colcon.colcon_core.shell:Creating package script '/home/jetcobot/sun_ws/ros2_ws/install/custom_messeage/share/custom_messeage/package.bash'
[1.978s] INFO:colcon.colcon_core.shell:Creating package script '/home/jetcobot/sun_ws/ros2_ws/install/custom_messeage/share/custom_messeage/package.zsh'
[1.986s] Level 1:colcon.colcon_core.environment:create_file_with_runtime_dependencies(/home/jetcobot/sun_ws/ros2_ws/install/custom_messeage/share/colcon-core/packages/custom_messeage)
[1.987s] Level 1:colcon.colcon_core.environment:create_environment_scripts_only(custom_messeage)
[1.989s] Level 1:colcon.colcon_core.environment:checking '/home/jetcobot/sun_ws/ros2_ws/install/custom_messeage' for CMake module files
[1.993s] Level 1:colcon.colcon_core.environment:checking '/home/jetcobot/sun_ws/ros2_ws/install/custom_messeage' for CMake config files
[1.995s] Level 1:colcon.colcon_core.shell:create_environment_hook('custom_messeage', 'cmake_prefix_path')
[1.996s] INFO:colcon.colcon_core.shell:Creating environment hook '/home/jetcobot/sun_ws/ros2_ws/install/custom_messeage/share/custom_messeage/hook/cmake_prefix_path.ps1'
[2.000s] INFO:colcon.colcon_core.shell:Creating environment descriptor '/home/jetcobot/sun_ws/ros2_ws/install/custom_messeage/share/custom_messeage/hook/cmake_prefix_path.dsv'
[2.002s] INFO:colcon.colcon_core.shell:Creating environment hook '/home/jetcobot/sun_ws/ros2_ws/install/custom_messeage/share/custom_messeage/hook/cmake_prefix_path.sh'
[2.004s] Level 1:colcon.colcon_core.environment:checking '/home/jetcobot/sun_ws/ros2_ws/install/custom_messeage/lib'
[2.004s] Level 1:colcon.colcon_core.shell:create_environment_hook('custom_messeage', 'ld_library_path_lib')
[2.005s] INFO:colcon.colcon_core.shell:Creating environment hook '/home/jetcobot/sun_ws/ros2_ws/install/custom_messeage/share/custom_messeage/hook/ld_library_path_lib.ps1'
[2.006s] INFO:colcon.colcon_core.shell:Creating environment descriptor '/home/jetcobot/sun_ws/ros2_ws/install/custom_messeage/share/custom_messeage/hook/ld_library_path_lib.dsv'
[2.008s] INFO:colcon.colcon_core.shell:Creating environment hook '/home/jetcobot/sun_ws/ros2_ws/install/custom_messeage/share/custom_messeage/hook/ld_library_path_lib.sh'
[2.009s] Level 1:colcon.colcon_core.environment:checking '/home/jetcobot/sun_ws/ros2_ws/install/custom_messeage/bin'
[2.010s] Level 1:colcon.colcon_core.environment:checking '/home/jetcobot/sun_ws/ros2_ws/install/custom_messeage/lib/pkgconfig/custom_messeage.pc'
[2.010s] Level 1:colcon.colcon_core.environment:checking '/home/jetcobot/sun_ws/ros2_ws/install/custom_messeage/lib/python3.12/site-packages'
[2.010s] Level 1:colcon.colcon_core.shell:create_environment_hook('custom_messeage', 'pythonpath')
[2.011s] INFO:colcon.colcon_core.shell:Creating environment hook '/home/jetcobot/sun_ws/ros2_ws/install/custom_messeage/share/custom_messeage/hook/pythonpath.ps1'
[2.012s] INFO:colcon.colcon_core.shell:Creating environment descriptor '/home/jetcobot/sun_ws/ros2_ws/install/custom_messeage/share/custom_messeage/hook/pythonpath.dsv'
[2.014s] INFO:colcon.colcon_core.shell:Creating environment hook '/home/jetcobot/sun_ws/ros2_ws/install/custom_messeage/share/custom_messeage/hook/pythonpath.sh'
[2.015s] Level 1:colcon.colcon_core.environment:checking '/home/jetcobot/sun_ws/ros2_ws/install/custom_messeage/bin'
[2.016s] INFO:colcon.colcon_core.shell:Creating package script '/home/jetcobot/sun_ws/ros2_ws/install/custom_messeage/share/custom_messeage/package.ps1'
[2.018s] INFO:colcon.colcon_core.shell:Creating package descriptor '/home/jetcobot/sun_ws/ros2_ws/install/custom_messeage/share/custom_messeage/package.dsv'
[2.020s] INFO:colcon.colcon_core.shell:Creating package script '/home/jetcobot/sun_ws/ros2_ws/install/custom_messeage/share/custom_messeage/package.sh'
[2.021s] INFO:colcon.colcon_core.shell:Creating package script '/home/jetcobot/sun_ws/ros2_ws/install/custom_messeage/share/custom_messeage/package.bash'
[2.022s] INFO:colcon.colcon_core.shell:Creating package script '/home/jetcobot/sun_ws/ros2_ws/install/custom_messeage/share/custom_messeage/package.zsh'
[2.024s] Level 1:colcon.colcon_core.environment:create_file_with_runtime_dependencies(/home/jetcobot/sun_ws/ros2_ws/install/custom_messeage/share/colcon-core/packages/custom_messeage)
[2.616s] DEBUG:colcon.colcon_core.event_handler.log_command:Invoked command in '/home/jetcobot/sun_ws/ros2_ws/build/robocallee_fms' returned '0': CMAKE_PREFIX_PATH=${CMAKE_PREFIX_PATH}:/home/jetcobot/sun_ws/ros2_ws/install/pick_and_place:/opt/ros/jazzy DEBUGINFOD_URLS=https://debuginfod.ubuntu.com /usr/bin/cmake --build /home/jetcobot/sun_ws/ros2_ws/build/robocallee_fms -- -j4 -l4
[2.625s] DEBUG:colcon.colcon_core.event_handler.log_command:Invoking command in '/home/jetcobot/sun_ws/ros2_ws/build/robocallee_fms': CMAKE_PREFIX_PATH=${CMAKE_PREFIX_PATH}:/home/jetcobot/sun_ws/ros2_ws/install/pick_and_place:/opt/ros/jazzy DEBUGINFOD_URLS=https://debuginfod.ubuntu.com /usr/bin/cmake --install /home/jetcobot/sun_ws/ros2_ws/build/robocallee_fms
[2.744s] DEBUG:colcon.colcon_core.event_handler.log_command:Invoking command in '/home/jetcobot/sun_ws/ros2_ws/build/pick_and_place': DEBUGINFOD_URLS=https://debuginfod.ubuntu.com PYTHONPATH=/home/jetcobot/sun_ws/ros2_ws/build/pick_and_place/prefix_override:/usr/lib/python3/dist-packages/colcon_core/task/python/colcon_distutils_commands:/home/jetcobot/sun_ws/ros2_ws/install/pick_and_place/lib/python3.12/site-packages:${PYTHONPATH} /usr/bin/python3 -W ignore:setup.py install is deprecated -W ignore:easy_install command is deprecated setup.py develop --editable --build-directory /home/jetcobot/sun_ws/ros2_ws/build/pick_and_place/build --no-deps symlink_data
[2.950s] Level 1:colcon.colcon_core.environment:create_environment_scripts_only(robocallee_fms)
[2.951s] DEBUG:colcon.colcon_core.event_handler.log_command:Invoked command in '/home/jetcobot/sun_ws/ros2_ws/build/robocallee_fms' returned '0': CMAKE_PREFIX_PATH=${CMAKE_PREFIX_PATH}:/home/jetcobot/sun_ws/ros2_ws/install/pick_and_place:/opt/ros/jazzy DEBUGINFOD_URLS=https://debuginfod.ubuntu.com /usr/bin/cmake --install /home/jetcobot/sun_ws/ros2_ws/build/robocallee_fms
[2.951s] Level 1:colcon.colcon_core.environment:checking '/home/jetcobot/sun_ws/ros2_ws/install/robocallee_fms' for CMake module files
[2.953s] Level 1:colcon.colcon_core.environment:checking '/home/jetcobot/sun_ws/ros2_ws/install/robocallee_fms' for CMake config files
[2.954s] Level 1:colcon.colcon_core.shell:create_environment_hook('robocallee_fms', 'cmake_prefix_path')
[2.955s] INFO:colcon.colcon_core.shell:Creating environment hook '/home/jetcobot/sun_ws/ros2_ws/install/robocallee_fms/share/robocallee_fms/hook/cmake_prefix_path.ps1'
[2.956s] INFO:colcon.colcon_core.shell:Creating environment descriptor '/home/jetcobot/sun_ws/ros2_ws/install/robocallee_fms/share/robocallee_fms/hook/cmake_prefix_path.dsv'
[2.960s] INFO:colcon.colcon_core.shell:Creating environment hook '/home/jetcobot/sun_ws/ros2_ws/install/robocallee_fms/share/robocallee_fms/hook/cmake_prefix_path.sh'
[2.961s] Level 1:colcon.colcon_core.environment:checking '/home/jetcobot/sun_ws/ros2_ws/install/robocallee_fms/lib'
[2.961s] Level 1:colcon.colcon_core.shell:create_environment_hook('robocallee_fms', 'ld_library_path_lib')
[2.962s] INFO:colcon.colcon_core.shell:Creating environment hook '/home/jetcobot/sun_ws/ros2_ws/install/robocallee_fms/share/robocallee_fms/hook/ld_library_path_lib.ps1'
[2.962s] INFO:colcon.colcon_core.shell:Creating environment descriptor '/home/jetcobot/sun_ws/ros2_ws/install/robocallee_fms/share/robocallee_fms/hook/ld_library_path_lib.dsv'
[2.963s] INFO:colcon.colcon_core.shell:Creating environment hook '/home/jetcobot/sun_ws/ros2_ws/install/robocallee_fms/share/robocallee_fms/hook/ld_library_path_lib.sh'
[2.965s] Level 1:colcon.colcon_core.environment:checking '/home/jetcobot/sun_ws/ros2_ws/install/robocallee_fms/bin'
[2.965s] Level 1:colcon.colcon_core.environment:checking '/home/jetcobot/sun_ws/ros2_ws/install/robocallee_fms/lib/pkgconfig/robocallee_fms.pc'
[2.965s] Level 1:colcon.colcon_core.environment:checking '/home/jetcobot/sun_ws/ros2_ws/install/robocallee_fms/lib/python3.12/site-packages'
[2.966s] Level 1:colcon.colcon_core.shell:create_environment_hook('robocallee_fms', 'pythonpath')
[2.966s] INFO:colcon.colcon_core.shell:Creating environment hook '/home/jetcobot/sun_ws/ros2_ws/install/robocallee_fms/share/robocallee_fms/hook/pythonpath.ps1'
[2.967s] INFO:colcon.colcon_core.shell:Creating environment descriptor '/home/jetcobot/sun_ws/ros2_ws/install/robocallee_fms/share/robocallee_fms/hook/pythonpath.dsv'
[2.968s] INFO:colcon.colcon_core.shell:Creating environment hook '/home/jetcobot/sun_ws/ros2_ws/install/robocallee_fms/share/robocallee_fms/hook/pythonpath.sh'
[2.969s] Level 1:colcon.colcon_core.environment:checking '/home/jetcobot/sun_ws/ros2_ws/install/robocallee_fms/bin'
[2.970s] INFO:colcon.colcon_core.shell:Creating package script '/home/jetcobot/sun_ws/ros2_ws/install/robocallee_fms/share/robocallee_fms/package.ps1'
[2.972s] INFO:colcon.colcon_core.shell:Creating package descriptor '/home/jetcobot/sun_ws/ros2_ws/install/robocallee_fms/share/robocallee_fms/package.dsv'
[2.973s] INFO:colcon.colcon_core.shell:Creating package script '/home/jetcobot/sun_ws/ros2_ws/install/robocallee_fms/share/robocallee_fms/package.sh'
[2.974s] INFO:colcon.colcon_core.shell:Creating package script '/home/jetcobot/sun_ws/ros2_ws/install/robocallee_fms/share/robocallee_fms/package.bash'
[2.976s] INFO:colcon.colcon_core.shell:Creating package script '/home/jetcobot/sun_ws/ros2_ws/install/robocallee_fms/share/robocallee_fms/package.zsh'
[2.979s] Level 1:colcon.colcon_core.environment:create_file_with_runtime_dependencies(/home/jetcobot/sun_ws/ros2_ws/install/robocallee_fms/share/colcon-core/packages/robocallee_fms)
[2.982s] Level 1:colcon.colcon_core.environment:create_environment_scripts_only(robocallee_fms)
[2.982s] Level 1:colcon.colcon_core.environment:checking '/home/jetcobot/sun_ws/ros2_ws/install/robocallee_fms' for CMake module files
[2.984s] Level 1:colcon.colcon_core.environment:checking '/home/jetcobot/sun_ws/ros2_ws/install/robocallee_fms' for CMake config files
[2.985s] Level 1:colcon.colcon_core.shell:create_environment_hook('robocallee_fms', 'cmake_prefix_path')
[2.986s] INFO:colcon.colcon_core.shell:Creating environment hook '/home/jetcobot/sun_ws/ros2_ws/install/robocallee_fms/share/robocallee_fms/hook/cmake_prefix_path.ps1'
[2.987s] INFO:colcon.colcon_core.shell:Creating environment descriptor '/home/jetcobot/sun_ws/ros2_ws/install/robocallee_fms/share/robocallee_fms/hook/cmake_prefix_path.dsv'
[2.988s] INFO:colcon.colcon_core.shell:Creating environment hook '/home/jetcobot/sun_ws/ros2_ws/install/robocallee_fms/share/robocallee_fms/hook/cmake_prefix_path.sh'
[2.990s] Level 1:colcon.colcon_core.environment:checking '/home/jetcobot/sun_ws/ros2_ws/install/robocallee_fms/lib'
[2.991s] Level 1:colcon.colcon_core.shell:create_environment_hook('robocallee_fms', 'ld_library_path_lib')
[2.991s] INFO:colcon.colcon_core.shell:Creating environment hook '/home/jetcobot/sun_ws/ros2_ws/install/robocallee_fms/share/robocallee_fms/hook/ld_library_path_lib.ps1'
[2.993s] INFO:colcon.colcon_core.shell:Creating environment descriptor '/home/jetcobot/sun_ws/ros2_ws/install/robocallee_fms/share/robocallee_fms/hook/ld_library_path_lib.dsv'
[2.994s] INFO:colcon.colcon_core.shell:Creating environment hook '/home/jetcobot/sun_ws/ros2_ws/install/robocallee_fms/share/robocallee_fms/hook/ld_library_path_lib.sh'
[2.996s] Level 1:colcon.colcon_core.environment:checking '/home/jetcobot/sun_ws/ros2_ws/install/robocallee_fms/bin'
[2.996s] Level 1:colcon.colcon_core.environment:checking '/home/jetcobot/sun_ws/ros2_ws/install/robocallee_fms/lib/pkgconfig/robocallee_fms.pc'
[2.997s] Level 1:colcon.colcon_core.environment:checking '/home/jetcobot/sun_ws/ros2_ws/install/robocallee_fms/lib/python3.12/site-packages'
[2.997s] Level 1:colcon.colcon_core.shell:create_environment_hook('robocallee_fms', 'pythonpath')
[2.998s] INFO:colcon.colcon_core.shell:Creating environment hook '/home/jetcobot/sun_ws/ros2_ws/install/robocallee_fms/share/robocallee_fms/hook/pythonpath.ps1'
[3.000s] INFO:colcon.colcon_core.shell:Creating environment descriptor '/home/jetcobot/sun_ws/ros2_ws/install/robocallee_fms/share/robocallee_fms/hook/pythonpath.dsv'
[3.002s] INFO:colcon.colcon_core.shell:Creating environment hook '/home/jetcobot/sun_ws/ros2_ws/install/robocallee_fms/share/robocallee_fms/hook/pythonpath.sh'
[3.004s] Level 1:colcon.colcon_core.environment:checking '/home/jetcobot/sun_ws/ros2_ws/install/robocallee_fms/bin'
[3.005s] INFO:colcon.colcon_core.shell:Creating package script '/home/jetcobot/sun_ws/ros2_ws/install/robocallee_fms/share/robocallee_fms/package.ps1'
[3.007s] INFO:colcon.colcon_core.shell:Creating package descriptor '/home/jetcobot/sun_ws/ros2_ws/install/robocallee_fms/share/robocallee_fms/package.dsv'
[3.009s] INFO:colcon.colcon_core.shell:Creating package script '/home/jetcobot/sun_ws/ros2_ws/install/robocallee_fms/share/robocallee_fms/package.sh'
[3.011s] INFO:colcon.colcon_core.shell:Creating package script '/home/jetcobot/sun_ws/ros2_ws/install/robocallee_fms/share/robocallee_fms/package.bash'
[3.014s] INFO:colcon.colcon_core.shell:Creating package script '/home/jetcobot/sun_ws/ros2_ws/install/robocallee_fms/share/robocallee_fms/package.zsh'
[3.017s] Level 1:colcon.colcon_core.environment:create_file_with_runtime_dependencies(/home/jetcobot/sun_ws/ros2_ws/install/robocallee_fms/share/colcon-core/packages/robocallee_fms)
[4.454s] Level 1:colcon.colcon_core.shell:create_environment_hook('pick_and_place', 'pythonpath_develop')
[4.455s] INFO:colcon.colcon_core.shell:Creating environment hook '/home/jetcobot/sun_ws/ros2_ws/build/pick_and_place/share/pick_and_place/hook/pythonpath_develop.ps1'
[4.456s] DEBUG:colcon.colcon_core.event_handler.log_command:Invoked command in '/home/jetcobot/sun_ws/ros2_ws/build/pick_and_place' returned '0': DEBUGINFOD_URLS=https://debuginfod.ubuntu.com PYTHONPATH=/home/jetcobot/sun_ws/ros2_ws/build/pick_and_place/prefix_override:/usr/lib/python3/dist-packages/colcon_core/task/python/colcon_distutils_commands:/home/jetcobot/sun_ws/ros2_ws/install/pick_and_place/lib/python3.12/site-packages:${PYTHONPATH} /usr/bin/python3 -W ignore:setup.py install is deprecated -W ignore:easy_install command is deprecated setup.py develop --editable --build-directory /home/jetcobot/sun_ws/ros2_ws/build/pick_and_place/build --no-deps symlink_data
[4.456s] INFO:colcon.colcon_core.shell:Creating environment descriptor '/home/jetcobot/sun_ws/ros2_ws/build/pick_and_place/share/pick_and_place/hook/pythonpath_develop.dsv'
[4.457s] INFO:colcon.colcon_core.shell:Creating environment hook '/home/jetcobot/sun_ws/ros2_ws/build/pick_and_place/share/pick_and_place/hook/pythonpath_develop.sh'
[4.463s] Level 1:colcon.colcon_core.environment:checking '/home/jetcobot/sun_ws/ros2_ws/install/pick_and_place' for CMake module files
[4.463s] Level 1:colcon.colcon_core.environment:checking '/home/jetcobot/sun_ws/ros2_ws/install/pick_and_place' for CMake config files
[4.464s] Level 1:colcon.colcon_core.environment:checking '/home/jetcobot/sun_ws/ros2_ws/install/pick_and_place/lib'
[4.464s] Level 1:colcon.colcon_core.environment:checking '/home/jetcobot/sun_ws/ros2_ws/install/pick_and_place/bin'
[4.465s] Level 1:colcon.colcon_core.environment:checking '/home/jetcobot/sun_ws/ros2_ws/install/pick_and_place/lib/pkgconfig/pick_and_place.pc'
[4.465s] Level 1:colcon.colcon_core.environment:checking '/home/jetcobot/sun_ws/ros2_ws/install/pick_and_place/lib/python3.12/site-packages'
[4.465s] Level 1:colcon.colcon_core.shell:create_environment_hook('pick_and_place', 'pythonpath')
[4.466s] INFO:colcon.colcon_core.shell:Creating environment hook '/home/jetcobot/sun_ws/ros2_ws/install/pick_and_place/share/pick_and_place/hook/pythonpath.ps1'
[4.467s] INFO:colcon.colcon_core.shell:Creating environment descriptor '/home/jetcobot/sun_ws/ros2_ws/install/pick_and_place/share/pick_and_place/hook/pythonpath.dsv'
[4.468s] INFO:colcon.colcon_core.shell:Creating environment hook '/home/jetcobot/sun_ws/ros2_ws/install/pick_and_place/share/pick_and_place/hook/pythonpath.sh'
[4.469s] Level 1:colcon.colcon_core.environment:checking '/home/jetcobot/sun_ws/ros2_ws/install/pick_and_place/bin'
[4.469s] Level 1:colcon.colcon_core.environment:create_environment_scripts_only(pick_and_place)
[4.470s] INFO:colcon.colcon_core.shell:Creating package script '/home/jetcobot/sun_ws/ros2_ws/install/pick_and_place/share/pick_and_place/package.ps1'
[4.472s] INFO:colcon.colcon_core.shell:Creating package descriptor '/home/jetcobot/sun_ws/ros2_ws/install/pick_and_place/share/pick_and_place/package.dsv'
[4.474s] INFO:colcon.colcon_core.shell:Creating package script '/home/jetcobot/sun_ws/ros2_ws/install/pick_and_place/share/pick_and_place/package.sh'
[4.476s] INFO:colcon.colcon_core.shell:Creating package script '/home/jetcobot/sun_ws/ros2_ws/install/pick_and_place/share/pick_and_place/package.bash'
[4.478s] INFO:colcon.colcon_core.shell:Creating package script '/home/jetcobot/sun_ws/ros2_ws/install/pick_and_place/share/pick_and_place/package.zsh'
[4.479s] Level 1:colcon.colcon_core.environment:create_file_with_runtime_dependencies(/home/jetcobot/sun_ws/ros2_ws/install/pick_and_place/share/colcon-core/packages/pick_and_place)
[4.480s] DEBUG:colcon.colcon_parallel_executor.executor.parallel:closing loop
[4.481s] DEBUG:colcon.colcon_parallel_executor.executor.parallel:loop closed
[4.482s] DEBUG:colcon.colcon_parallel_executor.executor.parallel:run_until_complete finished with '0'
[4.482s] DEBUG:colcon.colcon_core.event_reactor:joining thread
[4.491s] INFO:colcon.colcon_core.plugin_system:Skipping extension 'colcon_notification.desktop_notification.terminal_notifier': Not used on non-Darwin systems
[4.492s] INFO:colcon.colcon_core.plugin_system:Skipping extension 'colcon_notification.desktop_notification.win32': Not used on non-Windows systems
[4.492s] INFO:colcon.colcon_notification.desktop_notification:Sending desktop notification using 'notify2'
[4.493s] DEBUG:colcon.colcon_notification.desktop_notification.notify2:Failed to initialize notify2: org.freedesktop.DBus.Error.ServiceUnknown: The name org.freedesktop.Notifications was not provided by any .service files
[4.494s] DEBUG:colcon.colcon_core.event_reactor:joined thread
[4.494s] INFO:colcon.colcon_core.shell:Creating prefix script '/home/jetcobot/sun_ws/ros2_ws/install/local_setup.ps1'
[4.497s] INFO:colcon.colcon_core.shell:Creating prefix util module '/home/jetcobot/sun_ws/ros2_ws/install/_local_setup_util_ps1.py'
[4.499s] INFO:colcon.colcon_core.shell:Creating prefix chain script '/home/jetcobot/sun_ws/ros2_ws/install/setup.ps1'
[4.503s] INFO:colcon.colcon_core.shell:Creating prefix script '/home/jetcobot/sun_ws/ros2_ws/install/local_setup.sh'
[4.507s] INFO:colcon.colcon_core.shell:Creating prefix util module '/home/jetcobot/sun_ws/ros2_ws/install/_local_setup_util_sh.py'
[4.512s] INFO:colcon.colcon_core.shell:Creating prefix chain script '/home/jetcobot/sun_ws/ros2_ws/install/setup.sh'
[4.514s] INFO:colcon.colcon_core.shell:Creating prefix script '/home/jetcobot/sun_ws/ros2_ws/install/local_setup.bash'
[4.515s] INFO:colcon.colcon_core.shell:Creating prefix chain script '/home/jetcobot/sun_ws/ros2_ws/install/setup.bash'
[4.518s] INFO:colcon.colcon_core.shell:Creating prefix script '/home/jetcobot/sun_ws/ros2_ws/install/local_setup.zsh'
[4.519s] INFO:colcon.colcon_core.shell:Creating prefix chain script '/home/jetcobot/sun_ws/ros2_ws/install/setup.zsh'
