-- The C compiler identification is GNU 13.3.0
-- The CXX compiler identification is GNU 13.3.0
-- Detecting C compiler ABI info
-- Detecting C compiler ABI info - done
-- Check for working C compiler: /usr/bin/cc - skipped
-- Detecting C compile features
-- Detecting C compile features - done
-- Detecting CXX compiler ABI info
-- Detecting CXX compiler ABI info - done
-- Check for working CXX compiler: /usr/bin/c++ - skipped
-- Detecting CXX compile features
-- Detecting CXX compile features - done
-- Found ament_cmake: 2.5.4 (/opt/ros/jazzy/share/ament_cmake/cmake)
-- Found Python3: /usr/bin/python3 (found version "3.12.3") found components: Interpreter 
-- Found rosidl_default_generators: 1.6.0 (/opt/ros/jazzy/share/rosidl_default_generators/cmake)
-- Using all available rosidl_typesupport_c: rosidl_typesupport_fastrtps_c;rosidl_typesupport_introspection_c
-- Using all available rosidl_typesupport_cpp: rosidl_typesupport_fastrtps_cpp;rosidl_typesupport_introspection_cpp
-- Found rosidl_adapter: 4.6.5 (/opt/ros/jazzy/share/rosidl_adapter/cmake)
-- Found std_msgs: 5.3.6 (/opt/ros/jazzy/share/std_msgs/cmake)
-- Found ament_cmake_ros: 0.12.0 (/opt/ros/jazzy/share/ament_cmake_ros/cmake)
-- Using all available rosidl_typesupport_c: rosidl_typesupport_fastrtps_c;rosidl_typesupport_introspection_c
-- Using all available rosidl_typesupport_cpp: rosidl_typesupport_fastrtps_cpp;rosidl_typesupport_introspection_cpp
-- Found python_cmake_module: 0.11.1 (/opt/ros/jazzy/share/python_cmake_module/cmake)
-- Found PythonExtra: /usr/bin/python3  
-- Found Python3: /usr/bin/python3 (found version "3.12.3") found components: Interpreter Development NumPy Development.Module Development.Embed 
-- Found ament_lint_auto: 0.17.2 (/opt/ros/jazzy/share/ament_lint_auto/cmake)
-- Added test 'lint_cmake' to check CMake code style
-- Added test 'xmllint' to check XML markup files
-- Configuring done (12.7s)
-- Generating done (0.1s)
-- Build files have been written to: /home/jetcobot/venv/mycobot/dev/moon_ws/ros2_ws/build/robocallee_fms
[  0%] Built target ament_cmake_python_copy_robocallee_fms
[  1%] [34m[1mGenerating type hashes for ROS interfaces[0m
running egg_info
creating robocallee_fms.egg-info
writing robocallee_fms.egg-info/PKG-INFO
writing dependency_links to robocallee_fms.egg-info/dependency_links.txt
writing top-level names to robocallee_fms.egg-info/top_level.txt
writing manifest file 'robocallee_fms.egg-info/SOURCES.txt'
[  1%] Built target robocallee_fms__rosidl_generator_type_description
[  2%] [34m[1mGenerating C code for ROS interfaces[0m
[  4%] [34m[1mGenerating C++ code for ROS interfaces[0m
reading manifest file 'robocallee_fms.egg-info/SOURCES.txt'
writing manifest file 'robocallee_fms.egg-info/SOURCES.txt'
[  4%] Built target ament_cmake_python_build_robocallee_fms_egg
[  4%] Built target robocallee_fms__cpp
[  5%] [32mBuilding C object CMakeFiles/robocallee_fms__rosidl_generator_c.dir/rosidl_generator_c/robocallee_fms/msg/detail/aruco_pose__functions.c.o[0m
[  6%] [32mBuilding C object CMakeFiles/robocallee_fms__rosidl_generator_c.dir/rosidl_generator_c/robocallee_fms/msg/detail/aruco_pose__description.c.o[0m
[  8%] [32mBuilding C object CMakeFiles/robocallee_fms__rosidl_generator_c.dir/rosidl_generator_c/robocallee_fms/msg/detail/aruco_pose_array__description.c.o[0m
[  9%] [32mBuilding C object CMakeFiles/robocallee_fms__rosidl_generator_c.dir/rosidl_generator_c/robocallee_fms/msg/detail/aruco_pose_array__functions.c.o[0m
[ 10%] [32mBuilding C object CMakeFiles/robocallee_fms__rosidl_generator_c.dir/rosidl_generator_c/robocallee_fms/msg/detail/aruco_pose_array__type_support.c.o[0m
[ 12%] [32mBuilding C object CMakeFiles/robocallee_fms__rosidl_generator_c.dir/rosidl_generator_c/robocallee_fms/srv/detail/customer_request__description.c.o[0m
[ 13%] [32mBuilding C object CMakeFiles/robocallee_fms__rosidl_generator_c.dir/rosidl_generator_c/robocallee_fms/srv/detail/customer_request__functions.c.o[0m
[ 14%] [32mBuilding C object CMakeFiles/robocallee_fms__rosidl_generator_c.dir/rosidl_generator_c/robocallee_fms/srv/detail/customer_request__type_support.c.o[0m
[ 16%] [32mBuilding C object CMakeFiles/robocallee_fms__rosidl_generator_c.dir/rosidl_generator_c/robocallee_fms/srv/detail/employee_request__description.c.o[0m
[ 17%] [32mBuilding C object CMakeFiles/robocallee_fms__rosidl_generator_c.dir/rosidl_generator_c/robocallee_fms/srv/detail/employee_request__functions.c.o[0m
[ 18%] [32mBuilding C object CMakeFiles/robocallee_fms__rosidl_generator_c.dir/rosidl_generator_c/robocallee_fms/srv/detail/employee_request__type_support.c.o[0m
[ 20%] [32mBuilding C object CMakeFiles/robocallee_fms__rosidl_generator_c.dir/rosidl_generator_c/robocallee_fms/srv/detail/robot_arm_request__description.c.o[0m
[ 21%] [32mBuilding C object CMakeFiles/robocallee_fms__rosidl_generator_c.dir/rosidl_generator_c/robocallee_fms/srv/detail/robot_arm_request__functions.c.o[0m
[ 22%] [32mBuilding C object CMakeFiles/robocallee_fms__rosidl_generator_c.dir/rosidl_generator_c/robocallee_fms/srv/detail/robot_arm_request__type_support.c.o[0m
[ 24%] [32mBuilding C object CMakeFiles/robocallee_fms__rosidl_generator_c.dir/rosidl_generator_c/robocallee_fms/msg/detail/aruco_pose__type_support.c.o[0m
[ 25%] [32m[1mLinking C shared library librobocallee_fms__rosidl_generator_c.so[0m
[ 25%] Built target robocallee_fms__rosidl_generator_c
[ 28%] [34m[1mGenerating C type support for eProsima Fast-RTPS[0m
[ 28%] [34m[1mGenerating C++ type support dispatch for ROS interfaces[0m
[ 29%] [32mBuilding CXX object CMakeFiles/robocallee_fms__rosidl_typesupport_cpp.dir/rosidl_typesupport_cpp/robocallee_fms/msg/aruco_pose__type_support.cpp.o[0m
[ 31%] [32mBuilding CXX object CMakeFiles/robocallee_fms__rosidl_typesupport_fastrtps_c.dir/rosidl_typesupport_fastrtps_c/robocallee_fms/msg/detail/aruco_pose__type_support_c.cpp.o[0m
[ 32%] [32mBuilding CXX object CMakeFiles/robocallee_fms__rosidl_typesupport_cpp.dir/rosidl_typesupport_cpp/robocallee_fms/msg/aruco_pose_array__type_support.cpp.o[0m
[ 33%] [32mBuilding CXX object CMakeFiles/robocallee_fms__rosidl_typesupport_fastrtps_c.dir/rosidl_typesupport_fastrtps_c/robocallee_fms/msg/detail/aruco_pose_array__type_support_c.cpp.o[0m
[ 35%] [32mBuilding CXX object CMakeFiles/robocallee_fms__rosidl_typesupport_cpp.dir/rosidl_typesupport_cpp/robocallee_fms/srv/customer_request__type_support.cpp.o[0m
[ 36%] [32mBuilding CXX object CMakeFiles/robocallee_fms__rosidl_typesupport_fastrtps_c.dir/rosidl_typesupport_fastrtps_c/robocallee_fms/srv/detail/customer_request__type_support_c.cpp.o[0m
[ 37%] [32mBuilding CXX object CMakeFiles/robocallee_fms__rosidl_typesupport_cpp.dir/rosidl_typesupport_cpp/robocallee_fms/srv/employee_request__type_support.cpp.o[0m
[ 39%] [32mBuilding CXX object CMakeFiles/robocallee_fms__rosidl_typesupport_fastrtps_c.dir/rosidl_typesupport_fastrtps_c/robocallee_fms/srv/detail/employee_request__type_support_c.cpp.o[0m
[ 40%] [32mBuilding CXX object CMakeFiles/robocallee_fms__rosidl_typesupport_cpp.dir/rosidl_typesupport_cpp/robocallee_fms/srv/robot_arm_request__type_support.cpp.o[0m
[ 43%] [32mBuilding CXX object CMakeFiles/robocallee_fms__rosidl_typesupport_fastrtps_c.dir/rosidl_typesupport_fastrtps_c/robocallee_fms/srv/detail/robot_arm_request__type_support_c.cpp.o[0m
[ 43%] [32m[1mLinking CXX shared library librobocallee_fms__rosidl_typesupport_cpp.so[0m
[ 43%] Built target robocallee_fms__rosidl_typesupport_cpp
[ 44%] [32m[1mLinking CXX shared library librobocallee_fms__rosidl_typesupport_fastrtps_c.so[0m
[ 44%] Built target robocallee_fms__rosidl_typesupport_fastrtps_c
[ 45%] [34m[1mGenerating C++ type support for eProsima Fast-RTPS[0m
[ 47%] [32mBuilding CXX object CMakeFiles/robocallee_fms__rosidl_typesupport_fastrtps_cpp.dir/rosidl_typesupport_fastrtps_cpp/robocallee_fms/msg/detail/dds_fastrtps/aruco_pose__type_support.cpp.o[0m
[ 48%] [32mBuilding CXX object CMakeFiles/robocallee_fms__rosidl_typesupport_fastrtps_cpp.dir/rosidl_typesupport_fastrtps_cpp/robocallee_fms/msg/detail/dds_fastrtps/aruco_pose_array__type_support.cpp.o[0m
[ 50%] [32mBuilding CXX object CMakeFiles/robocallee_fms__rosidl_typesupport_fastrtps_cpp.dir/rosidl_typesupport_fastrtps_cpp/robocallee_fms/srv/detail/dds_fastrtps/customer_request__type_support.cpp.o[0m
[ 51%] [32mBuilding CXX object CMakeFiles/robocallee_fms__rosidl_typesupport_fastrtps_cpp.dir/rosidl_typesupport_fastrtps_cpp/robocallee_fms/srv/detail/dds_fastrtps/employee_request__type_support.cpp.o[0m
[ 52%] [32mBuilding CXX object CMakeFiles/robocallee_fms__rosidl_typesupport_fastrtps_cpp.dir/rosidl_typesupport_fastrtps_cpp/robocallee_fms/srv/detail/dds_fastrtps/robot_arm_request__type_support.cpp.o[0m
[ 54%] [32m[1mLinking CXX shared library librobocallee_fms__rosidl_typesupport_fastrtps_cpp.so[0m
[ 54%] Built target robocallee_fms__rosidl_typesupport_fastrtps_cpp
[ 55%] [34m[1mGenerating C++ introspection for ROS interfaces[0m
[ 56%] [32mBuilding CXX object CMakeFiles/robocallee_fms__rosidl_typesupport_introspection_cpp.dir/rosidl_typesupport_introspection_cpp/robocallee_fms/msg/detail/aruco_pose__type_support.cpp.o[0m
[ 58%] [32mBuilding CXX object CMakeFiles/robocallee_fms__rosidl_typesupport_introspection_cpp.dir/rosidl_typesupport_introspection_cpp/robocallee_fms/msg/detail/aruco_pose_array__type_support.cpp.o[0m
[ 59%] [32mBuilding CXX object CMakeFiles/robocallee_fms__rosidl_typesupport_introspection_cpp.dir/rosidl_typesupport_introspection_cpp/robocallee_fms/srv/detail/customer_request__type_support.cpp.o[0m
[ 60%] [32mBuilding CXX object CMakeFiles/robocallee_fms__rosidl_typesupport_introspection_cpp.dir/rosidl_typesupport_introspection_cpp/robocallee_fms/srv/detail/employee_request__type_support.cpp.o[0m
[ 62%] [32mBuilding CXX object CMakeFiles/robocallee_fms__rosidl_typesupport_introspection_cpp.dir/rosidl_typesupport_introspection_cpp/robocallee_fms/srv/detail/robot_arm_request__type_support.cpp.o[0m
[ 63%] [32m[1mLinking CXX shared library librobocallee_fms__rosidl_typesupport_introspection_cpp.so[0m
[ 63%] Built target robocallee_fms__rosidl_typesupport_introspection_cpp
[ 64%] [34m[1mGenerating C type support dispatch for ROS interfaces[0m
[ 66%] [32mBuilding CXX object CMakeFiles/robocallee_fms__rosidl_typesupport_c.dir/rosidl_typesupport_c/robocallee_fms/msg/aruco_pose__type_support.cpp.o[0m
[ 67%] [32mBuilding CXX object CMakeFiles/robocallee_fms__rosidl_typesupport_c.dir/rosidl_typesupport_c/robocallee_fms/srv/customer_request__type_support.cpp.o[0m
[ 68%] [32mBuilding CXX object CMakeFiles/robocallee_fms__rosidl_typesupport_c.dir/rosidl_typesupport_c/robocallee_fms/srv/employee_request__type_support.cpp.o[0m
[ 70%] [32mBuilding CXX object CMakeFiles/robocallee_fms__rosidl_typesupport_c.dir/rosidl_typesupport_c/robocallee_fms/srv/robot_arm_request__type_support.cpp.o[0m
[ 71%] [32mBuilding CXX object CMakeFiles/robocallee_fms__rosidl_typesupport_c.dir/rosidl_typesupport_c/robocallee_fms/msg/aruco_pose_array__type_support.cpp.o[0m
[ 72%] [32m[1mLinking CXX shared library librobocallee_fms__rosidl_typesupport_c.so[0m
[ 72%] Built target robocallee_fms__rosidl_typesupport_c
[ 74%] [34m[1mGenerating C introspection for ROS interfaces[0m
[ 75%] [32mBuilding C object CMakeFiles/robocallee_fms__rosidl_typesupport_introspection_c.dir/rosidl_typesupport_introspection_c/robocallee_fms/msg/detail/aruco_pose__type_support.c.o[0m
[ 77%] [32mBuilding C object CMakeFiles/robocallee_fms__rosidl_typesupport_introspection_c.dir/rosidl_typesupport_introspection_c/robocallee_fms/srv/detail/employee_request__type_support.c.o[0m
[ 78%] [32mBuilding C object CMakeFiles/robocallee_fms__rosidl_typesupport_introspection_c.dir/rosidl_typesupport_introspection_c/robocallee_fms/srv/detail/robot_arm_request__type_support.c.o[0m
[ 79%] [32mBuilding C object CMakeFiles/robocallee_fms__rosidl_typesupport_introspection_c.dir/rosidl_typesupport_introspection_c/robocallee_fms/srv/detail/customer_request__type_support.c.o[0m
[ 81%] [32mBuilding C object CMakeFiles/robocallee_fms__rosidl_typesupport_introspection_c.dir/rosidl_typesupport_introspection_c/robocallee_fms/msg/detail/aruco_pose_array__type_support.c.o[0m
[ 82%] [32m[1mLinking C shared library librobocallee_fms__rosidl_typesupport_introspection_c.so[0m
[ 82%] Built target robocallee_fms__rosidl_typesupport_introspection_c
[ 82%] Built target robocallee_fms
[ 83%] [34m[1mGenerating Python code for ROS interfaces[0m
[ 83%] Built target robocallee_fms__py
[ 85%] [32mBuilding C object CMakeFiles/robocallee_fms__rosidl_generator_py.dir/rosidl_generator_py/robocallee_fms/msg/_aruco_pose_s.c.o[0m
[ 86%] [32mBuilding C object CMakeFiles/robocallee_fms__rosidl_generator_py.dir/rosidl_generator_py/robocallee_fms/srv/_employee_request_s.c.o[0m
[ 87%] [32mBuilding C object CMakeFiles/robocallee_fms__rosidl_generator_py.dir/rosidl_generator_py/robocallee_fms/srv/_robot_arm_request_s.c.o[0m
[ 89%] [32mBuilding C object CMakeFiles/robocallee_fms__rosidl_generator_py.dir/rosidl_generator_py/robocallee_fms/srv/_customer_request_s.c.o[0m
[ 90%] [32mBuilding C object CMakeFiles/robocallee_fms__rosidl_generator_py.dir/rosidl_generator_py/robocallee_fms/msg/_aruco_pose_array_s.c.o[0m
[ 91%] [32m[1mLinking C shared library librobocallee_fms__rosidl_generator_py.so[0m
[ 91%] Built target robocallee_fms__rosidl_generator_py
[ 93%] [32mBuilding C object CMakeFiles/robocallee_fms_s__rosidl_typesupport_fastrtps_c.dir/rosidl_generator_py/robocallee_fms/_robocallee_fms_s.ep.rosidl_typesupport_fastrtps_c.c.o[0m
[ 94%] [32m[1mLinking C shared module rosidl_generator_py/robocallee_fms/robocallee_fms_s__rosidl_typesupport_fastrtps_c.so[0m
[ 94%] Built target robocallee_fms_s__rosidl_typesupport_fastrtps_c
[ 95%] [32mBuilding C object CMakeFiles/robocallee_fms_s__rosidl_typesupport_c.dir/rosidl_generator_py/robocallee_fms/_robocallee_fms_s.ep.rosidl_typesupport_c.c.o[0m
[ 97%] [32m[1mLinking C shared module rosidl_generator_py/robocallee_fms/robocallee_fms_s__rosidl_typesupport_c.so[0m
[ 97%] Built target robocallee_fms_s__rosidl_typesupport_c
[ 98%] [32mBuilding C object CMakeFiles/robocallee_fms_s__rosidl_typesupport_introspection_c.dir/rosidl_generator_py/robocallee_fms/_robocallee_fms_s.ep.rosidl_typesupport_introspection_c.c.o[0m
[100%] [32m[1mLinking C shared module rosidl_generator_py/robocallee_fms/robocallee_fms_s__rosidl_typesupport_introspection_c.so[0m
[100%] Built target robocallee_fms_s__rosidl_typesupport_introspection_c
-- Install configuration: ""
-- Installing: /home/jetcobot/venv/mycobot/dev/moon_ws/ros2_ws/install/robocallee_fms/share/ament_index/resource_index/rosidl_interfaces/robocallee_fms
-- Installing: /home/jetcobot/venv/mycobot/dev/moon_ws/ros2_ws/install/robocallee_fms/share/robocallee_fms/msg/ArucoPose.json
-- Installing: /home/jetcobot/venv/mycobot/dev/moon_ws/ros2_ws/install/robocallee_fms/share/robocallee_fms/msg/ArucoPoseArray.json
-- Installing: /home/jetcobot/venv/mycobot/dev/moon_ws/ros2_ws/install/robocallee_fms/share/robocallee_fms/srv/CustomerRequest.json
-- Installing: /home/jetcobot/venv/mycobot/dev/moon_ws/ros2_ws/install/robocallee_fms/share/robocallee_fms/srv/EmployeeRequest.json
-- Installing: /home/jetcobot/venv/mycobot/dev/moon_ws/ros2_ws/install/robocallee_fms/share/robocallee_fms/srv/RobotArmRequest.json
-- Installing: /home/jetcobot/venv/mycobot/dev/moon_ws/ros2_ws/install/robocallee_fms/include/robocallee_fms/robocallee_fms
-- Installing: /home/jetcobot/venv/mycobot/dev/moon_ws/ros2_ws/install/robocallee_fms/include/robocallee_fms/robocallee_fms/msg
-- Installing: /home/jetcobot/venv/mycobot/dev/moon_ws/ros2_ws/install/robocallee_fms/include/robocallee_fms/robocallee_fms/msg/aruco_pose_array.h
-- Installing: /home/jetcobot/venv/mycobot/dev/moon_ws/ros2_ws/install/robocallee_fms/include/robocallee_fms/robocallee_fms/msg/detail
-- Installing: /home/jetcobot/venv/mycobot/dev/moon_ws/ros2_ws/install/robocallee_fms/include/robocallee_fms/robocallee_fms/msg/detail/aruco_pose_array__description.c
-- Installing: /home/jetcobot/venv/mycobot/dev/moon_ws/ros2_ws/install/robocallee_fms/include/robocallee_fms/robocallee_fms/msg/detail/aruco_pose__type_support.h
-- Installing: /home/jetcobot/venv/mycobot/dev/moon_ws/ros2_ws/install/robocallee_fms/include/robocallee_fms/robocallee_fms/msg/detail/aruco_pose_array__type_support.h
-- Installing: /home/jetcobot/venv/mycobot/dev/moon_ws/ros2_ws/install/robocallee_fms/include/robocallee_fms/robocallee_fms/msg/detail/aruco_pose__struct.h
-- Installing: /home/jetcobot/venv/mycobot/dev/moon_ws/ros2_ws/install/robocallee_fms/include/robocallee_fms/robocallee_fms/msg/detail/aruco_pose__functions.c
-- Installing: /home/jetcobot/venv/mycobot/dev/moon_ws/ros2_ws/install/robocallee_fms/include/robocallee_fms/robocallee_fms/msg/detail/aruco_pose__functions.h
-- Installing: /home/jetcobot/venv/mycobot/dev/moon_ws/ros2_ws/install/robocallee_fms/include/robocallee_fms/robocallee_fms/msg/detail/aruco_pose__type_support.c
-- Installing: /home/jetcobot/venv/mycobot/dev/moon_ws/ros2_ws/install/robocallee_fms/include/robocallee_fms/robocallee_fms/msg/detail/aruco_pose_array__struct.h
-- Installing: /home/jetcobot/venv/mycobot/dev/moon_ws/ros2_ws/install/robocallee_fms/include/robocallee_fms/robocallee_fms/msg/detail/aruco_pose__description.c
-- Installing: /home/jetcobot/venv/mycobot/dev/moon_ws/ros2_ws/install/robocallee_fms/include/robocallee_fms/robocallee_fms/msg/detail/aruco_pose_array__functions.c
-- Installing: /home/jetcobot/venv/mycobot/dev/moon_ws/ros2_ws/install/robocallee_fms/include/robocallee_fms/robocallee_fms/msg/detail/aruco_pose_array__functions.h
-- Installing: /home/jetcobot/venv/mycobot/dev/moon_ws/ros2_ws/install/robocallee_fms/include/robocallee_fms/robocallee_fms/msg/detail/aruco_pose_array__type_support.c
-- Installing: /home/jetcobot/venv/mycobot/dev/moon_ws/ros2_ws/install/robocallee_fms/include/robocallee_fms/robocallee_fms/msg/rosidl_generator_c__visibility_control.h
-- Installing: /home/jetcobot/venv/mycobot/dev/moon_ws/ros2_ws/install/robocallee_fms/include/robocallee_fms/robocallee_fms/msg/aruco_pose.h
-- Installing: /home/jetcobot/venv/mycobot/dev/moon_ws/ros2_ws/install/robocallee_fms/include/robocallee_fms/robocallee_fms/srv
-- Installing: /home/jetcobot/venv/mycobot/dev/moon_ws/ros2_ws/install/robocallee_fms/include/robocallee_fms/robocallee_fms/srv/customer_request.h
-- Installing: /home/jetcobot/venv/mycobot/dev/moon_ws/ros2_ws/install/robocallee_fms/include/robocallee_fms/robocallee_fms/srv/detail
-- Installing: /home/jetcobot/venv/mycobot/dev/moon_ws/ros2_ws/install/robocallee_fms/include/robocallee_fms/robocallee_fms/srv/detail/customer_request__functions.h
-- Installing: /home/jetcobot/venv/mycobot/dev/moon_ws/ros2_ws/install/robocallee_fms/include/robocallee_fms/robocallee_fms/srv/detail/employee_request__type_support.h
-- Installing: /home/jetcobot/venv/mycobot/dev/moon_ws/ros2_ws/install/robocallee_fms/include/robocallee_fms/robocallee_fms/srv/detail/employee_request__struct.h
-- Installing: /home/jetcobot/venv/mycobot/dev/moon_ws/ros2_ws/install/robocallee_fms/include/robocallee_fms/robocallee_fms/srv/detail/robot_arm_request__description.c
-- Installing: /home/jetcobot/venv/mycobot/dev/moon_ws/ros2_ws/install/robocallee_fms/include/robocallee_fms/robocallee_fms/srv/detail/employee_request__functions.c
-- Installing: /home/jetcobot/venv/mycobot/dev/moon_ws/ros2_ws/install/robocallee_fms/include/robocallee_fms/robocallee_fms/srv/detail/customer_request__struct.h
-- Installing: /home/jetcobot/venv/mycobot/dev/moon_ws/ros2_ws/install/robocallee_fms/include/robocallee_fms/robocallee_fms/srv/detail/robot_arm_request__type_support.c
-- Installing: /home/jetcobot/venv/mycobot/dev/moon_ws/ros2_ws/install/robocallee_fms/include/robocallee_fms/robocallee_fms/srv/detail/robot_arm_request__functions.h
-- Installing: /home/jetcobot/venv/mycobot/dev/moon_ws/ros2_ws/install/robocallee_fms/include/robocallee_fms/robocallee_fms/srv/detail/employee_request__functions.h
-- Installing: /home/jetcobot/venv/mycobot/dev/moon_ws/ros2_ws/install/robocallee_fms/include/robocallee_fms/robocallee_fms/srv/detail/customer_request__type_support.h
-- Installing: /home/jetcobot/venv/mycobot/dev/moon_ws/ros2_ws/install/robocallee_fms/include/robocallee_fms/robocallee_fms/srv/detail/robot_arm_request__struct.h
-- Installing: /home/jetcobot/venv/mycobot/dev/moon_ws/ros2_ws/install/robocallee_fms/include/robocallee_fms/robocallee_fms/srv/detail/employee_request__description.c
-- Installing: /home/jetcobot/venv/mycobot/dev/moon_ws/ros2_ws/install/robocallee_fms/include/robocallee_fms/robocallee_fms/srv/detail/customer_request__functions.c
-- Installing: /home/jetcobot/venv/mycobot/dev/moon_ws/ros2_ws/install/robocallee_fms/include/robocallee_fms/robocallee_fms/srv/detail/employee_request__type_support.c
-- Installing: /home/jetcobot/venv/mycobot/dev/moon_ws/ros2_ws/install/robocallee_fms/include/robocallee_fms/robocallee_fms/srv/detail/robot_arm_request__type_support.h
-- Installing: /home/jetcobot/venv/mycobot/dev/moon_ws/ros2_ws/install/robocallee_fms/include/robocallee_fms/robocallee_fms/srv/detail/customer_request__description.c
-- Installing: /home/jetcobot/venv/mycobot/dev/moon_ws/ros2_ws/install/robocallee_fms/include/robocallee_fms/robocallee_fms/srv/detail/robot_arm_request__functions.c
-- Installing: /home/jetcobot/venv/mycobot/dev/moon_ws/ros2_ws/install/robocallee_fms/include/robocallee_fms/robocallee_fms/srv/detail/customer_request__type_support.c
-- Installing: /home/jetcobot/venv/mycobot/dev/moon_ws/ros2_ws/install/robocallee_fms/include/robocallee_fms/robocallee_fms/srv/employee_request.h
-- Installing: /home/jetcobot/venv/mycobot/dev/moon_ws/ros2_ws/install/robocallee_fms/include/robocallee_fms/robocallee_fms/srv/robot_arm_request.h
-- Installing: /home/jetcobot/venv/mycobot/dev/moon_ws/ros2_ws/install/robocallee_fms/share/robocallee_fms/environment/library_path.sh
-- Installing: /home/jetcobot/venv/mycobot/dev/moon_ws/ros2_ws/install/robocallee_fms/share/robocallee_fms/environment/library_path.dsv
-- Installing: /home/jetcobot/venv/mycobot/dev/moon_ws/ros2_ws/install/robocallee_fms/lib/librobocallee_fms__rosidl_generator_c.so
-- Set non-toolchain portion of runtime path of "/home/jetcobot/venv/mycobot/dev/moon_ws/ros2_ws/install/robocallee_fms/lib/librobocallee_fms__rosidl_generator_c.so" to ""
-- Up-to-date: /home/jetcobot/venv/mycobot/dev/moon_ws/ros2_ws/install/robocallee_fms/include/robocallee_fms/robocallee_fms
-- Up-to-date: /home/jetcobot/venv/mycobot/dev/moon_ws/ros2_ws/install/robocallee_fms/include/robocallee_fms/robocallee_fms/msg
-- Installing: /home/jetcobot/venv/mycobot/dev/moon_ws/ros2_ws/install/robocallee_fms/include/robocallee_fms/robocallee_fms/msg/rosidl_typesupport_fastrtps_c__visibility_control.h
-- Up-to-date: /home/jetcobot/venv/mycobot/dev/moon_ws/ros2_ws/install/robocallee_fms/include/robocallee_fms/robocallee_fms/msg/detail
-- Installing: /home/jetcobot/venv/mycobot/dev/moon_ws/ros2_ws/install/robocallee_fms/include/robocallee_fms/robocallee_fms/msg/detail/aruco_pose_array__rosidl_typesupport_fastrtps_c.h
-- Installing: /home/jetcobot/venv/mycobot/dev/moon_ws/ros2_ws/install/robocallee_fms/include/robocallee_fms/robocallee_fms/msg/detail/aruco_pose__rosidl_typesupport_fastrtps_c.h
-- Up-to-date: /home/jetcobot/venv/mycobot/dev/moon_ws/ros2_ws/install/robocallee_fms/include/robocallee_fms/robocallee_fms/srv
-- Up-to-date: /home/jetcobot/venv/mycobot/dev/moon_ws/ros2_ws/install/robocallee_fms/include/robocallee_fms/robocallee_fms/srv/detail
-- Installing: /home/jetcobot/venv/mycobot/dev/moon_ws/ros2_ws/install/robocallee_fms/include/robocallee_fms/robocallee_fms/srv/detail/robot_arm_request__rosidl_typesupport_fastrtps_c.h
-- Installing: /home/jetcobot/venv/mycobot/dev/moon_ws/ros2_ws/install/robocallee_fms/include/robocallee_fms/robocallee_fms/srv/detail/employee_request__rosidl_typesupport_fastrtps_c.h
-- Installing: /home/jetcobot/venv/mycobot/dev/moon_ws/ros2_ws/install/robocallee_fms/include/robocallee_fms/robocallee_fms/srv/detail/customer_request__rosidl_typesupport_fastrtps_c.h
-- Installing: /home/jetcobot/venv/mycobot/dev/moon_ws/ros2_ws/install/robocallee_fms/lib/librobocallee_fms__rosidl_typesupport_fastrtps_c.so
-- Set non-toolchain portion of runtime path of "/home/jetcobot/venv/mycobot/dev/moon_ws/ros2_ws/install/robocallee_fms/lib/librobocallee_fms__rosidl_typesupport_fastrtps_c.so" to ""
-- Up-to-date: /home/jetcobot/venv/mycobot/dev/moon_ws/ros2_ws/install/robocallee_fms/include/robocallee_fms/robocallee_fms
-- Up-to-date: /home/jetcobot/venv/mycobot/dev/moon_ws/ros2_ws/install/robocallee_fms/include/robocallee_fms/robocallee_fms/msg
-- Installing: /home/jetcobot/venv/mycobot/dev/moon_ws/ros2_ws/install/robocallee_fms/include/robocallee_fms/robocallee_fms/msg/rosidl_typesupport_introspection_c__visibility_control.h
-- Up-to-date: /home/jetcobot/venv/mycobot/dev/moon_ws/ros2_ws/install/robocallee_fms/include/robocallee_fms/robocallee_fms/msg/detail
-- Installing: /home/jetcobot/venv/mycobot/dev/moon_ws/ros2_ws/install/robocallee_fms/include/robocallee_fms/robocallee_fms/msg/detail/aruco_pose_array__rosidl_typesupport_introspection_c.h
-- Installing: /home/jetcobot/venv/mycobot/dev/moon_ws/ros2_ws/install/robocallee_fms/include/robocallee_fms/robocallee_fms/msg/detail/aruco_pose__rosidl_typesupport_introspection_c.h
-- Installing: /home/jetcobot/venv/mycobot/dev/moon_ws/ros2_ws/install/robocallee_fms/include/robocallee_fms/robocallee_fms/msg/detail/aruco_pose__type_support.c
-- Installing: /home/jetcobot/venv/mycobot/dev/moon_ws/ros2_ws/install/robocallee_fms/include/robocallee_fms/robocallee_fms/msg/detail/aruco_pose_array__type_support.c
-- Up-to-date: /home/jetcobot/venv/mycobot/dev/moon_ws/ros2_ws/install/robocallee_fms/include/robocallee_fms/robocallee_fms/srv
-- Up-to-date: /home/jetcobot/venv/mycobot/dev/moon_ws/ros2_ws/install/robocallee_fms/include/robocallee_fms/robocallee_fms/srv/detail
-- Installing: /home/jetcobot/venv/mycobot/dev/moon_ws/ros2_ws/install/robocallee_fms/include/robocallee_fms/robocallee_fms/srv/detail/employee_request__rosidl_typesupport_introspection_c.h
-- Installing: /home/jetcobot/venv/mycobot/dev/moon_ws/ros2_ws/install/robocallee_fms/include/robocallee_fms/robocallee_fms/srv/detail/robot_arm_request__rosidl_typesupport_introspection_c.h
-- Installing: /home/jetcobot/venv/mycobot/dev/moon_ws/ros2_ws/install/robocallee_fms/include/robocallee_fms/robocallee_fms/srv/detail/customer_request__rosidl_typesupport_introspection_c.h
-- Installing: /home/jetcobot/venv/mycobot/dev/moon_ws/ros2_ws/install/robocallee_fms/include/robocallee_fms/robocallee_fms/srv/detail/robot_arm_request__type_support.c
-- Installing: /home/jetcobot/venv/mycobot/dev/moon_ws/ros2_ws/install/robocallee_fms/include/robocallee_fms/robocallee_fms/srv/detail/employee_request__type_support.c
-- Installing: /home/jetcobot/venv/mycobot/dev/moon_ws/ros2_ws/install/robocallee_fms/include/robocallee_fms/robocallee_fms/srv/detail/customer_request__type_support.c
-- Installing: /home/jetcobot/venv/mycobot/dev/moon_ws/ros2_ws/install/robocallee_fms/lib/librobocallee_fms__rosidl_typesupport_introspection_c.so
-- Set non-toolchain portion of runtime path of "/home/jetcobot/venv/mycobot/dev/moon_ws/ros2_ws/install/robocallee_fms/lib/librobocallee_fms__rosidl_typesupport_introspection_c.so" to ""
-- Installing: /home/jetcobot/venv/mycobot/dev/moon_ws/ros2_ws/install/robocallee_fms/lib/librobocallee_fms__rosidl_typesupport_c.so
-- Set non-toolchain portion of runtime path of "/home/jetcobot/venv/mycobot/dev/moon_ws/ros2_ws/install/robocallee_fms/lib/librobocallee_fms__rosidl_typesupport_c.so" to ""
-- Up-to-date: /home/jetcobot/venv/mycobot/dev/moon_ws/ros2_ws/install/robocallee_fms/include/robocallee_fms/robocallee_fms
-- Up-to-date: /home/jetcobot/venv/mycobot/dev/moon_ws/ros2_ws/install/robocallee_fms/include/robocallee_fms/robocallee_fms/msg
-- Installing: /home/jetcobot/venv/mycobot/dev/moon_ws/ros2_ws/install/robocallee_fms/include/robocallee_fms/robocallee_fms/msg/aruco_pose.hpp
-- Installing: /home/jetcobot/venv/mycobot/dev/moon_ws/ros2_ws/install/robocallee_fms/include/robocallee_fms/robocallee_fms/msg/rosidl_generator_cpp__visibility_control.hpp
-- Up-to-date: /home/jetcobot/venv/mycobot/dev/moon_ws/ros2_ws/install/robocallee_fms/include/robocallee_fms/robocallee_fms/msg/detail
-- Installing: /home/jetcobot/venv/mycobot/dev/moon_ws/ros2_ws/install/robocallee_fms/include/robocallee_fms/robocallee_fms/msg/detail/aruco_pose_array__struct.hpp
-- Installing: /home/jetcobot/venv/mycobot/dev/moon_ws/ros2_ws/install/robocallee_fms/include/robocallee_fms/robocallee_fms/msg/detail/aruco_pose__traits.hpp
-- Installing: /home/jetcobot/venv/mycobot/dev/moon_ws/ros2_ws/install/robocallee_fms/include/robocallee_fms/robocallee_fms/msg/detail/aruco_pose_array__builder.hpp
-- Installing: /home/jetcobot/venv/mycobot/dev/moon_ws/ros2_ws/install/robocallee_fms/include/robocallee_fms/robocallee_fms/msg/detail/aruco_pose_array__traits.hpp
-- Installing: /home/jetcobot/venv/mycobot/dev/moon_ws/ros2_ws/install/robocallee_fms/include/robocallee_fms/robocallee_fms/msg/detail/aruco_pose_array__type_support.hpp
-- Installing: /home/jetcobot/venv/mycobot/dev/moon_ws/ros2_ws/install/robocallee_fms/include/robocallee_fms/robocallee_fms/msg/detail/aruco_pose__builder.hpp
-- Installing: /home/jetcobot/venv/mycobot/dev/moon_ws/ros2_ws/install/robocallee_fms/include/robocallee_fms/robocallee_fms/msg/detail/aruco_pose__struct.hpp
-- Installing: /home/jetcobot/venv/mycobot/dev/moon_ws/ros2_ws/install/robocallee_fms/include/robocallee_fms/robocallee_fms/msg/detail/aruco_pose__type_support.hpp
-- Installing: /home/jetcobot/venv/mycobot/dev/moon_ws/ros2_ws/install/robocallee_fms/include/robocallee_fms/robocallee_fms/msg/aruco_pose_array.hpp
-- Up-to-date: /home/jetcobot/venv/mycobot/dev/moon_ws/ros2_ws/install/robocallee_fms/include/robocallee_fms/robocallee_fms/srv
-- Installing: /home/jetcobot/venv/mycobot/dev/moon_ws/ros2_ws/install/robocallee_fms/include/robocallee_fms/robocallee_fms/srv/employee_request.hpp
-- Installing: /home/jetcobot/venv/mycobot/dev/moon_ws/ros2_ws/install/robocallee_fms/include/robocallee_fms/robocallee_fms/srv/customer_request.hpp
-- Up-to-date: /home/jetcobot/venv/mycobot/dev/moon_ws/ros2_ws/install/robocallee_fms/include/robocallee_fms/robocallee_fms/srv/detail
-- Installing: /home/jetcobot/venv/mycobot/dev/moon_ws/ros2_ws/install/robocallee_fms/include/robocallee_fms/robocallee_fms/srv/detail/robot_arm_request__builder.hpp
-- Installing: /home/jetcobot/venv/mycobot/dev/moon_ws/ros2_ws/install/robocallee_fms/include/robocallee_fms/robocallee_fms/srv/detail/robot_arm_request__type_support.hpp
-- Installing: /home/jetcobot/venv/mycobot/dev/moon_ws/ros2_ws/install/robocallee_fms/include/robocallee_fms/robocallee_fms/srv/detail/employee_request__builder.hpp
-- Installing: /home/jetcobot/venv/mycobot/dev/moon_ws/ros2_ws/install/robocallee_fms/include/robocallee_fms/robocallee_fms/srv/detail/employee_request__type_support.hpp
-- Installing: /home/jetcobot/venv/mycobot/dev/moon_ws/ros2_ws/install/robocallee_fms/include/robocallee_fms/robocallee_fms/srv/detail/customer_request__struct.hpp
-- Installing: /home/jetcobot/venv/mycobot/dev/moon_ws/ros2_ws/install/robocallee_fms/include/robocallee_fms/robocallee_fms/srv/detail/customer_request__type_support.hpp
-- Installing: /home/jetcobot/venv/mycobot/dev/moon_ws/ros2_ws/install/robocallee_fms/include/robocallee_fms/robocallee_fms/srv/detail/customer_request__traits.hpp
-- Installing: /home/jetcobot/venv/mycobot/dev/moon_ws/ros2_ws/install/robocallee_fms/include/robocallee_fms/robocallee_fms/srv/detail/customer_request__builder.hpp
-- Installing: /home/jetcobot/venv/mycobot/dev/moon_ws/ros2_ws/install/robocallee_fms/include/robocallee_fms/robocallee_fms/srv/detail/robot_arm_request__traits.hpp
-- Installing: /home/jetcobot/venv/mycobot/dev/moon_ws/ros2_ws/install/robocallee_fms/include/robocallee_fms/robocallee_fms/srv/detail/employee_request__struct.hpp
-- Installing: /home/jetcobot/venv/mycobot/dev/moon_ws/ros2_ws/install/robocallee_fms/include/robocallee_fms/robocallee_fms/srv/detail/robot_arm_request__struct.hpp
-- Installing: /home/jetcobot/venv/mycobot/dev/moon_ws/ros2_ws/install/robocallee_fms/include/robocallee_fms/robocallee_fms/srv/detail/employee_request__traits.hpp
-- Installing: /home/jetcobot/venv/mycobot/dev/moon_ws/ros2_ws/install/robocallee_fms/include/robocallee_fms/robocallee_fms/srv/robot_arm_request.hpp
-- Up-to-date: /home/jetcobot/venv/mycobot/dev/moon_ws/ros2_ws/install/robocallee_fms/include/robocallee_fms/robocallee_fms
-- Up-to-date: /home/jetcobot/venv/mycobot/dev/moon_ws/ros2_ws/install/robocallee_fms/include/robocallee_fms/robocallee_fms/msg
-- Installing: /home/jetcobot/venv/mycobot/dev/moon_ws/ros2_ws/install/robocallee_fms/include/robocallee_fms/robocallee_fms/msg/rosidl_typesupport_fastrtps_cpp__visibility_control.h
-- Up-to-date: /home/jetcobot/venv/mycobot/dev/moon_ws/ros2_ws/install/robocallee_fms/include/robocallee_fms/robocallee_fms/msg/detail
-- Installing: /home/jetcobot/venv/mycobot/dev/moon_ws/ros2_ws/install/robocallee_fms/include/robocallee_fms/robocallee_fms/msg/detail/dds_fastrtps
-- Installing: /home/jetcobot/venv/mycobot/dev/moon_ws/ros2_ws/install/robocallee_fms/include/robocallee_fms/robocallee_fms/msg/detail/aruco_pose__rosidl_typesupport_fastrtps_cpp.hpp
-- Installing: /home/jetcobot/venv/mycobot/dev/moon_ws/ros2_ws/install/robocallee_fms/include/robocallee_fms/robocallee_fms/msg/detail/aruco_pose_array__rosidl_typesupport_fastrtps_cpp.hpp
-- Up-to-date: /home/jetcobot/venv/mycobot/dev/moon_ws/ros2_ws/install/robocallee_fms/include/robocallee_fms/robocallee_fms/srv
-- Up-to-date: /home/jetcobot/venv/mycobot/dev/moon_ws/ros2_ws/install/robocallee_fms/include/robocallee_fms/robocallee_fms/srv/detail
-- Installing: /home/jetcobot/venv/mycobot/dev/moon_ws/ros2_ws/install/robocallee_fms/include/robocallee_fms/robocallee_fms/srv/detail/customer_request__rosidl_typesupport_fastrtps_cpp.hpp
-- Installing: /home/jetcobot/venv/mycobot/dev/moon_ws/ros2_ws/install/robocallee_fms/include/robocallee_fms/robocallee_fms/srv/detail/dds_fastrtps
-- Installing: /home/jetcobot/venv/mycobot/dev/moon_ws/ros2_ws/install/robocallee_fms/include/robocallee_fms/robocallee_fms/srv/detail/employee_request__rosidl_typesupport_fastrtps_cpp.hpp
-- Installing: /home/jetcobot/venv/mycobot/dev/moon_ws/ros2_ws/install/robocallee_fms/include/robocallee_fms/robocallee_fms/srv/detail/robot_arm_request__rosidl_typesupport_fastrtps_cpp.hpp
-- Installing: /home/jetcobot/venv/mycobot/dev/moon_ws/ros2_ws/install/robocallee_fms/lib/librobocallee_fms__rosidl_typesupport_fastrtps_cpp.so
-- Set non-toolchain portion of runtime path of "/home/jetcobot/venv/mycobot/dev/moon_ws/ros2_ws/install/robocallee_fms/lib/librobocallee_fms__rosidl_typesupport_fastrtps_cpp.so" to ""
-- Up-to-date: /home/jetcobot/venv/mycobot/dev/moon_ws/ros2_ws/install/robocallee_fms/include/robocallee_fms/robocallee_fms
-- Up-to-date: /home/jetcobot/venv/mycobot/dev/moon_ws/ros2_ws/install/robocallee_fms/include/robocallee_fms/robocallee_fms/msg
-- Up-to-date: /home/jetcobot/venv/mycobot/dev/moon_ws/ros2_ws/install/robocallee_fms/include/robocallee_fms/robocallee_fms/msg/detail
-- Installing: /home/jetcobot/venv/mycobot/dev/moon_ws/ros2_ws/install/robocallee_fms/include/robocallee_fms/robocallee_fms/msg/detail/aruco_pose__rosidl_typesupport_introspection_cpp.hpp
-- Installing: /home/jetcobot/venv/mycobot/dev/moon_ws/ros2_ws/install/robocallee_fms/include/robocallee_fms/robocallee_fms/msg/detail/aruco_pose__type_support.cpp
-- Installing: /home/jetcobot/venv/mycobot/dev/moon_ws/ros2_ws/install/robocallee_fms/include/robocallee_fms/robocallee_fms/msg/detail/aruco_pose_array__rosidl_typesupport_introspection_cpp.hpp
-- Installing: /home/jetcobot/venv/mycobot/dev/moon_ws/ros2_ws/install/robocallee_fms/include/robocallee_fms/robocallee_fms/msg/detail/aruco_pose_array__type_support.cpp
-- Up-to-date: /home/jetcobot/venv/mycobot/dev/moon_ws/ros2_ws/install/robocallee_fms/include/robocallee_fms/robocallee_fms/srv
-- Up-to-date: /home/jetcobot/venv/mycobot/dev/moon_ws/ros2_ws/install/robocallee_fms/include/robocallee_fms/robocallee_fms/srv/detail
-- Installing: /home/jetcobot/venv/mycobot/dev/moon_ws/ros2_ws/install/robocallee_fms/include/robocallee_fms/robocallee_fms/srv/detail/robot_arm_request__rosidl_typesupport_introspection_cpp.hpp
-- Installing: /home/jetcobot/venv/mycobot/dev/moon_ws/ros2_ws/install/robocallee_fms/include/robocallee_fms/robocallee_fms/srv/detail/employee_request__type_support.cpp
-- Installing: /home/jetcobot/venv/mycobot/dev/moon_ws/ros2_ws/install/robocallee_fms/include/robocallee_fms/robocallee_fms/srv/detail/robot_arm_request__type_support.cpp
-- Installing: /home/jetcobot/venv/mycobot/dev/moon_ws/ros2_ws/install/robocallee_fms/include/robocallee_fms/robocallee_fms/srv/detail/customer_request__rosidl_typesupport_introspection_cpp.hpp
-- Installing: /home/jetcobot/venv/mycobot/dev/moon_ws/ros2_ws/install/robocallee_fms/include/robocallee_fms/robocallee_fms/srv/detail/employee_request__rosidl_typesupport_introspection_cpp.hpp
-- Installing: /home/jetcobot/venv/mycobot/dev/moon_ws/ros2_ws/install/robocallee_fms/include/robocallee_fms/robocallee_fms/srv/detail/customer_request__type_support.cpp
-- Installing: /home/jetcobot/venv/mycobot/dev/moon_ws/ros2_ws/install/robocallee_fms/lib/librobocallee_fms__rosidl_typesupport_introspection_cpp.so
-- Set non-toolchain portion of runtime path of "/home/jetcobot/venv/mycobot/dev/moon_ws/ros2_ws/install/robocallee_fms/lib/librobocallee_fms__rosidl_typesupport_introspection_cpp.so" to ""
-- Installing: /home/jetcobot/venv/mycobot/dev/moon_ws/ros2_ws/install/robocallee_fms/lib/librobocallee_fms__rosidl_typesupport_cpp.so
-- Set non-toolchain portion of runtime path of "/home/jetcobot/venv/mycobot/dev/moon_ws/ros2_ws/install/robocallee_fms/lib/librobocallee_fms__rosidl_typesupport_cpp.so" to ""
-- Installing: /home/jetcobot/venv/mycobot/dev/moon_ws/ros2_ws/install/robocallee_fms/share/robocallee_fms/environment/pythonpath.sh
-- Installing: /home/jetcobot/venv/mycobot/dev/moon_ws/ros2_ws/install/robocallee_fms/share/robocallee_fms/environment/pythonpath.dsv
-- Installing: /home/jetcobot/venv/mycobot/dev/moon_ws/ros2_ws/install/robocallee_fms/lib/python3.12/site-packages/robocallee_fms-0.0.0-py3.12.egg-info
-- Installing: /home/jetcobot/venv/mycobot/dev/moon_ws/ros2_ws/install/robocallee_fms/lib/python3.12/site-packages/robocallee_fms-0.0.0-py3.12.egg-info/SOURCES.txt
-- Installing: /home/jetcobot/venv/mycobot/dev/moon_ws/ros2_ws/install/robocallee_fms/lib/python3.12/site-packages/robocallee_fms-0.0.0-py3.12.egg-info/top_level.txt
-- Installing: /home/jetcobot/venv/mycobot/dev/moon_ws/ros2_ws/install/robocallee_fms/lib/python3.12/site-packages/robocallee_fms-0.0.0-py3.12.egg-info/PKG-INFO
-- Installing: /home/jetcobot/venv/mycobot/dev/moon_ws/ros2_ws/install/robocallee_fms/lib/python3.12/site-packages/robocallee_fms-0.0.0-py3.12.egg-info/dependency_links.txt
-- Installing: /home/jetcobot/venv/mycobot/dev/moon_ws/ros2_ws/install/robocallee_fms/lib/python3.12/site-packages/robocallee_fms
-- Installing: /home/jetcobot/venv/mycobot/dev/moon_ws/ros2_ws/install/robocallee_fms/lib/python3.12/site-packages/robocallee_fms/_robocallee_fms_s.ep.rosidl_typesupport_introspection_c.c
-- Installing: /home/jetcobot/venv/mycobot/dev/moon_ws/ros2_ws/install/robocallee_fms/lib/python3.12/site-packages/robocallee_fms/_robocallee_fms_s.ep.rosidl_typesupport_c.c
-- Installing: /home/jetcobot/venv/mycobot/dev/moon_ws/ros2_ws/install/robocallee_fms/lib/python3.12/site-packages/robocallee_fms/__init__.py
-- Installing: /home/jetcobot/venv/mycobot/dev/moon_ws/ros2_ws/install/robocallee_fms/lib/python3.12/site-packages/robocallee_fms/msg
-- Installing: /home/jetcobot/venv/mycobot/dev/moon_ws/ros2_ws/install/robocallee_fms/lib/python3.12/site-packages/robocallee_fms/msg/__init__.py
-- Installing: /home/jetcobot/venv/mycobot/dev/moon_ws/ros2_ws/install/robocallee_fms/lib/python3.12/site-packages/robocallee_fms/msg/_aruco_pose.py
-- Installing: /home/jetcobot/venv/mycobot/dev/moon_ws/ros2_ws/install/robocallee_fms/lib/python3.12/site-packages/robocallee_fms/msg/_aruco_pose_array_s.c
-- Installing: /home/jetcobot/venv/mycobot/dev/moon_ws/ros2_ws/install/robocallee_fms/lib/python3.12/site-packages/robocallee_fms/msg/_aruco_pose_s.c
-- Installing: /home/jetcobot/venv/mycobot/dev/moon_ws/ros2_ws/install/robocallee_fms/lib/python3.12/site-packages/robocallee_fms/msg/_aruco_pose_array.py
-- Installing: /home/jetcobot/venv/mycobot/dev/moon_ws/ros2_ws/install/robocallee_fms/lib/python3.12/site-packages/robocallee_fms/srv
-- Installing: /home/jetcobot/venv/mycobot/dev/moon_ws/ros2_ws/install/robocallee_fms/lib/python3.12/site-packages/robocallee_fms/srv/__init__.py
-- Installing: /home/jetcobot/venv/mycobot/dev/moon_ws/ros2_ws/install/robocallee_fms/lib/python3.12/site-packages/robocallee_fms/srv/_customer_request.py
-- Installing: /home/jetcobot/venv/mycobot/dev/moon_ws/ros2_ws/install/robocallee_fms/lib/python3.12/site-packages/robocallee_fms/srv/_customer_request_s.c
-- Installing: /home/jetcobot/venv/mycobot/dev/moon_ws/ros2_ws/install/robocallee_fms/lib/python3.12/site-packages/robocallee_fms/srv/_employee_request_s.c
-- Installing: /home/jetcobot/venv/mycobot/dev/moon_ws/ros2_ws/install/robocallee_fms/lib/python3.12/site-packages/robocallee_fms/srv/_employee_request.py
-- Installing: /home/jetcobot/venv/mycobot/dev/moon_ws/ros2_ws/install/robocallee_fms/lib/python3.12/site-packages/robocallee_fms/srv/_robot_arm_request.py
-- Installing: /home/jetcobot/venv/mycobot/dev/moon_ws/ros2_ws/install/robocallee_fms/lib/python3.12/site-packages/robocallee_fms/srv/_robot_arm_request_s.c
-- Installing: /home/jetcobot/venv/mycobot/dev/moon_ws/ros2_ws/install/robocallee_fms/lib/python3.12/site-packages/robocallee_fms/_robocallee_fms_s.ep.rosidl_typesupport_fastrtps_c.c
-- Installing: /home/jetcobot/venv/mycobot/dev/moon_ws/ros2_ws/install/robocallee_fms/lib/python3.12/site-packages/robocallee_fms/robocallee_fms_s__rosidl_typesupport_introspection_c.so
-- Installing: /home/jetcobot/venv/mycobot/dev/moon_ws/ros2_ws/install/robocallee_fms/lib/python3.12/site-packages/robocallee_fms/robocallee_fms_s__rosidl_typesupport_fastrtps_c.so
-- Installing: /home/jetcobot/venv/mycobot/dev/moon_ws/ros2_ws/install/robocallee_fms/lib/python3.12/site-packages/robocallee_fms/robocallee_fms_s__rosidl_typesupport_c.so
Listing '/home/jetcobot/venv/mycobot/dev/moon_ws/ros2_ws/install/robocallee_fms/lib/python3.12/site-packages/robocallee_fms'...
Compiling '/home/jetcobot/venv/mycobot/dev/moon_ws/ros2_ws/install/robocallee_fms/lib/python3.12/site-packages/robocallee_fms/__init__.py'...
Listing '/home/jetcobot/venv/mycobot/dev/moon_ws/ros2_ws/install/robocallee_fms/lib/python3.12/site-packages/robocallee_fms/msg'...
Compiling '/home/jetcobot/venv/mycobot/dev/moon_ws/ros2_ws/install/robocallee_fms/lib/python3.12/site-packages/robocallee_fms/msg/__init__.py'...
Compiling '/home/jetcobot/venv/mycobot/dev/moon_ws/ros2_ws/install/robocallee_fms/lib/python3.12/site-packages/robocallee_fms/msg/_aruco_pose.py'...
Compiling '/home/jetcobot/venv/mycobot/dev/moon_ws/ros2_ws/install/robocallee_fms/lib/python3.12/site-packages/robocallee_fms/msg/_aruco_pose_array.py'...
Listing '/home/jetcobot/venv/mycobot/dev/moon_ws/ros2_ws/install/robocallee_fms/lib/python3.12/site-packages/robocallee_fms/srv'...
Compiling '/home/jetcobot/venv/mycobot/dev/moon_ws/ros2_ws/install/robocallee_fms/lib/python3.12/site-packages/robocallee_fms/srv/__init__.py'...
Compiling '/home/jetcobot/venv/mycobot/dev/moon_ws/ros2_ws/install/robocallee_fms/lib/python3.12/site-packages/robocallee_fms/srv/_customer_request.py'...
Compiling '/home/jetcobot/venv/mycobot/dev/moon_ws/ros2_ws/install/robocallee_fms/lib/python3.12/site-packages/robocallee_fms/srv/_employee_request.py'...
Compiling '/home/jetcobot/venv/mycobot/dev/moon_ws/ros2_ws/install/robocallee_fms/lib/python3.12/site-packages/robocallee_fms/srv/_robot_arm_request.py'...
-- Installing: /home/jetcobot/venv/mycobot/dev/moon_ws/ros2_ws/install/robocallee_fms/lib/python3.12/site-packages/robocallee_fms/robocallee_fms_s__rosidl_typesupport_fastrtps_c.so
-- Set non-toolchain portion of runtime path of "/home/jetcobot/venv/mycobot/dev/moon_ws/ros2_ws/install/robocallee_fms/lib/python3.12/site-packages/robocallee_fms/robocallee_fms_s__rosidl_typesupport_fastrtps_c.so" to ""
-- Installing: /home/jetcobot/venv/mycobot/dev/moon_ws/ros2_ws/install/robocallee_fms/lib/python3.12/site-packages/robocallee_fms/robocallee_fms_s__rosidl_typesupport_introspection_c.so
-- Set non-toolchain portion of runtime path of "/home/jetcobot/venv/mycobot/dev/moon_ws/ros2_ws/install/robocallee_fms/lib/python3.12/site-packages/robocallee_fms/robocallee_fms_s__rosidl_typesupport_introspection_c.so" to ""
-- Installing: /home/jetcobot/venv/mycobot/dev/moon_ws/ros2_ws/install/robocallee_fms/lib/python3.12/site-packages/robocallee_fms/robocallee_fms_s__rosidl_typesupport_c.so
-- Set non-toolchain portion of runtime path of "/home/jetcobot/venv/mycobot/dev/moon_ws/ros2_ws/install/robocallee_fms/lib/python3.12/site-packages/robocallee_fms/robocallee_fms_s__rosidl_typesupport_c.so" to ""
-- Installing: /home/jetcobot/venv/mycobot/dev/moon_ws/ros2_ws/install/robocallee_fms/lib/librobocallee_fms__rosidl_generator_py.so
-- Set non-toolchain portion of runtime path of "/home/jetcobot/venv/mycobot/dev/moon_ws/ros2_ws/install/robocallee_fms/lib/librobocallee_fms__rosidl_generator_py.so" to ""
-- Installing: /home/jetcobot/venv/mycobot/dev/moon_ws/ros2_ws/install/robocallee_fms/share/robocallee_fms/msg/ArucoPose.idl
-- Installing: /home/jetcobot/venv/mycobot/dev/moon_ws/ros2_ws/install/robocallee_fms/share/robocallee_fms/msg/ArucoPoseArray.idl
-- Installing: /home/jetcobot/venv/mycobot/dev/moon_ws/ros2_ws/install/robocallee_fms/share/robocallee_fms/srv/CustomerRequest.idl
-- Installing: /home/jetcobot/venv/mycobot/dev/moon_ws/ros2_ws/install/robocallee_fms/share/robocallee_fms/srv/EmployeeRequest.idl
-- Installing: /home/jetcobot/venv/mycobot/dev/moon_ws/ros2_ws/install/robocallee_fms/share/robocallee_fms/srv/RobotArmRequest.idl
-- Installing: /home/jetcobot/venv/mycobot/dev/moon_ws/ros2_ws/install/robocallee_fms/share/robocallee_fms/msg/ArucoPose.msg
-- Installing: /home/jetcobot/venv/mycobot/dev/moon_ws/ros2_ws/install/robocallee_fms/share/robocallee_fms/msg/ArucoPoseArray.msg
-- Installing: /home/jetcobot/venv/mycobot/dev/moon_ws/ros2_ws/install/robocallee_fms/share/robocallee_fms/srv/CustomerRequest.srv
-- Installing: /home/jetcobot/venv/mycobot/dev/moon_ws/ros2_ws/install/robocallee_fms/share/robocallee_fms/srv/EmployeeRequest.srv
-- Installing: /home/jetcobot/venv/mycobot/dev/moon_ws/ros2_ws/install/robocallee_fms/share/robocallee_fms/srv/RobotArmRequest.srv
-- Installing: /home/jetcobot/venv/mycobot/dev/moon_ws/ros2_ws/install/robocallee_fms/share/ament_index/resource_index/package_run_dependencies/robocallee_fms
-- Installing: /home/jetcobot/venv/mycobot/dev/moon_ws/ros2_ws/install/robocallee_fms/share/ament_index/resource_index/parent_prefix_path/robocallee_fms
-- Installing: /home/jetcobot/venv/mycobot/dev/moon_ws/ros2_ws/install/robocallee_fms/share/robocallee_fms/environment/ament_prefix_path.sh
-- Installing: /home/jetcobot/venv/mycobot/dev/moon_ws/ros2_ws/install/robocallee_fms/share/robocallee_fms/environment/ament_prefix_path.dsv
-- Installing: /home/jetcobot/venv/mycobot/dev/moon_ws/ros2_ws/install/robocallee_fms/share/robocallee_fms/environment/path.sh
-- Installing: /home/jetcobot/venv/mycobot/dev/moon_ws/ros2_ws/install/robocallee_fms/share/robocallee_fms/environment/path.dsv
-- Installing: /home/jetcobot/venv/mycobot/dev/moon_ws/ros2_ws/install/robocallee_fms/share/robocallee_fms/local_setup.bash
-- Installing: /home/jetcobot/venv/mycobot/dev/moon_ws/ros2_ws/install/robocallee_fms/share/robocallee_fms/local_setup.sh
-- Installing: /home/jetcobot/venv/mycobot/dev/moon_ws/ros2_ws/install/robocallee_fms/share/robocallee_fms/local_setup.zsh
-- Installing: /home/jetcobot/venv/mycobot/dev/moon_ws/ros2_ws/install/robocallee_fms/share/robocallee_fms/local_setup.dsv
-- Installing: /home/jetcobot/venv/mycobot/dev/moon_ws/ros2_ws/install/robocallee_fms/share/robocallee_fms/package.dsv
-- Installing: /home/jetcobot/venv/mycobot/dev/moon_ws/ros2_ws/install/robocallee_fms/share/ament_index/resource_index/packages/robocallee_fms
-- Installing: /home/jetcobot/venv/mycobot/dev/moon_ws/ros2_ws/install/robocallee_fms/share/robocallee_fms/cmake/export_robocallee_fms__rosidl_generator_cExport.cmake
-- Installing: /home/jetcobot/venv/mycobot/dev/moon_ws/ros2_ws/install/robocallee_fms/share/robocallee_fms/cmake/export_robocallee_fms__rosidl_generator_cExport-noconfig.cmake
-- Installing: /home/jetcobot/venv/mycobot/dev/moon_ws/ros2_ws/install/robocallee_fms/share/robocallee_fms/cmake/export_robocallee_fms__rosidl_typesupport_fastrtps_cExport.cmake
-- Installing: /home/jetcobot/venv/mycobot/dev/moon_ws/ros2_ws/install/robocallee_fms/share/robocallee_fms/cmake/export_robocallee_fms__rosidl_typesupport_fastrtps_cExport-noconfig.cmake
-- Installing: /home/jetcobot/venv/mycobot/dev/moon_ws/ros2_ws/install/robocallee_fms/share/robocallee_fms/cmake/robocallee_fms__rosidl_typesupport_introspection_cExport.cmake
-- Installing: /home/jetcobot/venv/mycobot/dev/moon_ws/ros2_ws/install/robocallee_fms/share/robocallee_fms/cmake/robocallee_fms__rosidl_typesupport_introspection_cExport-noconfig.cmake
-- Installing: /home/jetcobot/venv/mycobot/dev/moon_ws/ros2_ws/install/robocallee_fms/share/robocallee_fms/cmake/robocallee_fms__rosidl_typesupport_cExport.cmake
-- Installing: /home/jetcobot/venv/mycobot/dev/moon_ws/ros2_ws/install/robocallee_fms/share/robocallee_fms/cmake/robocallee_fms__rosidl_typesupport_cExport-noconfig.cmake
-- Installing: /home/jetcobot/venv/mycobot/dev/moon_ws/ros2_ws/install/robocallee_fms/share/robocallee_fms/cmake/export_robocallee_fms__rosidl_generator_cppExport.cmake
-- Installing: /home/jetcobot/venv/mycobot/dev/moon_ws/ros2_ws/install/robocallee_fms/share/robocallee_fms/cmake/export_robocallee_fms__rosidl_typesupport_fastrtps_cppExport.cmake
-- Installing: /home/jetcobot/venv/mycobot/dev/moon_ws/ros2_ws/install/robocallee_fms/share/robocallee_fms/cmake/export_robocallee_fms__rosidl_typesupport_fastrtps_cppExport-noconfig.cmake
-- Installing: /home/jetcobot/venv/mycobot/dev/moon_ws/ros2_ws/install/robocallee_fms/share/robocallee_fms/cmake/robocallee_fms__rosidl_typesupport_introspection_cppExport.cmake
-- Installing: /home/jetcobot/venv/mycobot/dev/moon_ws/ros2_ws/install/robocallee_fms/share/robocallee_fms/cmake/robocallee_fms__rosidl_typesupport_introspection_cppExport-noconfig.cmake
-- Installing: /home/jetcobot/venv/mycobot/dev/moon_ws/ros2_ws/install/robocallee_fms/share/robocallee_fms/cmake/robocallee_fms__rosidl_typesupport_cppExport.cmake
-- Installing: /home/jetcobot/venv/mycobot/dev/moon_ws/ros2_ws/install/robocallee_fms/share/robocallee_fms/cmake/robocallee_fms__rosidl_typesupport_cppExport-noconfig.cmake
-- Installing: /home/jetcobot/venv/mycobot/dev/moon_ws/ros2_ws/install/robocallee_fms/share/robocallee_fms/cmake/export_robocallee_fms__rosidl_generator_pyExport.cmake
-- Installing: /home/jetcobot/venv/mycobot/dev/moon_ws/ros2_ws/install/robocallee_fms/share/robocallee_fms/cmake/export_robocallee_fms__rosidl_generator_pyExport-noconfig.cmake
-- Installing: /home/jetcobot/venv/mycobot/dev/moon_ws/ros2_ws/install/robocallee_fms/share/robocallee_fms/cmake/rosidl_cmake-extras.cmake
-- Installing: /home/jetcobot/venv/mycobot/dev/moon_ws/ros2_ws/install/robocallee_fms/share/robocallee_fms/cmake/ament_cmake_export_dependencies-extras.cmake
-- Installing: /home/jetcobot/venv/mycobot/dev/moon_ws/ros2_ws/install/robocallee_fms/share/robocallee_fms/cmake/ament_cmake_export_include_directories-extras.cmake
-- Installing: /home/jetcobot/venv/mycobot/dev/moon_ws/ros2_ws/install/robocallee_fms/share/robocallee_fms/cmake/ament_cmake_export_libraries-extras.cmake
-- Installing: /home/jetcobot/venv/mycobot/dev/moon_ws/ros2_ws/install/robocallee_fms/share/robocallee_fms/cmake/ament_cmake_export_targets-extras.cmake
-- Installing: /home/jetcobot/venv/mycobot/dev/moon_ws/ros2_ws/install/robocallee_fms/share/robocallee_fms/cmake/rosidl_cmake_export_typesupport_targets-extras.cmake
-- Installing: /home/jetcobot/venv/mycobot/dev/moon_ws/ros2_ws/install/robocallee_fms/share/robocallee_fms/cmake/rosidl_cmake_export_typesupport_libraries-extras.cmake
-- Installing: /home/jetcobot/venv/mycobot/dev/moon_ws/ros2_ws/install/robocallee_fms/share/robocallee_fms/cmake/robocallee_fmsConfig.cmake
-- Installing: /home/jetcobot/venv/mycobot/dev/moon_ws/ros2_ws/install/robocallee_fms/share/robocallee_fms/cmake/robocallee_fmsConfig-version.cmake
-- Installing: /home/jetcobot/venv/mycobot/dev/moon_ws/ros2_ws/install/robocallee_fms/share/robocallee_fms/package.xml
