[0.465s] Invoking command in '/home/jetcobot/venv/mycobot/dev/moon_ws/ros2_ws/build/robocallee_fms': CMAKE_PREFIX_PATH=${CMAKE_PREFIX_PATH}:/home/jetcobot/venv/mycobot/dev/moon_ws/ros2_ws/install/pick_and_place:/home/jetcobot/ros2_ws/install/jetcobot_driver:/home/jetcobot/ros2_ws/install/jetcobot_control:/home/jetcobot/jetcobot_ws/install/jetcobot_ctrl:/opt/ros/jazzy DEBUGINFOD_URLS=https://debuginfod.ubuntu.com /usr/bin/cmake /home/jetcobot/venv/mycobot/dev/moon_ws/ros2_ws/src/ros2_custom_msgs/src/robocallee_fms -DCMAKE_INSTALL_PREFIX=/home/jetcobot/venv/mycobot/dev/moon_ws/ros2_ws/install/robocallee_fms
[0.609s] -- The C compiler identification is GNU 13.3.0
[0.751s] -- The CXX compiler identification is GNU 13.3.0
[0.781s] -- Detecting C compiler ABI info
[0.995s] -- Detecting C compiler ABI info - done
[1.016s] -- Check for working C compiler: /usr/bin/cc - skipped
[1.016s] -- Detecting C compile features
[1.018s] -- Detecting C compile features - done
[1.037s] -- Detecting CXX compiler ABI info
[1.319s] -- Detecting CXX compiler ABI info - done
[1.336s] -- Check for working CXX compiler: /usr/bin/c++ - skipped
[1.337s] -- Detecting CXX compile features
[1.338s] -- Detecting CXX compile features - done
[1.349s] -- Found ament_cmake: 2.5.4 (/opt/ros/jazzy/share/ament_cmake/cmake)
[1.784s] -- Found Python3: /usr/bin/python3 (found version "3.12.3") found components: Interpreter 
[2.378s] -- Found rosidl_default_generators: 1.6.0 (/opt/ros/jazzy/share/rosidl_default_generators/cmake)
[2.468s] -- Using all available rosidl_typesupport_c: rosidl_typesupport_fastrtps_c;rosidl_typesupport_introspection_c
[2.851s] -- Using all available rosidl_typesupport_cpp: rosidl_typesupport_fastrtps_cpp;rosidl_typesupport_introspection_cpp
[3.205s] -- Found rosidl_adapter: 4.6.5 (/opt/ros/jazzy/share/rosidl_adapter/cmake)
[3.228s] -- Found std_msgs: 5.3.6 (/opt/ros/jazzy/share/std_msgs/cmake)
[6.466s] -- Found ament_cmake_ros: 0.12.0 (/opt/ros/jazzy/share/ament_cmake_ros/cmake)
[8.469s] -- Using all available rosidl_typesupport_c: rosidl_typesupport_fastrtps_c;rosidl_typesupport_introspection_c
[10.269s] -- Using all available rosidl_typesupport_cpp: rosidl_typesupport_fastrtps_cpp;rosidl_typesupport_introspection_cpp
[10.277s] -- Found python_cmake_module: 0.11.1 (/opt/ros/jazzy/share/python_cmake_module/cmake)
[10.975s] -- Found PythonExtra: /usr/bin/python3  
[12.933s] -- Found Python3: /usr/bin/python3 (found version "3.12.3") found components: Interpreter Development NumPy Development.Module Development.Embed 
[13.049s] -- Found ament_lint_auto: 0.17.2 (/opt/ros/jazzy/share/ament_lint_auto/cmake)
[13.130s] -- Added test 'lint_cmake' to check CMake code style
[13.130s] -- Added test 'xmllint' to check XML markup files
[13.142s] -- Configuring done (12.7s)
[13.253s] -- Generating done (0.1s)
[13.271s] -- Build files have been written to: /home/jetcobot/venv/mycobot/dev/moon_ws/ros2_ws/build/robocallee_fms
[13.303s] Invoked command in '/home/jetcobot/venv/mycobot/dev/moon_ws/ros2_ws/build/robocallee_fms' returned '0': CMAKE_PREFIX_PATH=${CMAKE_PREFIX_PATH}:/home/jetcobot/venv/mycobot/dev/moon_ws/ros2_ws/install/pick_and_place:/home/jetcobot/ros2_ws/install/jetcobot_driver:/home/jetcobot/ros2_ws/install/jetcobot_control:/home/jetcobot/jetcobot_ws/install/jetcobot_ctrl:/opt/ros/jazzy DEBUGINFOD_URLS=https://debuginfod.ubuntu.com /usr/bin/cmake /home/jetcobot/venv/mycobot/dev/moon_ws/ros2_ws/src/ros2_custom_msgs/src/robocallee_fms -DCMAKE_INSTALL_PREFIX=/home/jetcobot/venv/mycobot/dev/moon_ws/ros2_ws/install/robocallee_fms
[13.303s] Invoking command in '/home/jetcobot/venv/mycobot/dev/moon_ws/ros2_ws/build/robocallee_fms': CMAKE_PREFIX_PATH=${CMAKE_PREFIX_PATH}:/home/jetcobot/venv/mycobot/dev/moon_ws/ros2_ws/install/pick_and_place:/home/jetcobot/ros2_ws/install/jetcobot_driver:/home/jetcobot/ros2_ws/install/jetcobot_control:/home/jetcobot/jetcobot_ws/install/jetcobot_ctrl:/opt/ros/jazzy DEBUGINFOD_URLS=https://debuginfod.ubuntu.com /usr/bin/cmake --build /home/jetcobot/venv/mycobot/dev/moon_ws/ros2_ws/build/robocallee_fms -- -j4 -l4
[13.610s] [  0%] Built target ament_cmake_python_copy_robocallee_fms
[13.612s] [  1%] [34m[1mGenerating type hashes for ROS interfaces[0m
[14.746s] running egg_info
[14.759s] creating robocallee_fms.egg-info
[14.885s] writing robocallee_fms.egg-info/PKG-INFO
[14.887s] writing dependency_links to robocallee_fms.egg-info/dependency_links.txt
[14.887s] writing top-level names to robocallee_fms.egg-info/top_level.txt
[14.887s] writing manifest file 'robocallee_fms.egg-info/SOURCES.txt'
[14.951s] [  1%] Built target robocallee_fms__rosidl_generator_type_description
[15.031s] [  2%] [34m[1mGenerating C code for ROS interfaces[0m
[15.121s] [  4%] [34m[1mGenerating C++ code for ROS interfaces[0m
[15.535s] reading manifest file 'robocallee_fms.egg-info/SOURCES.txt'
[15.543s] writing manifest file 'robocallee_fms.egg-info/SOURCES.txt'
[15.939s] [  4%] Built target ament_cmake_python_build_robocallee_fms_egg
[18.692s] [  4%] Built target robocallee_fms__cpp
[20.109s] [  5%] [32mBuilding C object CMakeFiles/robocallee_fms__rosidl_generator_c.dir/rosidl_generator_c/robocallee_fms/msg/detail/aruco_pose__functions.c.o[0m
[20.121s] [  6%] [32mBuilding C object CMakeFiles/robocallee_fms__rosidl_generator_c.dir/rosidl_generator_c/robocallee_fms/msg/detail/aruco_pose__description.c.o[0m
[20.280s] [  8%] [32mBuilding C object CMakeFiles/robocallee_fms__rosidl_generator_c.dir/rosidl_generator_c/robocallee_fms/msg/detail/aruco_pose_array__description.c.o[0m
[20.300s] [  9%] [32mBuilding C object CMakeFiles/robocallee_fms__rosidl_generator_c.dir/rosidl_generator_c/robocallee_fms/msg/detail/aruco_pose_array__functions.c.o[0m
[20.370s] [ 10%] [32mBuilding C object CMakeFiles/robocallee_fms__rosidl_generator_c.dir/rosidl_generator_c/robocallee_fms/msg/detail/aruco_pose_array__type_support.c.o[0m
[20.400s] [ 12%] [32mBuilding C object CMakeFiles/robocallee_fms__rosidl_generator_c.dir/rosidl_generator_c/robocallee_fms/srv/detail/customer_request__description.c.o[0m
[20.454s] [ 13%] [32mBuilding C object CMakeFiles/robocallee_fms__rosidl_generator_c.dir/rosidl_generator_c/robocallee_fms/srv/detail/customer_request__functions.c.o[0m
[20.503s] [ 14%] [32mBuilding C object CMakeFiles/robocallee_fms__rosidl_generator_c.dir/rosidl_generator_c/robocallee_fms/srv/detail/customer_request__type_support.c.o[0m
[20.597s] [ 16%] [32mBuilding C object CMakeFiles/robocallee_fms__rosidl_generator_c.dir/rosidl_generator_c/robocallee_fms/srv/detail/employee_request__description.c.o[0m
[20.629s] [ 17%] [32mBuilding C object CMakeFiles/robocallee_fms__rosidl_generator_c.dir/rosidl_generator_c/robocallee_fms/srv/detail/employee_request__functions.c.o[0m
[20.706s] [ 18%] [32mBuilding C object CMakeFiles/robocallee_fms__rosidl_generator_c.dir/rosidl_generator_c/robocallee_fms/srv/detail/employee_request__type_support.c.o[0m
[20.782s] [ 20%] [32mBuilding C object CMakeFiles/robocallee_fms__rosidl_generator_c.dir/rosidl_generator_c/robocallee_fms/srv/detail/robot_arm_request__description.c.o[0m
[20.787s] [ 21%] [32mBuilding C object CMakeFiles/robocallee_fms__rosidl_generator_c.dir/rosidl_generator_c/robocallee_fms/srv/detail/robot_arm_request__functions.c.o[0m
[20.883s] [ 22%] [32mBuilding C object CMakeFiles/robocallee_fms__rosidl_generator_c.dir/rosidl_generator_c/robocallee_fms/srv/detail/robot_arm_request__type_support.c.o[0m
[20.944s] [ 24%] [32mBuilding C object CMakeFiles/robocallee_fms__rosidl_generator_c.dir/rosidl_generator_c/robocallee_fms/msg/detail/aruco_pose__type_support.c.o[0m
[21.006s] [ 25%] [32m[1mLinking C shared library librobocallee_fms__rosidl_generator_c.so[0m
[21.115s] [ 25%] Built target robocallee_fms__rosidl_generator_c
[21.137s] [ 28%] [34m[1mGenerating C type support for eProsima Fast-RTPS[0m
[21.137s] [ 28%] [34m[1mGenerating C++ type support dispatch for ROS interfaces[0m
[21.820s] [ 29%] [32mBuilding CXX object CMakeFiles/robocallee_fms__rosidl_typesupport_cpp.dir/rosidl_typesupport_cpp/robocallee_fms/msg/aruco_pose__type_support.cpp.o[0m
[22.907s] [ 31%] [32mBuilding CXX object CMakeFiles/robocallee_fms__rosidl_typesupport_fastrtps_c.dir/rosidl_typesupport_fastrtps_c/robocallee_fms/msg/detail/aruco_pose__type_support_c.cpp.o[0m
[23.970s] [ 32%] [32mBuilding CXX object CMakeFiles/robocallee_fms__rosidl_typesupport_cpp.dir/rosidl_typesupport_cpp/robocallee_fms/msg/aruco_pose_array__type_support.cpp.o[0m
[24.060s] [ 33%] [32mBuilding CXX object CMakeFiles/robocallee_fms__rosidl_typesupport_fastrtps_c.dir/rosidl_typesupport_fastrtps_c/robocallee_fms/msg/detail/aruco_pose_array__type_support_c.cpp.o[0m
[25.001s] [ 35%] [32mBuilding CXX object CMakeFiles/robocallee_fms__rosidl_typesupport_cpp.dir/rosidl_typesupport_cpp/robocallee_fms/srv/customer_request__type_support.cpp.o[0m
[25.450s] [ 36%] [32mBuilding CXX object CMakeFiles/robocallee_fms__rosidl_typesupport_fastrtps_c.dir/rosidl_typesupport_fastrtps_c/robocallee_fms/srv/detail/customer_request__type_support_c.cpp.o[0m
[26.112s] [ 37%] [32mBuilding CXX object CMakeFiles/robocallee_fms__rosidl_typesupport_cpp.dir/rosidl_typesupport_cpp/robocallee_fms/srv/employee_request__type_support.cpp.o[0m
[26.743s] [ 39%] [32mBuilding CXX object CMakeFiles/robocallee_fms__rosidl_typesupport_fastrtps_c.dir/rosidl_typesupport_fastrtps_c/robocallee_fms/srv/detail/employee_request__type_support_c.cpp.o[0m
[26.960s] [ 40%] [32mBuilding CXX object CMakeFiles/robocallee_fms__rosidl_typesupport_cpp.dir/rosidl_typesupport_cpp/robocallee_fms/srv/robot_arm_request__type_support.cpp.o[0m
[27.769s] [ 43%] [32mBuilding CXX object CMakeFiles/robocallee_fms__rosidl_typesupport_fastrtps_c.dir/rosidl_typesupport_fastrtps_c/robocallee_fms/srv/detail/robot_arm_request__type_support_c.cpp.o[0m
[27.769s] [ 43%] [32m[1mLinking CXX shared library librobocallee_fms__rosidl_typesupport_cpp.so[0m
[27.945s] [ 43%] Built target robocallee_fms__rosidl_typesupport_cpp
[28.554s] [ 44%] [32m[1mLinking CXX shared library librobocallee_fms__rosidl_typesupport_fastrtps_c.so[0m
[28.717s] [ 44%] Built target robocallee_fms__rosidl_typesupport_fastrtps_c
[28.742s] [ 45%] [34m[1mGenerating C++ type support for eProsima Fast-RTPS[0m
[29.817s] [ 47%] [32mBuilding CXX object CMakeFiles/robocallee_fms__rosidl_typesupport_fastrtps_cpp.dir/rosidl_typesupport_fastrtps_cpp/robocallee_fms/msg/detail/dds_fastrtps/aruco_pose__type_support.cpp.o[0m
[30.527s] [ 48%] [32mBuilding CXX object CMakeFiles/robocallee_fms__rosidl_typesupport_fastrtps_cpp.dir/rosidl_typesupport_fastrtps_cpp/robocallee_fms/msg/detail/dds_fastrtps/aruco_pose_array__type_support.cpp.o[0m
[31.228s] [ 50%] [32mBuilding CXX object CMakeFiles/robocallee_fms__rosidl_typesupport_fastrtps_cpp.dir/rosidl_typesupport_fastrtps_cpp/robocallee_fms/srv/detail/dds_fastrtps/customer_request__type_support.cpp.o[0m
[32.119s] [ 51%] [32mBuilding CXX object CMakeFiles/robocallee_fms__rosidl_typesupport_fastrtps_cpp.dir/rosidl_typesupport_fastrtps_cpp/robocallee_fms/srv/detail/dds_fastrtps/employee_request__type_support.cpp.o[0m
[32.996s] [ 52%] [32mBuilding CXX object CMakeFiles/robocallee_fms__rosidl_typesupport_fastrtps_cpp.dir/rosidl_typesupport_fastrtps_cpp/robocallee_fms/srv/detail/dds_fastrtps/robot_arm_request__type_support.cpp.o[0m
[33.880s] [ 54%] [32m[1mLinking CXX shared library librobocallee_fms__rosidl_typesupport_fastrtps_cpp.so[0m
[34.060s] [ 54%] Built target robocallee_fms__rosidl_typesupport_fastrtps_cpp
[34.083s] [ 55%] [34m[1mGenerating C++ introspection for ROS interfaces[0m
[34.831s] [ 56%] [32mBuilding CXX object CMakeFiles/robocallee_fms__rosidl_typesupport_introspection_cpp.dir/rosidl_typesupport_introspection_cpp/robocallee_fms/msg/detail/aruco_pose__type_support.cpp.o[0m
[35.271s] [ 58%] [32mBuilding CXX object CMakeFiles/robocallee_fms__rosidl_typesupport_introspection_cpp.dir/rosidl_typesupport_introspection_cpp/robocallee_fms/msg/detail/aruco_pose_array__type_support.cpp.o[0m
[35.761s] [ 59%] [32mBuilding CXX object CMakeFiles/robocallee_fms__rosidl_typesupport_introspection_cpp.dir/rosidl_typesupport_introspection_cpp/robocallee_fms/srv/detail/customer_request__type_support.cpp.o[0m
[36.370s] [ 60%] [32mBuilding CXX object CMakeFiles/robocallee_fms__rosidl_typesupport_introspection_cpp.dir/rosidl_typesupport_introspection_cpp/robocallee_fms/srv/detail/employee_request__type_support.cpp.o[0m
[36.971s] [ 62%] [32mBuilding CXX object CMakeFiles/robocallee_fms__rosidl_typesupport_introspection_cpp.dir/rosidl_typesupport_introspection_cpp/robocallee_fms/srv/detail/robot_arm_request__type_support.cpp.o[0m
[37.576s] [ 63%] [32m[1mLinking CXX shared library librobocallee_fms__rosidl_typesupport_introspection_cpp.so[0m
[37.746s] [ 63%] Built target robocallee_fms__rosidl_typesupport_introspection_cpp
[37.768s] [ 64%] [34m[1mGenerating C type support dispatch for ROS interfaces[0m
[38.335s] [ 66%] [32mBuilding CXX object CMakeFiles/robocallee_fms__rosidl_typesupport_c.dir/rosidl_typesupport_c/robocallee_fms/msg/aruco_pose__type_support.cpp.o[0m
[38.411s] [ 67%] [32mBuilding CXX object CMakeFiles/robocallee_fms__rosidl_typesupport_c.dir/rosidl_typesupport_c/robocallee_fms/srv/customer_request__type_support.cpp.o[0m
[38.495s] [ 68%] [32mBuilding CXX object CMakeFiles/robocallee_fms__rosidl_typesupport_c.dir/rosidl_typesupport_c/robocallee_fms/srv/employee_request__type_support.cpp.o[0m
[38.578s] [ 70%] [32mBuilding CXX object CMakeFiles/robocallee_fms__rosidl_typesupport_c.dir/rosidl_typesupport_c/robocallee_fms/srv/robot_arm_request__type_support.cpp.o[0m
[38.682s] [ 71%] [32mBuilding CXX object CMakeFiles/robocallee_fms__rosidl_typesupport_c.dir/rosidl_typesupport_c/robocallee_fms/msg/aruco_pose_array__type_support.cpp.o[0m
[38.760s] [ 72%] [32m[1mLinking CXX shared library librobocallee_fms__rosidl_typesupport_c.so[0m
[38.844s] [ 72%] Built target robocallee_fms__rosidl_typesupport_c
[38.868s] [ 74%] [34m[1mGenerating C introspection for ROS interfaces[0m
[39.643s] [ 75%] [32mBuilding C object CMakeFiles/robocallee_fms__rosidl_typesupport_introspection_c.dir/rosidl_typesupport_introspection_c/robocallee_fms/msg/detail/aruco_pose__type_support.c.o[0m
[39.712s] [ 77%] [32mBuilding C object CMakeFiles/robocallee_fms__rosidl_typesupport_introspection_c.dir/rosidl_typesupport_introspection_c/robocallee_fms/srv/detail/employee_request__type_support.c.o[0m
[39.797s] [ 78%] [32mBuilding C object CMakeFiles/robocallee_fms__rosidl_typesupport_introspection_c.dir/rosidl_typesupport_introspection_c/robocallee_fms/srv/detail/robot_arm_request__type_support.c.o[0m
[39.882s] [ 79%] [32mBuilding C object CMakeFiles/robocallee_fms__rosidl_typesupport_introspection_c.dir/rosidl_typesupport_introspection_c/robocallee_fms/srv/detail/customer_request__type_support.c.o[0m
[39.968s] [ 81%] [32mBuilding C object CMakeFiles/robocallee_fms__rosidl_typesupport_introspection_c.dir/rosidl_typesupport_introspection_c/robocallee_fms/msg/detail/aruco_pose_array__type_support.c.o[0m
[40.042s] [ 82%] [32m[1mLinking C shared library librobocallee_fms__rosidl_typesupport_introspection_c.so[0m
[40.112s] [ 82%] Built target robocallee_fms__rosidl_typesupport_introspection_c
[40.156s] [ 82%] Built target robocallee_fms
[40.199s] [ 83%] [34m[1mGenerating Python code for ROS interfaces[0m
[41.617s] [ 83%] Built target robocallee_fms__py
[41.659s] [ 85%] [32mBuilding C object CMakeFiles/robocallee_fms__rosidl_generator_py.dir/rosidl_generator_py/robocallee_fms/msg/_aruco_pose_s.c.o[0m
[41.864s] [ 86%] [32mBuilding C object CMakeFiles/robocallee_fms__rosidl_generator_py.dir/rosidl_generator_py/robocallee_fms/srv/_employee_request_s.c.o[0m
[42.110s] [ 87%] [32mBuilding C object CMakeFiles/robocallee_fms__rosidl_generator_py.dir/rosidl_generator_py/robocallee_fms/srv/_robot_arm_request_s.c.o[0m
[42.360s] [ 89%] [32mBuilding C object CMakeFiles/robocallee_fms__rosidl_generator_py.dir/rosidl_generator_py/robocallee_fms/srv/_customer_request_s.c.o[0m
[42.617s] [ 90%] [32mBuilding C object CMakeFiles/robocallee_fms__rosidl_generator_py.dir/rosidl_generator_py/robocallee_fms/msg/_aruco_pose_array_s.c.o[0m
[42.822s] [ 91%] [32m[1mLinking C shared library librobocallee_fms__rosidl_generator_py.so[0m
[42.915s] [ 91%] Built target robocallee_fms__rosidl_generator_py
[42.958s] [ 93%] [32mBuilding C object CMakeFiles/robocallee_fms_s__rosidl_typesupport_fastrtps_c.dir/rosidl_generator_py/robocallee_fms/_robocallee_fms_s.ep.rosidl_typesupport_fastrtps_c.c.o[0m
[43.178s] [ 94%] [32m[1mLinking C shared module rosidl_generator_py/robocallee_fms/robocallee_fms_s__rosidl_typesupport_fastrtps_c.so[0m
[43.244s] [ 94%] Built target robocallee_fms_s__rosidl_typesupport_fastrtps_c
[43.285s] [ 95%] [32mBuilding C object CMakeFiles/robocallee_fms_s__rosidl_typesupport_c.dir/rosidl_generator_py/robocallee_fms/_robocallee_fms_s.ep.rosidl_typesupport_c.c.o[0m
[43.497s] [ 97%] [32m[1mLinking C shared module rosidl_generator_py/robocallee_fms/robocallee_fms_s__rosidl_typesupport_c.so[0m
[43.562s] [ 97%] Built target robocallee_fms_s__rosidl_typesupport_c
[43.606s] [ 98%] [32mBuilding C object CMakeFiles/robocallee_fms_s__rosidl_typesupport_introspection_c.dir/rosidl_generator_py/robocallee_fms/_robocallee_fms_s.ep.rosidl_typesupport_introspection_c.c.o[0m
[43.838s] [100%] [32m[1mLinking C shared module rosidl_generator_py/robocallee_fms/robocallee_fms_s__rosidl_typesupport_introspection_c.so[0m
[43.905s] [100%] Built target robocallee_fms_s__rosidl_typesupport_introspection_c
[43.932s] Invoked command in '/home/jetcobot/venv/mycobot/dev/moon_ws/ros2_ws/build/robocallee_fms' returned '0': CMAKE_PREFIX_PATH=${CMAKE_PREFIX_PATH}:/home/jetcobot/venv/mycobot/dev/moon_ws/ros2_ws/install/pick_and_place:/home/jetcobot/ros2_ws/install/jetcobot_driver:/home/jetcobot/ros2_ws/install/jetcobot_control:/home/jetcobot/jetcobot_ws/install/jetcobot_ctrl:/opt/ros/jazzy DEBUGINFOD_URLS=https://debuginfod.ubuntu.com /usr/bin/cmake --build /home/jetcobot/venv/mycobot/dev/moon_ws/ros2_ws/build/robocallee_fms -- -j4 -l4
[43.934s] Invoking command in '/home/jetcobot/venv/mycobot/dev/moon_ws/ros2_ws/build/robocallee_fms': CMAKE_PREFIX_PATH=${CMAKE_PREFIX_PATH}:/home/jetcobot/venv/mycobot/dev/moon_ws/ros2_ws/install/pick_and_place:/home/jetcobot/ros2_ws/install/jetcobot_driver:/home/jetcobot/ros2_ws/install/jetcobot_control:/home/jetcobot/jetcobot_ws/install/jetcobot_ctrl:/opt/ros/jazzy DEBUGINFOD_URLS=https://debuginfod.ubuntu.com /usr/bin/cmake --install /home/jetcobot/venv/mycobot/dev/moon_ws/ros2_ws/build/robocallee_fms
[43.953s] -- Install configuration: ""
[43.953s] -- Installing: /home/jetcobot/venv/mycobot/dev/moon_ws/ros2_ws/install/robocallee_fms/share/ament_index/resource_index/rosidl_interfaces/robocallee_fms
[43.953s] -- Installing: /home/jetcobot/venv/mycobot/dev/moon_ws/ros2_ws/install/robocallee_fms/share/robocallee_fms/msg/ArucoPose.json
[43.954s] -- Installing: /home/jetcobot/venv/mycobot/dev/moon_ws/ros2_ws/install/robocallee_fms/share/robocallee_fms/msg/ArucoPoseArray.json
[43.954s] -- Installing: /home/jetcobot/venv/mycobot/dev/moon_ws/ros2_ws/install/robocallee_fms/share/robocallee_fms/srv/CustomerRequest.json
[43.954s] -- Installing: /home/jetcobot/venv/mycobot/dev/moon_ws/ros2_ws/install/robocallee_fms/share/robocallee_fms/srv/EmployeeRequest.json
[43.954s] -- Installing: /home/jetcobot/venv/mycobot/dev/moon_ws/ros2_ws/install/robocallee_fms/share/robocallee_fms/srv/RobotArmRequest.json
[43.954s] -- Installing: /home/jetcobot/venv/mycobot/dev/moon_ws/ros2_ws/install/robocallee_fms/include/robocallee_fms/robocallee_fms
[43.955s] -- Installing: /home/jetcobot/venv/mycobot/dev/moon_ws/ros2_ws/install/robocallee_fms/include/robocallee_fms/robocallee_fms/msg
[43.955s] -- Installing: /home/jetcobot/venv/mycobot/dev/moon_ws/ros2_ws/install/robocallee_fms/include/robocallee_fms/robocallee_fms/msg/aruco_pose_array.h
[43.955s] -- Installing: /home/jetcobot/venv/mycobot/dev/moon_ws/ros2_ws/install/robocallee_fms/include/robocallee_fms/robocallee_fms/msg/detail
[43.955s] -- Installing: /home/jetcobot/venv/mycobot/dev/moon_ws/ros2_ws/install/robocallee_fms/include/robocallee_fms/robocallee_fms/msg/detail/aruco_pose_array__description.c
[43.955s] -- Installing: /home/jetcobot/venv/mycobot/dev/moon_ws/ros2_ws/install/robocallee_fms/include/robocallee_fms/robocallee_fms/msg/detail/aruco_pose__type_support.h
[43.955s] -- Installing: /home/jetcobot/venv/mycobot/dev/moon_ws/ros2_ws/install/robocallee_fms/include/robocallee_fms/robocallee_fms/msg/detail/aruco_pose_array__type_support.h
[43.955s] -- Installing: /home/jetcobot/venv/mycobot/dev/moon_ws/ros2_ws/install/robocallee_fms/include/robocallee_fms/robocallee_fms/msg/detail/aruco_pose__struct.h
[43.955s] -- Installing: /home/jetcobot/venv/mycobot/dev/moon_ws/ros2_ws/install/robocallee_fms/include/robocallee_fms/robocallee_fms/msg/detail/aruco_pose__functions.c
[43.956s] -- Installing: /home/jetcobot/venv/mycobot/dev/moon_ws/ros2_ws/install/robocallee_fms/include/robocallee_fms/robocallee_fms/msg/detail/aruco_pose__functions.h
[43.956s] -- Installing: /home/jetcobot/venv/mycobot/dev/moon_ws/ros2_ws/install/robocallee_fms/include/robocallee_fms/robocallee_fms/msg/detail/aruco_pose__type_support.c
[43.956s] -- Installing: /home/jetcobot/venv/mycobot/dev/moon_ws/ros2_ws/install/robocallee_fms/include/robocallee_fms/robocallee_fms/msg/detail/aruco_pose_array__struct.h
[43.956s] -- Installing: /home/jetcobot/venv/mycobot/dev/moon_ws/ros2_ws/install/robocallee_fms/include/robocallee_fms/robocallee_fms/msg/detail/aruco_pose__description.c
[43.956s] -- Installing: /home/jetcobot/venv/mycobot/dev/moon_ws/ros2_ws/install/robocallee_fms/include/robocallee_fms/robocallee_fms/msg/detail/aruco_pose_array__functions.c
[43.956s] -- Installing: /home/jetcobot/venv/mycobot/dev/moon_ws/ros2_ws/install/robocallee_fms/include/robocallee_fms/robocallee_fms/msg/detail/aruco_pose_array__functions.h
[43.956s] -- Installing: /home/jetcobot/venv/mycobot/dev/moon_ws/ros2_ws/install/robocallee_fms/include/robocallee_fms/robocallee_fms/msg/detail/aruco_pose_array__type_support.c
[43.957s] -- Installing: /home/jetcobot/venv/mycobot/dev/moon_ws/ros2_ws/install/robocallee_fms/include/robocallee_fms/robocallee_fms/msg/rosidl_generator_c__visibility_control.h
[43.957s] -- Installing: /home/jetcobot/venv/mycobot/dev/moon_ws/ros2_ws/install/robocallee_fms/include/robocallee_fms/robocallee_fms/msg/aruco_pose.h
[43.957s] -- Installing: /home/jetcobot/venv/mycobot/dev/moon_ws/ros2_ws/install/robocallee_fms/include/robocallee_fms/robocallee_fms/srv
[43.957s] -- Installing: /home/jetcobot/venv/mycobot/dev/moon_ws/ros2_ws/install/robocallee_fms/include/robocallee_fms/robocallee_fms/srv/customer_request.h
[43.957s] -- Installing: /home/jetcobot/venv/mycobot/dev/moon_ws/ros2_ws/install/robocallee_fms/include/robocallee_fms/robocallee_fms/srv/detail
[43.957s] -- Installing: /home/jetcobot/venv/mycobot/dev/moon_ws/ros2_ws/install/robocallee_fms/include/robocallee_fms/robocallee_fms/srv/detail/customer_request__functions.h
[43.957s] -- Installing: /home/jetcobot/venv/mycobot/dev/moon_ws/ros2_ws/install/robocallee_fms/include/robocallee_fms/robocallee_fms/srv/detail/employee_request__type_support.h
[43.958s] -- Installing: /home/jetcobot/venv/mycobot/dev/moon_ws/ros2_ws/install/robocallee_fms/include/robocallee_fms/robocallee_fms/srv/detail/employee_request__struct.h
[43.958s] -- Installing: /home/jetcobot/venv/mycobot/dev/moon_ws/ros2_ws/install/robocallee_fms/include/robocallee_fms/robocallee_fms/srv/detail/robot_arm_request__description.c
[43.958s] -- Installing: /home/jetcobot/venv/mycobot/dev/moon_ws/ros2_ws/install/robocallee_fms/include/robocallee_fms/robocallee_fms/srv/detail/employee_request__functions.c
[43.958s] -- Installing: /home/jetcobot/venv/mycobot/dev/moon_ws/ros2_ws/install/robocallee_fms/include/robocallee_fms/robocallee_fms/srv/detail/customer_request__struct.h
[43.958s] -- Installing: /home/jetcobot/venv/mycobot/dev/moon_ws/ros2_ws/install/robocallee_fms/include/robocallee_fms/robocallee_fms/srv/detail/robot_arm_request__type_support.c
[43.958s] -- Installing: /home/jetcobot/venv/mycobot/dev/moon_ws/ros2_ws/install/robocallee_fms/include/robocallee_fms/robocallee_fms/srv/detail/robot_arm_request__functions.h
[43.958s] -- Installing: /home/jetcobot/venv/mycobot/dev/moon_ws/ros2_ws/install/robocallee_fms/include/robocallee_fms/robocallee_fms/srv/detail/employee_request__functions.h
[43.959s] -- Installing: /home/jetcobot/venv/mycobot/dev/moon_ws/ros2_ws/install/robocallee_fms/include/robocallee_fms/robocallee_fms/srv/detail/customer_request__type_support.h
[43.959s] -- Installing: /home/jetcobot/venv/mycobot/dev/moon_ws/ros2_ws/install/robocallee_fms/include/robocallee_fms/robocallee_fms/srv/detail/robot_arm_request__struct.h
[43.959s] -- Installing: /home/jetcobot/venv/mycobot/dev/moon_ws/ros2_ws/install/robocallee_fms/include/robocallee_fms/robocallee_fms/srv/detail/employee_request__description.c
[43.959s] -- Installing: /home/jetcobot/venv/mycobot/dev/moon_ws/ros2_ws/install/robocallee_fms/include/robocallee_fms/robocallee_fms/srv/detail/customer_request__functions.c
[43.959s] -- Installing: /home/jetcobot/venv/mycobot/dev/moon_ws/ros2_ws/install/robocallee_fms/include/robocallee_fms/robocallee_fms/srv/detail/employee_request__type_support.c
[43.959s] -- Installing: /home/jetcobot/venv/mycobot/dev/moon_ws/ros2_ws/install/robocallee_fms/include/robocallee_fms/robocallee_fms/srv/detail/robot_arm_request__type_support.h
[43.960s] -- Installing: /home/jetcobot/venv/mycobot/dev/moon_ws/ros2_ws/install/robocallee_fms/include/robocallee_fms/robocallee_fms/srv/detail/customer_request__description.c
[43.960s] -- Installing: /home/jetcobot/venv/mycobot/dev/moon_ws/ros2_ws/install/robocallee_fms/include/robocallee_fms/robocallee_fms/srv/detail/robot_arm_request__functions.c
[43.960s] -- Installing: /home/jetcobot/venv/mycobot/dev/moon_ws/ros2_ws/install/robocallee_fms/include/robocallee_fms/robocallee_fms/srv/detail/customer_request__type_support.c
[43.960s] -- Installing: /home/jetcobot/venv/mycobot/dev/moon_ws/ros2_ws/install/robocallee_fms/include/robocallee_fms/robocallee_fms/srv/employee_request.h
[43.960s] -- Installing: /home/jetcobot/venv/mycobot/dev/moon_ws/ros2_ws/install/robocallee_fms/include/robocallee_fms/robocallee_fms/srv/robot_arm_request.h
[43.960s] -- Installing: /home/jetcobot/venv/mycobot/dev/moon_ws/ros2_ws/install/robocallee_fms/share/robocallee_fms/environment/library_path.sh
[43.961s] -- Installing: /home/jetcobot/venv/mycobot/dev/moon_ws/ros2_ws/install/robocallee_fms/share/robocallee_fms/environment/library_path.dsv
[43.961s] -- Installing: /home/jetcobot/venv/mycobot/dev/moon_ws/ros2_ws/install/robocallee_fms/lib/librobocallee_fms__rosidl_generator_c.so
[43.962s] -- Set non-toolchain portion of runtime path of "/home/jetcobot/venv/mycobot/dev/moon_ws/ros2_ws/install/robocallee_fms/lib/librobocallee_fms__rosidl_generator_c.so" to ""
[43.962s] -- Up-to-date: /home/jetcobot/venv/mycobot/dev/moon_ws/ros2_ws/install/robocallee_fms/include/robocallee_fms/robocallee_fms
[43.962s] -- Up-to-date: /home/jetcobot/venv/mycobot/dev/moon_ws/ros2_ws/install/robocallee_fms/include/robocallee_fms/robocallee_fms/msg
[43.963s] -- Installing: /home/jetcobot/venv/mycobot/dev/moon_ws/ros2_ws/install/robocallee_fms/include/robocallee_fms/robocallee_fms/msg/rosidl_typesupport_fastrtps_c__visibility_control.h
[43.963s] -- Up-to-date: /home/jetcobot/venv/mycobot/dev/moon_ws/ros2_ws/install/robocallee_fms/include/robocallee_fms/robocallee_fms/msg/detail
[43.963s] -- Installing: /home/jetcobot/venv/mycobot/dev/moon_ws/ros2_ws/install/robocallee_fms/include/robocallee_fms/robocallee_fms/msg/detail/aruco_pose_array__rosidl_typesupport_fastrtps_c.h
[43.963s] -- Installing: /home/jetcobot/venv/mycobot/dev/moon_ws/ros2_ws/install/robocallee_fms/include/robocallee_fms/robocallee_fms/msg/detail/aruco_pose__rosidl_typesupport_fastrtps_c.h
[43.963s] -- Up-to-date: /home/jetcobot/venv/mycobot/dev/moon_ws/ros2_ws/install/robocallee_fms/include/robocallee_fms/robocallee_fms/srv
[43.963s] -- Up-to-date: /home/jetcobot/venv/mycobot/dev/moon_ws/ros2_ws/install/robocallee_fms/include/robocallee_fms/robocallee_fms/srv/detail
[43.963s] -- Installing: /home/jetcobot/venv/mycobot/dev/moon_ws/ros2_ws/install/robocallee_fms/include/robocallee_fms/robocallee_fms/srv/detail/robot_arm_request__rosidl_typesupport_fastrtps_c.h
[43.963s] -- Installing: /home/jetcobot/venv/mycobot/dev/moon_ws/ros2_ws/install/robocallee_fms/include/robocallee_fms/robocallee_fms/srv/detail/employee_request__rosidl_typesupport_fastrtps_c.h
[43.963s] -- Installing: /home/jetcobot/venv/mycobot/dev/moon_ws/ros2_ws/install/robocallee_fms/include/robocallee_fms/robocallee_fms/srv/detail/customer_request__rosidl_typesupport_fastrtps_c.h
[43.963s] -- Installing: /home/jetcobot/venv/mycobot/dev/moon_ws/ros2_ws/install/robocallee_fms/lib/librobocallee_fms__rosidl_typesupport_fastrtps_c.so
[43.965s] -- Set non-toolchain portion of runtime path of "/home/jetcobot/venv/mycobot/dev/moon_ws/ros2_ws/install/robocallee_fms/lib/librobocallee_fms__rosidl_typesupport_fastrtps_c.so" to ""
[43.965s] -- Up-to-date: /home/jetcobot/venv/mycobot/dev/moon_ws/ros2_ws/install/robocallee_fms/include/robocallee_fms/robocallee_fms
[43.965s] -- Up-to-date: /home/jetcobot/venv/mycobot/dev/moon_ws/ros2_ws/install/robocallee_fms/include/robocallee_fms/robocallee_fms/msg
[43.965s] -- Installing: /home/jetcobot/venv/mycobot/dev/moon_ws/ros2_ws/install/robocallee_fms/include/robocallee_fms/robocallee_fms/msg/rosidl_typesupport_introspection_c__visibility_control.h
[43.965s] -- Up-to-date: /home/jetcobot/venv/mycobot/dev/moon_ws/ros2_ws/install/robocallee_fms/include/robocallee_fms/robocallee_fms/msg/detail
[43.966s] -- Installing: /home/jetcobot/venv/mycobot/dev/moon_ws/ros2_ws/install/robocallee_fms/include/robocallee_fms/robocallee_fms/msg/detail/aruco_pose_array__rosidl_typesupport_introspection_c.h
[43.966s] -- Installing: /home/jetcobot/venv/mycobot/dev/moon_ws/ros2_ws/install/robocallee_fms/include/robocallee_fms/robocallee_fms/msg/detail/aruco_pose__rosidl_typesupport_introspection_c.h
[43.966s] -- Installing: /home/jetcobot/venv/mycobot/dev/moon_ws/ros2_ws/install/robocallee_fms/include/robocallee_fms/robocallee_fms/msg/detail/aruco_pose__type_support.c
[43.966s] -- Installing: /home/jetcobot/venv/mycobot/dev/moon_ws/ros2_ws/install/robocallee_fms/include/robocallee_fms/robocallee_fms/msg/detail/aruco_pose_array__type_support.c
[43.966s] -- Up-to-date: /home/jetcobot/venv/mycobot/dev/moon_ws/ros2_ws/install/robocallee_fms/include/robocallee_fms/robocallee_fms/srv
[43.966s] -- Up-to-date: /home/jetcobot/venv/mycobot/dev/moon_ws/ros2_ws/install/robocallee_fms/include/robocallee_fms/robocallee_fms/srv/detail
[43.966s] -- Installing: /home/jetcobot/venv/mycobot/dev/moon_ws/ros2_ws/install/robocallee_fms/include/robocallee_fms/robocallee_fms/srv/detail/employee_request__rosidl_typesupport_introspection_c.h
[43.966s] -- Installing: /home/jetcobot/venv/mycobot/dev/moon_ws/ros2_ws/install/robocallee_fms/include/robocallee_fms/robocallee_fms/srv/detail/robot_arm_request__rosidl_typesupport_introspection_c.h
[43.967s] -- Installing: /home/jetcobot/venv/mycobot/dev/moon_ws/ros2_ws/install/robocallee_fms/include/robocallee_fms/robocallee_fms/srv/detail/customer_request__rosidl_typesupport_introspection_c.h
[43.967s] -- Installing: /home/jetcobot/venv/mycobot/dev/moon_ws/ros2_ws/install/robocallee_fms/include/robocallee_fms/robocallee_fms/srv/detail/robot_arm_request__type_support.c
[43.967s] -- Installing: /home/jetcobot/venv/mycobot/dev/moon_ws/ros2_ws/install/robocallee_fms/include/robocallee_fms/robocallee_fms/srv/detail/employee_request__type_support.c
[43.967s] -- Installing: /home/jetcobot/venv/mycobot/dev/moon_ws/ros2_ws/install/robocallee_fms/include/robocallee_fms/robocallee_fms/srv/detail/customer_request__type_support.c
[43.967s] -- Installing: /home/jetcobot/venv/mycobot/dev/moon_ws/ros2_ws/install/robocallee_fms/lib/librobocallee_fms__rosidl_typesupport_introspection_c.so
[43.968s] -- Set non-toolchain portion of runtime path of "/home/jetcobot/venv/mycobot/dev/moon_ws/ros2_ws/install/robocallee_fms/lib/librobocallee_fms__rosidl_typesupport_introspection_c.so" to ""
[43.968s] -- Installing: /home/jetcobot/venv/mycobot/dev/moon_ws/ros2_ws/install/robocallee_fms/lib/librobocallee_fms__rosidl_typesupport_c.so
[43.969s] -- Set non-toolchain portion of runtime path of "/home/jetcobot/venv/mycobot/dev/moon_ws/ros2_ws/install/robocallee_fms/lib/librobocallee_fms__rosidl_typesupport_c.so" to ""
[43.969s] -- Up-to-date: /home/jetcobot/venv/mycobot/dev/moon_ws/ros2_ws/install/robocallee_fms/include/robocallee_fms/robocallee_fms
[43.969s] -- Up-to-date: /home/jetcobot/venv/mycobot/dev/moon_ws/ros2_ws/install/robocallee_fms/include/robocallee_fms/robocallee_fms/msg
[43.969s] -- Installing: /home/jetcobot/venv/mycobot/dev/moon_ws/ros2_ws/install/robocallee_fms/include/robocallee_fms/robocallee_fms/msg/aruco_pose.hpp
[43.969s] -- Installing: /home/jetcobot/venv/mycobot/dev/moon_ws/ros2_ws/install/robocallee_fms/include/robocallee_fms/robocallee_fms/msg/rosidl_generator_cpp__visibility_control.hpp
[43.970s] -- Up-to-date: /home/jetcobot/venv/mycobot/dev/moon_ws/ros2_ws/install/robocallee_fms/include/robocallee_fms/robocallee_fms/msg/detail
[43.970s] -- Installing: /home/jetcobot/venv/mycobot/dev/moon_ws/ros2_ws/install/robocallee_fms/include/robocallee_fms/robocallee_fms/msg/detail/aruco_pose_array__struct.hpp
[43.970s] -- Installing: /home/jetcobot/venv/mycobot/dev/moon_ws/ros2_ws/install/robocallee_fms/include/robocallee_fms/robocallee_fms/msg/detail/aruco_pose__traits.hpp
[43.970s] -- Installing: /home/jetcobot/venv/mycobot/dev/moon_ws/ros2_ws/install/robocallee_fms/include/robocallee_fms/robocallee_fms/msg/detail/aruco_pose_array__builder.hpp
[43.970s] -- Installing: /home/jetcobot/venv/mycobot/dev/moon_ws/ros2_ws/install/robocallee_fms/include/robocallee_fms/robocallee_fms/msg/detail/aruco_pose_array__traits.hpp
[43.970s] -- Installing: /home/jetcobot/venv/mycobot/dev/moon_ws/ros2_ws/install/robocallee_fms/include/robocallee_fms/robocallee_fms/msg/detail/aruco_pose_array__type_support.hpp
[43.970s] -- Installing: /home/jetcobot/venv/mycobot/dev/moon_ws/ros2_ws/install/robocallee_fms/include/robocallee_fms/robocallee_fms/msg/detail/aruco_pose__builder.hpp
[43.970s] -- Installing: /home/jetcobot/venv/mycobot/dev/moon_ws/ros2_ws/install/robocallee_fms/include/robocallee_fms/robocallee_fms/msg/detail/aruco_pose__struct.hpp
[43.970s] -- Installing: /home/jetcobot/venv/mycobot/dev/moon_ws/ros2_ws/install/robocallee_fms/include/robocallee_fms/robocallee_fms/msg/detail/aruco_pose__type_support.hpp
[43.971s] -- Installing: /home/jetcobot/venv/mycobot/dev/moon_ws/ros2_ws/install/robocallee_fms/include/robocallee_fms/robocallee_fms/msg/aruco_pose_array.hpp
[43.971s] -- Up-to-date: /home/jetcobot/venv/mycobot/dev/moon_ws/ros2_ws/install/robocallee_fms/include/robocallee_fms/robocallee_fms/srv
[43.971s] -- Installing: /home/jetcobot/venv/mycobot/dev/moon_ws/ros2_ws/install/robocallee_fms/include/robocallee_fms/robocallee_fms/srv/employee_request.hpp
[43.971s] -- Installing: /home/jetcobot/venv/mycobot/dev/moon_ws/ros2_ws/install/robocallee_fms/include/robocallee_fms/robocallee_fms/srv/customer_request.hpp
[43.971s] -- Up-to-date: /home/jetcobot/venv/mycobot/dev/moon_ws/ros2_ws/install/robocallee_fms/include/robocallee_fms/robocallee_fms/srv/detail
[43.971s] -- Installing: /home/jetcobot/venv/mycobot/dev/moon_ws/ros2_ws/install/robocallee_fms/include/robocallee_fms/robocallee_fms/srv/detail/robot_arm_request__builder.hpp
[43.971s] -- Installing: /home/jetcobot/venv/mycobot/dev/moon_ws/ros2_ws/install/robocallee_fms/include/robocallee_fms/robocallee_fms/srv/detail/robot_arm_request__type_support.hpp
[43.971s] -- Installing: /home/jetcobot/venv/mycobot/dev/moon_ws/ros2_ws/install/robocallee_fms/include/robocallee_fms/robocallee_fms/srv/detail/employee_request__builder.hpp
[43.971s] -- Installing: /home/jetcobot/venv/mycobot/dev/moon_ws/ros2_ws/install/robocallee_fms/include/robocallee_fms/robocallee_fms/srv/detail/employee_request__type_support.hpp
[43.972s] -- Installing: /home/jetcobot/venv/mycobot/dev/moon_ws/ros2_ws/install/robocallee_fms/include/robocallee_fms/robocallee_fms/srv/detail/customer_request__struct.hpp
[43.972s] -- Installing: /home/jetcobot/venv/mycobot/dev/moon_ws/ros2_ws/install/robocallee_fms/include/robocallee_fms/robocallee_fms/srv/detail/customer_request__type_support.hpp
[43.972s] -- Installing: /home/jetcobot/venv/mycobot/dev/moon_ws/ros2_ws/install/robocallee_fms/include/robocallee_fms/robocallee_fms/srv/detail/customer_request__traits.hpp
[43.972s] -- Installing: /home/jetcobot/venv/mycobot/dev/moon_ws/ros2_ws/install/robocallee_fms/include/robocallee_fms/robocallee_fms/srv/detail/customer_request__builder.hpp
[43.972s] -- Installing: /home/jetcobot/venv/mycobot/dev/moon_ws/ros2_ws/install/robocallee_fms/include/robocallee_fms/robocallee_fms/srv/detail/robot_arm_request__traits.hpp
[43.972s] -- Installing: /home/jetcobot/venv/mycobot/dev/moon_ws/ros2_ws/install/robocallee_fms/include/robocallee_fms/robocallee_fms/srv/detail/employee_request__struct.hpp
[43.973s] -- Installing: /home/jetcobot/venv/mycobot/dev/moon_ws/ros2_ws/install/robocallee_fms/include/robocallee_fms/robocallee_fms/srv/detail/robot_arm_request__struct.hpp
[43.973s] -- Installing: /home/jetcobot/venv/mycobot/dev/moon_ws/ros2_ws/install/robocallee_fms/include/robocallee_fms/robocallee_fms/srv/detail/employee_request__traits.hpp
[43.973s] -- Installing: /home/jetcobot/venv/mycobot/dev/moon_ws/ros2_ws/install/robocallee_fms/include/robocallee_fms/robocallee_fms/srv/robot_arm_request.hpp
[43.973s] -- Up-to-date: /home/jetcobot/venv/mycobot/dev/moon_ws/ros2_ws/install/robocallee_fms/include/robocallee_fms/robocallee_fms
[43.973s] -- Up-to-date: /home/jetcobot/venv/mycobot/dev/moon_ws/ros2_ws/install/robocallee_fms/include/robocallee_fms/robocallee_fms/msg
[43.973s] -- Installing: /home/jetcobot/venv/mycobot/dev/moon_ws/ros2_ws/install/robocallee_fms/include/robocallee_fms/robocallee_fms/msg/rosidl_typesupport_fastrtps_cpp__visibility_control.h
[43.973s] -- Up-to-date: /home/jetcobot/venv/mycobot/dev/moon_ws/ros2_ws/install/robocallee_fms/include/robocallee_fms/robocallee_fms/msg/detail
[43.974s] -- Installing: /home/jetcobot/venv/mycobot/dev/moon_ws/ros2_ws/install/robocallee_fms/include/robocallee_fms/robocallee_fms/msg/detail/dds_fastrtps
[43.974s] -- Installing: /home/jetcobot/venv/mycobot/dev/moon_ws/ros2_ws/install/robocallee_fms/include/robocallee_fms/robocallee_fms/msg/detail/aruco_pose__rosidl_typesupport_fastrtps_cpp.hpp
[43.974s] -- Installing: /home/jetcobot/venv/mycobot/dev/moon_ws/ros2_ws/install/robocallee_fms/include/robocallee_fms/robocallee_fms/msg/detail/aruco_pose_array__rosidl_typesupport_fastrtps_cpp.hpp
[43.974s] -- Up-to-date: /home/jetcobot/venv/mycobot/dev/moon_ws/ros2_ws/install/robocallee_fms/include/robocallee_fms/robocallee_fms/srv
[43.974s] -- Up-to-date: /home/jetcobot/venv/mycobot/dev/moon_ws/ros2_ws/install/robocallee_fms/include/robocallee_fms/robocallee_fms/srv/detail
[43.974s] -- Installing: /home/jetcobot/venv/mycobot/dev/moon_ws/ros2_ws/install/robocallee_fms/include/robocallee_fms/robocallee_fms/srv/detail/customer_request__rosidl_typesupport_fastrtps_cpp.hpp
[43.974s] -- Installing: /home/jetcobot/venv/mycobot/dev/moon_ws/ros2_ws/install/robocallee_fms/include/robocallee_fms/robocallee_fms/srv/detail/dds_fastrtps
[43.974s] -- Installing: /home/jetcobot/venv/mycobot/dev/moon_ws/ros2_ws/install/robocallee_fms/include/robocallee_fms/robocallee_fms/srv/detail/employee_request__rosidl_typesupport_fastrtps_cpp.hpp
[43.974s] -- Installing: /home/jetcobot/venv/mycobot/dev/moon_ws/ros2_ws/install/robocallee_fms/include/robocallee_fms/robocallee_fms/srv/detail/robot_arm_request__rosidl_typesupport_fastrtps_cpp.hpp
[43.975s] -- Installing: /home/jetcobot/venv/mycobot/dev/moon_ws/ros2_ws/install/robocallee_fms/lib/librobocallee_fms__rosidl_typesupport_fastrtps_cpp.so
[43.976s] -- Set non-toolchain portion of runtime path of "/home/jetcobot/venv/mycobot/dev/moon_ws/ros2_ws/install/robocallee_fms/lib/librobocallee_fms__rosidl_typesupport_fastrtps_cpp.so" to ""
[43.977s] -- Up-to-date: /home/jetcobot/venv/mycobot/dev/moon_ws/ros2_ws/install/robocallee_fms/include/robocallee_fms/robocallee_fms
[43.977s] -- Up-to-date: /home/jetcobot/venv/mycobot/dev/moon_ws/ros2_ws/install/robocallee_fms/include/robocallee_fms/robocallee_fms/msg
[43.977s] -- Up-to-date: /home/jetcobot/venv/mycobot/dev/moon_ws/ros2_ws/install/robocallee_fms/include/robocallee_fms/robocallee_fms/msg/detail
[43.977s] -- Installing: /home/jetcobot/venv/mycobot/dev/moon_ws/ros2_ws/install/robocallee_fms/include/robocallee_fms/robocallee_fms/msg/detail/aruco_pose__rosidl_typesupport_introspection_cpp.hpp
[43.977s] -- Installing: /home/jetcobot/venv/mycobot/dev/moon_ws/ros2_ws/install/robocallee_fms/include/robocallee_fms/robocallee_fms/msg/detail/aruco_pose__type_support.cpp
[43.977s] -- Installing: /home/jetcobot/venv/mycobot/dev/moon_ws/ros2_ws/install/robocallee_fms/include/robocallee_fms/robocallee_fms/msg/detail/aruco_pose_array__rosidl_typesupport_introspection_cpp.hpp
[43.977s] -- Installing: /home/jetcobot/venv/mycobot/dev/moon_ws/ros2_ws/install/robocallee_fms/include/robocallee_fms/robocallee_fms/msg/detail/aruco_pose_array__type_support.cpp
[43.977s] -- Up-to-date: /home/jetcobot/venv/mycobot/dev/moon_ws/ros2_ws/install/robocallee_fms/include/robocallee_fms/robocallee_fms/srv
[43.977s] -- Up-to-date: /home/jetcobot/venv/mycobot/dev/moon_ws/ros2_ws/install/robocallee_fms/include/robocallee_fms/robocallee_fms/srv/detail
[43.977s] -- Installing: /home/jetcobot/venv/mycobot/dev/moon_ws/ros2_ws/install/robocallee_fms/include/robocallee_fms/robocallee_fms/srv/detail/robot_arm_request__rosidl_typesupport_introspection_cpp.hpp
[43.978s] -- Installing: /home/jetcobot/venv/mycobot/dev/moon_ws/ros2_ws/install/robocallee_fms/include/robocallee_fms/robocallee_fms/srv/detail/employee_request__type_support.cpp
[43.978s] -- Installing: /home/jetcobot/venv/mycobot/dev/moon_ws/ros2_ws/install/robocallee_fms/include/robocallee_fms/robocallee_fms/srv/detail/robot_arm_request__type_support.cpp
[43.978s] -- Installing: /home/jetcobot/venv/mycobot/dev/moon_ws/ros2_ws/install/robocallee_fms/include/robocallee_fms/robocallee_fms/srv/detail/customer_request__rosidl_typesupport_introspection_cpp.hpp
[43.978s] -- Installing: /home/jetcobot/venv/mycobot/dev/moon_ws/ros2_ws/install/robocallee_fms/include/robocallee_fms/robocallee_fms/srv/detail/employee_request__rosidl_typesupport_introspection_cpp.hpp
[43.978s] -- Installing: /home/jetcobot/venv/mycobot/dev/moon_ws/ros2_ws/install/robocallee_fms/include/robocallee_fms/robocallee_fms/srv/detail/customer_request__type_support.cpp
[43.978s] -- Installing: /home/jetcobot/venv/mycobot/dev/moon_ws/ros2_ws/install/robocallee_fms/lib/librobocallee_fms__rosidl_typesupport_introspection_cpp.so
[43.980s] -- Set non-toolchain portion of runtime path of "/home/jetcobot/venv/mycobot/dev/moon_ws/ros2_ws/install/robocallee_fms/lib/librobocallee_fms__rosidl_typesupport_introspection_cpp.so" to ""
[43.980s] -- Installing: /home/jetcobot/venv/mycobot/dev/moon_ws/ros2_ws/install/robocallee_fms/lib/librobocallee_fms__rosidl_typesupport_cpp.so
[43.981s] -- Set non-toolchain portion of runtime path of "/home/jetcobot/venv/mycobot/dev/moon_ws/ros2_ws/install/robocallee_fms/lib/librobocallee_fms__rosidl_typesupport_cpp.so" to ""
[43.981s] -- Installing: /home/jetcobot/venv/mycobot/dev/moon_ws/ros2_ws/install/robocallee_fms/share/robocallee_fms/environment/pythonpath.sh
[43.981s] -- Installing: /home/jetcobot/venv/mycobot/dev/moon_ws/ros2_ws/install/robocallee_fms/share/robocallee_fms/environment/pythonpath.dsv
[43.982s] -- Installing: /home/jetcobot/venv/mycobot/dev/moon_ws/ros2_ws/install/robocallee_fms/lib/python3.12/site-packages/robocallee_fms-0.0.0-py3.12.egg-info
[43.982s] -- Installing: /home/jetcobot/venv/mycobot/dev/moon_ws/ros2_ws/install/robocallee_fms/lib/python3.12/site-packages/robocallee_fms-0.0.0-py3.12.egg-info/SOURCES.txt
[43.982s] -- Installing: /home/jetcobot/venv/mycobot/dev/moon_ws/ros2_ws/install/robocallee_fms/lib/python3.12/site-packages/robocallee_fms-0.0.0-py3.12.egg-info/top_level.txt
[43.982s] -- Installing: /home/jetcobot/venv/mycobot/dev/moon_ws/ros2_ws/install/robocallee_fms/lib/python3.12/site-packages/robocallee_fms-0.0.0-py3.12.egg-info/PKG-INFO
[43.982s] -- Installing: /home/jetcobot/venv/mycobot/dev/moon_ws/ros2_ws/install/robocallee_fms/lib/python3.12/site-packages/robocallee_fms-0.0.0-py3.12.egg-info/dependency_links.txt
[43.982s] -- Installing: /home/jetcobot/venv/mycobot/dev/moon_ws/ros2_ws/install/robocallee_fms/lib/python3.12/site-packages/robocallee_fms
[43.983s] -- Installing: /home/jetcobot/venv/mycobot/dev/moon_ws/ros2_ws/install/robocallee_fms/lib/python3.12/site-packages/robocallee_fms/_robocallee_fms_s.ep.rosidl_typesupport_introspection_c.c
[43.983s] -- Installing: /home/jetcobot/venv/mycobot/dev/moon_ws/ros2_ws/install/robocallee_fms/lib/python3.12/site-packages/robocallee_fms/_robocallee_fms_s.ep.rosidl_typesupport_c.c
[43.983s] -- Installing: /home/jetcobot/venv/mycobot/dev/moon_ws/ros2_ws/install/robocallee_fms/lib/python3.12/site-packages/robocallee_fms/__init__.py
[43.983s] -- Installing: /home/jetcobot/venv/mycobot/dev/moon_ws/ros2_ws/install/robocallee_fms/lib/python3.12/site-packages/robocallee_fms/msg
[43.983s] -- Installing: /home/jetcobot/venv/mycobot/dev/moon_ws/ros2_ws/install/robocallee_fms/lib/python3.12/site-packages/robocallee_fms/msg/__init__.py
[43.983s] -- Installing: /home/jetcobot/venv/mycobot/dev/moon_ws/ros2_ws/install/robocallee_fms/lib/python3.12/site-packages/robocallee_fms/msg/_aruco_pose.py
[43.984s] -- Installing: /home/jetcobot/venv/mycobot/dev/moon_ws/ros2_ws/install/robocallee_fms/lib/python3.12/site-packages/robocallee_fms/msg/_aruco_pose_array_s.c
[43.984s] -- Installing: /home/jetcobot/venv/mycobot/dev/moon_ws/ros2_ws/install/robocallee_fms/lib/python3.12/site-packages/robocallee_fms/msg/_aruco_pose_s.c
[43.984s] -- Installing: /home/jetcobot/venv/mycobot/dev/moon_ws/ros2_ws/install/robocallee_fms/lib/python3.12/site-packages/robocallee_fms/msg/_aruco_pose_array.py
[43.984s] -- Installing: /home/jetcobot/venv/mycobot/dev/moon_ws/ros2_ws/install/robocallee_fms/lib/python3.12/site-packages/robocallee_fms/srv
[43.984s] -- Installing: /home/jetcobot/venv/mycobot/dev/moon_ws/ros2_ws/install/robocallee_fms/lib/python3.12/site-packages/robocallee_fms/srv/__init__.py
[43.984s] -- Installing: /home/jetcobot/venv/mycobot/dev/moon_ws/ros2_ws/install/robocallee_fms/lib/python3.12/site-packages/robocallee_fms/srv/_customer_request.py
[43.984s] -- Installing: /home/jetcobot/venv/mycobot/dev/moon_ws/ros2_ws/install/robocallee_fms/lib/python3.12/site-packages/robocallee_fms/srv/_customer_request_s.c
[43.985s] -- Installing: /home/jetcobot/venv/mycobot/dev/moon_ws/ros2_ws/install/robocallee_fms/lib/python3.12/site-packages/robocallee_fms/srv/_employee_request_s.c
[43.985s] -- Installing: /home/jetcobot/venv/mycobot/dev/moon_ws/ros2_ws/install/robocallee_fms/lib/python3.12/site-packages/robocallee_fms/srv/_employee_request.py
[43.985s] -- Installing: /home/jetcobot/venv/mycobot/dev/moon_ws/ros2_ws/install/robocallee_fms/lib/python3.12/site-packages/robocallee_fms/srv/_robot_arm_request.py
[43.985s] -- Installing: /home/jetcobot/venv/mycobot/dev/moon_ws/ros2_ws/install/robocallee_fms/lib/python3.12/site-packages/robocallee_fms/srv/_robot_arm_request_s.c
[43.985s] -- Installing: /home/jetcobot/venv/mycobot/dev/moon_ws/ros2_ws/install/robocallee_fms/lib/python3.12/site-packages/robocallee_fms/_robocallee_fms_s.ep.rosidl_typesupport_fastrtps_c.c
[43.985s] -- Installing: /home/jetcobot/venv/mycobot/dev/moon_ws/ros2_ws/install/robocallee_fms/lib/python3.12/site-packages/robocallee_fms/robocallee_fms_s__rosidl_typesupport_introspection_c.so
[43.986s] -- Installing: /home/jetcobot/venv/mycobot/dev/moon_ws/ros2_ws/install/robocallee_fms/lib/python3.12/site-packages/robocallee_fms/robocallee_fms_s__rosidl_typesupport_fastrtps_c.so
[43.986s] -- Installing: /home/jetcobot/venv/mycobot/dev/moon_ws/ros2_ws/install/robocallee_fms/lib/python3.12/site-packages/robocallee_fms/robocallee_fms_s__rosidl_typesupport_c.so
[44.066s] Listing '/home/jetcobot/venv/mycobot/dev/moon_ws/ros2_ws/install/robocallee_fms/lib/python3.12/site-packages/robocallee_fms'...
[44.066s] Compiling '/home/jetcobot/venv/mycobot/dev/moon_ws/ros2_ws/install/robocallee_fms/lib/python3.12/site-packages/robocallee_fms/__init__.py'...
[44.066s] Listing '/home/jetcobot/venv/mycobot/dev/moon_ws/ros2_ws/install/robocallee_fms/lib/python3.12/site-packages/robocallee_fms/msg'...
[44.066s] Compiling '/home/jetcobot/venv/mycobot/dev/moon_ws/ros2_ws/install/robocallee_fms/lib/python3.12/site-packages/robocallee_fms/msg/__init__.py'...
[44.067s] Compiling '/home/jetcobot/venv/mycobot/dev/moon_ws/ros2_ws/install/robocallee_fms/lib/python3.12/site-packages/robocallee_fms/msg/_aruco_pose.py'...
[44.067s] Compiling '/home/jetcobot/venv/mycobot/dev/moon_ws/ros2_ws/install/robocallee_fms/lib/python3.12/site-packages/robocallee_fms/msg/_aruco_pose_array.py'...
[44.067s] Listing '/home/jetcobot/venv/mycobot/dev/moon_ws/ros2_ws/install/robocallee_fms/lib/python3.12/site-packages/robocallee_fms/srv'...
[44.067s] Compiling '/home/jetcobot/venv/mycobot/dev/moon_ws/ros2_ws/install/robocallee_fms/lib/python3.12/site-packages/robocallee_fms/srv/__init__.py'...
[44.067s] Compiling '/home/jetcobot/venv/mycobot/dev/moon_ws/ros2_ws/install/robocallee_fms/lib/python3.12/site-packages/robocallee_fms/srv/_customer_request.py'...
[44.067s] Compiling '/home/jetcobot/venv/mycobot/dev/moon_ws/ros2_ws/install/robocallee_fms/lib/python3.12/site-packages/robocallee_fms/srv/_employee_request.py'...
[44.067s] Compiling '/home/jetcobot/venv/mycobot/dev/moon_ws/ros2_ws/install/robocallee_fms/lib/python3.12/site-packages/robocallee_fms/srv/_robot_arm_request.py'...
[44.079s] -- Installing: /home/jetcobot/venv/mycobot/dev/moon_ws/ros2_ws/install/robocallee_fms/lib/python3.12/site-packages/robocallee_fms/robocallee_fms_s__rosidl_typesupport_fastrtps_c.so
[44.079s] -- Set non-toolchain portion of runtime path of "/home/jetcobot/venv/mycobot/dev/moon_ws/ros2_ws/install/robocallee_fms/lib/python3.12/site-packages/robocallee_fms/robocallee_fms_s__rosidl_typesupport_fastrtps_c.so" to ""
[44.080s] -- Installing: /home/jetcobot/venv/mycobot/dev/moon_ws/ros2_ws/install/robocallee_fms/lib/python3.12/site-packages/robocallee_fms/robocallee_fms_s__rosidl_typesupport_introspection_c.so
[44.080s] -- Set non-toolchain portion of runtime path of "/home/jetcobot/venv/mycobot/dev/moon_ws/ros2_ws/install/robocallee_fms/lib/python3.12/site-packages/robocallee_fms/robocallee_fms_s__rosidl_typesupport_introspection_c.so" to ""
[44.081s] -- Installing: /home/jetcobot/venv/mycobot/dev/moon_ws/ros2_ws/install/robocallee_fms/lib/python3.12/site-packages/robocallee_fms/robocallee_fms_s__rosidl_typesupport_c.so
[44.081s] -- Set non-toolchain portion of runtime path of "/home/jetcobot/venv/mycobot/dev/moon_ws/ros2_ws/install/robocallee_fms/lib/python3.12/site-packages/robocallee_fms/robocallee_fms_s__rosidl_typesupport_c.so" to ""
[44.082s] -- Installing: /home/jetcobot/venv/mycobot/dev/moon_ws/ros2_ws/install/robocallee_fms/lib/librobocallee_fms__rosidl_generator_py.so
[44.083s] -- Set non-toolchain portion of runtime path of "/home/jetcobot/venv/mycobot/dev/moon_ws/ros2_ws/install/robocallee_fms/lib/librobocallee_fms__rosidl_generator_py.so" to ""
[44.083s] -- Installing: /home/jetcobot/venv/mycobot/dev/moon_ws/ros2_ws/install/robocallee_fms/share/robocallee_fms/msg/ArucoPose.idl
[44.083s] -- Installing: /home/jetcobot/venv/mycobot/dev/moon_ws/ros2_ws/install/robocallee_fms/share/robocallee_fms/msg/ArucoPoseArray.idl
[44.083s] -- Installing: /home/jetcobot/venv/mycobot/dev/moon_ws/ros2_ws/install/robocallee_fms/share/robocallee_fms/srv/CustomerRequest.idl
[44.083s] -- Installing: /home/jetcobot/venv/mycobot/dev/moon_ws/ros2_ws/install/robocallee_fms/share/robocallee_fms/srv/EmployeeRequest.idl
[44.083s] -- Installing: /home/jetcobot/venv/mycobot/dev/moon_ws/ros2_ws/install/robocallee_fms/share/robocallee_fms/srv/RobotArmRequest.idl
[44.084s] -- Installing: /home/jetcobot/venv/mycobot/dev/moon_ws/ros2_ws/install/robocallee_fms/share/robocallee_fms/msg/ArucoPose.msg
[44.084s] -- Installing: /home/jetcobot/venv/mycobot/dev/moon_ws/ros2_ws/install/robocallee_fms/share/robocallee_fms/msg/ArucoPoseArray.msg
[44.084s] -- Installing: /home/jetcobot/venv/mycobot/dev/moon_ws/ros2_ws/install/robocallee_fms/share/robocallee_fms/srv/CustomerRequest.srv
[44.084s] -- Installing: /home/jetcobot/venv/mycobot/dev/moon_ws/ros2_ws/install/robocallee_fms/share/robocallee_fms/srv/EmployeeRequest.srv
[44.084s] -- Installing: /home/jetcobot/venv/mycobot/dev/moon_ws/ros2_ws/install/robocallee_fms/share/robocallee_fms/srv/RobotArmRequest.srv
[44.085s] -- Installing: /home/jetcobot/venv/mycobot/dev/moon_ws/ros2_ws/install/robocallee_fms/share/ament_index/resource_index/package_run_dependencies/robocallee_fms
[44.085s] -- Installing: /home/jetcobot/venv/mycobot/dev/moon_ws/ros2_ws/install/robocallee_fms/share/ament_index/resource_index/parent_prefix_path/robocallee_fms
[44.085s] -- Installing: /home/jetcobot/venv/mycobot/dev/moon_ws/ros2_ws/install/robocallee_fms/share/robocallee_fms/environment/ament_prefix_path.sh
[44.085s] -- Installing: /home/jetcobot/venv/mycobot/dev/moon_ws/ros2_ws/install/robocallee_fms/share/robocallee_fms/environment/ament_prefix_path.dsv
[44.086s] -- Installing: /home/jetcobot/venv/mycobot/dev/moon_ws/ros2_ws/install/robocallee_fms/share/robocallee_fms/environment/path.sh
[44.086s] -- Installing: /home/jetcobot/venv/mycobot/dev/moon_ws/ros2_ws/install/robocallee_fms/share/robocallee_fms/environment/path.dsv
[44.086s] -- Installing: /home/jetcobot/venv/mycobot/dev/moon_ws/ros2_ws/install/robocallee_fms/share/robocallee_fms/local_setup.bash
[44.086s] -- Installing: /home/jetcobot/venv/mycobot/dev/moon_ws/ros2_ws/install/robocallee_fms/share/robocallee_fms/local_setup.sh
[44.086s] -- Installing: /home/jetcobot/venv/mycobot/dev/moon_ws/ros2_ws/install/robocallee_fms/share/robocallee_fms/local_setup.zsh
[44.087s] -- Installing: /home/jetcobot/venv/mycobot/dev/moon_ws/ros2_ws/install/robocallee_fms/share/robocallee_fms/local_setup.dsv
[44.087s] -- Installing: /home/jetcobot/venv/mycobot/dev/moon_ws/ros2_ws/install/robocallee_fms/share/robocallee_fms/package.dsv
[44.087s] -- Installing: /home/jetcobot/venv/mycobot/dev/moon_ws/ros2_ws/install/robocallee_fms/share/ament_index/resource_index/packages/robocallee_fms
[44.087s] -- Installing: /home/jetcobot/venv/mycobot/dev/moon_ws/ros2_ws/install/robocallee_fms/share/robocallee_fms/cmake/export_robocallee_fms__rosidl_generator_cExport.cmake
[44.088s] -- Installing: /home/jetcobot/venv/mycobot/dev/moon_ws/ros2_ws/install/robocallee_fms/share/robocallee_fms/cmake/export_robocallee_fms__rosidl_generator_cExport-noconfig.cmake
[44.088s] -- Installing: /home/jetcobot/venv/mycobot/dev/moon_ws/ros2_ws/install/robocallee_fms/share/robocallee_fms/cmake/export_robocallee_fms__rosidl_typesupport_fastrtps_cExport.cmake
[44.088s] -- Installing: /home/jetcobot/venv/mycobot/dev/moon_ws/ros2_ws/install/robocallee_fms/share/robocallee_fms/cmake/export_robocallee_fms__rosidl_typesupport_fastrtps_cExport-noconfig.cmake
[44.088s] -- Installing: /home/jetcobot/venv/mycobot/dev/moon_ws/ros2_ws/install/robocallee_fms/share/robocallee_fms/cmake/robocallee_fms__rosidl_typesupport_introspection_cExport.cmake
[44.089s] -- Installing: /home/jetcobot/venv/mycobot/dev/moon_ws/ros2_ws/install/robocallee_fms/share/robocallee_fms/cmake/robocallee_fms__rosidl_typesupport_introspection_cExport-noconfig.cmake
[44.089s] -- Installing: /home/jetcobot/venv/mycobot/dev/moon_ws/ros2_ws/install/robocallee_fms/share/robocallee_fms/cmake/robocallee_fms__rosidl_typesupport_cExport.cmake
[44.089s] -- Installing: /home/jetcobot/venv/mycobot/dev/moon_ws/ros2_ws/install/robocallee_fms/share/robocallee_fms/cmake/robocallee_fms__rosidl_typesupport_cExport-noconfig.cmake
[44.090s] -- Installing: /home/jetcobot/venv/mycobot/dev/moon_ws/ros2_ws/install/robocallee_fms/share/robocallee_fms/cmake/export_robocallee_fms__rosidl_generator_cppExport.cmake
[44.090s] -- Installing: /home/jetcobot/venv/mycobot/dev/moon_ws/ros2_ws/install/robocallee_fms/share/robocallee_fms/cmake/export_robocallee_fms__rosidl_typesupport_fastrtps_cppExport.cmake
[44.091s] -- Installing: /home/jetcobot/venv/mycobot/dev/moon_ws/ros2_ws/install/robocallee_fms/share/robocallee_fms/cmake/export_robocallee_fms__rosidl_typesupport_fastrtps_cppExport-noconfig.cmake
[44.091s] -- Installing: /home/jetcobot/venv/mycobot/dev/moon_ws/ros2_ws/install/robocallee_fms/share/robocallee_fms/cmake/robocallee_fms__rosidl_typesupport_introspection_cppExport.cmake
[44.091s] -- Installing: /home/jetcobot/venv/mycobot/dev/moon_ws/ros2_ws/install/robocallee_fms/share/robocallee_fms/cmake/robocallee_fms__rosidl_typesupport_introspection_cppExport-noconfig.cmake
[44.091s] -- Installing: /home/jetcobot/venv/mycobot/dev/moon_ws/ros2_ws/install/robocallee_fms/share/robocallee_fms/cmake/robocallee_fms__rosidl_typesupport_cppExport.cmake
[44.092s] -- Installing: /home/jetcobot/venv/mycobot/dev/moon_ws/ros2_ws/install/robocallee_fms/share/robocallee_fms/cmake/robocallee_fms__rosidl_typesupport_cppExport-noconfig.cmake
[44.092s] -- Installing: /home/jetcobot/venv/mycobot/dev/moon_ws/ros2_ws/install/robocallee_fms/share/robocallee_fms/cmake/export_robocallee_fms__rosidl_generator_pyExport.cmake
[44.092s] -- Installing: /home/jetcobot/venv/mycobot/dev/moon_ws/ros2_ws/install/robocallee_fms/share/robocallee_fms/cmake/export_robocallee_fms__rosidl_generator_pyExport-noconfig.cmake
[44.092s] -- Installing: /home/jetcobot/venv/mycobot/dev/moon_ws/ros2_ws/install/robocallee_fms/share/robocallee_fms/cmake/rosidl_cmake-extras.cmake
[44.093s] -- Installing: /home/jetcobot/venv/mycobot/dev/moon_ws/ros2_ws/install/robocallee_fms/share/robocallee_fms/cmake/ament_cmake_export_dependencies-extras.cmake
[44.093s] -- Installing: /home/jetcobot/venv/mycobot/dev/moon_ws/ros2_ws/install/robocallee_fms/share/robocallee_fms/cmake/ament_cmake_export_include_directories-extras.cmake
[44.093s] -- Installing: /home/jetcobot/venv/mycobot/dev/moon_ws/ros2_ws/install/robocallee_fms/share/robocallee_fms/cmake/ament_cmake_export_libraries-extras.cmake
[44.093s] -- Installing: /home/jetcobot/venv/mycobot/dev/moon_ws/ros2_ws/install/robocallee_fms/share/robocallee_fms/cmake/ament_cmake_export_targets-extras.cmake
[44.094s] -- Installing: /home/jetcobot/venv/mycobot/dev/moon_ws/ros2_ws/install/robocallee_fms/share/robocallee_fms/cmake/rosidl_cmake_export_typesupport_targets-extras.cmake
[44.094s] -- Installing: /home/jetcobot/venv/mycobot/dev/moon_ws/ros2_ws/install/robocallee_fms/share/robocallee_fms/cmake/rosidl_cmake_export_typesupport_libraries-extras.cmake
[44.094s] -- Installing: /home/jetcobot/venv/mycobot/dev/moon_ws/ros2_ws/install/robocallee_fms/share/robocallee_fms/cmake/robocallee_fmsConfig.cmake
[44.094s] -- Installing: /home/jetcobot/venv/mycobot/dev/moon_ws/ros2_ws/install/robocallee_fms/share/robocallee_fms/cmake/robocallee_fmsConfig-version.cmake
[44.095s] -- Installing: /home/jetcobot/venv/mycobot/dev/moon_ws/ros2_ws/install/robocallee_fms/share/robocallee_fms/package.xml
[44.099s] Invoked command in '/home/jetcobot/venv/mycobot/dev/moon_ws/ros2_ws/build/robocallee_fms' returned '0': CMAKE_PREFIX_PATH=${CMAKE_PREFIX_PATH}:/home/jetcobot/venv/mycobot/dev/moon_ws/ros2_ws/install/pick_and_place:/home/jetcobot/ros2_ws/install/jetcobot_driver:/home/jetcobot/ros2_ws/install/jetcobot_control:/home/jetcobot/jetcobot_ws/install/jetcobot_ctrl:/opt/ros/jazzy DEBUGINFOD_URLS=https://debuginfod.ubuntu.com /usr/bin/cmake --install /home/jetcobot/venv/mycobot/dev/moon_ws/ros2_ws/build/robocallee_fms
