[0.215s] DEBUG:colcon:Command line arguments: ['/usr/bin/colcon', 'build']
[0.215s] DEBUG:colcon:Parsed command line arguments: Namespace(log_base=None, log_level=None, verb_name='build', build_base='build', install_base='install', merge_install=False, symlink_install=False, test_result_base=None, continue_on_error=False, executor='parallel', parallel_workers=4, event_handlers=None, ignore_user_meta=False, metas=['./colcon.meta'], base_paths=['.'], packages_ignore=None, packages_ignore_regex=None, paths=None, packages_up_to=None, packages_up_to_regex=None, packages_above=None, packages_above_and_dependencies=None, packages_above_depth=None, packages_select_by_dep=None, packages_skip_by_dep=None, packages_skip_up_to=None, packages_select_build_failed=False, packages_skip_build_finished=False, packages_select_test_failures=False, packages_skip_test_passed=False, packages_select=None, packages_skip=None, packages_select_regex=None, packages_skip_regex=None, packages_start=None, packages_end=None, allow_overriding=[], cmake_args=None, cmake_target=None, cmake_target_skip_unavailable=False, cmake_clean_cache=False, cmake_clean_first=False, cmake_force_configure=False, ament_cmake_args=None, catkin_cmake_args=None, catkin_skip_building_tests=False, mixin_files=None, mixin=None, verb_parser=<colcon_mixin.mixin.mixin_argument.MixinArgumentDecorator object at 0xffff85922540>, verb_extension=<colcon_core.verb.build.BuildVerb object at 0xffff85922180>, main=<bound method BuildVerb.main of <colcon_core.verb.build.BuildVerb object at 0xffff85922180>>, mixin_verb=('build',))
[0.298s] Level 1:colcon.colcon_core.package_discovery:discover_packages(colcon_meta) check parameters
[0.298s] Level 1:colcon.colcon_core.package_discovery:discover_packages(recursive) check parameters
[0.299s] Level 1:colcon.colcon_core.package_discovery:discover_packages(ignore) check parameters
[0.299s] Level 1:colcon.colcon_core.package_discovery:discover_packages(path) check parameters
[0.299s] Level 1:colcon.colcon_core.package_discovery:discover_packages(colcon_meta) discover
[0.299s] Level 1:colcon.colcon_core.package_discovery:discover_packages(recursive) discover
[0.299s] INFO:colcon.colcon_core.package_discovery:Crawling recursively for packages in '/home/jetcobot/sun_ws/ros2_ws'
[0.299s] Level 1:colcon.colcon_core.package_identification:_identify(.) by extensions ['ignore', 'ignore_ament_install']
[0.299s] Level 1:colcon.colcon_core.package_identification:_identify(.) by extension 'ignore'
[0.299s] Level 1:colcon.colcon_core.package_identification:_identify(.) by extension 'ignore_ament_install'
[0.299s] Level 1:colcon.colcon_core.package_identification:_identify(.) by extensions ['colcon_pkg']
[0.300s] Level 1:colcon.colcon_core.package_identification:_identify(.) by extension 'colcon_pkg'
[0.300s] Level 1:colcon.colcon_core.package_identification:_identify(.) by extensions ['colcon_meta']
[0.300s] Level 1:colcon.colcon_core.package_identification:_identify(.) by extension 'colcon_meta'
[0.300s] Level 1:colcon.colcon_core.package_identification:_identify(.) by extensions ['ros']
[0.300s] Level 1:colcon.colcon_core.package_identification:_identify(.) by extension 'ros'
[0.347s] Level 1:colcon.colcon_core.package_identification:_identify(.) by extensions ['cmake', 'python']
[0.347s] Level 1:colcon.colcon_core.package_identification:_identify(.) by extension 'cmake'
[0.347s] Level 1:colcon.colcon_core.package_identification:_identify(.) by extension 'python'
[0.347s] Level 1:colcon.colcon_core.package_identification:_identify(.) by extensions ['python_setup_py']
[0.347s] Level 1:colcon.colcon_core.package_identification:_identify(.) by extension 'python_setup_py'
[0.348s] Level 1:colcon.colcon_core.package_identification:_identify(build) by extensions ['ignore', 'ignore_ament_install']
[0.348s] Level 1:colcon.colcon_core.package_identification:_identify(build) by extension 'ignore'
[0.348s] Level 1:colcon.colcon_core.package_identification:_identify(build) ignored
[0.348s] Level 1:colcon.colcon_core.package_identification:_identify(install) by extensions ['ignore', 'ignore_ament_install']
[0.348s] Level 1:colcon.colcon_core.package_identification:_identify(install) by extension 'ignore'
[0.348s] Level 1:colcon.colcon_core.package_identification:_identify(install) ignored
[0.349s] Level 1:colcon.colcon_core.package_identification:_identify(log) by extensions ['ignore', 'ignore_ament_install']
[0.349s] Level 1:colcon.colcon_core.package_identification:_identify(log) by extension 'ignore'
[0.349s] Level 1:colcon.colcon_core.package_identification:_identify(log) ignored
[0.349s] Level 1:colcon.colcon_core.package_identification:_identify(src) by extensions ['ignore', 'ignore_ament_install']
[0.349s] Level 1:colcon.colcon_core.package_identification:_identify(src) by extension 'ignore'
[0.349s] Level 1:colcon.colcon_core.package_identification:_identify(src) by extension 'ignore_ament_install'
[0.349s] Level 1:colcon.colcon_core.package_identification:_identify(src) by extensions ['colcon_pkg']
[0.350s] Level 1:colcon.colcon_core.package_identification:_identify(src) by extension 'colcon_pkg'
[0.350s] Level 1:colcon.colcon_core.package_identification:_identify(src) by extensions ['colcon_meta']
[0.350s] Level 1:colcon.colcon_core.package_identification:_identify(src) by extension 'colcon_meta'
[0.350s] Level 1:colcon.colcon_core.package_identification:_identify(src) by extensions ['ros']
[0.350s] Level 1:colcon.colcon_core.package_identification:_identify(src) by extension 'ros'
[0.350s] Level 1:colcon.colcon_core.package_identification:_identify(src) by extensions ['cmake', 'python']
[0.350s] Level 1:colcon.colcon_core.package_identification:_identify(src) by extension 'cmake'
[0.350s] Level 1:colcon.colcon_core.package_identification:_identify(src) by extension 'python'
[0.350s] Level 1:colcon.colcon_core.package_identification:_identify(src) by extensions ['python_setup_py']
[0.350s] Level 1:colcon.colcon_core.package_identification:_identify(src) by extension 'python_setup_py'
[0.350s] Level 1:colcon.colcon_core.package_identification:_identify(src/custom_messeage) by extensions ['ignore', 'ignore_ament_install']
[0.350s] Level 1:colcon.colcon_core.package_identification:_identify(src/custom_messeage) by extension 'ignore'
[0.351s] Level 1:colcon.colcon_core.package_identification:_identify(src/custom_messeage) by extension 'ignore_ament_install'
[0.351s] Level 1:colcon.colcon_core.package_identification:_identify(src/custom_messeage) by extensions ['colcon_pkg']
[0.351s] Level 1:colcon.colcon_core.package_identification:_identify(src/custom_messeage) by extension 'colcon_pkg'
[0.351s] Level 1:colcon.colcon_core.package_identification:_identify(src/custom_messeage) by extensions ['colcon_meta']
[0.351s] Level 1:colcon.colcon_core.package_identification:_identify(src/custom_messeage) by extension 'colcon_meta'
[0.351s] Level 1:colcon.colcon_core.package_identification:_identify(src/custom_messeage) by extensions ['ros']
[0.351s] Level 1:colcon.colcon_core.package_identification:_identify(src/custom_messeage) by extension 'ros'
[0.354s] DEBUG:colcon.colcon_core.package_identification:Package 'src/custom_messeage' with type 'ros.ament_cmake' and name 'custom_messeage'
[0.355s] Level 1:colcon.colcon_core.package_identification:_identify(src/pick_and_place) by extensions ['ignore', 'ignore_ament_install']
[0.355s] Level 1:colcon.colcon_core.package_identification:_identify(src/pick_and_place) by extension 'ignore'
[0.355s] Level 1:colcon.colcon_core.package_identification:_identify(src/pick_and_place) by extension 'ignore_ament_install'
[0.355s] Level 1:colcon.colcon_core.package_identification:_identify(src/pick_and_place) by extensions ['colcon_pkg']
[0.355s] Level 1:colcon.colcon_core.package_identification:_identify(src/pick_and_place) by extension 'colcon_pkg'
[0.355s] Level 1:colcon.colcon_core.package_identification:_identify(src/pick_and_place) by extensions ['colcon_meta']
[0.355s] Level 1:colcon.colcon_core.package_identification:_identify(src/pick_and_place) by extension 'colcon_meta'
[0.355s] Level 1:colcon.colcon_core.package_identification:_identify(src/pick_and_place) by extensions ['ros']
[0.355s] Level 1:colcon.colcon_core.package_identification:_identify(src/pick_and_place) by extension 'ros'
[0.356s] DEBUG:colcon.colcon_core.package_identification:Package 'src/pick_and_place' with type 'ros.ament_python' and name 'pick_and_place'
[0.356s] Level 1:colcon.colcon_core.package_discovery:discover_packages(recursive) using defaults
[0.356s] Level 1:colcon.colcon_core.package_discovery:discover_packages(ignore) discover
[0.356s] Level 1:colcon.colcon_core.package_discovery:discover_packages(ignore) using defaults
[0.356s] Level 1:colcon.colcon_core.package_discovery:discover_packages(path) discover
[0.357s] Level 1:colcon.colcon_core.package_discovery:discover_packages(path) using defaults
[0.395s] Level 1:colcon.colcon_core.package_discovery:discover_packages(prefix_path) check parameters
[0.395s] Level 1:colcon.colcon_core.package_discovery:discover_packages(prefix_path) discover
[0.399s] DEBUG:colcon.colcon_installed_package_information.package_discovery:Found 2 installed packages in /home/jetcobot/sun_ws/ros2_ws/install
[0.401s] DEBUG:colcon.colcon_installed_package_information.package_discovery:Found 1 installed packages in /home/jetcobot/CJ_ws/ros_ws/src/robocallee_fms/install
[0.405s] DEBUG:colcon.colcon_installed_package_information.package_discovery:Found 379 installed packages in /opt/ros/jazzy
[0.410s] Level 1:colcon.colcon_core.package_discovery:discover_packages(prefix_path) using defaults
[0.513s] Level 5:colcon.colcon_core.verb:set package 'custom_messeage' build argument 'cmake_args' from command line to 'None'
[0.524s] Level 5:colcon.colcon_core.verb:set package 'custom_messeage' build argument 'cmake_target' from command line to 'None'
[0.525s] Level 5:colcon.colcon_core.verb:set package 'custom_messeage' build argument 'cmake_target_skip_unavailable' from command line to 'False'
[0.525s] Level 5:colcon.colcon_core.verb:set package 'custom_messeage' build argument 'cmake_clean_cache' from command line to 'False'
[0.525s] Level 5:colcon.colcon_core.verb:set package 'custom_messeage' build argument 'cmake_clean_first' from command line to 'False'
[0.525s] Level 5:colcon.colcon_core.verb:set package 'custom_messeage' build argument 'cmake_force_configure' from command line to 'False'
[0.525s] Level 5:colcon.colcon_core.verb:set package 'custom_messeage' build argument 'ament_cmake_args' from command line to 'None'
[0.525s] Level 5:colcon.colcon_core.verb:set package 'custom_messeage' build argument 'catkin_cmake_args' from command line to 'None'
[0.525s] Level 5:colcon.colcon_core.verb:set package 'custom_messeage' build argument 'catkin_skip_building_tests' from command line to 'False'
[0.525s] DEBUG:colcon.colcon_core.verb:Building package 'custom_messeage' with the following arguments: {'ament_cmake_args': None, 'build_base': '/home/jetcobot/sun_ws/ros2_ws/build/custom_messeage', 'catkin_cmake_args': None, 'catkin_skip_building_tests': False, 'cmake_args': None, 'cmake_clean_cache': False, 'cmake_clean_first': False, 'cmake_force_configure': False, 'cmake_target': None, 'cmake_target_skip_unavailable': False, 'install_base': '/home/jetcobot/sun_ws/ros2_ws/install/custom_messeage', 'merge_install': False, 'path': '/home/jetcobot/sun_ws/ros2_ws/src/custom_messeage', 'symlink_install': False, 'test_result_base': None}
[0.526s] Level 5:colcon.colcon_core.verb:set package 'pick_and_place' build argument 'cmake_args' from command line to 'None'
[0.526s] Level 5:colcon.colcon_core.verb:set package 'pick_and_place' build argument 'cmake_target' from command line to 'None'
[0.526s] Level 5:colcon.colcon_core.verb:set package 'pick_and_place' build argument 'cmake_target_skip_unavailable' from command line to 'False'
[0.526s] Level 5:colcon.colcon_core.verb:set package 'pick_and_place' build argument 'cmake_clean_cache' from command line to 'False'
[0.526s] Level 5:colcon.colcon_core.verb:set package 'pick_and_place' build argument 'cmake_clean_first' from command line to 'False'
[0.526s] Level 5:colcon.colcon_core.verb:set package 'pick_and_place' build argument 'cmake_force_configure' from command line to 'False'
[0.526s] Level 5:colcon.colcon_core.verb:set package 'pick_and_place' build argument 'ament_cmake_args' from command line to 'None'
[0.526s] Level 5:colcon.colcon_core.verb:set package 'pick_and_place' build argument 'catkin_cmake_args' from command line to 'None'
[0.526s] Level 5:colcon.colcon_core.verb:set package 'pick_and_place' build argument 'catkin_skip_building_tests' from command line to 'False'
[0.526s] DEBUG:colcon.colcon_core.verb:Building package 'pick_and_place' with the following arguments: {'ament_cmake_args': None, 'build_base': '/home/jetcobot/sun_ws/ros2_ws/build/pick_and_place', 'catkin_cmake_args': None, 'catkin_skip_building_tests': False, 'cmake_args': None, 'cmake_clean_cache': False, 'cmake_clean_first': False, 'cmake_force_configure': False, 'cmake_target': None, 'cmake_target_skip_unavailable': False, 'install_base': '/home/jetcobot/sun_ws/ros2_ws/install/pick_and_place', 'merge_install': False, 'path': '/home/jetcobot/sun_ws/ros2_ws/src/pick_and_place', 'symlink_install': False, 'test_result_base': None}
[0.527s] INFO:colcon.colcon_core.executor:Executing jobs using 'parallel' executor
[0.528s] DEBUG:colcon.colcon_parallel_executor.executor.parallel:run_until_complete
[0.529s] INFO:colcon.colcon_ros.task.ament_cmake.build:Building ROS package in '/home/jetcobot/sun_ws/ros2_ws/src/custom_messeage' with build type 'ament_cmake'
[0.529s] INFO:colcon.colcon_cmake.task.cmake.build:Building CMake package in '/home/jetcobot/sun_ws/ros2_ws/src/custom_messeage'
[0.535s] INFO:colcon.colcon_core.plugin_system:Skipping extension 'colcon_core.shell.bat': Not used on non-Windows systems
[0.536s] INFO:colcon.colcon_core.shell:Skip shell extension 'powershell' for command environment: Not usable outside of PowerShell
[0.536s] DEBUG:colcon.colcon_core.shell:Skip shell extension 'dsv' for command environment
[0.547s] INFO:colcon.colcon_ros.task.ament_python.build:Building ROS package in '/home/jetcobot/sun_ws/ros2_ws/src/pick_and_place' with build type 'ament_python'
[0.548s] Level 1:colcon.colcon_core.shell:create_environment_hook('pick_and_place', 'ament_prefix_path')
[0.550s] INFO:colcon.colcon_core.shell:Creating environment hook '/home/jetcobot/sun_ws/ros2_ws/install/pick_and_place/share/pick_and_place/hook/ament_prefix_path.ps1'
[0.552s] INFO:colcon.colcon_core.shell:Creating environment descriptor '/home/jetcobot/sun_ws/ros2_ws/install/pick_and_place/share/pick_and_place/hook/ament_prefix_path.dsv'
[0.553s] INFO:colcon.colcon_core.shell:Creating environment hook '/home/jetcobot/sun_ws/ros2_ws/install/pick_and_place/share/pick_and_place/hook/ament_prefix_path.sh'
[0.556s] INFO:colcon.colcon_core.shell:Skip shell extension 'powershell' for command environment: Not usable outside of PowerShell
[0.556s] DEBUG:colcon.colcon_core.shell:Skip shell extension 'dsv' for command environment
[0.575s] DEBUG:colcon.colcon_core.event_handler.log_command:Invoking command in '/home/jetcobot/sun_ws/ros2_ws/build/custom_messeage': CMAKE_PREFIX_PATH=${CMAKE_PREFIX_PATH}:/home/jetcobot/sun_ws/ros2_ws/install/pick_and_place:/opt/ros/jazzy DEBUGINFOD_URLS=https://debuginfod.ubuntu.com /usr/bin/cmake --build /home/jetcobot/sun_ws/ros2_ws/build/custom_messeage -- -j4 -l4
[1.502s] INFO:colcon.colcon_core.task.python.build:Building Python package in '/home/jetcobot/sun_ws/ros2_ws/src/pick_and_place'
[1.502s] INFO:colcon.colcon_core.shell:Skip shell extension 'powershell' for command environment: Not usable outside of PowerShell
[1.503s] DEBUG:colcon.colcon_core.shell:Skip shell extension 'dsv' for command environment
[2.235s] DEBUG:colcon.colcon_core.event_handler.log_command:Invoked command in '/home/jetcobot/sun_ws/ros2_ws/build/custom_messeage' returned '0': CMAKE_PREFIX_PATH=${CMAKE_PREFIX_PATH}:/home/jetcobot/sun_ws/ros2_ws/install/pick_and_place:/opt/ros/jazzy DEBUGINFOD_URLS=https://debuginfod.ubuntu.com /usr/bin/cmake --build /home/jetcobot/sun_ws/ros2_ws/build/custom_messeage -- -j4 -l4
[2.271s] DEBUG:colcon.colcon_core.event_handler.log_command:Invoking command in '/home/jetcobot/sun_ws/ros2_ws/build/custom_messeage': CMAKE_PREFIX_PATH=${CMAKE_PREFIX_PATH}:/home/jetcobot/sun_ws/ros2_ws/install/pick_and_place:/opt/ros/jazzy DEBUGINFOD_URLS=https://debuginfod.ubuntu.com /usr/bin/cmake --install /home/jetcobot/sun_ws/ros2_ws/build/custom_messeage
[2.544s] Level 1:colcon.colcon_core.environment:create_environment_scripts_only(custom_messeage)
[2.551s] DEBUG:colcon.colcon_core.event_handler.log_command:Invoked command in '/home/jetcobot/sun_ws/ros2_ws/build/custom_messeage' returned '0': CMAKE_PREFIX_PATH=${CMAKE_PREFIX_PATH}:/home/jetcobot/sun_ws/ros2_ws/install/pick_and_place:/opt/ros/jazzy DEBUGINFOD_URLS=https://debuginfod.ubuntu.com /usr/bin/cmake --install /home/jetcobot/sun_ws/ros2_ws/build/custom_messeage
[2.553s] Level 1:colcon.colcon_core.environment:checking '/home/jetcobot/sun_ws/ros2_ws/install/custom_messeage' for CMake module files
[2.554s] Level 1:colcon.colcon_core.environment:checking '/home/jetcobot/sun_ws/ros2_ws/install/custom_messeage' for CMake config files
[2.555s] Level 1:colcon.colcon_core.shell:create_environment_hook('custom_messeage', 'cmake_prefix_path')
[2.556s] INFO:colcon.colcon_core.shell:Creating environment hook '/home/jetcobot/sun_ws/ros2_ws/install/custom_messeage/share/custom_messeage/hook/cmake_prefix_path.ps1'
[2.560s] INFO:colcon.colcon_core.shell:Creating environment descriptor '/home/jetcobot/sun_ws/ros2_ws/install/custom_messeage/share/custom_messeage/hook/cmake_prefix_path.dsv'
[2.563s] INFO:colcon.colcon_core.shell:Creating environment hook '/home/jetcobot/sun_ws/ros2_ws/install/custom_messeage/share/custom_messeage/hook/cmake_prefix_path.sh'
[2.565s] Level 1:colcon.colcon_core.environment:checking '/home/jetcobot/sun_ws/ros2_ws/install/custom_messeage/lib'
[2.568s] Level 1:colcon.colcon_core.shell:create_environment_hook('custom_messeage', 'ld_library_path_lib')
[2.568s] INFO:colcon.colcon_core.shell:Creating environment hook '/home/jetcobot/sun_ws/ros2_ws/install/custom_messeage/share/custom_messeage/hook/ld_library_path_lib.ps1'
[2.569s] INFO:colcon.colcon_core.shell:Creating environment descriptor '/home/jetcobot/sun_ws/ros2_ws/install/custom_messeage/share/custom_messeage/hook/ld_library_path_lib.dsv'
[2.570s] INFO:colcon.colcon_core.shell:Creating environment hook '/home/jetcobot/sun_ws/ros2_ws/install/custom_messeage/share/custom_messeage/hook/ld_library_path_lib.sh'
[2.573s] Level 1:colcon.colcon_core.environment:checking '/home/jetcobot/sun_ws/ros2_ws/install/custom_messeage/bin'
[2.573s] Level 1:colcon.colcon_core.environment:checking '/home/jetcobot/sun_ws/ros2_ws/install/custom_messeage/lib/pkgconfig/custom_messeage.pc'
[2.573s] Level 1:colcon.colcon_core.environment:checking '/home/jetcobot/sun_ws/ros2_ws/install/custom_messeage/lib/python3.12/site-packages'
[2.574s] Level 1:colcon.colcon_core.shell:create_environment_hook('custom_messeage', 'pythonpath')
[2.574s] INFO:colcon.colcon_core.shell:Creating environment hook '/home/jetcobot/sun_ws/ros2_ws/install/custom_messeage/share/custom_messeage/hook/pythonpath.ps1'
[2.575s] INFO:colcon.colcon_core.shell:Creating environment descriptor '/home/jetcobot/sun_ws/ros2_ws/install/custom_messeage/share/custom_messeage/hook/pythonpath.dsv'
[2.578s] INFO:colcon.colcon_core.shell:Creating environment hook '/home/jetcobot/sun_ws/ros2_ws/install/custom_messeage/share/custom_messeage/hook/pythonpath.sh'
[2.582s] Level 1:colcon.colcon_core.environment:checking '/home/jetcobot/sun_ws/ros2_ws/install/custom_messeage/bin'
[2.582s] INFO:colcon.colcon_core.shell:Creating package script '/home/jetcobot/sun_ws/ros2_ws/install/custom_messeage/share/custom_messeage/package.ps1'
[2.586s] INFO:colcon.colcon_core.shell:Creating package descriptor '/home/jetcobot/sun_ws/ros2_ws/install/custom_messeage/share/custom_messeage/package.dsv'
[2.590s] INFO:colcon.colcon_core.shell:Creating package script '/home/jetcobot/sun_ws/ros2_ws/install/custom_messeage/share/custom_messeage/package.sh'
[2.592s] INFO:colcon.colcon_core.shell:Creating package script '/home/jetcobot/sun_ws/ros2_ws/install/custom_messeage/share/custom_messeage/package.bash'
[2.596s] INFO:colcon.colcon_core.shell:Creating package script '/home/jetcobot/sun_ws/ros2_ws/install/custom_messeage/share/custom_messeage/package.zsh'
[2.598s] Level 1:colcon.colcon_core.environment:create_file_with_runtime_dependencies(/home/jetcobot/sun_ws/ros2_ws/install/custom_messeage/share/colcon-core/packages/custom_messeage)
[2.600s] Level 1:colcon.colcon_core.environment:create_environment_scripts_only(custom_messeage)
[2.604s] Level 1:colcon.colcon_core.environment:checking '/home/jetcobot/sun_ws/ros2_ws/install/custom_messeage' for CMake module files
[2.605s] Level 1:colcon.colcon_core.environment:checking '/home/jetcobot/sun_ws/ros2_ws/install/custom_messeage' for CMake config files
[2.606s] Level 1:colcon.colcon_core.shell:create_environment_hook('custom_messeage', 'cmake_prefix_path')
[2.610s] INFO:colcon.colcon_core.shell:Creating environment hook '/home/jetcobot/sun_ws/ros2_ws/install/custom_messeage/share/custom_messeage/hook/cmake_prefix_path.ps1'
[2.611s] INFO:colcon.colcon_core.shell:Creating environment descriptor '/home/jetcobot/sun_ws/ros2_ws/install/custom_messeage/share/custom_messeage/hook/cmake_prefix_path.dsv'
[2.612s] INFO:colcon.colcon_core.shell:Creating environment hook '/home/jetcobot/sun_ws/ros2_ws/install/custom_messeage/share/custom_messeage/hook/cmake_prefix_path.sh'
[2.615s] Level 1:colcon.colcon_core.environment:checking '/home/jetcobot/sun_ws/ros2_ws/install/custom_messeage/lib'
[2.615s] Level 1:colcon.colcon_core.shell:create_environment_hook('custom_messeage', 'ld_library_path_lib')
[2.615s] INFO:colcon.colcon_core.shell:Creating environment hook '/home/jetcobot/sun_ws/ros2_ws/install/custom_messeage/share/custom_messeage/hook/ld_library_path_lib.ps1'
[2.620s] INFO:colcon.colcon_core.shell:Creating environment descriptor '/home/jetcobot/sun_ws/ros2_ws/install/custom_messeage/share/custom_messeage/hook/ld_library_path_lib.dsv'
[2.622s] INFO:colcon.colcon_core.shell:Creating environment hook '/home/jetcobot/sun_ws/ros2_ws/install/custom_messeage/share/custom_messeage/hook/ld_library_path_lib.sh'
[2.623s] Level 1:colcon.colcon_core.environment:checking '/home/jetcobot/sun_ws/ros2_ws/install/custom_messeage/bin'
[2.623s] Level 1:colcon.colcon_core.environment:checking '/home/jetcobot/sun_ws/ros2_ws/install/custom_messeage/lib/pkgconfig/custom_messeage.pc'
[2.624s] Level 1:colcon.colcon_core.environment:checking '/home/jetcobot/sun_ws/ros2_ws/install/custom_messeage/lib/python3.12/site-packages'
[2.624s] Level 1:colcon.colcon_core.shell:create_environment_hook('custom_messeage', 'pythonpath')
[2.627s] INFO:colcon.colcon_core.shell:Creating environment hook '/home/jetcobot/sun_ws/ros2_ws/install/custom_messeage/share/custom_messeage/hook/pythonpath.ps1'
[2.628s] INFO:colcon.colcon_core.shell:Creating environment descriptor '/home/jetcobot/sun_ws/ros2_ws/install/custom_messeage/share/custom_messeage/hook/pythonpath.dsv'
[2.632s] INFO:colcon.colcon_core.shell:Creating environment hook '/home/jetcobot/sun_ws/ros2_ws/install/custom_messeage/share/custom_messeage/hook/pythonpath.sh'
[2.633s] Level 1:colcon.colcon_core.environment:checking '/home/jetcobot/sun_ws/ros2_ws/install/custom_messeage/bin'
[2.634s] INFO:colcon.colcon_core.shell:Creating package script '/home/jetcobot/sun_ws/ros2_ws/install/custom_messeage/share/custom_messeage/package.ps1'
[2.635s] INFO:colcon.colcon_core.shell:Creating package descriptor '/home/jetcobot/sun_ws/ros2_ws/install/custom_messeage/share/custom_messeage/package.dsv'
[2.640s] INFO:colcon.colcon_core.shell:Creating package script '/home/jetcobot/sun_ws/ros2_ws/install/custom_messeage/share/custom_messeage/package.sh'
[2.643s] INFO:colcon.colcon_core.shell:Creating package script '/home/jetcobot/sun_ws/ros2_ws/install/custom_messeage/share/custom_messeage/package.bash'
[2.650s] INFO:colcon.colcon_core.shell:Creating package script '/home/jetcobot/sun_ws/ros2_ws/install/custom_messeage/share/custom_messeage/package.zsh'
[2.651s] Level 1:colcon.colcon_core.environment:create_file_with_runtime_dependencies(/home/jetcobot/sun_ws/ros2_ws/install/custom_messeage/share/colcon-core/packages/custom_messeage)
[3.151s] DEBUG:colcon.colcon_core.event_handler.log_command:Invoking command in '/home/jetcobot/sun_ws/ros2_ws/src/pick_and_place': DEBUGINFOD_URLS=https://debuginfod.ubuntu.com PYTHONPATH=/home/jetcobot/sun_ws/ros2_ws/build/pick_and_place/prefix_override:/usr/lib/python3/dist-packages/colcon_core/task/python/colcon_distutils_commands:/home/jetcobot/sun_ws/ros2_ws/install/pick_and_place/lib/python3.12/site-packages:${PYTHONPATH} /usr/bin/python3 -W ignore:setup.py install is deprecated -W ignore:easy_install command is deprecated setup.py egg_info --egg-base ../../build/pick_and_place build --build-base /home/jetcobot/sun_ws/ros2_ws/build/pick_and_place/build install --record /home/jetcobot/sun_ws/ros2_ws/build/pick_and_place/install.log --single-version-externally-managed install_data
[4.508s] Level 1:colcon.colcon_core.environment:checking '/home/jetcobot/sun_ws/ros2_ws/install/pick_and_place' for CMake module files
[4.509s] Level 1:colcon.colcon_core.environment:checking '/home/jetcobot/sun_ws/ros2_ws/install/pick_and_place' for CMake config files
[4.511s] Level 1:colcon.colcon_core.environment:checking '/home/jetcobot/sun_ws/ros2_ws/install/pick_and_place/lib'
[4.511s] Level 1:colcon.colcon_core.environment:checking '/home/jetcobot/sun_ws/ros2_ws/install/pick_and_place/bin'
[4.511s] Level 1:colcon.colcon_core.environment:checking '/home/jetcobot/sun_ws/ros2_ws/install/pick_and_place/lib/pkgconfig/pick_and_place.pc'
[4.511s] Level 1:colcon.colcon_core.environment:checking '/home/jetcobot/sun_ws/ros2_ws/install/pick_and_place/lib/python3.12/site-packages'
[4.512s] DEBUG:colcon.colcon_core.event_handler.log_command:Invoked command in '/home/jetcobot/sun_ws/ros2_ws/src/pick_and_place' returned '0': DEBUGINFOD_URLS=https://debuginfod.ubuntu.com PYTHONPATH=/home/jetcobot/sun_ws/ros2_ws/build/pick_and_place/prefix_override:/usr/lib/python3/dist-packages/colcon_core/task/python/colcon_distutils_commands:/home/jetcobot/sun_ws/ros2_ws/install/pick_and_place/lib/python3.12/site-packages:${PYTHONPATH} /usr/bin/python3 -W ignore:setup.py install is deprecated -W ignore:easy_install command is deprecated setup.py egg_info --egg-base ../../build/pick_and_place build --build-base /home/jetcobot/sun_ws/ros2_ws/build/pick_and_place/build install --record /home/jetcobot/sun_ws/ros2_ws/build/pick_and_place/install.log --single-version-externally-managed install_data
[4.512s] Level 1:colcon.colcon_core.shell:create_environment_hook('pick_and_place', 'pythonpath')
[4.513s] INFO:colcon.colcon_core.shell:Creating environment hook '/home/jetcobot/sun_ws/ros2_ws/install/pick_and_place/share/pick_and_place/hook/pythonpath.ps1'
[4.514s] INFO:colcon.colcon_core.shell:Creating environment descriptor '/home/jetcobot/sun_ws/ros2_ws/install/pick_and_place/share/pick_and_place/hook/pythonpath.dsv'
[4.515s] INFO:colcon.colcon_core.shell:Creating environment hook '/home/jetcobot/sun_ws/ros2_ws/install/pick_and_place/share/pick_and_place/hook/pythonpath.sh'
[4.517s] Level 1:colcon.colcon_core.environment:checking '/home/jetcobot/sun_ws/ros2_ws/install/pick_and_place/bin'
[4.517s] Level 1:colcon.colcon_core.environment:create_environment_scripts_only(pick_and_place)
[4.517s] INFO:colcon.colcon_core.shell:Creating package script '/home/jetcobot/sun_ws/ros2_ws/install/pick_and_place/share/pick_and_place/package.ps1'
[4.518s] INFO:colcon.colcon_core.shell:Creating package descriptor '/home/jetcobot/sun_ws/ros2_ws/install/pick_and_place/share/pick_and_place/package.dsv'
[4.520s] INFO:colcon.colcon_core.shell:Creating package script '/home/jetcobot/sun_ws/ros2_ws/install/pick_and_place/share/pick_and_place/package.sh'
[4.521s] INFO:colcon.colcon_core.shell:Creating package script '/home/jetcobot/sun_ws/ros2_ws/install/pick_and_place/share/pick_and_place/package.bash'
[4.522s] INFO:colcon.colcon_core.shell:Creating package script '/home/jetcobot/sun_ws/ros2_ws/install/pick_and_place/share/pick_and_place/package.zsh'
[4.523s] Level 1:colcon.colcon_core.environment:create_file_with_runtime_dependencies(/home/jetcobot/sun_ws/ros2_ws/install/pick_and_place/share/colcon-core/packages/pick_and_place)
[4.527s] DEBUG:colcon.colcon_parallel_executor.executor.parallel:closing loop
[4.527s] DEBUG:colcon.colcon_parallel_executor.executor.parallel:loop closed
[4.528s] DEBUG:colcon.colcon_parallel_executor.executor.parallel:run_until_complete finished with '0'
[4.528s] DEBUG:colcon.colcon_core.event_reactor:joining thread
[4.541s] INFO:colcon.colcon_core.plugin_system:Skipping extension 'colcon_notification.desktop_notification.terminal_notifier': Not used on non-Darwin systems
[4.541s] INFO:colcon.colcon_core.plugin_system:Skipping extension 'colcon_notification.desktop_notification.win32': Not used on non-Windows systems
[4.541s] INFO:colcon.colcon_notification.desktop_notification:Sending desktop notification using 'notify2'
[4.543s] DEBUG:colcon.colcon_notification.desktop_notification.notify2:Failed to initialize notify2: org.freedesktop.DBus.Error.ServiceUnknown: The name org.freedesktop.Notifications was not provided by any .service files
[4.543s] DEBUG:colcon.colcon_core.event_reactor:joined thread
[4.544s] INFO:colcon.colcon_core.shell:Creating prefix script '/home/jetcobot/sun_ws/ros2_ws/install/local_setup.ps1'
[4.545s] INFO:colcon.colcon_core.shell:Creating prefix util module '/home/jetcobot/sun_ws/ros2_ws/install/_local_setup_util_ps1.py'
[4.547s] INFO:colcon.colcon_core.shell:Creating prefix chain script '/home/jetcobot/sun_ws/ros2_ws/install/setup.ps1'
[4.549s] INFO:colcon.colcon_core.shell:Creating prefix script '/home/jetcobot/sun_ws/ros2_ws/install/local_setup.sh'
[4.550s] INFO:colcon.colcon_core.shell:Creating prefix util module '/home/jetcobot/sun_ws/ros2_ws/install/_local_setup_util_sh.py'
[4.552s] INFO:colcon.colcon_core.shell:Creating prefix chain script '/home/jetcobot/sun_ws/ros2_ws/install/setup.sh'
[4.556s] INFO:colcon.colcon_core.shell:Creating prefix script '/home/jetcobot/sun_ws/ros2_ws/install/local_setup.bash'
[4.557s] INFO:colcon.colcon_core.shell:Creating prefix chain script '/home/jetcobot/sun_ws/ros2_ws/install/setup.bash'
[4.561s] INFO:colcon.colcon_core.shell:Creating prefix script '/home/jetcobot/sun_ws/ros2_ws/install/local_setup.zsh'
[4.562s] INFO:colcon.colcon_core.shell:Creating prefix chain script '/home/jetcobot/sun_ws/ros2_ws/install/setup.zsh'
