[2.796s] Invoking command in '/home/jetcobot/venv/mycobot/dev/moon_ws/ros2_ws/src/pick_and_place': DEBUGINFOD_URLS=https://debuginfod.ubuntu.com PYTHONPATH=/home/jetcobot/venv/mycobot/dev/moon_ws/ros2_ws/build/pick_and_place/prefix_override:/usr/lib/python3/dist-packages/colcon_core/task/python/colcon_distutils_commands:/home/jetcobot/venv/mycobot/dev/moon_ws/ros2_ws/install/pick_and_place/lib/python3.12/site-packages:${PYTHONPATH} /usr/bin/python3 -W ignore:setup.py install is deprecated -W ignore:easy_install command is deprecated setup.py egg_info --egg-base ../../build/pick_and_place build --build-base /home/jetcobot/venv/mycobot/dev/moon_ws/ros2_ws/build/pick_and_place/build install --record /home/jetcobot/venv/mycobot/dev/moon_ws/ros2_ws/build/pick_and_place/install.log --single-version-externally-managed install_data
[4.684s] running egg_info
[4.684s] creating ../../build/pick_and_place/pick_and_place.egg-info
[4.743s] writing ../../build/pick_and_place/pick_and_place.egg-info/PKG-INFO
[4.744s] writing dependency_links to ../../build/pick_and_place/pick_and_place.egg-info/dependency_links.txt
[4.745s] writing entry points to ../../build/pick_and_place/pick_and_place.egg-info/entry_points.txt
[4.745s] writing requirements to ../../build/pick_and_place/pick_and_place.egg-info/requires.txt
[4.746s] writing top-level names to ../../build/pick_and_place/pick_and_place.egg-info/top_level.txt
[4.746s] writing manifest file '../../build/pick_and_place/pick_and_place.egg-info/SOURCES.txt'
[4.866s] reading manifest file '../../build/pick_and_place/pick_and_place.egg-info/SOURCES.txt'
[4.867s] adding license file 'LICENSE'
[4.868s] writing manifest file '../../build/pick_and_place/pick_and_place.egg-info/SOURCES.txt'
[4.868s] running build
[4.868s] running build_py
[4.871s] creating /home/jetcobot/venv/mycobot/dev/moon_ws/ros2_ws/build/pick_and_place/build
[4.873s] creating /home/jetcobot/venv/mycobot/dev/moon_ws/ros2_ws/build/pick_and_place/build/lib
[4.873s] creating /home/jetcobot/venv/mycobot/dev/moon_ws/ros2_ws/build/pick_and_place/build/lib/pick_and_place
[4.874s] copying pick_and_place/__init__.py -> /home/jetcobot/venv/mycobot/dev/moon_ws/ros2_ws/build/pick_and_place/build/lib/pick_and_place
[4.874s] copying pick_and_place/image_caputure_old.py -> /home/jetcobot/venv/mycobot/dev/moon_ws/ros2_ws/build/pick_and_place/build/lib/pick_and_place
[4.874s] copying pick_and_place/test_robot_control_v3.py -> /home/jetcobot/venv/mycobot/dev/moon_ws/ros2_ws/build/pick_and_place/build/lib/pick_and_place
[4.874s] copying pick_and_place/image_detection.py -> /home/jetcobot/venv/mycobot/dev/moon_ws/ros2_ws/build/pick_and_place/build/lib/pick_and_place
[4.878s] copying pick_and_place/camera_test_node.py -> /home/jetcobot/venv/mycobot/dev/moon_ws/ros2_ws/build/pick_and_place/build/lib/pick_and_place
[4.879s] copying pick_and_place/robot2_control_node.py -> /home/jetcobot/venv/mycobot/dev/moon_ws/ros2_ws/build/pick_and_place/build/lib/pick_and_place
[4.879s] copying pick_and_place/robot1_control_node.py -> /home/jetcobot/venv/mycobot/dev/moon_ws/ros2_ws/build/pick_and_place/build/lib/pick_and_place
[4.879s] copying pick_and_place/image_capture.py -> /home/jetcobot/venv/mycobot/dev/moon_ws/ros2_ws/build/pick_and_place/build/lib/pick_and_place
[4.879s] copying pick_and_place/base_coordinate_transform.py -> /home/jetcobot/venv/mycobot/dev/moon_ws/ros2_ws/build/pick_and_place/build/lib/pick_and_place
[4.879s] running install
[4.884s] running install_lib
[4.947s] creating /home/jetcobot/venv/mycobot/dev/moon_ws/ros2_ws/install/pick_and_place/lib/python3.12/site-packages/pick_and_place
[4.947s] copying /home/jetcobot/venv/mycobot/dev/moon_ws/ros2_ws/build/pick_and_place/build/lib/pick_and_place/__init__.py -> /home/jetcobot/venv/mycobot/dev/moon_ws/ros2_ws/install/pick_and_place/lib/python3.12/site-packages/pick_and_place
[4.947s] copying /home/jetcobot/venv/mycobot/dev/moon_ws/ros2_ws/build/pick_and_place/build/lib/pick_and_place/image_caputure_old.py -> /home/jetcobot/venv/mycobot/dev/moon_ws/ros2_ws/install/pick_and_place/lib/python3.12/site-packages/pick_and_place
[4.948s] copying /home/jetcobot/venv/mycobot/dev/moon_ws/ros2_ws/build/pick_and_place/build/lib/pick_and_place/test_robot_control_v3.py -> /home/jetcobot/venv/mycobot/dev/moon_ws/ros2_ws/install/pick_and_place/lib/python3.12/site-packages/pick_and_place
[4.950s] copying /home/jetcobot/venv/mycobot/dev/moon_ws/ros2_ws/build/pick_and_place/build/lib/pick_and_place/image_detection.py -> /home/jetcobot/venv/mycobot/dev/moon_ws/ros2_ws/install/pick_and_place/lib/python3.12/site-packages/pick_and_place
[4.950s] copying /home/jetcobot/venv/mycobot/dev/moon_ws/ros2_ws/build/pick_and_place/build/lib/pick_and_place/camera_test_node.py -> /home/jetcobot/venv/mycobot/dev/moon_ws/ros2_ws/install/pick_and_place/lib/python3.12/site-packages/pick_and_place
[4.951s] copying /home/jetcobot/venv/mycobot/dev/moon_ws/ros2_ws/build/pick_and_place/build/lib/pick_and_place/robot2_control_node.py -> /home/jetcobot/venv/mycobot/dev/moon_ws/ros2_ws/install/pick_and_place/lib/python3.12/site-packages/pick_and_place
[4.951s] copying /home/jetcobot/venv/mycobot/dev/moon_ws/ros2_ws/build/pick_and_place/build/lib/pick_and_place/robot1_control_node.py -> /home/jetcobot/venv/mycobot/dev/moon_ws/ros2_ws/install/pick_and_place/lib/python3.12/site-packages/pick_and_place
[4.954s] copying /home/jetcobot/venv/mycobot/dev/moon_ws/ros2_ws/build/pick_and_place/build/lib/pick_and_place/image_capture.py -> /home/jetcobot/venv/mycobot/dev/moon_ws/ros2_ws/install/pick_and_place/lib/python3.12/site-packages/pick_and_place
[4.954s] copying /home/jetcobot/venv/mycobot/dev/moon_ws/ros2_ws/build/pick_and_place/build/lib/pick_and_place/base_coordinate_transform.py -> /home/jetcobot/venv/mycobot/dev/moon_ws/ros2_ws/install/pick_and_place/lib/python3.12/site-packages/pick_and_place
[4.954s] byte-compiling /home/jetcobot/venv/mycobot/dev/moon_ws/ros2_ws/install/pick_and_place/lib/python3.12/site-packages/pick_and_place/__init__.py to __init__.cpython-312.pyc
[4.954s] byte-compiling /home/jetcobot/venv/mycobot/dev/moon_ws/ros2_ws/install/pick_and_place/lib/python3.12/site-packages/pick_and_place/image_caputure_old.py to image_caputure_old.cpython-312.pyc
[4.954s] byte-compiling /home/jetcobot/venv/mycobot/dev/moon_ws/ros2_ws/install/pick_and_place/lib/python3.12/site-packages/pick_and_place/test_robot_control_v3.py to test_robot_control_v3.cpython-312.pyc
[4.954s] byte-compiling /home/jetcobot/venv/mycobot/dev/moon_ws/ros2_ws/install/pick_and_place/lib/python3.12/site-packages/pick_and_place/image_detection.py to image_detection.cpython-312.pyc
[4.956s] byte-compiling /home/jetcobot/venv/mycobot/dev/moon_ws/ros2_ws/install/pick_and_place/lib/python3.12/site-packages/pick_and_place/camera_test_node.py to camera_test_node.cpython-312.pyc
[4.956s] byte-compiling /home/jetcobot/venv/mycobot/dev/moon_ws/ros2_ws/install/pick_and_place/lib/python3.12/site-packages/pick_and_place/robot2_control_node.py to robot2_control_node.cpython-312.pyc
[4.961s] byte-compiling /home/jetcobot/venv/mycobot/dev/moon_ws/ros2_ws/install/pick_and_place/lib/python3.12/site-packages/pick_and_place/robot1_control_node.py to robot1_control_node.cpython-312.pyc
[4.964s] byte-compiling /home/jetcobot/venv/mycobot/dev/moon_ws/ros2_ws/install/pick_and_place/lib/python3.12/site-packages/pick_and_place/image_capture.py to image_capture.cpython-312.pyc
[4.967s] byte-compiling /home/jetcobot/venv/mycobot/dev/moon_ws/ros2_ws/install/pick_and_place/lib/python3.12/site-packages/pick_and_place/base_coordinate_transform.py to base_coordinate_transform.cpython-312.pyc
[4.969s] running install_data
[4.970s] creating /home/jetcobot/venv/mycobot/dev/moon_ws/ros2_ws/install/pick_and_place/share/ament_index
[4.970s] creating /home/jetcobot/venv/mycobot/dev/moon_ws/ros2_ws/install/pick_and_place/share/ament_index/resource_index
[4.970s] creating /home/jetcobot/venv/mycobot/dev/moon_ws/ros2_ws/install/pick_and_place/share/ament_index/resource_index/packages
[4.970s] copying resource/pick_and_place -> /home/jetcobot/venv/mycobot/dev/moon_ws/ros2_ws/install/pick_and_place/share/ament_index/resource_index/packages
[4.970s] copying package.xml -> /home/jetcobot/venv/mycobot/dev/moon_ws/ros2_ws/install/pick_and_place/share/pick_and_place
[4.970s] creating /home/jetcobot/venv/mycobot/dev/moon_ws/ros2_ws/install/pick_and_place/share/pick_and_place/launch
[4.970s] copying launch/pick_and_place_launch.py -> /home/jetcobot/venv/mycobot/dev/moon_ws/ros2_ws/install/pick_and_place/share/pick_and_place/launch
[4.970s] creating /home/jetcobot/venv/mycobot/dev/moon_ws/ros2_ws/install/pick_and_place/share/pick_and_place/srv
[4.976s] running install_egg_info
[5.047s] Copying ../../build/pick_and_place/pick_and_place.egg-info to /home/jetcobot/venv/mycobot/dev/moon_ws/ros2_ws/install/pick_and_place/lib/python3.12/site-packages/pick_and_place-0.0.0-py3.12.egg-info
[5.047s] running install_scripts
[5.477s] Installing camera_node script to /home/jetcobot/venv/mycobot/dev/moon_ws/ros2_ws/install/pick_and_place/lib/pick_and_place
[5.478s] Installing camera_test_node script to /home/jetcobot/venv/mycobot/dev/moon_ws/ros2_ws/install/pick_and_place/lib/pick_and_place
[5.479s] Installing control_node script to /home/jetcobot/venv/mycobot/dev/moon_ws/ros2_ws/install/pick_and_place/lib/pick_and_place
[5.479s] Installing detection_node script to /home/jetcobot/venv/mycobot/dev/moon_ws/ros2_ws/install/pick_and_place/lib/pick_and_place
[5.480s] Installing robot1_control_node script to /home/jetcobot/venv/mycobot/dev/moon_ws/ros2_ws/install/pick_and_place/lib/pick_and_place
[5.480s] Installing robot2_control_node script to /home/jetcobot/venv/mycobot/dev/moon_ws/ros2_ws/install/pick_and_place/lib/pick_and_place
[5.480s] Installing transform_node script to /home/jetcobot/venv/mycobot/dev/moon_ws/ros2_ws/install/pick_and_place/lib/pick_and_place
[5.486s] writing list of installed files to '/home/jetcobot/venv/mycobot/dev/moon_ws/ros2_ws/build/pick_and_place/install.log'
[5.755s] Invoked command in '/home/jetcobot/venv/mycobot/dev/moon_ws/ros2_ws/src/pick_and_place' returned '0': DEBUGINFOD_URLS=https://debuginfod.ubuntu.com PYTHONPATH=/home/jetcobot/venv/mycobot/dev/moon_ws/ros2_ws/build/pick_and_place/prefix_override:/usr/lib/python3/dist-packages/colcon_core/task/python/colcon_distutils_commands:/home/jetcobot/venv/mycobot/dev/moon_ws/ros2_ws/install/pick_and_place/lib/python3.12/site-packages:${PYTHONPATH} /usr/bin/python3 -W ignore:setup.py install is deprecated -W ignore:easy_install command is deprecated setup.py egg_info --egg-base ../../build/pick_and_place build --build-base /home/jetcobot/venv/mycobot/dev/moon_ws/ros2_ws/build/pick_and_place/build install --record /home/jetcobot/venv/mycobot/dev/moon_ws/ros2_ws/build/pick_and_place/install.log --single-version-externally-managed install_data
