[1.565s] Invoking command in '/home/jetcobot/sun_ws/ros2_ws/src/pick_and_place': DEBUGINFOD_URLS=https://debuginfod.ubuntu.com PYTHONPATH=/home/jetcobot/sun_ws/ros2_ws/build/pick_and_place/prefix_override:/usr/lib/python3/dist-packages/colcon_core/task/python/colcon_distutils_commands:/home/jetcobot/sun_ws/ros2_ws/install/pick_and_place/lib/python3.12/site-packages:${PYTHONPATH} /usr/bin/python3 -W ignore:setup.py install is deprecated -W ignore:easy_install command is deprecated setup.py egg_info --egg-base ../../build/pick_and_place build --build-base /home/jetcobot/sun_ws/ros2_ws/build/pick_and_place/build install --record /home/jetcobot/sun_ws/ros2_ws/build/pick_and_place/install.log --single-version-externally-managed install_data
[2.019s] running egg_info
[2.051s] writing ../../build/pick_and_place/pick_and_place.egg-info/PKG-INFO
[2.052s] writing dependency_links to ../../build/pick_and_place/pick_and_place.egg-info/dependency_links.txt
[2.052s] writing entry points to ../../build/pick_and_place/pick_and_place.egg-info/entry_points.txt
[2.053s] writing requirements to ../../build/pick_and_place/pick_and_place.egg-info/requires.txt
[2.054s] writing top-level names to ../../build/pick_and_place/pick_and_place.egg-info/top_level.txt
[2.126s] reading manifest file '../../build/pick_and_place/pick_and_place.egg-info/SOURCES.txt'
[2.127s] adding license file 'LICENSE'
[2.128s] writing manifest file '../../build/pick_and_place/pick_and_place.egg-info/SOURCES.txt'
[2.129s] running build
[2.129s] running build_py
[2.129s] copying pick_and_place/camera_node.py -> /home/jetcobot/sun_ws/ros2_ws/build/pick_and_place/build/lib/pick_and_place
[2.130s] copying pick_and_place/detection_node.py -> /home/jetcobot/sun_ws/ros2_ws/build/pick_and_place/build/lib/pick_and_place
[2.130s] running install
[2.140s] running install_lib
[2.176s] copying /home/jetcobot/sun_ws/ros2_ws/build/pick_and_place/build/lib/pick_and_place/camera_node.py -> /home/jetcobot/sun_ws/ros2_ws/install/pick_and_place/lib/python3.12/site-packages/pick_and_place
[2.176s] copying /home/jetcobot/sun_ws/ros2_ws/build/pick_and_place/build/lib/pick_and_place/detection_node.py -> /home/jetcobot/sun_ws/ros2_ws/install/pick_and_place/lib/python3.12/site-packages/pick_and_place
[2.177s] byte-compiling /home/jetcobot/sun_ws/ros2_ws/install/pick_and_place/lib/python3.12/site-packages/pick_and_place/camera_node.py to camera_node.cpython-312.pyc
[2.180s] byte-compiling /home/jetcobot/sun_ws/ros2_ws/install/pick_and_place/lib/python3.12/site-packages/pick_and_place/detection_node.py to detection_node.cpython-312.pyc
[2.181s] running install_data
[2.181s] running install_egg_info
[2.220s] removing '/home/jetcobot/sun_ws/ros2_ws/install/pick_and_place/lib/python3.12/site-packages/pick_and_place-0.0.0-py3.12.egg-info' (and everything under it)
[2.221s] Copying ../../build/pick_and_place/pick_and_place.egg-info to /home/jetcobot/sun_ws/ros2_ws/install/pick_and_place/lib/python3.12/site-packages/pick_and_place-0.0.0-py3.12.egg-info
[2.223s] running install_scripts
[2.454s] Installing camera_node script to /home/jetcobot/sun_ws/ros2_ws/install/pick_and_place/lib/pick_and_place
[2.454s] Installing control_node script to /home/jetcobot/sun_ws/ros2_ws/install/pick_and_place/lib/pick_and_place
[2.456s] Installing detection_node script to /home/jetcobot/sun_ws/ros2_ws/install/pick_and_place/lib/pick_and_place
[2.457s] Installing transform_node script to /home/jetcobot/sun_ws/ros2_ws/install/pick_and_place/lib/pick_and_place
[2.459s] writing list of installed files to '/home/jetcobot/sun_ws/ros2_ws/build/pick_and_place/install.log'
[2.547s] Invoked command in '/home/jetcobot/sun_ws/ros2_ws/src/pick_and_place' returned '0': DEBUGINFOD_URLS=https://debuginfod.ubuntu.com PYTHONPATH=/home/jetcobot/sun_ws/ros2_ws/build/pick_and_place/prefix_override:/usr/lib/python3/dist-packages/colcon_core/task/python/colcon_distutils_commands:/home/jetcobot/sun_ws/ros2_ws/install/pick_and_place/lib/python3.12/site-packages:${PYTHONPATH} /usr/bin/python3 -W ignore:setup.py install is deprecated -W ignore:easy_install command is deprecated setup.py egg_info --egg-base ../../build/pick_and_place build --build-base /home/jetcobot/sun_ws/ros2_ws/build/pick_and_place/build install --record /home/jetcobot/sun_ws/ros2_ws/build/pick_and_place/install.log --single-version-externally-managed install_data
