[0.156s] DEBUG:colcon:Command line arguments: ['/usr/bin/colcon', 'build', '--symlink-install']
[0.156s] DEBUG:colcon:Parsed command line arguments: Namespace(log_base=None, log_level=None, verb_name='build', build_base='build', install_base='install', merge_install=False, symlink_install=True, test_result_base=None, continue_on_error=False, executor='parallel', parallel_workers=4, event_handlers=None, ignore_user_meta=False, metas=['./colcon.meta'], base_paths=['.'], packages_ignore=None, packages_ignore_regex=None, paths=None, packages_up_to=None, packages_up_to_regex=None, packages_above=None, packages_above_and_dependencies=None, packages_above_depth=None, packages_select_by_dep=None, packages_skip_by_dep=None, packages_skip_up_to=None, packages_select_build_failed=False, packages_skip_build_finished=False, packages_select_test_failures=False, packages_skip_test_passed=False, packages_select=None, packages_skip=None, packages_select_regex=None, packages_skip_regex=None, packages_start=None, packages_end=None, allow_overriding=[], cmake_args=None, cmake_target=None, cmake_target_skip_unavailable=False, cmake_clean_cache=False, cmake_clean_first=False, cmake_force_configure=False, ament_cmake_args=None, catkin_cmake_args=None, catkin_skip_building_tests=False, mixin_files=None, mixin=None, verb_parser=<colcon_mixin.mixin.mixin_argument.MixinArgumentDecorator object at 0xffff7f65e030>, verb_extension=<colcon_core.verb.build.BuildVerb object at 0xffff7f65dc10>, main=<bound method BuildVerb.main of <colcon_core.verb.build.BuildVerb object at 0xffff7f65dc10>>, mixin_verb=('build',))
[0.214s] Level 1:colcon.colcon_core.package_discovery:discover_packages(colcon_meta) check parameters
[0.214s] Level 1:colcon.colcon_core.package_discovery:discover_packages(recursive) check parameters
[0.214s] Level 1:colcon.colcon_core.package_discovery:discover_packages(ignore) check parameters
[0.214s] Level 1:colcon.colcon_core.package_discovery:discover_packages(path) check parameters
[0.214s] Level 1:colcon.colcon_core.package_discovery:discover_packages(colcon_meta) discover
[0.214s] Level 1:colcon.colcon_core.package_discovery:discover_packages(recursive) discover
[0.214s] INFO:colcon.colcon_core.package_discovery:Crawling recursively for packages in '/home/jetcobot/sun_ws/ros2_ws'
[0.214s] Level 1:colcon.colcon_core.package_identification:_identify(.) by extensions ['ignore', 'ignore_ament_install']
[0.214s] Level 1:colcon.colcon_core.package_identification:_identify(.) by extension 'ignore'
[0.214s] Level 1:colcon.colcon_core.package_identification:_identify(.) by extension 'ignore_ament_install'
[0.214s] Level 1:colcon.colcon_core.package_identification:_identify(.) by extensions ['colcon_pkg']
[0.215s] Level 1:colcon.colcon_core.package_identification:_identify(.) by extension 'colcon_pkg'
[0.215s] Level 1:colcon.colcon_core.package_identification:_identify(.) by extensions ['colcon_meta']
[0.215s] Level 1:colcon.colcon_core.package_identification:_identify(.) by extension 'colcon_meta'
[0.215s] Level 1:colcon.colcon_core.package_identification:_identify(.) by extensions ['ros']
[0.215s] Level 1:colcon.colcon_core.package_identification:_identify(.) by extension 'ros'
[0.253s] Level 1:colcon.colcon_core.package_identification:_identify(.) by extensions ['cmake', 'python']
[0.253s] Level 1:colcon.colcon_core.package_identification:_identify(.) by extension 'cmake'
[0.253s] Level 1:colcon.colcon_core.package_identification:_identify(.) by extension 'python'
[0.253s] Level 1:colcon.colcon_core.package_identification:_identify(.) by extensions ['python_setup_py']
[0.253s] Level 1:colcon.colcon_core.package_identification:_identify(.) by extension 'python_setup_py'
[0.254s] Level 1:colcon.colcon_core.package_identification:_identify(build) by extensions ['ignore', 'ignore_ament_install']
[0.254s] Level 1:colcon.colcon_core.package_identification:_identify(build) by extension 'ignore'
[0.254s] Level 1:colcon.colcon_core.package_identification:_identify(build) ignored
[0.254s] Level 1:colcon.colcon_core.package_identification:_identify(install) by extensions ['ignore', 'ignore_ament_install']
[0.254s] Level 1:colcon.colcon_core.package_identification:_identify(install) by extension 'ignore'
[0.254s] Level 1:colcon.colcon_core.package_identification:_identify(install) ignored
[0.254s] Level 1:colcon.colcon_core.package_identification:_identify(log) by extensions ['ignore', 'ignore_ament_install']
[0.254s] Level 1:colcon.colcon_core.package_identification:_identify(log) by extension 'ignore'
[0.254s] Level 1:colcon.colcon_core.package_identification:_identify(log) ignored
[0.255s] Level 1:colcon.colcon_core.package_identification:_identify(src) by extensions ['ignore', 'ignore_ament_install']
[0.255s] Level 1:colcon.colcon_core.package_identification:_identify(src) by extension 'ignore'
[0.255s] Level 1:colcon.colcon_core.package_identification:_identify(src) by extension 'ignore_ament_install'
[0.255s] Level 1:colcon.colcon_core.package_identification:_identify(src) by extensions ['colcon_pkg']
[0.255s] Level 1:colcon.colcon_core.package_identification:_identify(src) by extension 'colcon_pkg'
[0.255s] Level 1:colcon.colcon_core.package_identification:_identify(src) by extensions ['colcon_meta']
[0.255s] Level 1:colcon.colcon_core.package_identification:_identify(src) by extension 'colcon_meta'
[0.255s] Level 1:colcon.colcon_core.package_identification:_identify(src) by extensions ['ros']
[0.255s] Level 1:colcon.colcon_core.package_identification:_identify(src) by extension 'ros'
[0.255s] Level 1:colcon.colcon_core.package_identification:_identify(src) by extensions ['cmake', 'python']
[0.255s] Level 1:colcon.colcon_core.package_identification:_identify(src) by extension 'cmake'
[0.255s] Level 1:colcon.colcon_core.package_identification:_identify(src) by extension 'python'
[0.255s] Level 1:colcon.colcon_core.package_identification:_identify(src) by extensions ['python_setup_py']
[0.255s] Level 1:colcon.colcon_core.package_identification:_identify(src) by extension 'python_setup_py'
[0.255s] Level 1:colcon.colcon_core.package_identification:_identify(src/custom_messeage) by extensions ['ignore', 'ignore_ament_install']
[0.255s] Level 1:colcon.colcon_core.package_identification:_identify(src/custom_messeage) by extension 'ignore'
[0.255s] Level 1:colcon.colcon_core.package_identification:_identify(src/custom_messeage) by extension 'ignore_ament_install'
[0.256s] Level 1:colcon.colcon_core.package_identification:_identify(src/custom_messeage) by extensions ['colcon_pkg']
[0.256s] Level 1:colcon.colcon_core.package_identification:_identify(src/custom_messeage) by extension 'colcon_pkg'
[0.256s] Level 1:colcon.colcon_core.package_identification:_identify(src/custom_messeage) by extensions ['colcon_meta']
[0.256s] Level 1:colcon.colcon_core.package_identification:_identify(src/custom_messeage) by extension 'colcon_meta'
[0.256s] Level 1:colcon.colcon_core.package_identification:_identify(src/custom_messeage) by extensions ['ros']
[0.256s] Level 1:colcon.colcon_core.package_identification:_identify(src/custom_messeage) by extension 'ros'
[0.259s] DEBUG:colcon.colcon_core.package_identification:Package 'src/custom_messeage' with type 'ros.ament_cmake' and name 'custom_messeage'
[0.259s] Level 1:colcon.colcon_core.package_identification:_identify(src/pick_and_place) by extensions ['ignore', 'ignore_ament_install']
[0.259s] Level 1:colcon.colcon_core.package_identification:_identify(src/pick_and_place) by extension 'ignore'
[0.259s] Level 1:colcon.colcon_core.package_identification:_identify(src/pick_and_place) by extension 'ignore_ament_install'
[0.259s] Level 1:colcon.colcon_core.package_identification:_identify(src/pick_and_place) by extensions ['colcon_pkg']
[0.259s] Level 1:colcon.colcon_core.package_identification:_identify(src/pick_and_place) by extension 'colcon_pkg'
[0.259s] Level 1:colcon.colcon_core.package_identification:_identify(src/pick_and_place) by extensions ['colcon_meta']
[0.259s] Level 1:colcon.colcon_core.package_identification:_identify(src/pick_and_place) by extension 'colcon_meta'
[0.259s] Level 1:colcon.colcon_core.package_identification:_identify(src/pick_and_place) by extensions ['ros']
[0.260s] Level 1:colcon.colcon_core.package_identification:_identify(src/pick_and_place) by extension 'ros'
[0.260s] DEBUG:colcon.colcon_core.package_identification:Package 'src/pick_and_place' with type 'ros.ament_python' and name 'pick_and_place'
[0.260s] Level 1:colcon.colcon_core.package_discovery:discover_packages(recursive) using defaults
[0.260s] Level 1:colcon.colcon_core.package_discovery:discover_packages(ignore) discover
[0.260s] Level 1:colcon.colcon_core.package_discovery:discover_packages(ignore) using defaults
[0.260s] Level 1:colcon.colcon_core.package_discovery:discover_packages(path) discover
[0.260s] Level 1:colcon.colcon_core.package_discovery:discover_packages(path) using defaults
[0.284s] Level 1:colcon.colcon_core.package_discovery:discover_packages(prefix_path) check parameters
[0.284s] Level 1:colcon.colcon_core.package_discovery:discover_packages(prefix_path) discover
[0.287s] DEBUG:colcon.colcon_installed_package_information.package_discovery:Found 2 installed packages in /home/jetcobot/sun_ws/ros2_ws/install
[0.287s] DEBUG:colcon.colcon_installed_package_information.package_discovery:Found 1 installed packages in /home/jetcobot/CJ_ws/ros_ws/src/robocallee_fms/install
[0.290s] DEBUG:colcon.colcon_installed_package_information.package_discovery:Found 379 installed packages in /opt/ros/jazzy
[0.293s] Level 1:colcon.colcon_core.package_discovery:discover_packages(prefix_path) using defaults
[0.368s] Level 5:colcon.colcon_core.verb:set package 'custom_messeage' build argument 'cmake_args' from command line to 'None'
[0.368s] Level 5:colcon.colcon_core.verb:set package 'custom_messeage' build argument 'cmake_target' from command line to 'None'
[0.368s] Level 5:colcon.colcon_core.verb:set package 'custom_messeage' build argument 'cmake_target_skip_unavailable' from command line to 'False'
[0.368s] Level 5:colcon.colcon_core.verb:set package 'custom_messeage' build argument 'cmake_clean_cache' from command line to 'False'
[0.368s] Level 5:colcon.colcon_core.verb:set package 'custom_messeage' build argument 'cmake_clean_first' from command line to 'False'
[0.368s] Level 5:colcon.colcon_core.verb:set package 'custom_messeage' build argument 'cmake_force_configure' from command line to 'False'
[0.368s] Level 5:colcon.colcon_core.verb:set package 'custom_messeage' build argument 'ament_cmake_args' from command line to 'None'
[0.368s] Level 5:colcon.colcon_core.verb:set package 'custom_messeage' build argument 'catkin_cmake_args' from command line to 'None'
[0.368s] Level 5:colcon.colcon_core.verb:set package 'custom_messeage' build argument 'catkin_skip_building_tests' from command line to 'False'
[0.368s] DEBUG:colcon.colcon_core.verb:Building package 'custom_messeage' with the following arguments: {'ament_cmake_args': None, 'build_base': '/home/jetcobot/sun_ws/ros2_ws/build/custom_messeage', 'catkin_cmake_args': None, 'catkin_skip_building_tests': False, 'cmake_args': None, 'cmake_clean_cache': False, 'cmake_clean_first': False, 'cmake_force_configure': False, 'cmake_target': None, 'cmake_target_skip_unavailable': False, 'install_base': '/home/jetcobot/sun_ws/ros2_ws/install/custom_messeage', 'merge_install': False, 'path': '/home/jetcobot/sun_ws/ros2_ws/src/custom_messeage', 'symlink_install': True, 'test_result_base': None}
[0.369s] Level 5:colcon.colcon_core.verb:set package 'pick_and_place' build argument 'cmake_args' from command line to 'None'
[0.369s] Level 5:colcon.colcon_core.verb:set package 'pick_and_place' build argument 'cmake_target' from command line to 'None'
[0.369s] Level 5:colcon.colcon_core.verb:set package 'pick_and_place' build argument 'cmake_target_skip_unavailable' from command line to 'False'
[0.369s] Level 5:colcon.colcon_core.verb:set package 'pick_and_place' build argument 'cmake_clean_cache' from command line to 'False'
[0.369s] Level 5:colcon.colcon_core.verb:set package 'pick_and_place' build argument 'cmake_clean_first' from command line to 'False'
[0.369s] Level 5:colcon.colcon_core.verb:set package 'pick_and_place' build argument 'cmake_force_configure' from command line to 'False'
[0.369s] Level 5:colcon.colcon_core.verb:set package 'pick_and_place' build argument 'ament_cmake_args' from command line to 'None'
[0.369s] Level 5:colcon.colcon_core.verb:set package 'pick_and_place' build argument 'catkin_cmake_args' from command line to 'None'
[0.369s] Level 5:colcon.colcon_core.verb:set package 'pick_and_place' build argument 'catkin_skip_building_tests' from command line to 'False'
[0.369s] DEBUG:colcon.colcon_core.verb:Building package 'pick_and_place' with the following arguments: {'ament_cmake_args': None, 'build_base': '/home/jetcobot/sun_ws/ros2_ws/build/pick_and_place', 'catkin_cmake_args': None, 'catkin_skip_building_tests': False, 'cmake_args': None, 'cmake_clean_cache': False, 'cmake_clean_first': False, 'cmake_force_configure': False, 'cmake_target': None, 'cmake_target_skip_unavailable': False, 'install_base': '/home/jetcobot/sun_ws/ros2_ws/install/pick_and_place', 'merge_install': False, 'path': '/home/jetcobot/sun_ws/ros2_ws/src/pick_and_place', 'symlink_install': True, 'test_result_base': None}
[0.369s] INFO:colcon.colcon_core.executor:Executing jobs using 'parallel' executor
[0.370s] DEBUG:colcon.colcon_parallel_executor.executor.parallel:run_until_complete
[0.371s] INFO:colcon.colcon_ros.task.ament_cmake.build:Building ROS package in '/home/jetcobot/sun_ws/ros2_ws/src/custom_messeage' with build type 'ament_cmake'
[0.371s] INFO:colcon.colcon_cmake.task.cmake.build:Building CMake package in '/home/jetcobot/sun_ws/ros2_ws/src/custom_messeage'
[0.373s] INFO:colcon.colcon_core.plugin_system:Skipping extension 'colcon_core.shell.bat': Not used on non-Windows systems
[0.373s] INFO:colcon.colcon_core.shell:Skip shell extension 'powershell' for command environment: Not usable outside of PowerShell
[0.373s] DEBUG:colcon.colcon_core.shell:Skip shell extension 'dsv' for command environment
[0.379s] INFO:colcon.colcon_ros.task.ament_python.build:Building ROS package in '/home/jetcobot/sun_ws/ros2_ws/src/pick_and_place' with build type 'ament_python'
[0.379s] Level 1:colcon.colcon_core.shell:create_environment_hook('pick_and_place', 'ament_prefix_path')
[0.380s] INFO:colcon.colcon_core.shell:Creating environment hook '/home/jetcobot/sun_ws/ros2_ws/install/pick_and_place/share/pick_and_place/hook/ament_prefix_path.ps1'
[0.381s] INFO:colcon.colcon_core.shell:Creating environment descriptor '/home/jetcobot/sun_ws/ros2_ws/install/pick_and_place/share/pick_and_place/hook/ament_prefix_path.dsv'
[0.382s] INFO:colcon.colcon_core.shell:Creating environment hook '/home/jetcobot/sun_ws/ros2_ws/install/pick_and_place/share/pick_and_place/hook/ament_prefix_path.sh'
[0.386s] INFO:colcon.colcon_core.shell:Skip shell extension 'powershell' for command environment: Not usable outside of PowerShell
[0.386s] DEBUG:colcon.colcon_core.shell:Skip shell extension 'dsv' for command environment
[0.400s] DEBUG:colcon.colcon_core.event_handler.log_command:Invoking command in '/home/jetcobot/sun_ws/ros2_ws/build/custom_messeage': CMAKE_PREFIX_PATH=${CMAKE_PREFIX_PATH}:/home/jetcobot/sun_ws/ros2_ws/install/pick_and_place:/opt/ros/jazzy DEBUGINFOD_URLS=https://debuginfod.ubuntu.com PS1=\[\e]0;\u@\h: \w\a\]${debian_chroot:+($debian_chroot)}\[\033[01;32m\]\u@\h\[\033[00m\]:\[\033[01;34m\]\w\[\033[00m\]\$ /usr/bin/cmake --build /home/jetcobot/sun_ws/ros2_ws/build/custom_messeage -- -j4 -l4
[0.881s] INFO:colcon.colcon_core.task.python.build:Building Python package in '/home/jetcobot/sun_ws/ros2_ws/src/pick_and_place'
[0.881s] INFO:colcon.colcon_core.shell:Skip shell extension 'powershell' for command environment: Not usable outside of PowerShell
[0.882s] DEBUG:colcon.colcon_core.shell:Skip shell extension 'dsv' for command environment
[1.386s] DEBUG:colcon.colcon_core.event_handler.log_command:Invoked command in '/home/jetcobot/sun_ws/ros2_ws/build/custom_messeage' returned '0': CMAKE_PREFIX_PATH=${CMAKE_PREFIX_PATH}:/home/jetcobot/sun_ws/ros2_ws/install/pick_and_place:/opt/ros/jazzy DEBUGINFOD_URLS=https://debuginfod.ubuntu.com PS1=\[\e]0;\u@\h: \w\a\]${debian_chroot:+($debian_chroot)}\[\033[01;32m\]\u@\h\[\033[00m\]:\[\033[01;34m\]\w\[\033[00m\]\$ /usr/bin/cmake --build /home/jetcobot/sun_ws/ros2_ws/build/custom_messeage -- -j4 -l4
[1.421s] DEBUG:colcon.colcon_core.event_handler.log_command:Invoking command in '/home/jetcobot/sun_ws/ros2_ws/build/custom_messeage': CMAKE_PREFIX_PATH=${CMAKE_PREFIX_PATH}:/home/jetcobot/sun_ws/ros2_ws/install/pick_and_place:/opt/ros/jazzy DEBUGINFOD_URLS=https://debuginfod.ubuntu.com PS1=\[\e]0;\u@\h: \w\a\]${debian_chroot:+($debian_chroot)}\[\033[01;32m\]\u@\h\[\033[00m\]:\[\033[01;34m\]\w\[\033[00m\]\$ /usr/bin/cmake --install /home/jetcobot/sun_ws/ros2_ws/build/custom_messeage
[1.714s] Level 1:colcon.colcon_core.environment:create_environment_scripts_only(custom_messeage)
[1.717s] DEBUG:colcon.colcon_core.event_handler.log_command:Invoked command in '/home/jetcobot/sun_ws/ros2_ws/build/custom_messeage' returned '0': CMAKE_PREFIX_PATH=${CMAKE_PREFIX_PATH}:/home/jetcobot/sun_ws/ros2_ws/install/pick_and_place:/opt/ros/jazzy DEBUGINFOD_URLS=https://debuginfod.ubuntu.com PS1=\[\e]0;\u@\h: \w\a\]${debian_chroot:+($debian_chroot)}\[\033[01;32m\]\u@\h\[\033[00m\]:\[\033[01;34m\]\w\[\033[00m\]\$ /usr/bin/cmake --install /home/jetcobot/sun_ws/ros2_ws/build/custom_messeage
[1.721s] Level 1:colcon.colcon_core.environment:checking '/home/jetcobot/sun_ws/ros2_ws/install/custom_messeage' for CMake module files
[1.724s] Level 1:colcon.colcon_core.environment:checking '/home/jetcobot/sun_ws/ros2_ws/install/custom_messeage' for CMake config files
[1.726s] Level 1:colcon.colcon_core.shell:create_environment_hook('custom_messeage', 'cmake_prefix_path')
[1.727s] INFO:colcon.colcon_core.shell:Creating environment hook '/home/jetcobot/sun_ws/ros2_ws/install/custom_messeage/share/custom_messeage/hook/cmake_prefix_path.ps1'
[1.728s] INFO:colcon.colcon_core.shell:Creating environment descriptor '/home/jetcobot/sun_ws/ros2_ws/install/custom_messeage/share/custom_messeage/hook/cmake_prefix_path.dsv'
[1.730s] INFO:colcon.colcon_core.shell:Creating environment hook '/home/jetcobot/sun_ws/ros2_ws/install/custom_messeage/share/custom_messeage/hook/cmake_prefix_path.sh'
[1.732s] Level 1:colcon.colcon_core.environment:checking '/home/jetcobot/sun_ws/ros2_ws/install/custom_messeage/lib'
[1.732s] Level 1:colcon.colcon_core.shell:create_environment_hook('custom_messeage', 'ld_library_path_lib')
[1.733s] INFO:colcon.colcon_core.shell:Creating environment hook '/home/jetcobot/sun_ws/ros2_ws/install/custom_messeage/share/custom_messeage/hook/ld_library_path_lib.ps1'
[1.734s] INFO:colcon.colcon_core.shell:Creating environment descriptor '/home/jetcobot/sun_ws/ros2_ws/install/custom_messeage/share/custom_messeage/hook/ld_library_path_lib.dsv'
[1.736s] INFO:colcon.colcon_core.shell:Creating environment hook '/home/jetcobot/sun_ws/ros2_ws/install/custom_messeage/share/custom_messeage/hook/ld_library_path_lib.sh'
[1.737s] Level 1:colcon.colcon_core.environment:checking '/home/jetcobot/sun_ws/ros2_ws/install/custom_messeage/bin'
[1.737s] Level 1:colcon.colcon_core.environment:checking '/home/jetcobot/sun_ws/ros2_ws/install/custom_messeage/lib/pkgconfig/custom_messeage.pc'
[1.738s] Level 1:colcon.colcon_core.environment:checking '/home/jetcobot/sun_ws/ros2_ws/install/custom_messeage/lib/python3.12/site-packages'
[1.738s] Level 1:colcon.colcon_core.shell:create_environment_hook('custom_messeage', 'pythonpath')
[1.739s] INFO:colcon.colcon_core.shell:Creating environment hook '/home/jetcobot/sun_ws/ros2_ws/install/custom_messeage/share/custom_messeage/hook/pythonpath.ps1'
[1.740s] INFO:colcon.colcon_core.shell:Creating environment descriptor '/home/jetcobot/sun_ws/ros2_ws/install/custom_messeage/share/custom_messeage/hook/pythonpath.dsv'
[1.744s] INFO:colcon.colcon_core.shell:Creating environment hook '/home/jetcobot/sun_ws/ros2_ws/install/custom_messeage/share/custom_messeage/hook/pythonpath.sh'
[1.745s] Level 1:colcon.colcon_core.environment:checking '/home/jetcobot/sun_ws/ros2_ws/install/custom_messeage/bin'
[1.746s] INFO:colcon.colcon_core.shell:Creating package script '/home/jetcobot/sun_ws/ros2_ws/install/custom_messeage/share/custom_messeage/package.ps1'
[1.751s] INFO:colcon.colcon_core.shell:Creating package descriptor '/home/jetcobot/sun_ws/ros2_ws/install/custom_messeage/share/custom_messeage/package.dsv'
[1.753s] INFO:colcon.colcon_core.shell:Creating package script '/home/jetcobot/sun_ws/ros2_ws/install/custom_messeage/share/custom_messeage/package.sh'
[1.755s] INFO:colcon.colcon_core.shell:Creating package script '/home/jetcobot/sun_ws/ros2_ws/install/custom_messeage/share/custom_messeage/package.bash'
[1.756s] INFO:colcon.colcon_core.shell:Creating package script '/home/jetcobot/sun_ws/ros2_ws/install/custom_messeage/share/custom_messeage/package.zsh'
[1.757s] Level 1:colcon.colcon_core.environment:create_file_with_runtime_dependencies(/home/jetcobot/sun_ws/ros2_ws/install/custom_messeage/share/colcon-core/packages/custom_messeage)
[1.760s] Level 1:colcon.colcon_core.environment:create_environment_scripts_only(custom_messeage)
[1.761s] Level 1:colcon.colcon_core.environment:checking '/home/jetcobot/sun_ws/ros2_ws/install/custom_messeage' for CMake module files
[1.762s] Level 1:colcon.colcon_core.environment:checking '/home/jetcobot/sun_ws/ros2_ws/install/custom_messeage' for CMake config files
[1.763s] Level 1:colcon.colcon_core.shell:create_environment_hook('custom_messeage', 'cmake_prefix_path')
[1.763s] INFO:colcon.colcon_core.shell:Creating environment hook '/home/jetcobot/sun_ws/ros2_ws/install/custom_messeage/share/custom_messeage/hook/cmake_prefix_path.ps1'
[1.764s] INFO:colcon.colcon_core.shell:Creating environment descriptor '/home/jetcobot/sun_ws/ros2_ws/install/custom_messeage/share/custom_messeage/hook/cmake_prefix_path.dsv'
[1.765s] INFO:colcon.colcon_core.shell:Creating environment hook '/home/jetcobot/sun_ws/ros2_ws/install/custom_messeage/share/custom_messeage/hook/cmake_prefix_path.sh'
[1.766s] Level 1:colcon.colcon_core.environment:checking '/home/jetcobot/sun_ws/ros2_ws/install/custom_messeage/lib'
[1.767s] Level 1:colcon.colcon_core.shell:create_environment_hook('custom_messeage', 'ld_library_path_lib')
[1.767s] INFO:colcon.colcon_core.shell:Creating environment hook '/home/jetcobot/sun_ws/ros2_ws/install/custom_messeage/share/custom_messeage/hook/ld_library_path_lib.ps1'
[1.768s] INFO:colcon.colcon_core.shell:Creating environment descriptor '/home/jetcobot/sun_ws/ros2_ws/install/custom_messeage/share/custom_messeage/hook/ld_library_path_lib.dsv'
[1.769s] INFO:colcon.colcon_core.shell:Creating environment hook '/home/jetcobot/sun_ws/ros2_ws/install/custom_messeage/share/custom_messeage/hook/ld_library_path_lib.sh'
[1.770s] Level 1:colcon.colcon_core.environment:checking '/home/jetcobot/sun_ws/ros2_ws/install/custom_messeage/bin'
[1.770s] Level 1:colcon.colcon_core.environment:checking '/home/jetcobot/sun_ws/ros2_ws/install/custom_messeage/lib/pkgconfig/custom_messeage.pc'
[1.774s] Level 1:colcon.colcon_core.environment:checking '/home/jetcobot/sun_ws/ros2_ws/install/custom_messeage/lib/python3.12/site-packages'
[1.774s] Level 1:colcon.colcon_core.shell:create_environment_hook('custom_messeage', 'pythonpath')
[1.774s] INFO:colcon.colcon_core.shell:Creating environment hook '/home/jetcobot/sun_ws/ros2_ws/install/custom_messeage/share/custom_messeage/hook/pythonpath.ps1'
[1.775s] INFO:colcon.colcon_core.shell:Creating environment descriptor '/home/jetcobot/sun_ws/ros2_ws/install/custom_messeage/share/custom_messeage/hook/pythonpath.dsv'
[1.777s] INFO:colcon.colcon_core.shell:Creating environment hook '/home/jetcobot/sun_ws/ros2_ws/install/custom_messeage/share/custom_messeage/hook/pythonpath.sh'
[1.780s] Level 1:colcon.colcon_core.environment:checking '/home/jetcobot/sun_ws/ros2_ws/install/custom_messeage/bin'
[1.781s] INFO:colcon.colcon_core.shell:Creating package script '/home/jetcobot/sun_ws/ros2_ws/install/custom_messeage/share/custom_messeage/package.ps1'
[1.785s] INFO:colcon.colcon_core.shell:Creating package descriptor '/home/jetcobot/sun_ws/ros2_ws/install/custom_messeage/share/custom_messeage/package.dsv'
[1.787s] INFO:colcon.colcon_core.shell:Creating package script '/home/jetcobot/sun_ws/ros2_ws/install/custom_messeage/share/custom_messeage/package.sh'
[1.788s] INFO:colcon.colcon_core.shell:Creating package script '/home/jetcobot/sun_ws/ros2_ws/install/custom_messeage/share/custom_messeage/package.bash'
[1.792s] INFO:colcon.colcon_core.shell:Creating package script '/home/jetcobot/sun_ws/ros2_ws/install/custom_messeage/share/custom_messeage/package.zsh'
[1.793s] Level 1:colcon.colcon_core.environment:create_file_with_runtime_dependencies(/home/jetcobot/sun_ws/ros2_ws/install/custom_messeage/share/colcon-core/packages/custom_messeage)
[2.327s] DEBUG:colcon.colcon_core.event_handler.log_command:Invoking command in '/home/jetcobot/sun_ws/ros2_ws/build/pick_and_place': DEBUGINFOD_URLS=https://debuginfod.ubuntu.com PS1=\[\e]0;\u@\h: \w\a\]${debian_chroot:+($debian_chroot)}\[\033[01;32m\]\u@\h\[\033[00m\]:\[\033[01;34m\]\w\[\033[00m\]\$ PYTHONPATH=/home/jetcobot/sun_ws/ros2_ws/build/pick_and_place/prefix_override:/usr/lib/python3/dist-packages/colcon_core/task/python/colcon_distutils_commands:/home/jetcobot/sun_ws/ros2_ws/install/pick_and_place/lib/python3.12/site-packages:${PYTHONPATH} /usr/bin/python3 -W ignore:setup.py install is deprecated -W ignore:easy_install command is deprecated setup.py develop --editable --build-directory /home/jetcobot/sun_ws/ros2_ws/build/pick_and_place/build --no-deps symlink_data
[3.777s] Level 1:colcon.colcon_core.shell:create_environment_hook('pick_and_place', 'pythonpath_develop')
[3.778s] INFO:colcon.colcon_core.shell:Creating environment hook '/home/jetcobot/sun_ws/ros2_ws/build/pick_and_place/share/pick_and_place/hook/pythonpath_develop.ps1'
[3.779s] INFO:colcon.colcon_core.shell:Creating environment descriptor '/home/jetcobot/sun_ws/ros2_ws/build/pick_and_place/share/pick_and_place/hook/pythonpath_develop.dsv'
[3.780s] DEBUG:colcon.colcon_core.event_handler.log_command:Invoked command in '/home/jetcobot/sun_ws/ros2_ws/build/pick_and_place' returned '0': DEBUGINFOD_URLS=https://debuginfod.ubuntu.com PS1=\[\e]0;\u@\h: \w\a\]${debian_chroot:+($debian_chroot)}\[\033[01;32m\]\u@\h\[\033[00m\]:\[\033[01;34m\]\w\[\033[00m\]\$ PYTHONPATH=/home/jetcobot/sun_ws/ros2_ws/build/pick_and_place/prefix_override:/usr/lib/python3/dist-packages/colcon_core/task/python/colcon_distutils_commands:/home/jetcobot/sun_ws/ros2_ws/install/pick_and_place/lib/python3.12/site-packages:${PYTHONPATH} /usr/bin/python3 -W ignore:setup.py install is deprecated -W ignore:easy_install command is deprecated setup.py develop --editable --build-directory /home/jetcobot/sun_ws/ros2_ws/build/pick_and_place/build --no-deps symlink_data
[3.781s] INFO:colcon.colcon_core.shell:Creating environment hook '/home/jetcobot/sun_ws/ros2_ws/build/pick_and_place/share/pick_and_place/hook/pythonpath_develop.sh'
[3.783s] Level 1:colcon.colcon_core.environment:checking '/home/jetcobot/sun_ws/ros2_ws/install/pick_and_place' for CMake module files
[3.784s] Level 1:colcon.colcon_core.environment:checking '/home/jetcobot/sun_ws/ros2_ws/install/pick_and_place' for CMake config files
[3.785s] Level 1:colcon.colcon_core.environment:checking '/home/jetcobot/sun_ws/ros2_ws/install/pick_and_place/lib'
[3.786s] Level 1:colcon.colcon_core.environment:checking '/home/jetcobot/sun_ws/ros2_ws/install/pick_and_place/bin'
[3.786s] Level 1:colcon.colcon_core.environment:checking '/home/jetcobot/sun_ws/ros2_ws/install/pick_and_place/lib/pkgconfig/pick_and_place.pc'
[3.786s] Level 1:colcon.colcon_core.environment:checking '/home/jetcobot/sun_ws/ros2_ws/install/pick_and_place/lib/python3.12/site-packages'
[3.787s] Level 1:colcon.colcon_core.shell:create_environment_hook('pick_and_place', 'pythonpath')
[3.787s] INFO:colcon.colcon_core.shell:Creating environment hook '/home/jetcobot/sun_ws/ros2_ws/install/pick_and_place/share/pick_and_place/hook/pythonpath.ps1'
[3.788s] INFO:colcon.colcon_core.shell:Creating environment descriptor '/home/jetcobot/sun_ws/ros2_ws/install/pick_and_place/share/pick_and_place/hook/pythonpath.dsv'
[3.789s] INFO:colcon.colcon_core.shell:Creating environment hook '/home/jetcobot/sun_ws/ros2_ws/install/pick_and_place/share/pick_and_place/hook/pythonpath.sh'
[3.790s] Level 1:colcon.colcon_core.environment:checking '/home/jetcobot/sun_ws/ros2_ws/install/pick_and_place/bin'
[3.791s] Level 1:colcon.colcon_core.environment:create_environment_scripts_only(pick_and_place)
[3.791s] INFO:colcon.colcon_core.shell:Creating package script '/home/jetcobot/sun_ws/ros2_ws/install/pick_and_place/share/pick_and_place/package.ps1'
[3.793s] INFO:colcon.colcon_core.shell:Creating package descriptor '/home/jetcobot/sun_ws/ros2_ws/install/pick_and_place/share/pick_and_place/package.dsv'
[3.794s] INFO:colcon.colcon_core.shell:Creating package script '/home/jetcobot/sun_ws/ros2_ws/install/pick_and_place/share/pick_and_place/package.sh'
[3.795s] INFO:colcon.colcon_core.shell:Creating package script '/home/jetcobot/sun_ws/ros2_ws/install/pick_and_place/share/pick_and_place/package.bash'
[3.796s] INFO:colcon.colcon_core.shell:Creating package script '/home/jetcobot/sun_ws/ros2_ws/install/pick_and_place/share/pick_and_place/package.zsh'
[3.797s] Level 1:colcon.colcon_core.environment:create_file_with_runtime_dependencies(/home/jetcobot/sun_ws/ros2_ws/install/pick_and_place/share/colcon-core/packages/pick_and_place)
[3.798s] DEBUG:colcon.colcon_parallel_executor.executor.parallel:closing loop
[3.798s] DEBUG:colcon.colcon_parallel_executor.executor.parallel:loop closed
[3.799s] DEBUG:colcon.colcon_parallel_executor.executor.parallel:run_until_complete finished with '0'
[3.799s] DEBUG:colcon.colcon_core.event_reactor:joining thread
[3.808s] INFO:colcon.colcon_core.plugin_system:Skipping extension 'colcon_notification.desktop_notification.terminal_notifier': Not used on non-Darwin systems
[3.808s] INFO:colcon.colcon_core.plugin_system:Skipping extension 'colcon_notification.desktop_notification.win32': Not used on non-Windows systems
[3.808s] INFO:colcon.colcon_notification.desktop_notification:Sending desktop notification using 'notify2'
[3.838s] DEBUG:colcon.colcon_core.event_reactor:joined thread
[3.839s] INFO:colcon.colcon_core.shell:Creating prefix script '/home/jetcobot/sun_ws/ros2_ws/install/local_setup.ps1'
[3.840s] INFO:colcon.colcon_core.shell:Creating prefix util module '/home/jetcobot/sun_ws/ros2_ws/install/_local_setup_util_ps1.py'
[3.848s] INFO:colcon.colcon_core.shell:Creating prefix chain script '/home/jetcobot/sun_ws/ros2_ws/install/setup.ps1'
[3.855s] INFO:colcon.colcon_core.shell:Creating prefix script '/home/jetcobot/sun_ws/ros2_ws/install/local_setup.sh'
[3.857s] INFO:colcon.colcon_core.shell:Creating prefix util module '/home/jetcobot/sun_ws/ros2_ws/install/_local_setup_util_sh.py'
[3.858s] INFO:colcon.colcon_core.shell:Creating prefix chain script '/home/jetcobot/sun_ws/ros2_ws/install/setup.sh'
[3.861s] INFO:colcon.colcon_core.shell:Creating prefix script '/home/jetcobot/sun_ws/ros2_ws/install/local_setup.bash'
[3.862s] INFO:colcon.colcon_core.shell:Creating prefix chain script '/home/jetcobot/sun_ws/ros2_ws/install/setup.bash'
[3.865s] INFO:colcon.colcon_core.shell:Creating prefix script '/home/jetcobot/sun_ws/ros2_ws/install/local_setup.zsh'
[3.867s] INFO:colcon.colcon_core.shell:Creating prefix chain script '/home/jetcobot/sun_ws/ros2_ws/install/setup.zsh'
