[2.254s] Invoking command in '/home/jetcobot/sun_ws/ros2_ws/build/pick_and_place': DEBUGINFOD_URLS=https://debuginfod.ubuntu.com PYTHONPATH=/home/jetcobot/sun_ws/ros2_ws/build/pick_and_place/prefix_override:/usr/lib/python3/dist-packages/colcon_core/task/python/colcon_distutils_commands:/home/jetcobot/sun_ws/ros2_ws/install/pick_and_place/lib/python3.12/site-packages:${PYTHONPATH} /usr/bin/python3 -W ignore:setup.py install is deprecated -W ignore:easy_install command is deprecated setup.py develop --editable --build-directory /home/jetcobot/sun_ws/ros2_ws/build/pick_and_place/build --no-deps symlink_data
[3.041s] running develop
[3.465s] running egg_info
[3.498s] writing pick_and_place.egg-info/PKG-INFO
[3.498s] writing dependency_links to pick_and_place.egg-info/dependency_links.txt
[3.499s] writing entry points to pick_and_place.egg-info/entry_points.txt
[3.500s] writing requirements to pick_and_place.egg-info/requires.txt
[3.500s] writing top-level names to pick_and_place.egg-info/top_level.txt
[3.593s] reading manifest file 'pick_and_place.egg-info/SOURCES.txt'
[3.594s] writing manifest file 'pick_and_place.egg-info/SOURCES.txt'
[3.634s] running build_ext
[3.635s] Creating /home/jetcobot/sun_ws/ros2_ws/install/pick_and_place/lib/python3.12/site-packages/pick-and-place.egg-link (link to .)
[3.636s] Installing camera_node script to /home/jetcobot/sun_ws/ros2_ws/install/pick_and_place/lib/pick_and_place
[3.636s] Installing camera_test_node script to /home/jetcobot/sun_ws/ros2_ws/install/pick_and_place/lib/pick_and_place
[3.637s] Installing control_node script to /home/jetcobot/sun_ws/ros2_ws/install/pick_and_place/lib/pick_and_place
[3.637s] Installing detection_node script to /home/jetcobot/sun_ws/ros2_ws/install/pick_and_place/lib/pick_and_place
[3.637s] Installing robot2_control_node script to /home/jetcobot/sun_ws/ros2_ws/install/pick_and_place/lib/pick_and_place
[3.637s] Installing transform_node script to /home/jetcobot/sun_ws/ros2_ws/install/pick_and_place/lib/pick_and_place
[3.638s] 
[3.638s] Installed /home/jetcobot/sun_ws/ros2_ws/build/pick_and_place
[3.638s] running symlink_data
[3.765s] Invoked command in '/home/jetcobot/sun_ws/ros2_ws/build/pick_and_place' returned '0': DEBUGINFOD_URLS=https://debuginfod.ubuntu.com PYTHONPATH=/home/jetcobot/sun_ws/ros2_ws/build/pick_and_place/prefix_override:/usr/lib/python3/dist-packages/colcon_core/task/python/colcon_distutils_commands:/home/jetcobot/sun_ws/ros2_ws/install/pick_and_place/lib/python3.12/site-packages:${PYTHONPATH} /usr/bin/python3 -W ignore:setup.py install is deprecated -W ignore:easy_install command is deprecated setup.py develop --editable --build-directory /home/jetcobot/sun_ws/ros2_ws/build/pick_and_place/build --no-deps symlink_data
