[1.510s] Invoking command in '/home/jetcobot/sun_ws/ros2_ws/src/pick_and_place': DEBUGINFOD_URLS=https://debuginfod.ubuntu.com PYTHONPATH=/home/jetcobot/sun_ws/ros2_ws/build/pick_and_place/prefix_override:/usr/lib/python3/dist-packages/colcon_core/task/python/colcon_distutils_commands:/home/jetcobot/sun_ws/ros2_ws/install/pick_and_place/lib/python3.12/site-packages:${PYTHONPATH} /usr/bin/python3 -W ignore:setup.py install is deprecated -W ignore:easy_install command is deprecated setup.py egg_info --egg-base ../../build/pick_and_place build --build-base /home/jetcobot/sun_ws/ros2_ws/build/pick_and_place/build install --record /home/jetcobot/sun_ws/ros2_ws/build/pick_and_place/install.log --single-version-externally-managed install_data
[1.974s] running egg_info
[2.009s] writing ../../build/pick_and_place/pick_and_place.egg-info/PKG-INFO
[2.009s] writing dependency_links to ../../build/pick_and_place/pick_and_place.egg-info/dependency_links.txt
[2.010s] writing entry points to ../../build/pick_and_place/pick_and_place.egg-info/entry_points.txt
[2.011s] writing requirements to ../../build/pick_and_place/pick_and_place.egg-info/requires.txt
[2.011s] writing top-level names to ../../build/pick_and_place/pick_and_place.egg-info/top_level.txt
[2.084s] reading manifest file '../../build/pick_and_place/pick_and_place.egg-info/SOURCES.txt'
[2.084s] adding license file 'LICENSE'
[2.085s] writing manifest file '../../build/pick_and_place/pick_and_place.egg-info/SOURCES.txt'
[2.086s] running build
[2.086s] running build_py
[2.086s] copying pick_and_place/robot2_control_node.py -> /home/jetcobot/sun_ws/ros2_ws/build/pick_and_place/build/lib/pick_and_place
[2.087s] running install
[2.096s] running install_lib
[2.132s] copying /home/jetcobot/sun_ws/ros2_ws/build/pick_and_place/build/lib/pick_and_place/robot2_control_node.py -> /home/jetcobot/sun_ws/ros2_ws/install/pick_and_place/lib/python3.12/site-packages/pick_and_place
[2.133s] byte-compiling /home/jetcobot/sun_ws/ros2_ws/install/pick_and_place/lib/python3.12/site-packages/pick_and_place/robot2_control_node.py to robot2_control_node.cpython-312.pyc
[2.135s] running install_data
[2.135s] running install_egg_info
[2.175s] removing '/home/jetcobot/sun_ws/ros2_ws/install/pick_and_place/lib/python3.12/site-packages/pick_and_place-0.0.0-py3.12.egg-info' (and everything under it)
[2.176s] Copying ../../build/pick_and_place/pick_and_place.egg-info to /home/jetcobot/sun_ws/ros2_ws/install/pick_and_place/lib/python3.12/site-packages/pick_and_place-0.0.0-py3.12.egg-info
[2.177s] running install_scripts
[2.406s] Installing camera_node script to /home/jetcobot/sun_ws/ros2_ws/install/pick_and_place/lib/pick_and_place
[2.407s] Installing control_node script to /home/jetcobot/sun_ws/ros2_ws/install/pick_and_place/lib/pick_and_place
[2.408s] Installing detection_node script to /home/jetcobot/sun_ws/ros2_ws/install/pick_and_place/lib/pick_and_place
[2.410s] Installing robot2_control_node script to /home/jetcobot/sun_ws/ros2_ws/install/pick_and_place/lib/pick_and_place
[2.411s] Installing transform_node script to /home/jetcobot/sun_ws/ros2_ws/install/pick_and_place/lib/pick_and_place
[2.412s] writing list of installed files to '/home/jetcobot/sun_ws/ros2_ws/build/pick_and_place/install.log'
[2.507s] Invoked command in '/home/jetcobot/sun_ws/ros2_ws/src/pick_and_place' returned '0': DEBUGINFOD_URLS=https://debuginfod.ubuntu.com PYTHONPATH=/home/jetcobot/sun_ws/ros2_ws/build/pick_and_place/prefix_override:/usr/lib/python3/dist-packages/colcon_core/task/python/colcon_distutils_commands:/home/jetcobot/sun_ws/ros2_ws/install/pick_and_place/lib/python3.12/site-packages:${PYTHONPATH} /usr/bin/python3 -W ignore:setup.py install is deprecated -W ignore:easy_install command is deprecated setup.py egg_info --egg-base ../../build/pick_and_place build --build-base /home/jetcobot/sun_ws/ros2_ws/build/pick_and_place/build install --record /home/jetcobot/sun_ws/ros2_ws/build/pick_and_place/install.log --single-version-externally-managed install_data
