[0.163s] DEBUG:colcon:Command line arguments: ['/usr/bin/colcon', 'build', '--symlink-install']
[0.164s] DEBUG:colcon:Parsed command line arguments: Namespace(log_base=None, log_level=None, verb_name='build', build_base='build', install_base='install', merge_install=False, symlink_install=True, test_result_base=None, continue_on_error=False, executor='parallel', parallel_workers=4, event_handlers=None, ignore_user_meta=False, metas=['./colcon.meta'], base_paths=['.'], packages_ignore=None, packages_ignore_regex=None, paths=None, packages_up_to=None, packages_up_to_regex=None, packages_above=None, packages_above_and_dependencies=None, packages_above_depth=None, packages_select_by_dep=None, packages_skip_by_dep=None, packages_skip_up_to=None, packages_select_build_failed=False, packages_skip_build_finished=False, packages_select_test_failures=False, packages_skip_test_passed=False, packages_select=None, packages_skip=None, packages_select_regex=None, packages_skip_regex=None, packages_start=None, packages_end=None, allow_overriding=[], cmake_args=None, cmake_target=None, cmake_target_skip_unavailable=False, cmake_clean_cache=False, cmake_clean_first=False, cmake_force_configure=False, ament_cmake_args=None, catkin_cmake_args=None, catkin_skip_building_tests=False, mixin_files=None, mixin=None, verb_parser=<colcon_mixin.mixin.mixin_argument.MixinArgumentDecorator object at 0xffffa6c0bf50>, verb_extension=<colcon_core.verb.build.BuildVerb object at 0xffffa6c0bbf0>, main=<bound method BuildVerb.main of <colcon_core.verb.build.BuildVerb object at 0xffffa6c0bbf0>>, mixin_verb=('build',))
[0.221s] Level 1:colcon.colcon_core.package_discovery:discover_packages(colcon_meta) check parameters
[0.221s] Level 1:colcon.colcon_core.package_discovery:discover_packages(recursive) check parameters
[0.221s] Level 1:colcon.colcon_core.package_discovery:discover_packages(ignore) check parameters
[0.221s] Level 1:colcon.colcon_core.package_discovery:discover_packages(path) check parameters
[0.221s] Level 1:colcon.colcon_core.package_discovery:discover_packages(colcon_meta) discover
[0.221s] Level 1:colcon.colcon_core.package_discovery:discover_packages(recursive) discover
[0.221s] INFO:colcon.colcon_core.package_discovery:Crawling recursively for packages in '/home/jetcobot/venv/mycobot/dev/moon_ws/ros2_ws'
[0.221s] Level 1:colcon.colcon_core.package_identification:_identify(.) by extensions ['ignore', 'ignore_ament_install']
[0.221s] Level 1:colcon.colcon_core.package_identification:_identify(.) by extension 'ignore'
[0.222s] Level 1:colcon.colcon_core.package_identification:_identify(.) by extension 'ignore_ament_install'
[0.222s] Level 1:colcon.colcon_core.package_identification:_identify(.) by extensions ['colcon_pkg']
[0.222s] Level 1:colcon.colcon_core.package_identification:_identify(.) by extension 'colcon_pkg'
[0.222s] Level 1:colcon.colcon_core.package_identification:_identify(.) by extensions ['colcon_meta']
[0.222s] Level 1:colcon.colcon_core.package_identification:_identify(.) by extension 'colcon_meta'
[0.222s] Level 1:colcon.colcon_core.package_identification:_identify(.) by extensions ['ros']
[0.222s] Level 1:colcon.colcon_core.package_identification:_identify(.) by extension 'ros'
[0.260s] Level 1:colcon.colcon_core.package_identification:_identify(.) by extensions ['cmake', 'python']
[0.260s] Level 1:colcon.colcon_core.package_identification:_identify(.) by extension 'cmake'
[0.260s] Level 1:colcon.colcon_core.package_identification:_identify(.) by extension 'python'
[0.260s] Level 1:colcon.colcon_core.package_identification:_identify(.) by extensions ['python_setup_py']
[0.260s] Level 1:colcon.colcon_core.package_identification:_identify(.) by extension 'python_setup_py'
[0.260s] Level 1:colcon.colcon_core.package_identification:_identify(build) by extensions ['ignore', 'ignore_ament_install']
[0.260s] Level 1:colcon.colcon_core.package_identification:_identify(build) by extension 'ignore'
[0.260s] Level 1:colcon.colcon_core.package_identification:_identify(build) ignored
[0.260s] Level 1:colcon.colcon_core.package_identification:_identify(install) by extensions ['ignore', 'ignore_ament_install']
[0.260s] Level 1:colcon.colcon_core.package_identification:_identify(install) by extension 'ignore'
[0.261s] Level 1:colcon.colcon_core.package_identification:_identify(install) ignored
[0.261s] Level 1:colcon.colcon_core.package_identification:_identify(log) by extensions ['ignore', 'ignore_ament_install']
[0.261s] Level 1:colcon.colcon_core.package_identification:_identify(log) by extension 'ignore'
[0.261s] Level 1:colcon.colcon_core.package_identification:_identify(log) ignored
[0.261s] Level 1:colcon.colcon_core.package_identification:_identify(src) by extensions ['ignore', 'ignore_ament_install']
[0.261s] Level 1:colcon.colcon_core.package_identification:_identify(src) by extension 'ignore'
[0.261s] Level 1:colcon.colcon_core.package_identification:_identify(src) by extension 'ignore_ament_install'
[0.261s] Level 1:colcon.colcon_core.package_identification:_identify(src) by extensions ['colcon_pkg']
[0.261s] Level 1:colcon.colcon_core.package_identification:_identify(src) by extension 'colcon_pkg'
[0.261s] Level 1:colcon.colcon_core.package_identification:_identify(src) by extensions ['colcon_meta']
[0.261s] Level 1:colcon.colcon_core.package_identification:_identify(src) by extension 'colcon_meta'
[0.261s] Level 1:colcon.colcon_core.package_identification:_identify(src) by extensions ['ros']
[0.261s] Level 1:colcon.colcon_core.package_identification:_identify(src) by extension 'ros'
[0.261s] Level 1:colcon.colcon_core.package_identification:_identify(src) by extensions ['cmake', 'python']
[0.261s] Level 1:colcon.colcon_core.package_identification:_identify(src) by extension 'cmake'
[0.261s] Level 1:colcon.colcon_core.package_identification:_identify(src) by extension 'python'
[0.262s] Level 1:colcon.colcon_core.package_identification:_identify(src) by extensions ['python_setup_py']
[0.262s] Level 1:colcon.colcon_core.package_identification:_identify(src) by extension 'python_setup_py'
[0.262s] Level 1:colcon.colcon_core.package_identification:_identify(src/custom_messeage) by extensions ['ignore', 'ignore_ament_install']
[0.262s] Level 1:colcon.colcon_core.package_identification:_identify(src/custom_messeage) by extension 'ignore'
[0.262s] Level 1:colcon.colcon_core.package_identification:_identify(src/custom_messeage) by extension 'ignore_ament_install'
[0.262s] Level 1:colcon.colcon_core.package_identification:_identify(src/custom_messeage) by extensions ['colcon_pkg']
[0.262s] Level 1:colcon.colcon_core.package_identification:_identify(src/custom_messeage) by extension 'colcon_pkg'
[0.262s] Level 1:colcon.colcon_core.package_identification:_identify(src/custom_messeage) by extensions ['colcon_meta']
[0.262s] Level 1:colcon.colcon_core.package_identification:_identify(src/custom_messeage) by extension 'colcon_meta'
[0.262s] Level 1:colcon.colcon_core.package_identification:_identify(src/custom_messeage) by extensions ['ros']
[0.262s] Level 1:colcon.colcon_core.package_identification:_identify(src/custom_messeage) by extension 'ros'
[0.265s] DEBUG:colcon.colcon_core.package_identification:Package 'src/custom_messeage' with type 'ros.ament_cmake' and name 'custom_messeage'
[0.265s] Level 1:colcon.colcon_core.package_identification:_identify(src/pick_and_place) by extensions ['ignore', 'ignore_ament_install']
[0.265s] Level 1:colcon.colcon_core.package_identification:_identify(src/pick_and_place) by extension 'ignore'
[0.265s] Level 1:colcon.colcon_core.package_identification:_identify(src/pick_and_place) by extension 'ignore_ament_install'
[0.266s] Level 1:colcon.colcon_core.package_identification:_identify(src/pick_and_place) by extensions ['colcon_pkg']
[0.266s] Level 1:colcon.colcon_core.package_identification:_identify(src/pick_and_place) by extension 'colcon_pkg'
[0.266s] Level 1:colcon.colcon_core.package_identification:_identify(src/pick_and_place) by extensions ['colcon_meta']
[0.266s] Level 1:colcon.colcon_core.package_identification:_identify(src/pick_and_place) by extension 'colcon_meta'
[0.266s] Level 1:colcon.colcon_core.package_identification:_identify(src/pick_and_place) by extensions ['ros']
[0.266s] Level 1:colcon.colcon_core.package_identification:_identify(src/pick_and_place) by extension 'ros'
[0.266s] DEBUG:colcon.colcon_core.package_identification:Package 'src/pick_and_place' with type 'ros.ament_python' and name 'pick_and_place'
[0.267s] Level 1:colcon.colcon_core.package_identification:_identify(src/ros2_custom_msgs) by extensions ['ignore', 'ignore_ament_install']
[0.267s] Level 1:colcon.colcon_core.package_identification:_identify(src/ros2_custom_msgs) by extension 'ignore'
[0.267s] Level 1:colcon.colcon_core.package_identification:_identify(src/ros2_custom_msgs) by extension 'ignore_ament_install'
[0.267s] Level 1:colcon.colcon_core.package_identification:_identify(src/ros2_custom_msgs) by extensions ['colcon_pkg']
[0.267s] Level 1:colcon.colcon_core.package_identification:_identify(src/ros2_custom_msgs) by extension 'colcon_pkg'
[0.267s] Level 1:colcon.colcon_core.package_identification:_identify(src/ros2_custom_msgs) by extensions ['colcon_meta']
[0.267s] Level 1:colcon.colcon_core.package_identification:_identify(src/ros2_custom_msgs) by extension 'colcon_meta'
[0.267s] Level 1:colcon.colcon_core.package_identification:_identify(src/ros2_custom_msgs) by extensions ['ros']
[0.267s] Level 1:colcon.colcon_core.package_identification:_identify(src/ros2_custom_msgs) by extension 'ros'
[0.267s] Level 1:colcon.colcon_core.package_identification:_identify(src/ros2_custom_msgs) by extensions ['cmake', 'python']
[0.267s] Level 1:colcon.colcon_core.package_identification:_identify(src/ros2_custom_msgs) by extension 'cmake'
[0.267s] Level 1:colcon.colcon_core.package_identification:_identify(src/ros2_custom_msgs) by extension 'python'
[0.267s] Level 1:colcon.colcon_core.package_identification:_identify(src/ros2_custom_msgs) by extensions ['python_setup_py']
[0.267s] Level 1:colcon.colcon_core.package_identification:_identify(src/ros2_custom_msgs) by extension 'python_setup_py'
[0.267s] Level 1:colcon.colcon_core.package_identification:_identify(src/ros2_custom_msgs/src) by extensions ['ignore', 'ignore_ament_install']
[0.267s] Level 1:colcon.colcon_core.package_identification:_identify(src/ros2_custom_msgs/src) by extension 'ignore'
[0.268s] Level 1:colcon.colcon_core.package_identification:_identify(src/ros2_custom_msgs/src) by extension 'ignore_ament_install'
[0.268s] Level 1:colcon.colcon_core.package_identification:_identify(src/ros2_custom_msgs/src) by extensions ['colcon_pkg']
[0.268s] Level 1:colcon.colcon_core.package_identification:_identify(src/ros2_custom_msgs/src) by extension 'colcon_pkg'
[0.268s] Level 1:colcon.colcon_core.package_identification:_identify(src/ros2_custom_msgs/src) by extensions ['colcon_meta']
[0.268s] Level 1:colcon.colcon_core.package_identification:_identify(src/ros2_custom_msgs/src) by extension 'colcon_meta'
[0.268s] Level 1:colcon.colcon_core.package_identification:_identify(src/ros2_custom_msgs/src) by extensions ['ros']
[0.268s] Level 1:colcon.colcon_core.package_identification:_identify(src/ros2_custom_msgs/src) by extension 'ros'
[0.268s] Level 1:colcon.colcon_core.package_identification:_identify(src/ros2_custom_msgs/src) by extensions ['cmake', 'python']
[0.268s] Level 1:colcon.colcon_core.package_identification:_identify(src/ros2_custom_msgs/src) by extension 'cmake'
[0.268s] Level 1:colcon.colcon_core.package_identification:_identify(src/ros2_custom_msgs/src) by extension 'python'
[0.268s] Level 1:colcon.colcon_core.package_identification:_identify(src/ros2_custom_msgs/src) by extensions ['python_setup_py']
[0.268s] Level 1:colcon.colcon_core.package_identification:_identify(src/ros2_custom_msgs/src) by extension 'python_setup_py'
[0.268s] Level 1:colcon.colcon_core.package_identification:_identify(src/ros2_custom_msgs/src/robocallee_fms) by extensions ['ignore', 'ignore_ament_install']
[0.268s] Level 1:colcon.colcon_core.package_identification:_identify(src/ros2_custom_msgs/src/robocallee_fms) by extension 'ignore'
[0.268s] Level 1:colcon.colcon_core.package_identification:_identify(src/ros2_custom_msgs/src/robocallee_fms) by extension 'ignore_ament_install'
[0.268s] Level 1:colcon.colcon_core.package_identification:_identify(src/ros2_custom_msgs/src/robocallee_fms) by extensions ['colcon_pkg']
[0.268s] Level 1:colcon.colcon_core.package_identification:_identify(src/ros2_custom_msgs/src/robocallee_fms) by extension 'colcon_pkg'
[0.268s] Level 1:colcon.colcon_core.package_identification:_identify(src/ros2_custom_msgs/src/robocallee_fms) by extensions ['colcon_meta']
[0.269s] Level 1:colcon.colcon_core.package_identification:_identify(src/ros2_custom_msgs/src/robocallee_fms) by extension 'colcon_meta'
[0.269s] Level 1:colcon.colcon_core.package_identification:_identify(src/ros2_custom_msgs/src/robocallee_fms) by extensions ['ros']
[0.269s] Level 1:colcon.colcon_core.package_identification:_identify(src/ros2_custom_msgs/src/robocallee_fms) by extension 'ros'
[0.269s] DEBUG:colcon.colcon_core.package_identification:Package 'src/ros2_custom_msgs/src/robocallee_fms' with type 'ros.ament_cmake' and name 'robocallee_fms'
[0.269s] Level 1:colcon.colcon_core.package_discovery:discover_packages(recursive) using defaults
[0.269s] Level 1:colcon.colcon_core.package_discovery:discover_packages(ignore) discover
[0.269s] Level 1:colcon.colcon_core.package_discovery:discover_packages(ignore) using defaults
[0.269s] Level 1:colcon.colcon_core.package_discovery:discover_packages(path) discover
[0.269s] Level 1:colcon.colcon_core.package_discovery:discover_packages(path) using defaults
[0.294s] Level 1:colcon.colcon_core.package_discovery:discover_packages(prefix_path) check parameters
[0.294s] Level 1:colcon.colcon_core.package_discovery:discover_packages(prefix_path) discover
[0.297s] DEBUG:colcon.colcon_installed_package_information.package_discovery:Found 3 installed packages in /home/jetcobot/venv/mycobot/dev/moon_ws/ros2_ws/install
[0.297s] DEBUG:colcon.colcon_installed_package_information.package_discovery:Found 1 installed packages in /home/jetcobot/CJ_ws/ros_ws/src/robocallee_fms/install
[0.298s] DEBUG:colcon.colcon_installed_package_information.package_discovery:Found 5 installed packages in /home/jetcobot/ros2_ws/install
[0.298s] DEBUG:colcon.colcon_installed_package_information.package_discovery:Found 1 installed packages in /home/jetcobot/jetcobot_ws/install
[0.299s] DEBUG:colcon.colcon_installed_package_information.package_discovery:Found 1 installed packages in /home/jetcobot/ros2_ws/src/jetcobot_ruckig_test/install
[0.302s] DEBUG:colcon.colcon_installed_package_information.package_discovery:Found 448 installed packages in /opt/ros/jazzy
[0.305s] Level 1:colcon.colcon_core.package_discovery:discover_packages(prefix_path) using defaults
[0.390s] Level 5:colcon.colcon_core.verb:set package 'custom_messeage' build argument 'cmake_args' from command line to 'None'
[0.390s] Level 5:colcon.colcon_core.verb:set package 'custom_messeage' build argument 'cmake_target' from command line to 'None'
[0.390s] Level 5:colcon.colcon_core.verb:set package 'custom_messeage' build argument 'cmake_target_skip_unavailable' from command line to 'False'
[0.390s] Level 5:colcon.colcon_core.verb:set package 'custom_messeage' build argument 'cmake_clean_cache' from command line to 'False'
[0.390s] Level 5:colcon.colcon_core.verb:set package 'custom_messeage' build argument 'cmake_clean_first' from command line to 'False'
[0.390s] Level 5:colcon.colcon_core.verb:set package 'custom_messeage' build argument 'cmake_force_configure' from command line to 'False'
[0.390s] Level 5:colcon.colcon_core.verb:set package 'custom_messeage' build argument 'ament_cmake_args' from command line to 'None'
[0.390s] Level 5:colcon.colcon_core.verb:set package 'custom_messeage' build argument 'catkin_cmake_args' from command line to 'None'
[0.390s] Level 5:colcon.colcon_core.verb:set package 'custom_messeage' build argument 'catkin_skip_building_tests' from command line to 'False'
[0.390s] DEBUG:colcon.colcon_core.verb:Building package 'custom_messeage' with the following arguments: {'ament_cmake_args': None, 'build_base': '/home/jetcobot/venv/mycobot/dev/moon_ws/ros2_ws/build/custom_messeage', 'catkin_cmake_args': None, 'catkin_skip_building_tests': False, 'cmake_args': None, 'cmake_clean_cache': False, 'cmake_clean_first': False, 'cmake_force_configure': False, 'cmake_target': None, 'cmake_target_skip_unavailable': False, 'install_base': '/home/jetcobot/venv/mycobot/dev/moon_ws/ros2_ws/install/custom_messeage', 'merge_install': False, 'path': '/home/jetcobot/venv/mycobot/dev/moon_ws/ros2_ws/src/custom_messeage', 'symlink_install': True, 'test_result_base': None}
[0.390s] Level 5:colcon.colcon_core.verb:set package 'pick_and_place' build argument 'cmake_args' from command line to 'None'
[0.390s] Level 5:colcon.colcon_core.verb:set package 'pick_and_place' build argument 'cmake_target' from command line to 'None'
[0.391s] Level 5:colcon.colcon_core.verb:set package 'pick_and_place' build argument 'cmake_target_skip_unavailable' from command line to 'False'
[0.391s] Level 5:colcon.colcon_core.verb:set package 'pick_and_place' build argument 'cmake_clean_cache' from command line to 'False'
[0.391s] Level 5:colcon.colcon_core.verb:set package 'pick_and_place' build argument 'cmake_clean_first' from command line to 'False'
[0.391s] Level 5:colcon.colcon_core.verb:set package 'pick_and_place' build argument 'cmake_force_configure' from command line to 'False'
[0.391s] Level 5:colcon.colcon_core.verb:set package 'pick_and_place' build argument 'ament_cmake_args' from command line to 'None'
[0.391s] Level 5:colcon.colcon_core.verb:set package 'pick_and_place' build argument 'catkin_cmake_args' from command line to 'None'
[0.391s] Level 5:colcon.colcon_core.verb:set package 'pick_and_place' build argument 'catkin_skip_building_tests' from command line to 'False'
[0.391s] DEBUG:colcon.colcon_core.verb:Building package 'pick_and_place' with the following arguments: {'ament_cmake_args': None, 'build_base': '/home/jetcobot/venv/mycobot/dev/moon_ws/ros2_ws/build/pick_and_place', 'catkin_cmake_args': None, 'catkin_skip_building_tests': False, 'cmake_args': None, 'cmake_clean_cache': False, 'cmake_clean_first': False, 'cmake_force_configure': False, 'cmake_target': None, 'cmake_target_skip_unavailable': False, 'install_base': '/home/jetcobot/venv/mycobot/dev/moon_ws/ros2_ws/install/pick_and_place', 'merge_install': False, 'path': '/home/jetcobot/venv/mycobot/dev/moon_ws/ros2_ws/src/pick_and_place', 'symlink_install': True, 'test_result_base': None}
[0.391s] Level 5:colcon.colcon_core.verb:set package 'robocallee_fms' build argument 'cmake_args' from command line to 'None'
[0.391s] Level 5:colcon.colcon_core.verb:set package 'robocallee_fms' build argument 'cmake_target' from command line to 'None'
[0.391s] Level 5:colcon.colcon_core.verb:set package 'robocallee_fms' build argument 'cmake_target_skip_unavailable' from command line to 'False'
[0.391s] Level 5:colcon.colcon_core.verb:set package 'robocallee_fms' build argument 'cmake_clean_cache' from command line to 'False'
[0.391s] Level 5:colcon.colcon_core.verb:set package 'robocallee_fms' build argument 'cmake_clean_first' from command line to 'False'
[0.391s] Level 5:colcon.colcon_core.verb:set package 'robocallee_fms' build argument 'cmake_force_configure' from command line to 'False'
[0.391s] Level 5:colcon.colcon_core.verb:set package 'robocallee_fms' build argument 'ament_cmake_args' from command line to 'None'
[0.391s] Level 5:colcon.colcon_core.verb:set package 'robocallee_fms' build argument 'catkin_cmake_args' from command line to 'None'
[0.391s] Level 5:colcon.colcon_core.verb:set package 'robocallee_fms' build argument 'catkin_skip_building_tests' from command line to 'False'
[0.391s] DEBUG:colcon.colcon_core.verb:Building package 'robocallee_fms' with the following arguments: {'ament_cmake_args': None, 'build_base': '/home/jetcobot/venv/mycobot/dev/moon_ws/ros2_ws/build/robocallee_fms', 'catkin_cmake_args': None, 'catkin_skip_building_tests': False, 'cmake_args': None, 'cmake_clean_cache': False, 'cmake_clean_first': False, 'cmake_force_configure': False, 'cmake_target': None, 'cmake_target_skip_unavailable': False, 'install_base': '/home/jetcobot/venv/mycobot/dev/moon_ws/ros2_ws/install/robocallee_fms', 'merge_install': False, 'path': '/home/jetcobot/venv/mycobot/dev/moon_ws/ros2_ws/src/ros2_custom_msgs/src/robocallee_fms', 'symlink_install': True, 'test_result_base': None}
[0.391s] INFO:colcon.colcon_core.executor:Executing jobs using 'parallel' executor
[0.393s] DEBUG:colcon.colcon_parallel_executor.executor.parallel:run_until_complete
[0.393s] INFO:colcon.colcon_ros.task.ament_cmake.build:Building ROS package in '/home/jetcobot/venv/mycobot/dev/moon_ws/ros2_ws/src/custom_messeage' with build type 'ament_cmake'
[0.393s] INFO:colcon.colcon_cmake.task.cmake.build:Building CMake package in '/home/jetcobot/venv/mycobot/dev/moon_ws/ros2_ws/src/custom_messeage'
[0.396s] INFO:colcon.colcon_core.plugin_system:Skipping extension 'colcon_core.shell.bat': Not used on non-Windows systems
[0.396s] INFO:colcon.colcon_core.shell:Skip shell extension 'powershell' for command environment: Not usable outside of PowerShell
[0.396s] DEBUG:colcon.colcon_core.shell:Skip shell extension 'dsv' for command environment
[0.404s] INFO:colcon.colcon_ros.task.ament_python.build:Building ROS package in '/home/jetcobot/venv/mycobot/dev/moon_ws/ros2_ws/src/pick_and_place' with build type 'ament_python'
[0.404s] Level 1:colcon.colcon_core.shell:create_environment_hook('pick_and_place', 'ament_prefix_path')
[0.404s] INFO:colcon.colcon_core.shell:Creating environment hook '/home/jetcobot/venv/mycobot/dev/moon_ws/ros2_ws/install/pick_and_place/share/pick_and_place/hook/ament_prefix_path.ps1'
[0.405s] INFO:colcon.colcon_core.shell:Creating environment descriptor '/home/jetcobot/venv/mycobot/dev/moon_ws/ros2_ws/install/pick_and_place/share/pick_and_place/hook/ament_prefix_path.dsv'
[0.406s] INFO:colcon.colcon_core.shell:Creating environment hook '/home/jetcobot/venv/mycobot/dev/moon_ws/ros2_ws/install/pick_and_place/share/pick_and_place/hook/ament_prefix_path.sh'
[0.407s] INFO:colcon.colcon_core.shell:Skip shell extension 'powershell' for command environment: Not usable outside of PowerShell
[0.407s] DEBUG:colcon.colcon_core.shell:Skip shell extension 'dsv' for command environment
[0.415s] INFO:colcon.colcon_ros.task.ament_cmake.build:Building ROS package in '/home/jetcobot/venv/mycobot/dev/moon_ws/ros2_ws/src/ros2_custom_msgs/src/robocallee_fms' with build type 'ament_cmake'
[0.416s] INFO:colcon.colcon_cmake.task.cmake.build:Building CMake package in '/home/jetcobot/venv/mycobot/dev/moon_ws/ros2_ws/src/ros2_custom_msgs/src/robocallee_fms'
[0.416s] INFO:colcon.colcon_core.shell:Skip shell extension 'powershell' for command environment: Not usable outside of PowerShell
[0.416s] DEBUG:colcon.colcon_core.shell:Skip shell extension 'dsv' for command environment
[0.432s] DEBUG:colcon.colcon_core.event_handler.log_command:Invoking command in '/home/jetcobot/venv/mycobot/dev/moon_ws/ros2_ws/build/custom_messeage': CMAKE_PREFIX_PATH=${CMAKE_PREFIX_PATH}:/home/jetcobot/venv/mycobot/dev/moon_ws/ros2_ws/install/pick_and_place:/home/jetcobot/ros2_ws/install/jetcobot_driver:/home/jetcobot/ros2_ws/install/jetcobot_control:/home/jetcobot/jetcobot_ws/install/jetcobot_ctrl:/opt/ros/jazzy DEBUGINFOD_URLS=https://debuginfod.ubuntu.com /usr/bin/cmake --build /home/jetcobot/venv/mycobot/dev/moon_ws/ros2_ws/build/custom_messeage -- -j4 -l4
[0.945s] INFO:colcon.colcon_core.task.python.build:Building Python package in '/home/jetcobot/venv/mycobot/dev/moon_ws/ros2_ws/src/pick_and_place'
[0.946s] INFO:colcon.colcon_core.shell:Skip shell extension 'powershell' for command environment: Not usable outside of PowerShell
[0.946s] DEBUG:colcon.colcon_core.shell:Skip shell extension 'dsv' for command environment
[0.966s] DEBUG:colcon.colcon_core.event_handler.log_command:Invoking command in '/home/jetcobot/venv/mycobot/dev/moon_ws/ros2_ws/build/robocallee_fms': CMAKE_PREFIX_PATH=${CMAKE_PREFIX_PATH}:/home/jetcobot/venv/mycobot/dev/moon_ws/ros2_ws/install/pick_and_place:/home/jetcobot/ros2_ws/install/jetcobot_driver:/home/jetcobot/ros2_ws/install/jetcobot_control:/home/jetcobot/jetcobot_ws/install/jetcobot_ctrl:/opt/ros/jazzy DEBUGINFOD_URLS=https://debuginfod.ubuntu.com /usr/bin/cmake --build /home/jetcobot/venv/mycobot/dev/moon_ws/ros2_ws/build/robocallee_fms -- -j4 -l4
[1.443s] DEBUG:colcon.colcon_core.event_handler.log_command:Invoked command in '/home/jetcobot/venv/mycobot/dev/moon_ws/ros2_ws/build/custom_messeage' returned '0': CMAKE_PREFIX_PATH=${CMAKE_PREFIX_PATH}:/home/jetcobot/venv/mycobot/dev/moon_ws/ros2_ws/install/pick_and_place:/home/jetcobot/ros2_ws/install/jetcobot_driver:/home/jetcobot/ros2_ws/install/jetcobot_control:/home/jetcobot/jetcobot_ws/install/jetcobot_ctrl:/opt/ros/jazzy DEBUGINFOD_URLS=https://debuginfod.ubuntu.com /usr/bin/cmake --build /home/jetcobot/venv/mycobot/dev/moon_ws/ros2_ws/build/custom_messeage -- -j4 -l4
[1.466s] DEBUG:colcon.colcon_core.event_handler.log_command:Invoking command in '/home/jetcobot/venv/mycobot/dev/moon_ws/ros2_ws/build/custom_messeage': CMAKE_PREFIX_PATH=${CMAKE_PREFIX_PATH}:/home/jetcobot/venv/mycobot/dev/moon_ws/ros2_ws/install/pick_and_place:/home/jetcobot/ros2_ws/install/jetcobot_driver:/home/jetcobot/ros2_ws/install/jetcobot_control:/home/jetcobot/jetcobot_ws/install/jetcobot_ctrl:/opt/ros/jazzy DEBUGINFOD_URLS=https://debuginfod.ubuntu.com /usr/bin/cmake --install /home/jetcobot/venv/mycobot/dev/moon_ws/ros2_ws/build/custom_messeage
[1.688s] Level 1:colcon.colcon_core.environment:create_environment_scripts_only(custom_messeage)
[1.688s] DEBUG:colcon.colcon_core.event_handler.log_command:Invoked command in '/home/jetcobot/venv/mycobot/dev/moon_ws/ros2_ws/build/custom_messeage' returned '0': CMAKE_PREFIX_PATH=${CMAKE_PREFIX_PATH}:/home/jetcobot/venv/mycobot/dev/moon_ws/ros2_ws/install/pick_and_place:/home/jetcobot/ros2_ws/install/jetcobot_driver:/home/jetcobot/ros2_ws/install/jetcobot_control:/home/jetcobot/jetcobot_ws/install/jetcobot_ctrl:/opt/ros/jazzy DEBUGINFOD_URLS=https://debuginfod.ubuntu.com /usr/bin/cmake --install /home/jetcobot/venv/mycobot/dev/moon_ws/ros2_ws/build/custom_messeage
[1.692s] Level 1:colcon.colcon_core.environment:checking '/home/jetcobot/venv/mycobot/dev/moon_ws/ros2_ws/install/custom_messeage' for CMake module files
[1.693s] Level 1:colcon.colcon_core.environment:checking '/home/jetcobot/venv/mycobot/dev/moon_ws/ros2_ws/install/custom_messeage' for CMake config files
[1.694s] Level 1:colcon.colcon_core.shell:create_environment_hook('custom_messeage', 'cmake_prefix_path')
[1.694s] INFO:colcon.colcon_core.shell:Creating environment hook '/home/jetcobot/venv/mycobot/dev/moon_ws/ros2_ws/install/custom_messeage/share/custom_messeage/hook/cmake_prefix_path.ps1'
[1.695s] INFO:colcon.colcon_core.shell:Creating environment descriptor '/home/jetcobot/venv/mycobot/dev/moon_ws/ros2_ws/install/custom_messeage/share/custom_messeage/hook/cmake_prefix_path.dsv'
[1.696s] INFO:colcon.colcon_core.shell:Creating environment hook '/home/jetcobot/venv/mycobot/dev/moon_ws/ros2_ws/install/custom_messeage/share/custom_messeage/hook/cmake_prefix_path.sh'
[1.697s] Level 1:colcon.colcon_core.environment:checking '/home/jetcobot/venv/mycobot/dev/moon_ws/ros2_ws/install/custom_messeage/lib'
[1.697s] Level 1:colcon.colcon_core.shell:create_environment_hook('custom_messeage', 'ld_library_path_lib')
[1.697s] INFO:colcon.colcon_core.shell:Creating environment hook '/home/jetcobot/venv/mycobot/dev/moon_ws/ros2_ws/install/custom_messeage/share/custom_messeage/hook/ld_library_path_lib.ps1'
[1.698s] INFO:colcon.colcon_core.shell:Creating environment descriptor '/home/jetcobot/venv/mycobot/dev/moon_ws/ros2_ws/install/custom_messeage/share/custom_messeage/hook/ld_library_path_lib.dsv'
[1.699s] INFO:colcon.colcon_core.shell:Creating environment hook '/home/jetcobot/venv/mycobot/dev/moon_ws/ros2_ws/install/custom_messeage/share/custom_messeage/hook/ld_library_path_lib.sh'
[1.700s] Level 1:colcon.colcon_core.environment:checking '/home/jetcobot/venv/mycobot/dev/moon_ws/ros2_ws/install/custom_messeage/bin'
[1.700s] Level 1:colcon.colcon_core.environment:checking '/home/jetcobot/venv/mycobot/dev/moon_ws/ros2_ws/install/custom_messeage/lib/pkgconfig/custom_messeage.pc'
[1.701s] Level 1:colcon.colcon_core.environment:checking '/home/jetcobot/venv/mycobot/dev/moon_ws/ros2_ws/install/custom_messeage/lib/python3.12/site-packages'
[1.701s] Level 1:colcon.colcon_core.shell:create_environment_hook('custom_messeage', 'pythonpath')
[1.701s] INFO:colcon.colcon_core.shell:Creating environment hook '/home/jetcobot/venv/mycobot/dev/moon_ws/ros2_ws/install/custom_messeage/share/custom_messeage/hook/pythonpath.ps1'
[1.702s] INFO:colcon.colcon_core.shell:Creating environment descriptor '/home/jetcobot/venv/mycobot/dev/moon_ws/ros2_ws/install/custom_messeage/share/custom_messeage/hook/pythonpath.dsv'
[1.703s] INFO:colcon.colcon_core.shell:Creating environment hook '/home/jetcobot/venv/mycobot/dev/moon_ws/ros2_ws/install/custom_messeage/share/custom_messeage/hook/pythonpath.sh'
[1.704s] Level 1:colcon.colcon_core.environment:checking '/home/jetcobot/venv/mycobot/dev/moon_ws/ros2_ws/install/custom_messeage/bin'
[1.705s] INFO:colcon.colcon_core.shell:Creating package script '/home/jetcobot/venv/mycobot/dev/moon_ws/ros2_ws/install/custom_messeage/share/custom_messeage/package.ps1'
[1.706s] INFO:colcon.colcon_core.shell:Creating package descriptor '/home/jetcobot/venv/mycobot/dev/moon_ws/ros2_ws/install/custom_messeage/share/custom_messeage/package.dsv'
[1.707s] INFO:colcon.colcon_core.shell:Creating package script '/home/jetcobot/venv/mycobot/dev/moon_ws/ros2_ws/install/custom_messeage/share/custom_messeage/package.sh'
[1.708s] INFO:colcon.colcon_core.shell:Creating package script '/home/jetcobot/venv/mycobot/dev/moon_ws/ros2_ws/install/custom_messeage/share/custom_messeage/package.bash'
[1.709s] INFO:colcon.colcon_core.shell:Creating package script '/home/jetcobot/venv/mycobot/dev/moon_ws/ros2_ws/install/custom_messeage/share/custom_messeage/package.zsh'
[1.710s] Level 1:colcon.colcon_core.environment:create_file_with_runtime_dependencies(/home/jetcobot/venv/mycobot/dev/moon_ws/ros2_ws/install/custom_messeage/share/colcon-core/packages/custom_messeage)
[1.712s] Level 1:colcon.colcon_core.environment:create_environment_scripts_only(custom_messeage)
[1.712s] Level 1:colcon.colcon_core.environment:checking '/home/jetcobot/venv/mycobot/dev/moon_ws/ros2_ws/install/custom_messeage' for CMake module files
[1.713s] Level 1:colcon.colcon_core.environment:checking '/home/jetcobot/venv/mycobot/dev/moon_ws/ros2_ws/install/custom_messeage' for CMake config files
[1.714s] Level 1:colcon.colcon_core.shell:create_environment_hook('custom_messeage', 'cmake_prefix_path')
[1.714s] INFO:colcon.colcon_core.shell:Creating environment hook '/home/jetcobot/venv/mycobot/dev/moon_ws/ros2_ws/install/custom_messeage/share/custom_messeage/hook/cmake_prefix_path.ps1'
[1.715s] INFO:colcon.colcon_core.shell:Creating environment descriptor '/home/jetcobot/venv/mycobot/dev/moon_ws/ros2_ws/install/custom_messeage/share/custom_messeage/hook/cmake_prefix_path.dsv'
[1.716s] INFO:colcon.colcon_core.shell:Creating environment hook '/home/jetcobot/venv/mycobot/dev/moon_ws/ros2_ws/install/custom_messeage/share/custom_messeage/hook/cmake_prefix_path.sh'
[1.718s] Level 1:colcon.colcon_core.environment:checking '/home/jetcobot/venv/mycobot/dev/moon_ws/ros2_ws/install/custom_messeage/lib'
[1.718s] Level 1:colcon.colcon_core.shell:create_environment_hook('custom_messeage', 'ld_library_path_lib')
[1.718s] INFO:colcon.colcon_core.shell:Creating environment hook '/home/jetcobot/venv/mycobot/dev/moon_ws/ros2_ws/install/custom_messeage/share/custom_messeage/hook/ld_library_path_lib.ps1'
[1.719s] INFO:colcon.colcon_core.shell:Creating environment descriptor '/home/jetcobot/venv/mycobot/dev/moon_ws/ros2_ws/install/custom_messeage/share/custom_messeage/hook/ld_library_path_lib.dsv'
[1.720s] INFO:colcon.colcon_core.shell:Creating environment hook '/home/jetcobot/venv/mycobot/dev/moon_ws/ros2_ws/install/custom_messeage/share/custom_messeage/hook/ld_library_path_lib.sh'
[1.724s] Level 1:colcon.colcon_core.environment:checking '/home/jetcobot/venv/mycobot/dev/moon_ws/ros2_ws/install/custom_messeage/bin'
[1.725s] Level 1:colcon.colcon_core.environment:checking '/home/jetcobot/venv/mycobot/dev/moon_ws/ros2_ws/install/custom_messeage/lib/pkgconfig/custom_messeage.pc'
[1.725s] Level 1:colcon.colcon_core.environment:checking '/home/jetcobot/venv/mycobot/dev/moon_ws/ros2_ws/install/custom_messeage/lib/python3.12/site-packages'
[1.725s] Level 1:colcon.colcon_core.shell:create_environment_hook('custom_messeage', 'pythonpath')
[1.726s] INFO:colcon.colcon_core.shell:Creating environment hook '/home/jetcobot/venv/mycobot/dev/moon_ws/ros2_ws/install/custom_messeage/share/custom_messeage/hook/pythonpath.ps1'
[1.727s] INFO:colcon.colcon_core.shell:Creating environment descriptor '/home/jetcobot/venv/mycobot/dev/moon_ws/ros2_ws/install/custom_messeage/share/custom_messeage/hook/pythonpath.dsv'
[1.728s] INFO:colcon.colcon_core.shell:Creating environment hook '/home/jetcobot/venv/mycobot/dev/moon_ws/ros2_ws/install/custom_messeage/share/custom_messeage/hook/pythonpath.sh'
[1.729s] Level 1:colcon.colcon_core.environment:checking '/home/jetcobot/venv/mycobot/dev/moon_ws/ros2_ws/install/custom_messeage/bin'
[1.730s] INFO:colcon.colcon_core.shell:Creating package script '/home/jetcobot/venv/mycobot/dev/moon_ws/ros2_ws/install/custom_messeage/share/custom_messeage/package.ps1'
[1.733s] INFO:colcon.colcon_core.shell:Creating package descriptor '/home/jetcobot/venv/mycobot/dev/moon_ws/ros2_ws/install/custom_messeage/share/custom_messeage/package.dsv'
[1.734s] INFO:colcon.colcon_core.shell:Creating package script '/home/jetcobot/venv/mycobot/dev/moon_ws/ros2_ws/install/custom_messeage/share/custom_messeage/package.sh'
[1.735s] INFO:colcon.colcon_core.shell:Creating package script '/home/jetcobot/venv/mycobot/dev/moon_ws/ros2_ws/install/custom_messeage/share/custom_messeage/package.bash'
[1.736s] INFO:colcon.colcon_core.shell:Creating package script '/home/jetcobot/venv/mycobot/dev/moon_ws/ros2_ws/install/custom_messeage/share/custom_messeage/package.zsh'
[1.737s] Level 1:colcon.colcon_core.environment:create_file_with_runtime_dependencies(/home/jetcobot/venv/mycobot/dev/moon_ws/ros2_ws/install/custom_messeage/share/colcon-core/packages/custom_messeage)
[1.996s] DEBUG:colcon.colcon_core.event_handler.log_command:Invoked command in '/home/jetcobot/venv/mycobot/dev/moon_ws/ros2_ws/build/robocallee_fms' returned '0': CMAKE_PREFIX_PATH=${CMAKE_PREFIX_PATH}:/home/jetcobot/venv/mycobot/dev/moon_ws/ros2_ws/install/pick_and_place:/home/jetcobot/ros2_ws/install/jetcobot_driver:/home/jetcobot/ros2_ws/install/jetcobot_control:/home/jetcobot/jetcobot_ws/install/jetcobot_ctrl:/opt/ros/jazzy DEBUGINFOD_URLS=https://debuginfod.ubuntu.com /usr/bin/cmake --build /home/jetcobot/venv/mycobot/dev/moon_ws/ros2_ws/build/robocallee_fms -- -j4 -l4
[1.999s] DEBUG:colcon.colcon_core.event_handler.log_command:Invoking command in '/home/jetcobot/venv/mycobot/dev/moon_ws/ros2_ws/build/robocallee_fms': CMAKE_PREFIX_PATH=${CMAKE_PREFIX_PATH}:/home/jetcobot/venv/mycobot/dev/moon_ws/ros2_ws/install/pick_and_place:/home/jetcobot/ros2_ws/install/jetcobot_driver:/home/jetcobot/ros2_ws/install/jetcobot_control:/home/jetcobot/jetcobot_ws/install/jetcobot_ctrl:/opt/ros/jazzy DEBUGINFOD_URLS=https://debuginfod.ubuntu.com /usr/bin/cmake --install /home/jetcobot/venv/mycobot/dev/moon_ws/ros2_ws/build/robocallee_fms
[2.161s] Level 1:colcon.colcon_core.environment:create_environment_scripts_only(robocallee_fms)
[2.161s] Level 1:colcon.colcon_core.environment:checking '/home/jetcobot/venv/mycobot/dev/moon_ws/ros2_ws/install/robocallee_fms' for CMake module files
[2.162s] DEBUG:colcon.colcon_core.event_handler.log_command:Invoked command in '/home/jetcobot/venv/mycobot/dev/moon_ws/ros2_ws/build/robocallee_fms' returned '0': CMAKE_PREFIX_PATH=${CMAKE_PREFIX_PATH}:/home/jetcobot/venv/mycobot/dev/moon_ws/ros2_ws/install/pick_and_place:/home/jetcobot/ros2_ws/install/jetcobot_driver:/home/jetcobot/ros2_ws/install/jetcobot_control:/home/jetcobot/jetcobot_ws/install/jetcobot_ctrl:/opt/ros/jazzy DEBUGINFOD_URLS=https://debuginfod.ubuntu.com /usr/bin/cmake --install /home/jetcobot/venv/mycobot/dev/moon_ws/ros2_ws/build/robocallee_fms
[2.162s] Level 1:colcon.colcon_core.environment:checking '/home/jetcobot/venv/mycobot/dev/moon_ws/ros2_ws/install/robocallee_fms' for CMake config files
[2.164s] Level 1:colcon.colcon_core.shell:create_environment_hook('robocallee_fms', 'cmake_prefix_path')
[2.164s] INFO:colcon.colcon_core.shell:Creating environment hook '/home/jetcobot/venv/mycobot/dev/moon_ws/ros2_ws/install/robocallee_fms/share/robocallee_fms/hook/cmake_prefix_path.ps1'
[2.165s] INFO:colcon.colcon_core.shell:Creating environment descriptor '/home/jetcobot/venv/mycobot/dev/moon_ws/ros2_ws/install/robocallee_fms/share/robocallee_fms/hook/cmake_prefix_path.dsv'
[2.166s] INFO:colcon.colcon_core.shell:Creating environment hook '/home/jetcobot/venv/mycobot/dev/moon_ws/ros2_ws/install/robocallee_fms/share/robocallee_fms/hook/cmake_prefix_path.sh'
[2.167s] Level 1:colcon.colcon_core.environment:checking '/home/jetcobot/venv/mycobot/dev/moon_ws/ros2_ws/install/robocallee_fms/lib'
[2.167s] Level 1:colcon.colcon_core.shell:create_environment_hook('robocallee_fms', 'ld_library_path_lib')
[2.168s] INFO:colcon.colcon_core.shell:Creating environment hook '/home/jetcobot/venv/mycobot/dev/moon_ws/ros2_ws/install/robocallee_fms/share/robocallee_fms/hook/ld_library_path_lib.ps1'
[2.168s] INFO:colcon.colcon_core.shell:Creating environment descriptor '/home/jetcobot/venv/mycobot/dev/moon_ws/ros2_ws/install/robocallee_fms/share/robocallee_fms/hook/ld_library_path_lib.dsv'
[2.170s] INFO:colcon.colcon_core.shell:Creating environment hook '/home/jetcobot/venv/mycobot/dev/moon_ws/ros2_ws/install/robocallee_fms/share/robocallee_fms/hook/ld_library_path_lib.sh'
[2.171s] Level 1:colcon.colcon_core.environment:checking '/home/jetcobot/venv/mycobot/dev/moon_ws/ros2_ws/install/robocallee_fms/bin'
[2.171s] Level 1:colcon.colcon_core.environment:checking '/home/jetcobot/venv/mycobot/dev/moon_ws/ros2_ws/install/robocallee_fms/lib/pkgconfig/robocallee_fms.pc'
[2.171s] Level 1:colcon.colcon_core.environment:checking '/home/jetcobot/venv/mycobot/dev/moon_ws/ros2_ws/install/robocallee_fms/lib/python3.12/site-packages'
[2.171s] Level 1:colcon.colcon_core.shell:create_environment_hook('robocallee_fms', 'pythonpath')
[2.172s] INFO:colcon.colcon_core.shell:Creating environment hook '/home/jetcobot/venv/mycobot/dev/moon_ws/ros2_ws/install/robocallee_fms/share/robocallee_fms/hook/pythonpath.ps1'
[2.172s] INFO:colcon.colcon_core.shell:Creating environment descriptor '/home/jetcobot/venv/mycobot/dev/moon_ws/ros2_ws/install/robocallee_fms/share/robocallee_fms/hook/pythonpath.dsv'
[2.173s] INFO:colcon.colcon_core.shell:Creating environment hook '/home/jetcobot/venv/mycobot/dev/moon_ws/ros2_ws/install/robocallee_fms/share/robocallee_fms/hook/pythonpath.sh'
[2.175s] Level 1:colcon.colcon_core.environment:checking '/home/jetcobot/venv/mycobot/dev/moon_ws/ros2_ws/install/robocallee_fms/bin'
[2.175s] INFO:colcon.colcon_core.shell:Creating package script '/home/jetcobot/venv/mycobot/dev/moon_ws/ros2_ws/install/robocallee_fms/share/robocallee_fms/package.ps1'
[2.176s] INFO:colcon.colcon_core.shell:Creating package descriptor '/home/jetcobot/venv/mycobot/dev/moon_ws/ros2_ws/install/robocallee_fms/share/robocallee_fms/package.dsv'
[2.176s] INFO:colcon.colcon_core.shell:Creating package script '/home/jetcobot/venv/mycobot/dev/moon_ws/ros2_ws/install/robocallee_fms/share/robocallee_fms/package.sh'
[2.177s] INFO:colcon.colcon_core.shell:Creating package script '/home/jetcobot/venv/mycobot/dev/moon_ws/ros2_ws/install/robocallee_fms/share/robocallee_fms/package.bash'
[2.178s] INFO:colcon.colcon_core.shell:Creating package script '/home/jetcobot/venv/mycobot/dev/moon_ws/ros2_ws/install/robocallee_fms/share/robocallee_fms/package.zsh'
[2.180s] Level 1:colcon.colcon_core.environment:create_file_with_runtime_dependencies(/home/jetcobot/venv/mycobot/dev/moon_ws/ros2_ws/install/robocallee_fms/share/colcon-core/packages/robocallee_fms)
[2.181s] Level 1:colcon.colcon_core.environment:create_environment_scripts_only(robocallee_fms)
[2.182s] Level 1:colcon.colcon_core.environment:checking '/home/jetcobot/venv/mycobot/dev/moon_ws/ros2_ws/install/robocallee_fms' for CMake module files
[2.183s] Level 1:colcon.colcon_core.environment:checking '/home/jetcobot/venv/mycobot/dev/moon_ws/ros2_ws/install/robocallee_fms' for CMake config files
[2.184s] Level 1:colcon.colcon_core.shell:create_environment_hook('robocallee_fms', 'cmake_prefix_path')
[2.184s] INFO:colcon.colcon_core.shell:Creating environment hook '/home/jetcobot/venv/mycobot/dev/moon_ws/ros2_ws/install/robocallee_fms/share/robocallee_fms/hook/cmake_prefix_path.ps1'
[2.185s] INFO:colcon.colcon_core.shell:Creating environment descriptor '/home/jetcobot/venv/mycobot/dev/moon_ws/ros2_ws/install/robocallee_fms/share/robocallee_fms/hook/cmake_prefix_path.dsv'
[2.186s] INFO:colcon.colcon_core.shell:Creating environment hook '/home/jetcobot/venv/mycobot/dev/moon_ws/ros2_ws/install/robocallee_fms/share/robocallee_fms/hook/cmake_prefix_path.sh'
[2.187s] Level 1:colcon.colcon_core.environment:checking '/home/jetcobot/venv/mycobot/dev/moon_ws/ros2_ws/install/robocallee_fms/lib'
[2.187s] Level 1:colcon.colcon_core.shell:create_environment_hook('robocallee_fms', 'ld_library_path_lib')
[2.187s] INFO:colcon.colcon_core.shell:Creating environment hook '/home/jetcobot/venv/mycobot/dev/moon_ws/ros2_ws/install/robocallee_fms/share/robocallee_fms/hook/ld_library_path_lib.ps1'
[2.188s] INFO:colcon.colcon_core.shell:Creating environment descriptor '/home/jetcobot/venv/mycobot/dev/moon_ws/ros2_ws/install/robocallee_fms/share/robocallee_fms/hook/ld_library_path_lib.dsv'
[2.191s] INFO:colcon.colcon_core.shell:Creating environment hook '/home/jetcobot/venv/mycobot/dev/moon_ws/ros2_ws/install/robocallee_fms/share/robocallee_fms/hook/ld_library_path_lib.sh'
[2.193s] Level 1:colcon.colcon_core.environment:checking '/home/jetcobot/venv/mycobot/dev/moon_ws/ros2_ws/install/robocallee_fms/bin'
[2.193s] Level 1:colcon.colcon_core.environment:checking '/home/jetcobot/venv/mycobot/dev/moon_ws/ros2_ws/install/robocallee_fms/lib/pkgconfig/robocallee_fms.pc'
[2.193s] Level 1:colcon.colcon_core.environment:checking '/home/jetcobot/venv/mycobot/dev/moon_ws/ros2_ws/install/robocallee_fms/lib/python3.12/site-packages'
[2.193s] Level 1:colcon.colcon_core.shell:create_environment_hook('robocallee_fms', 'pythonpath')
[2.194s] INFO:colcon.colcon_core.shell:Creating environment hook '/home/jetcobot/venv/mycobot/dev/moon_ws/ros2_ws/install/robocallee_fms/share/robocallee_fms/hook/pythonpath.ps1'
[2.194s] INFO:colcon.colcon_core.shell:Creating environment descriptor '/home/jetcobot/venv/mycobot/dev/moon_ws/ros2_ws/install/robocallee_fms/share/robocallee_fms/hook/pythonpath.dsv'
[2.196s] INFO:colcon.colcon_core.shell:Creating environment hook '/home/jetcobot/venv/mycobot/dev/moon_ws/ros2_ws/install/robocallee_fms/share/robocallee_fms/hook/pythonpath.sh'
[2.197s] Level 1:colcon.colcon_core.environment:checking '/home/jetcobot/venv/mycobot/dev/moon_ws/ros2_ws/install/robocallee_fms/bin'
[2.198s] INFO:colcon.colcon_core.shell:Creating package script '/home/jetcobot/venv/mycobot/dev/moon_ws/ros2_ws/install/robocallee_fms/share/robocallee_fms/package.ps1'
[2.199s] INFO:colcon.colcon_core.shell:Creating package descriptor '/home/jetcobot/venv/mycobot/dev/moon_ws/ros2_ws/install/robocallee_fms/share/robocallee_fms/package.dsv'
[2.200s] INFO:colcon.colcon_core.shell:Creating package script '/home/jetcobot/venv/mycobot/dev/moon_ws/ros2_ws/install/robocallee_fms/share/robocallee_fms/package.sh'
[2.201s] INFO:colcon.colcon_core.shell:Creating package script '/home/jetcobot/venv/mycobot/dev/moon_ws/ros2_ws/install/robocallee_fms/share/robocallee_fms/package.bash'
[2.202s] INFO:colcon.colcon_core.shell:Creating package script '/home/jetcobot/venv/mycobot/dev/moon_ws/ros2_ws/install/robocallee_fms/share/robocallee_fms/package.zsh'
[2.203s] Level 1:colcon.colcon_core.environment:create_file_with_runtime_dependencies(/home/jetcobot/venv/mycobot/dev/moon_ws/ros2_ws/install/robocallee_fms/share/colcon-core/packages/robocallee_fms)
[2.303s] DEBUG:colcon.colcon_core.event_handler.log_command:Invoking command in '/home/jetcobot/venv/mycobot/dev/moon_ws/ros2_ws/build/pick_and_place': DEBUGINFOD_URLS=https://debuginfod.ubuntu.com PYTHONPATH=/home/jetcobot/venv/mycobot/dev/moon_ws/ros2_ws/build/pick_and_place/prefix_override:/usr/lib/python3/dist-packages/colcon_core/task/python/colcon_distutils_commands:/home/jetcobot/venv/mycobot/dev/moon_ws/ros2_ws/install/pick_and_place/lib/python3.12/site-packages:${PYTHONPATH} /usr/bin/python3 -W ignore:setup.py install is deprecated -W ignore:easy_install command is deprecated setup.py develop --editable --build-directory /home/jetcobot/venv/mycobot/dev/moon_ws/ros2_ws/build/pick_and_place/build --no-deps symlink_data
[3.451s] Level 1:colcon.colcon_core.shell:create_environment_hook('pick_and_place', 'pythonpath_develop')
[3.452s] INFO:colcon.colcon_core.shell:Creating environment hook '/home/jetcobot/venv/mycobot/dev/moon_ws/ros2_ws/build/pick_and_place/share/pick_and_place/hook/pythonpath_develop.ps1'
[3.452s] DEBUG:colcon.colcon_core.event_handler.log_command:Invoked command in '/home/jetcobot/venv/mycobot/dev/moon_ws/ros2_ws/build/pick_and_place' returned '0': DEBUGINFOD_URLS=https://debuginfod.ubuntu.com PYTHONPATH=/home/jetcobot/venv/mycobot/dev/moon_ws/ros2_ws/build/pick_and_place/prefix_override:/usr/lib/python3/dist-packages/colcon_core/task/python/colcon_distutils_commands:/home/jetcobot/venv/mycobot/dev/moon_ws/ros2_ws/install/pick_and_place/lib/python3.12/site-packages:${PYTHONPATH} /usr/bin/python3 -W ignore:setup.py install is deprecated -W ignore:easy_install command is deprecated setup.py develop --editable --build-directory /home/jetcobot/venv/mycobot/dev/moon_ws/ros2_ws/build/pick_and_place/build --no-deps symlink_data
[3.453s] INFO:colcon.colcon_core.shell:Creating environment descriptor '/home/jetcobot/venv/mycobot/dev/moon_ws/ros2_ws/build/pick_and_place/share/pick_and_place/hook/pythonpath_develop.dsv'
[3.454s] INFO:colcon.colcon_core.shell:Creating environment hook '/home/jetcobot/venv/mycobot/dev/moon_ws/ros2_ws/build/pick_and_place/share/pick_and_place/hook/pythonpath_develop.sh'
[3.455s] Level 1:colcon.colcon_core.environment:checking '/home/jetcobot/venv/mycobot/dev/moon_ws/ros2_ws/install/pick_and_place' for CMake module files
[3.456s] Level 1:colcon.colcon_core.environment:checking '/home/jetcobot/venv/mycobot/dev/moon_ws/ros2_ws/install/pick_and_place' for CMake config files
[3.457s] Level 1:colcon.colcon_core.environment:checking '/home/jetcobot/venv/mycobot/dev/moon_ws/ros2_ws/install/pick_and_place/lib'
[3.457s] Level 1:colcon.colcon_core.environment:checking '/home/jetcobot/venv/mycobot/dev/moon_ws/ros2_ws/install/pick_and_place/bin'
[3.457s] Level 1:colcon.colcon_core.environment:checking '/home/jetcobot/venv/mycobot/dev/moon_ws/ros2_ws/install/pick_and_place/lib/pkgconfig/pick_and_place.pc'
[3.457s] Level 1:colcon.colcon_core.environment:checking '/home/jetcobot/venv/mycobot/dev/moon_ws/ros2_ws/install/pick_and_place/lib/python3.12/site-packages'
[3.458s] Level 1:colcon.colcon_core.shell:create_environment_hook('pick_and_place', 'pythonpath')
[3.458s] INFO:colcon.colcon_core.shell:Creating environment hook '/home/jetcobot/venv/mycobot/dev/moon_ws/ros2_ws/install/pick_and_place/share/pick_and_place/hook/pythonpath.ps1'
[3.459s] INFO:colcon.colcon_core.shell:Creating environment descriptor '/home/jetcobot/venv/mycobot/dev/moon_ws/ros2_ws/install/pick_and_place/share/pick_and_place/hook/pythonpath.dsv'
[3.459s] INFO:colcon.colcon_core.shell:Creating environment hook '/home/jetcobot/venv/mycobot/dev/moon_ws/ros2_ws/install/pick_and_place/share/pick_and_place/hook/pythonpath.sh'
[3.460s] Level 1:colcon.colcon_core.environment:checking '/home/jetcobot/venv/mycobot/dev/moon_ws/ros2_ws/install/pick_and_place/bin'
[3.460s] Level 1:colcon.colcon_core.environment:create_environment_scripts_only(pick_and_place)
[3.461s] INFO:colcon.colcon_core.shell:Creating package script '/home/jetcobot/venv/mycobot/dev/moon_ws/ros2_ws/install/pick_and_place/share/pick_and_place/package.ps1'
[3.462s] INFO:colcon.colcon_core.shell:Creating package descriptor '/home/jetcobot/venv/mycobot/dev/moon_ws/ros2_ws/install/pick_and_place/share/pick_and_place/package.dsv'
[3.462s] INFO:colcon.colcon_core.shell:Creating package script '/home/jetcobot/venv/mycobot/dev/moon_ws/ros2_ws/install/pick_and_place/share/pick_and_place/package.sh'
[3.463s] INFO:colcon.colcon_core.shell:Creating package script '/home/jetcobot/venv/mycobot/dev/moon_ws/ros2_ws/install/pick_and_place/share/pick_and_place/package.bash'
[3.465s] INFO:colcon.colcon_core.shell:Creating package script '/home/jetcobot/venv/mycobot/dev/moon_ws/ros2_ws/install/pick_and_place/share/pick_and_place/package.zsh'
[3.466s] Level 1:colcon.colcon_core.environment:create_file_with_runtime_dependencies(/home/jetcobot/venv/mycobot/dev/moon_ws/ros2_ws/install/pick_and_place/share/colcon-core/packages/pick_and_place)
[3.467s] DEBUG:colcon.colcon_parallel_executor.executor.parallel:closing loop
[3.468s] DEBUG:colcon.colcon_parallel_executor.executor.parallel:loop closed
[3.468s] DEBUG:colcon.colcon_parallel_executor.executor.parallel:run_until_complete finished with '0'
[3.468s] DEBUG:colcon.colcon_core.event_reactor:joining thread
[3.477s] INFO:colcon.colcon_core.plugin_system:Skipping extension 'colcon_notification.desktop_notification.terminal_notifier': Not used on non-Darwin systems
[3.477s] INFO:colcon.colcon_core.plugin_system:Skipping extension 'colcon_notification.desktop_notification.win32': Not used on non-Windows systems
[3.477s] INFO:colcon.colcon_notification.desktop_notification:Sending desktop notification using 'notify2'
[3.479s] DEBUG:colcon.colcon_notification.desktop_notification.notify2:Failed to initialize notify2: org.freedesktop.DBus.Error.ServiceUnknown: The name org.freedesktop.Notifications was not provided by any .service files
[3.479s] DEBUG:colcon.colcon_core.event_reactor:joined thread
[3.479s] INFO:colcon.colcon_core.shell:Creating prefix script '/home/jetcobot/venv/mycobot/dev/moon_ws/ros2_ws/install/local_setup.ps1'
[3.480s] INFO:colcon.colcon_core.shell:Creating prefix util module '/home/jetcobot/venv/mycobot/dev/moon_ws/ros2_ws/install/_local_setup_util_ps1.py'
[3.484s] INFO:colcon.colcon_core.shell:Creating prefix chain script '/home/jetcobot/venv/mycobot/dev/moon_ws/ros2_ws/install/setup.ps1'
[3.488s] INFO:colcon.colcon_core.shell:Creating prefix script '/home/jetcobot/venv/mycobot/dev/moon_ws/ros2_ws/install/local_setup.sh'
[3.489s] INFO:colcon.colcon_core.shell:Creating prefix util module '/home/jetcobot/venv/mycobot/dev/moon_ws/ros2_ws/install/_local_setup_util_sh.py'
[3.491s] INFO:colcon.colcon_core.shell:Creating prefix chain script '/home/jetcobot/venv/mycobot/dev/moon_ws/ros2_ws/install/setup.sh'
[3.494s] INFO:colcon.colcon_core.shell:Creating prefix script '/home/jetcobot/venv/mycobot/dev/moon_ws/ros2_ws/install/local_setup.bash'
[3.495s] INFO:colcon.colcon_core.shell:Creating prefix chain script '/home/jetcobot/venv/mycobot/dev/moon_ws/ros2_ws/install/setup.bash'
[3.497s] INFO:colcon.colcon_core.shell:Creating prefix script '/home/jetcobot/venv/mycobot/dev/moon_ws/ros2_ws/install/local_setup.zsh'
[3.498s] INFO:colcon.colcon_core.shell:Creating prefix chain script '/home/jetcobot/venv/mycobot/dev/moon_ws/ros2_ws/install/setup.zsh'
