[1.809s] Invoking command in '/home/jetcobot/sun_ws/ros2_ws/src/pick_and_place': DEBUGINFOD_URLS=https://debuginfod.ubuntu.com PYTHONPATH=/home/jetcobot/sun_ws/ros2_ws/build/pick_and_place/prefix_override:/usr/lib/python3/dist-packages/colcon_core/task/python/colcon_distutils_commands:/home/jetcobot/sun_ws/ros2_ws/install/pick_and_place/lib/python3.12/site-packages:${PYTHONPATH} /usr/bin/python3 -W ignore:setup.py install is deprecated -W ignore:easy_install command is deprecated setup.py egg_info --egg-base ../../build/pick_and_place build --build-base /home/jetcobot/sun_ws/ros2_ws/build/pick_and_place/build install --record /home/jetcobot/sun_ws/ros2_ws/build/pick_and_place/install.log --single-version-externally-managed install_data
[2.244s] running egg_info
[2.277s] writing ../../build/pick_and_place/pick_and_place.egg-info/PKG-INFO
[2.278s] writing dependency_links to ../../build/pick_and_place/pick_and_place.egg-info/dependency_links.txt
[2.279s] writing entry points to ../../build/pick_and_place/pick_and_place.egg-info/entry_points.txt
[2.279s] writing requirements to ../../build/pick_and_place/pick_and_place.egg-info/requires.txt
[2.280s] writing top-level names to ../../build/pick_and_place/pick_and_place.egg-info/top_level.txt
[2.349s] reading manifest file '../../build/pick_and_place/pick_and_place.egg-info/SOURCES.txt'
[2.350s] adding license file 'LICENSE'
[2.351s] writing manifest file '../../build/pick_and_place/pick_and_place.egg-info/SOURCES.txt'
[2.351s] running build
[2.351s] running build_py
[2.352s] running install
[2.361s] running install_lib
[2.396s] running install_data
[2.396s] running install_egg_info
[2.432s] removing '/home/jetcobot/sun_ws/ros2_ws/install/pick_and_place/lib/python3.12/site-packages/pick_and_place-0.0.0-py3.12.egg-info' (and everything under it)
[2.432s] Copying ../../build/pick_and_place/pick_and_place.egg-info to /home/jetcobot/sun_ws/ros2_ws/install/pick_and_place/lib/python3.12/site-packages/pick_and_place-0.0.0-py3.12.egg-info
[2.433s] running install_scripts
[2.651s] Installing camera_node script to /home/jetcobot/sun_ws/ros2_ws/install/pick_and_place/lib/pick_and_place
[2.652s] Installing camera_test_node script to /home/jetcobot/sun_ws/ros2_ws/install/pick_and_place/lib/pick_and_place
[2.652s] Installing control_node script to /home/jetcobot/sun_ws/ros2_ws/install/pick_and_place/lib/pick_and_place
[2.653s] Installing detection_node script to /home/jetcobot/sun_ws/ros2_ws/install/pick_and_place/lib/pick_and_place
[2.654s] Installing robot1_control_node script to /home/jetcobot/sun_ws/ros2_ws/install/pick_and_place/lib/pick_and_place
[2.655s] Installing robot2_control_node script to /home/jetcobot/sun_ws/ros2_ws/install/pick_and_place/lib/pick_and_place
[2.656s] Installing transform_node script to /home/jetcobot/sun_ws/ros2_ws/install/pick_and_place/lib/pick_and_place
[2.658s] writing list of installed files to '/home/jetcobot/sun_ws/ros2_ws/build/pick_and_place/install.log'
[2.736s] Invoked command in '/home/jetcobot/sun_ws/ros2_ws/src/pick_and_place' returned '0': DEBUGINFOD_URLS=https://debuginfod.ubuntu.com PYTHONPATH=/home/jetcobot/sun_ws/ros2_ws/build/pick_and_place/prefix_override:/usr/lib/python3/dist-packages/colcon_core/task/python/colcon_distutils_commands:/home/jetcobot/sun_ws/ros2_ws/install/pick_and_place/lib/python3.12/site-packages:${PYTHONPATH} /usr/bin/python3 -W ignore:setup.py install is deprecated -W ignore:easy_install command is deprecated setup.py egg_info --egg-base ../../build/pick_and_place build --build-base /home/jetcobot/sun_ws/ros2_ws/build/pick_and_place/build install --record /home/jetcobot/sun_ws/ros2_ws/build/pick_and_place/install.log --single-version-externally-managed install_data
