/home/jetcobot/sun_ws/ros2_ws/install/pick_place/lib/python3.12/site-packages/pick_place/__init__.py
/home/jetcobot/sun_ws/ros2_ws/install/pick_place/lib/python3.12/site-packages/pick_place/transform_node.py
/home/jetcobot/sun_ws/ros2_ws/install/pick_place/lib/python3.12/site-packages/pick_place/camera_node.py
/home/jetcobot/sun_ws/ros2_ws/install/pick_place/lib/python3.12/site-packages/pick_place/control_node.py
/home/jetcobot/sun_ws/ros2_ws/install/pick_place/lib/python3.12/site-packages/pick_place/detection_node.py
/home/jetcobot/sun_ws/ros2_ws/install/pick_place/lib/python3.12/site-packages/pick_place/__pycache__/__init__.cpython-312.pyc
/home/jetcobot/sun_ws/ros2_ws/install/pick_place/lib/python3.12/site-packages/pick_place/__pycache__/transform_node.cpython-312.pyc
/home/jetcobot/sun_ws/ros2_ws/install/pick_place/lib/python3.12/site-packages/pick_place/__pycache__/camera_node.cpython-312.pyc
/home/jetcobot/sun_ws/ros2_ws/install/pick_place/lib/python3.12/site-packages/pick_place/__pycache__/control_node.cpython-312.pyc
/home/jetcobot/sun_ws/ros2_ws/install/pick_place/lib/python3.12/site-packages/pick_place/__pycache__/detection_node.cpython-312.pyc
/home/jetcobot/sun_ws/ros2_ws/install/pick_place/share/ament_index/resource_index/packages/pick_place
/home/jetcobot/sun_ws/ros2_ws/install/pick_place/share/pick_place/package.xml
/home/jetcobot/sun_ws/ros2_ws/install/pick_place/share/pick_place/launch/pick_place_launch.py
/home/jetcobot/sun_ws/ros2_ws/install/pick_place/lib/python3.12/site-packages/pick_place-0.0.0-py3.12.egg-info/SOURCES.txt
/home/jetcobot/sun_ws/ros2_ws/install/pick_place/lib/python3.12/site-packages/pick_place-0.0.0-py3.12.egg-info/top_level.txt
/home/jetcobot/sun_ws/ros2_ws/install/pick_place/lib/python3.12/site-packages/pick_place-0.0.0-py3.12.egg-info/PKG-INFO
/home/jetcobot/sun_ws/ros2_ws/install/pick_place/lib/python3.12/site-packages/pick_place-0.0.0-py3.12.egg-info/zip-safe
/home/jetcobot/sun_ws/ros2_ws/install/pick_place/lib/python3.12/site-packages/pick_place-0.0.0-py3.12.egg-info/requires.txt
/home/jetcobot/sun_ws/ros2_ws/install/pick_place/lib/python3.12/site-packages/pick_place-0.0.0-py3.12.egg-info/dependency_links.txt
/home/jetcobot/sun_ws/ros2_ws/install/pick_place/lib/python3.12/site-packages/pick_place-0.0.0-py3.12.egg-info/entry_points.txt
/home/jetcobot/sun_ws/ros2_ws/install/pick_place/lib/pick_place/camera_node
/home/jetcobot/sun_ws/ros2_ws/install/pick_place/lib/pick_place/control_node
/home/jetcobot/sun_ws/ros2_ws/install/pick_place/lib/pick_place/detection_node
/home/jetcobot/sun_ws/ros2_ws/install/pick_place/lib/pick_place/transform_node
