running develop
running egg_info
writing pick_and_place.egg-info/PKG-INFO
writing dependency_links to pick_and_place.egg-info/dependency_links.txt
writing entry points to pick_and_place.egg-info/entry_points.txt
writing requirements to pick_and_place.egg-info/requires.txt
writing top-level names to pick_and_place.egg-info/top_level.txt
reading manifest file 'pick_and_place.egg-info/SOURCES.txt'
writing manifest file 'pick_and_place.egg-info/SOURCES.txt'
running build_ext
Creating /home/jetcobot/venv/mycobot/dev/moon_ws/ros2_ws/install/pick_and_place/lib/python3.12/site-packages/pick-and-place.egg-link (link to .)
Installing camera_node script to /home/jetcobot/venv/mycobot/dev/moon_ws/ros2_ws/install/pick_and_place/lib/pick_and_place
Installing camera_test_node script to /home/jetcobot/venv/mycobot/dev/moon_ws/ros2_ws/install/pick_and_place/lib/pick_and_place
Installing control_node script to /home/jetcobot/venv/mycobot/dev/moon_ws/ros2_ws/install/pick_and_place/lib/pick_and_place
Installing detection_node script to /home/jetcobot/venv/mycobot/dev/moon_ws/ros2_ws/install/pick_and_place/lib/pick_and_place
Installing robot1_control_node script to /home/jetcobot/venv/mycobot/dev/moon_ws/ros2_ws/install/pick_and_place/lib/pick_and_place
Installing robot2_control_node script to /home/jetcobot/venv/mycobot/dev/moon_ws/ros2_ws/install/pick_and_place/lib/pick_and_place
Installing transform_node script to /home/jetcobot/venv/mycobot/dev/moon_ws/ros2_ws/install/pick_and_place/lib/pick_and_place

Installed /home/jetcobot/venv/mycobot/dev/moon_ws/ros2_ws/build/pick_and_place
running symlink_data
