[0.550s] Invoking command in '/home/jetcobot/venv/mycobot/dev/moon_ws/ros2_ws/build/robocallee_fms': CMAKE_PREFIX_PATH=${CMAKE_PREFIX_PATH}:/home/jetcobot/venv/mycobot/dev/moon_ws/ros2_ws/install/pick_and_place:/home/jetcobot/ros2_ws/install/jetcobot_driver:/home/jetcobot/ros2_ws/install/jetcobot_control:/home/jetcobot/jetcobot_ws/install/jetcobot_ctrl:/opt/ros/jazzy DEBUGINFOD_URLS=https://debuginfod.ubuntu.com /usr/bin/cmake --build /home/jetcobot/venv/mycobot/dev/moon_ws/ros2_ws/build/robocallee_fms -- -j4 -l4
[0.678s] [  1%] Built target robocallee_fms__rosidl_generator_type_description
[0.714s] [  1%] Built target ament_cmake_python_symlink_robocallee_fms
[0.735s] [  2%] Built target robocallee_fms__cpp
[0.766s] [ 25%] Built target robocallee_fms__rosidl_generator_c
[0.888s] [ 35%] Built target robocallee_fms__rosidl_typesupport_introspection_c
[0.892s] [ 44%] Built target robocallee_fms__rosidl_typesupport_cpp
[0.902s] [ 54%] Built target robocallee_fms__rosidl_typesupport_fastrtps_c
[0.986s] [ 63%] Built target robocallee_fms__rosidl_typesupport_c
[0.987s] [ 72%] Built target robocallee_fms__rosidl_typesupport_fastrtps_cpp
[0.996s] [ 82%] Built target robocallee_fms__rosidl_typesupport_introspection_cpp
[1.045s] [ 82%] Built target robocallee_fms
[1.093s] [ 83%] Built target robocallee_fms__py
[1.170s] [ 91%] Built target robocallee_fms__rosidl_generator_py
[1.256s] [ 94%] Built target robocallee_fms_s__rosidl_typesupport_fastrtps_c
[1.269s] [ 97%] Built target robocallee_fms_s__rosidl_typesupport_c
[1.269s] [100%] Built target robocallee_fms_s__rosidl_typesupport_introspection_c
[1.331s] running egg_info
[1.369s] writing robocallee_fms.egg-info/PKG-INFO
[1.369s] writing dependency_links to robocallee_fms.egg-info/dependency_links.txt
[1.370s] writing top-level names to robocallee_fms.egg-info/top_level.txt
[1.481s] reading manifest file 'robocallee_fms.egg-info/SOURCES.txt'
[1.482s] writing manifest file 'robocallee_fms.egg-info/SOURCES.txt'
[1.556s] [100%] Built target ament_cmake_python_build_robocallee_fms_egg
[1.581s] Invoked command in '/home/jetcobot/venv/mycobot/dev/moon_ws/ros2_ws/build/robocallee_fms' returned '0': CMAKE_PREFIX_PATH=${CMAKE_PREFIX_PATH}:/home/jetcobot/venv/mycobot/dev/moon_ws/ros2_ws/install/pick_and_place:/home/jetcobot/ros2_ws/install/jetcobot_driver:/home/jetcobot/ros2_ws/install/jetcobot_control:/home/jetcobot/jetcobot_ws/install/jetcobot_ctrl:/opt/ros/jazzy DEBUGINFOD_URLS=https://debuginfod.ubuntu.com /usr/bin/cmake --build /home/jetcobot/venv/mycobot/dev/moon_ws/ros2_ws/build/robocallee_fms -- -j4 -l4
[1.583s] Invoking command in '/home/jetcobot/venv/mycobot/dev/moon_ws/ros2_ws/build/robocallee_fms': CMAKE_PREFIX_PATH=${CMAKE_PREFIX_PATH}:/home/jetcobot/venv/mycobot/dev/moon_ws/ros2_ws/install/pick_and_place:/home/jetcobot/ros2_ws/install/jetcobot_driver:/home/jetcobot/ros2_ws/install/jetcobot_control:/home/jetcobot/jetcobot_ws/install/jetcobot_ctrl:/opt/ros/jazzy DEBUGINFOD_URLS=https://debuginfod.ubuntu.com /usr/bin/cmake --install /home/jetcobot/venv/mycobot/dev/moon_ws/ros2_ws/build/robocallee_fms
[1.599s] -- Install configuration: ""
[1.600s] -- Execute custom install script
[1.601s] -- Up-to-date symlink: /home/jetcobot/venv/mycobot/dev/moon_ws/ros2_ws/install/robocallee_fms/share/ament_index/resource_index/rosidl_interfaces/robocallee_fms
[1.601s] -- Up-to-date symlink: /home/jetcobot/venv/mycobot/dev/moon_ws/ros2_ws/install/robocallee_fms/share/robocallee_fms/msg/ArucoPose.json
[1.601s] -- Up-to-date symlink: /home/jetcobot/venv/mycobot/dev/moon_ws/ros2_ws/install/robocallee_fms/share/robocallee_fms/msg/ArucoPoseArray.json
[1.601s] -- Up-to-date symlink: /home/jetcobot/venv/mycobot/dev/moon_ws/ros2_ws/install/robocallee_fms/share/robocallee_fms/srv/CustomerRequest.json
[1.602s] -- Up-to-date symlink: /home/jetcobot/venv/mycobot/dev/moon_ws/ros2_ws/install/robocallee_fms/share/robocallee_fms/srv/EmployeeRequest.json
[1.602s] -- Up-to-date symlink: /home/jetcobot/venv/mycobot/dev/moon_ws/ros2_ws/install/robocallee_fms/share/robocallee_fms/srv/RobotArmRequest.json
[1.603s] -- Up-to-date symlink: /home/jetcobot/venv/mycobot/dev/moon_ws/ros2_ws/install/robocallee_fms/include/robocallee_fms/robocallee_fms/msg/aruco_pose.h
[1.603s] -- Up-to-date symlink: /home/jetcobot/venv/mycobot/dev/moon_ws/ros2_ws/install/robocallee_fms/include/robocallee_fms/robocallee_fms/msg/aruco_pose_array.h
[1.603s] -- Up-to-date symlink: /home/jetcobot/venv/mycobot/dev/moon_ws/ros2_ws/install/robocallee_fms/include/robocallee_fms/robocallee_fms/msg/detail/aruco_pose__functions.h
[1.603s] -- Up-to-date symlink: /home/jetcobot/venv/mycobot/dev/moon_ws/ros2_ws/install/robocallee_fms/include/robocallee_fms/robocallee_fms/msg/detail/aruco_pose__struct.h
[1.604s] -- Up-to-date symlink: /home/jetcobot/venv/mycobot/dev/moon_ws/ros2_ws/install/robocallee_fms/include/robocallee_fms/robocallee_fms/msg/detail/aruco_pose__type_support.h
[1.604s] -- Up-to-date symlink: /home/jetcobot/venv/mycobot/dev/moon_ws/ros2_ws/install/robocallee_fms/include/robocallee_fms/robocallee_fms/msg/detail/aruco_pose_array__functions.h
[1.604s] -- Up-to-date symlink: /home/jetcobot/venv/mycobot/dev/moon_ws/ros2_ws/install/robocallee_fms/include/robocallee_fms/robocallee_fms/msg/detail/aruco_pose_array__struct.h
[1.604s] -- Up-to-date symlink: /home/jetcobot/venv/mycobot/dev/moon_ws/ros2_ws/install/robocallee_fms/include/robocallee_fms/robocallee_fms/msg/detail/aruco_pose_array__type_support.h
[1.605s] -- Up-to-date symlink: /home/jetcobot/venv/mycobot/dev/moon_ws/ros2_ws/install/robocallee_fms/include/robocallee_fms/robocallee_fms/msg/rosidl_generator_c__visibility_control.h
[1.605s] -- Up-to-date symlink: /home/jetcobot/venv/mycobot/dev/moon_ws/ros2_ws/install/robocallee_fms/include/robocallee_fms/robocallee_fms/srv/customer_request.h
[1.605s] -- Up-to-date symlink: /home/jetcobot/venv/mycobot/dev/moon_ws/ros2_ws/install/robocallee_fms/include/robocallee_fms/robocallee_fms/srv/detail/customer_request__functions.h
[1.605s] -- Up-to-date symlink: /home/jetcobot/venv/mycobot/dev/moon_ws/ros2_ws/install/robocallee_fms/include/robocallee_fms/robocallee_fms/srv/detail/customer_request__struct.h
[1.605s] -- Up-to-date symlink: /home/jetcobot/venv/mycobot/dev/moon_ws/ros2_ws/install/robocallee_fms/include/robocallee_fms/robocallee_fms/srv/detail/customer_request__type_support.h
[1.605s] -- Up-to-date symlink: /home/jetcobot/venv/mycobot/dev/moon_ws/ros2_ws/install/robocallee_fms/include/robocallee_fms/robocallee_fms/srv/detail/employee_request__functions.h
[1.605s] -- Up-to-date symlink: /home/jetcobot/venv/mycobot/dev/moon_ws/ros2_ws/install/robocallee_fms/include/robocallee_fms/robocallee_fms/srv/detail/employee_request__struct.h
[1.606s] -- Up-to-date symlink: /home/jetcobot/venv/mycobot/dev/moon_ws/ros2_ws/install/robocallee_fms/include/robocallee_fms/robocallee_fms/srv/detail/employee_request__type_support.h
[1.606s] -- Up-to-date symlink: /home/jetcobot/venv/mycobot/dev/moon_ws/ros2_ws/install/robocallee_fms/include/robocallee_fms/robocallee_fms/srv/detail/robot_arm_request__functions.h
[1.606s] -- Up-to-date symlink: /home/jetcobot/venv/mycobot/dev/moon_ws/ros2_ws/install/robocallee_fms/include/robocallee_fms/robocallee_fms/srv/detail/robot_arm_request__struct.h
[1.606s] -- Up-to-date symlink: /home/jetcobot/venv/mycobot/dev/moon_ws/ros2_ws/install/robocallee_fms/include/robocallee_fms/robocallee_fms/srv/detail/robot_arm_request__type_support.h
[1.606s] -- Up-to-date symlink: /home/jetcobot/venv/mycobot/dev/moon_ws/ros2_ws/install/robocallee_fms/include/robocallee_fms/robocallee_fms/srv/employee_request.h
[1.607s] -- Up-to-date symlink: /home/jetcobot/venv/mycobot/dev/moon_ws/ros2_ws/install/robocallee_fms/include/robocallee_fms/robocallee_fms/srv/robot_arm_request.h
[1.607s] -- Up-to-date symlink: /home/jetcobot/venv/mycobot/dev/moon_ws/ros2_ws/install/robocallee_fms/share/robocallee_fms/environment/library_path.sh
[1.607s] -- Up-to-date symlink: /home/jetcobot/venv/mycobot/dev/moon_ws/ros2_ws/install/robocallee_fms/share/robocallee_fms/environment/library_path.dsv
[1.608s] -- Up-to-date symlink: /home/jetcobot/venv/mycobot/dev/moon_ws/ros2_ws/install/robocallee_fms/include/robocallee_fms/robocallee_fms/msg/detail/aruco_pose__rosidl_typesupport_fastrtps_c.h
[1.608s] -- Up-to-date symlink: /home/jetcobot/venv/mycobot/dev/moon_ws/ros2_ws/install/robocallee_fms/include/robocallee_fms/robocallee_fms/msg/detail/aruco_pose_array__rosidl_typesupport_fastrtps_c.h
[1.608s] -- Up-to-date symlink: /home/jetcobot/venv/mycobot/dev/moon_ws/ros2_ws/install/robocallee_fms/include/robocallee_fms/robocallee_fms/msg/rosidl_typesupport_fastrtps_c__visibility_control.h
[1.609s] -- Up-to-date symlink: /home/jetcobot/venv/mycobot/dev/moon_ws/ros2_ws/install/robocallee_fms/include/robocallee_fms/robocallee_fms/srv/detail/customer_request__rosidl_typesupport_fastrtps_c.h
[1.609s] -- Up-to-date symlink: /home/jetcobot/venv/mycobot/dev/moon_ws/ros2_ws/install/robocallee_fms/include/robocallee_fms/robocallee_fms/srv/detail/employee_request__rosidl_typesupport_fastrtps_c.h
[1.609s] -- Up-to-date symlink: /home/jetcobot/venv/mycobot/dev/moon_ws/ros2_ws/install/robocallee_fms/include/robocallee_fms/robocallee_fms/srv/detail/robot_arm_request__rosidl_typesupport_fastrtps_c.h
[1.613s] -- Up-to-date symlink: /home/jetcobot/venv/mycobot/dev/moon_ws/ros2_ws/install/robocallee_fms/include/robocallee_fms/robocallee_fms/msg/detail/aruco_pose__rosidl_typesupport_introspection_c.h
[1.614s] -- Up-to-date symlink: /home/jetcobot/venv/mycobot/dev/moon_ws/ros2_ws/install/robocallee_fms/include/robocallee_fms/robocallee_fms/msg/detail/aruco_pose_array__rosidl_typesupport_introspection_c.h
[1.615s] -- Up-to-date symlink: /home/jetcobot/venv/mycobot/dev/moon_ws/ros2_ws/install/robocallee_fms/include/robocallee_fms/robocallee_fms/msg/rosidl_typesupport_introspection_c__visibility_control.h
[1.616s] -- Up-to-date symlink: /home/jetcobot/venv/mycobot/dev/moon_ws/ros2_ws/install/robocallee_fms/include/robocallee_fms/robocallee_fms/srv/detail/customer_request__rosidl_typesupport_introspection_c.h
[1.617s] -- Up-to-date symlink: /home/jetcobot/venv/mycobot/dev/moon_ws/ros2_ws/install/robocallee_fms/include/robocallee_fms/robocallee_fms/srv/detail/employee_request__rosidl_typesupport_introspection_c.h
[1.617s] -- Up-to-date symlink: /home/jetcobot/venv/mycobot/dev/moon_ws/ros2_ws/install/robocallee_fms/include/robocallee_fms/robocallee_fms/srv/detail/robot_arm_request__rosidl_typesupport_introspection_c.h
[1.618s] -- Up-to-date symlink: /home/jetcobot/venv/mycobot/dev/moon_ws/ros2_ws/install/robocallee_fms/include/robocallee_fms/robocallee_fms/msg/aruco_pose.hpp
[1.618s] -- Up-to-date symlink: /home/jetcobot/venv/mycobot/dev/moon_ws/ros2_ws/install/robocallee_fms/include/robocallee_fms/robocallee_fms/msg/aruco_pose_array.hpp
[1.618s] -- Up-to-date symlink: /home/jetcobot/venv/mycobot/dev/moon_ws/ros2_ws/install/robocallee_fms/include/robocallee_fms/robocallee_fms/msg/detail/aruco_pose__builder.hpp
[1.619s] -- Up-to-date symlink: /home/jetcobot/venv/mycobot/dev/moon_ws/ros2_ws/install/robocallee_fms/include/robocallee_fms/robocallee_fms/msg/detail/aruco_pose__struct.hpp
[1.619s] -- Up-to-date symlink: /home/jetcobot/venv/mycobot/dev/moon_ws/ros2_ws/install/robocallee_fms/include/robocallee_fms/robocallee_fms/msg/detail/aruco_pose__traits.hpp
[1.620s] -- Up-to-date symlink: /home/jetcobot/venv/mycobot/dev/moon_ws/ros2_ws/install/robocallee_fms/include/robocallee_fms/robocallee_fms/msg/detail/aruco_pose__type_support.hpp
[1.621s] -- Up-to-date symlink: /home/jetcobot/venv/mycobot/dev/moon_ws/ros2_ws/install/robocallee_fms/include/robocallee_fms/robocallee_fms/msg/detail/aruco_pose_array__builder.hpp
[1.621s] -- Up-to-date symlink: /home/jetcobot/venv/mycobot/dev/moon_ws/ros2_ws/install/robocallee_fms/include/robocallee_fms/robocallee_fms/msg/detail/aruco_pose_array__struct.hpp
[1.622s] -- Up-to-date symlink: /home/jetcobot/venv/mycobot/dev/moon_ws/ros2_ws/install/robocallee_fms/include/robocallee_fms/robocallee_fms/msg/detail/aruco_pose_array__traits.hpp
[1.623s] -- Up-to-date symlink: /home/jetcobot/venv/mycobot/dev/moon_ws/ros2_ws/install/robocallee_fms/include/robocallee_fms/robocallee_fms/msg/detail/aruco_pose_array__type_support.hpp
[1.623s] -- Up-to-date symlink: /home/jetcobot/venv/mycobot/dev/moon_ws/ros2_ws/install/robocallee_fms/include/robocallee_fms/robocallee_fms/msg/rosidl_generator_cpp__visibility_control.hpp
[1.664s] -- Up-to-date symlink: /home/jetcobot/venv/mycobot/dev/moon_ws/ros2_ws/install/robocallee_fms/include/robocallee_fms/robocallee_fms/srv/customer_request.hpp
[1.664s] -- Up-to-date symlink: /home/jetcobot/venv/mycobot/dev/moon_ws/ros2_ws/install/robocallee_fms/include/robocallee_fms/robocallee_fms/srv/detail/customer_request__builder.hpp
[1.664s] -- Up-to-date symlink: /home/jetcobot/venv/mycobot/dev/moon_ws/ros2_ws/install/robocallee_fms/include/robocallee_fms/robocallee_fms/srv/detail/customer_request__struct.hpp
[1.664s] -- Up-to-date symlink: /home/jetcobot/venv/mycobot/dev/moon_ws/ros2_ws/install/robocallee_fms/include/robocallee_fms/robocallee_fms/srv/detail/customer_request__traits.hpp
[1.664s] -- Up-to-date symlink: /home/jetcobot/venv/mycobot/dev/moon_ws/ros2_ws/install/robocallee_fms/include/robocallee_fms/robocallee_fms/srv/detail/customer_request__type_support.hpp
[1.664s] -- Up-to-date symlink: /home/jetcobot/venv/mycobot/dev/moon_ws/ros2_ws/install/robocallee_fms/include/robocallee_fms/robocallee_fms/srv/detail/employee_request__builder.hpp
[1.665s] -- Up-to-date symlink: /home/jetcobot/venv/mycobot/dev/moon_ws/ros2_ws/install/robocallee_fms/include/robocallee_fms/robocallee_fms/srv/detail/employee_request__struct.hpp
[1.665s] -- Up-to-date symlink: /home/jetcobot/venv/mycobot/dev/moon_ws/ros2_ws/install/robocallee_fms/include/robocallee_fms/robocallee_fms/srv/detail/employee_request__traits.hpp
[1.665s] -- Up-to-date symlink: /home/jetcobot/venv/mycobot/dev/moon_ws/ros2_ws/install/robocallee_fms/include/robocallee_fms/robocallee_fms/srv/detail/employee_request__type_support.hpp
[1.665s] -- Up-to-date symlink: /home/jetcobot/venv/mycobot/dev/moon_ws/ros2_ws/install/robocallee_fms/include/robocallee_fms/robocallee_fms/srv/detail/robot_arm_request__builder.hpp
[1.665s] -- Up-to-date symlink: /home/jetcobot/venv/mycobot/dev/moon_ws/ros2_ws/install/robocallee_fms/include/robocallee_fms/robocallee_fms/srv/detail/robot_arm_request__struct.hpp
[1.665s] -- Up-to-date symlink: /home/jetcobot/venv/mycobot/dev/moon_ws/ros2_ws/install/robocallee_fms/include/robocallee_fms/robocallee_fms/srv/detail/robot_arm_request__traits.hpp
[1.665s] -- Up-to-date symlink: /home/jetcobot/venv/mycobot/dev/moon_ws/ros2_ws/install/robocallee_fms/include/robocallee_fms/robocallee_fms/srv/detail/robot_arm_request__type_support.hpp
[1.665s] -- Up-to-date symlink: /home/jetcobot/venv/mycobot/dev/moon_ws/ros2_ws/install/robocallee_fms/include/robocallee_fms/robocallee_fms/srv/employee_request.hpp
[1.665s] -- Up-to-date symlink: /home/jetcobot/venv/mycobot/dev/moon_ws/ros2_ws/install/robocallee_fms/include/robocallee_fms/robocallee_fms/srv/robot_arm_request.hpp
[1.665s] -- Up-to-date symlink: /home/jetcobot/venv/mycobot/dev/moon_ws/ros2_ws/install/robocallee_fms/include/robocallee_fms/robocallee_fms/msg/detail/aruco_pose__rosidl_typesupport_fastrtps_cpp.hpp
[1.665s] -- Up-to-date symlink: /home/jetcobot/venv/mycobot/dev/moon_ws/ros2_ws/install/robocallee_fms/include/robocallee_fms/robocallee_fms/msg/detail/aruco_pose_array__rosidl_typesupport_fastrtps_cpp.hpp
[1.666s] -- Up-to-date symlink: /home/jetcobot/venv/mycobot/dev/moon_ws/ros2_ws/install/robocallee_fms/include/robocallee_fms/robocallee_fms/msg/rosidl_typesupport_fastrtps_cpp__visibility_control.h
[1.666s] -- Up-to-date symlink: /home/jetcobot/venv/mycobot/dev/moon_ws/ros2_ws/install/robocallee_fms/include/robocallee_fms/robocallee_fms/srv/detail/customer_request__rosidl_typesupport_fastrtps_cpp.hpp
[1.666s] -- Up-to-date symlink: /home/jetcobot/venv/mycobot/dev/moon_ws/ros2_ws/install/robocallee_fms/include/robocallee_fms/robocallee_fms/srv/detail/employee_request__rosidl_typesupport_fastrtps_cpp.hpp
[1.666s] -- Up-to-date symlink: /home/jetcobot/venv/mycobot/dev/moon_ws/ros2_ws/install/robocallee_fms/include/robocallee_fms/robocallee_fms/srv/detail/robot_arm_request__rosidl_typesupport_fastrtps_cpp.hpp
[1.666s] -- Up-to-date symlink: /home/jetcobot/venv/mycobot/dev/moon_ws/ros2_ws/install/robocallee_fms/include/robocallee_fms/robocallee_fms/msg/detail/aruco_pose__rosidl_typesupport_introspection_cpp.hpp
[1.666s] -- Up-to-date symlink: /home/jetcobot/venv/mycobot/dev/moon_ws/ros2_ws/install/robocallee_fms/include/robocallee_fms/robocallee_fms/msg/detail/aruco_pose_array__rosidl_typesupport_introspection_cpp.hpp
[1.666s] -- Up-to-date symlink: /home/jetcobot/venv/mycobot/dev/moon_ws/ros2_ws/install/robocallee_fms/include/robocallee_fms/robocallee_fms/srv/detail/customer_request__rosidl_typesupport_introspection_cpp.hpp
[1.666s] -- Up-to-date symlink: /home/jetcobot/venv/mycobot/dev/moon_ws/ros2_ws/install/robocallee_fms/include/robocallee_fms/robocallee_fms/srv/detail/employee_request__rosidl_typesupport_introspection_cpp.hpp
[1.667s] -- Up-to-date symlink: /home/jetcobot/venv/mycobot/dev/moon_ws/ros2_ws/install/robocallee_fms/include/robocallee_fms/robocallee_fms/srv/detail/robot_arm_request__rosidl_typesupport_introspection_cpp.hpp
[1.667s] -- Up-to-date symlink: /home/jetcobot/venv/mycobot/dev/moon_ws/ros2_ws/install/robocallee_fms/share/robocallee_fms/environment/pythonpath.sh
[1.667s] -- Up-to-date symlink: /home/jetcobot/venv/mycobot/dev/moon_ws/ros2_ws/install/robocallee_fms/share/robocallee_fms/environment/pythonpath.dsv
[1.667s] -- Up-to-date symlink: /home/jetcobot/venv/mycobot/dev/moon_ws/ros2_ws/install/robocallee_fms/lib/python3.12/site-packages/robocallee_fms-0.0.0-py3.12.egg-info/PKG-INFO
[1.667s] -- Up-to-date symlink: /home/jetcobot/venv/mycobot/dev/moon_ws/ros2_ws/install/robocallee_fms/lib/python3.12/site-packages/robocallee_fms-0.0.0-py3.12.egg-info/SOURCES.txt
[1.667s] -- Up-to-date symlink: /home/jetcobot/venv/mycobot/dev/moon_ws/ros2_ws/install/robocallee_fms/lib/python3.12/site-packages/robocallee_fms-0.0.0-py3.12.egg-info/dependency_links.txt
[1.667s] -- Up-to-date symlink: /home/jetcobot/venv/mycobot/dev/moon_ws/ros2_ws/install/robocallee_fms/lib/python3.12/site-packages/robocallee_fms-0.0.0-py3.12.egg-info/top_level.txt
[1.667s] -- Up-to-date symlink: /home/jetcobot/venv/mycobot/dev/moon_ws/ros2_ws/install/robocallee_fms/lib/python3.12/site-packages/robocallee_fms/__init__.py
[1.667s] -- Up-to-date symlink: /home/jetcobot/venv/mycobot/dev/moon_ws/ros2_ws/install/robocallee_fms/lib/python3.12/site-packages/robocallee_fms/_robocallee_fms_s.ep.rosidl_typesupport_c.c
[1.667s] -- Up-to-date symlink: /home/jetcobot/venv/mycobot/dev/moon_ws/ros2_ws/install/robocallee_fms/lib/python3.12/site-packages/robocallee_fms/_robocallee_fms_s.ep.rosidl_typesupport_fastrtps_c.c
[1.668s] -- Up-to-date symlink: /home/jetcobot/venv/mycobot/dev/moon_ws/ros2_ws/install/robocallee_fms/lib/python3.12/site-packages/robocallee_fms/_robocallee_fms_s.ep.rosidl_typesupport_introspection_c.c
[1.668s] -- Up-to-date symlink: /home/jetcobot/venv/mycobot/dev/moon_ws/ros2_ws/install/robocallee_fms/lib/python3.12/site-packages/robocallee_fms/msg/__init__.py
[1.668s] -- Up-to-date symlink: /home/jetcobot/venv/mycobot/dev/moon_ws/ros2_ws/install/robocallee_fms/lib/python3.12/site-packages/robocallee_fms/msg/_aruco_pose.py
[1.668s] -- Up-to-date symlink: /home/jetcobot/venv/mycobot/dev/moon_ws/ros2_ws/install/robocallee_fms/lib/python3.12/site-packages/robocallee_fms/msg/_aruco_pose_array.py
[1.668s] -- Up-to-date symlink: /home/jetcobot/venv/mycobot/dev/moon_ws/ros2_ws/install/robocallee_fms/lib/python3.12/site-packages/robocallee_fms/msg/_aruco_pose_array_s.c
[1.668s] -- Up-to-date symlink: /home/jetcobot/venv/mycobot/dev/moon_ws/ros2_ws/install/robocallee_fms/lib/python3.12/site-packages/robocallee_fms/msg/_aruco_pose_s.c
[1.668s] -- Up-to-date symlink: /home/jetcobot/venv/mycobot/dev/moon_ws/ros2_ws/install/robocallee_fms/lib/python3.12/site-packages/robocallee_fms/robocallee_fms_s__rosidl_typesupport_c.so
[1.668s] -- Up-to-date symlink: /home/jetcobot/venv/mycobot/dev/moon_ws/ros2_ws/install/robocallee_fms/lib/python3.12/site-packages/robocallee_fms/robocallee_fms_s__rosidl_typesupport_fastrtps_c.so
[1.668s] -- Up-to-date symlink: /home/jetcobot/venv/mycobot/dev/moon_ws/ros2_ws/install/robocallee_fms/lib/python3.12/site-packages/robocallee_fms/robocallee_fms_s__rosidl_typesupport_introspection_c.so
[1.668s] -- Up-to-date symlink: /home/jetcobot/venv/mycobot/dev/moon_ws/ros2_ws/install/robocallee_fms/lib/python3.12/site-packages/robocallee_fms/srv/__init__.py
[1.668s] -- Up-to-date symlink: /home/jetcobot/venv/mycobot/dev/moon_ws/ros2_ws/install/robocallee_fms/lib/python3.12/site-packages/robocallee_fms/srv/_customer_request.py
[1.669s] -- Up-to-date symlink: /home/jetcobot/venv/mycobot/dev/moon_ws/ros2_ws/install/robocallee_fms/lib/python3.12/site-packages/robocallee_fms/srv/_customer_request_s.c
[1.669s] -- Up-to-date symlink: /home/jetcobot/venv/mycobot/dev/moon_ws/ros2_ws/install/robocallee_fms/lib/python3.12/site-packages/robocallee_fms/srv/_employee_request.py
[1.669s] -- Up-to-date symlink: /home/jetcobot/venv/mycobot/dev/moon_ws/ros2_ws/install/robocallee_fms/lib/python3.12/site-packages/robocallee_fms/srv/_employee_request_s.c
[1.669s] -- Up-to-date symlink: /home/jetcobot/venv/mycobot/dev/moon_ws/ros2_ws/install/robocallee_fms/lib/python3.12/site-packages/robocallee_fms/srv/_robot_arm_request.py
[1.669s] -- Up-to-date symlink: /home/jetcobot/venv/mycobot/dev/moon_ws/ros2_ws/install/robocallee_fms/lib/python3.12/site-packages/robocallee_fms/srv/_robot_arm_request_s.c
[1.669s] -- Up-to-date symlink: /home/jetcobot/venv/mycobot/dev/moon_ws/ros2_ws/install/robocallee_fms/lib/python3.12/site-packages/robocallee_fms/robocallee_fms_s__rosidl_typesupport_fastrtps_c.so
[1.669s] -- Up-to-date symlink: /home/jetcobot/venv/mycobot/dev/moon_ws/ros2_ws/install/robocallee_fms/lib/python3.12/site-packages/robocallee_fms/robocallee_fms_s__rosidl_typesupport_introspection_c.so
[1.669s] -- Up-to-date symlink: /home/jetcobot/venv/mycobot/dev/moon_ws/ros2_ws/install/robocallee_fms/lib/python3.12/site-packages/robocallee_fms/robocallee_fms_s__rosidl_typesupport_c.so
[1.669s] -- Up-to-date symlink: /home/jetcobot/venv/mycobot/dev/moon_ws/ros2_ws/install/robocallee_fms/share/robocallee_fms/msg/ArucoPose.idl
[1.669s] -- Up-to-date symlink: /home/jetcobot/venv/mycobot/dev/moon_ws/ros2_ws/install/robocallee_fms/share/robocallee_fms/msg/ArucoPoseArray.idl
[1.670s] -- Up-to-date symlink: /home/jetcobot/venv/mycobot/dev/moon_ws/ros2_ws/install/robocallee_fms/share/robocallee_fms/srv/CustomerRequest.idl
[1.670s] -- Up-to-date symlink: /home/jetcobot/venv/mycobot/dev/moon_ws/ros2_ws/install/robocallee_fms/share/robocallee_fms/srv/EmployeeRequest.idl
[1.670s] -- Up-to-date symlink: /home/jetcobot/venv/mycobot/dev/moon_ws/ros2_ws/install/robocallee_fms/share/robocallee_fms/srv/RobotArmRequest.idl
[1.670s] -- Up-to-date symlink: /home/jetcobot/venv/mycobot/dev/moon_ws/ros2_ws/install/robocallee_fms/share/robocallee_fms/msg/ArucoPose.msg
[1.670s] -- Up-to-date symlink: /home/jetcobot/venv/mycobot/dev/moon_ws/ros2_ws/install/robocallee_fms/share/robocallee_fms/msg/ArucoPoseArray.msg
[1.670s] -- Up-to-date symlink: /home/jetcobot/venv/mycobot/dev/moon_ws/ros2_ws/install/robocallee_fms/share/robocallee_fms/srv/CustomerRequest.srv
[1.670s] -- Up-to-date symlink: /home/jetcobot/venv/mycobot/dev/moon_ws/ros2_ws/install/robocallee_fms/share/robocallee_fms/srv/EmployeeRequest.srv
[1.670s] -- Up-to-date symlink: /home/jetcobot/venv/mycobot/dev/moon_ws/ros2_ws/install/robocallee_fms/share/robocallee_fms/srv/RobotArmRequest.srv
[1.670s] -- Up-to-date symlink: /home/jetcobot/venv/mycobot/dev/moon_ws/ros2_ws/install/robocallee_fms/share/ament_index/resource_index/package_run_dependencies/robocallee_fms
[1.671s] -- Up-to-date symlink: /home/jetcobot/venv/mycobot/dev/moon_ws/ros2_ws/install/robocallee_fms/share/ament_index/resource_index/parent_prefix_path/robocallee_fms
[1.671s] -- Up-to-date symlink: /home/jetcobot/venv/mycobot/dev/moon_ws/ros2_ws/install/robocallee_fms/share/robocallee_fms/environment/ament_prefix_path.sh
[1.671s] -- Up-to-date symlink: /home/jetcobot/venv/mycobot/dev/moon_ws/ros2_ws/install/robocallee_fms/share/robocallee_fms/environment/ament_prefix_path.dsv
[1.671s] -- Up-to-date symlink: /home/jetcobot/venv/mycobot/dev/moon_ws/ros2_ws/install/robocallee_fms/share/robocallee_fms/environment/path.sh
[1.671s] -- Up-to-date symlink: /home/jetcobot/venv/mycobot/dev/moon_ws/ros2_ws/install/robocallee_fms/share/robocallee_fms/environment/path.dsv
[1.671s] -- Up-to-date symlink: /home/jetcobot/venv/mycobot/dev/moon_ws/ros2_ws/install/robocallee_fms/share/robocallee_fms/local_setup.bash
[1.671s] -- Up-to-date symlink: /home/jetcobot/venv/mycobot/dev/moon_ws/ros2_ws/install/robocallee_fms/share/robocallee_fms/local_setup.sh
[1.671s] -- Up-to-date symlink: /home/jetcobot/venv/mycobot/dev/moon_ws/ros2_ws/install/robocallee_fms/share/robocallee_fms/local_setup.zsh
[1.671s] -- Up-to-date symlink: /home/jetcobot/venv/mycobot/dev/moon_ws/ros2_ws/install/robocallee_fms/share/robocallee_fms/local_setup.dsv
[1.671s] -- Symlinking: /home/jetcobot/venv/mycobot/dev/moon_ws/ros2_ws/install/robocallee_fms/share/robocallee_fms/package.dsv
[1.672s] -- Up-to-date symlink: /home/jetcobot/venv/mycobot/dev/moon_ws/ros2_ws/install/robocallee_fms/share/ament_index/resource_index/packages/robocallee_fms
[1.672s] -- Up-to-date symlink: /home/jetcobot/venv/mycobot/dev/moon_ws/ros2_ws/install/robocallee_fms/share/robocallee_fms/cmake/rosidl_cmake-extras.cmake
[1.672s] -- Up-to-date symlink: /home/jetcobot/venv/mycobot/dev/moon_ws/ros2_ws/install/robocallee_fms/share/robocallee_fms/cmake/ament_cmake_export_dependencies-extras.cmake
[1.672s] -- Up-to-date symlink: /home/jetcobot/venv/mycobot/dev/moon_ws/ros2_ws/install/robocallee_fms/share/robocallee_fms/cmake/ament_cmake_export_include_directories-extras.cmake
[1.672s] -- Up-to-date symlink: /home/jetcobot/venv/mycobot/dev/moon_ws/ros2_ws/install/robocallee_fms/share/robocallee_fms/cmake/ament_cmake_export_libraries-extras.cmake
[1.672s] -- Up-to-date symlink: /home/jetcobot/venv/mycobot/dev/moon_ws/ros2_ws/install/robocallee_fms/share/robocallee_fms/cmake/ament_cmake_export_targets-extras.cmake
[1.672s] -- Up-to-date symlink: /home/jetcobot/venv/mycobot/dev/moon_ws/ros2_ws/install/robocallee_fms/share/robocallee_fms/cmake/rosidl_cmake_export_typesupport_targets-extras.cmake
[1.676s] -- Up-to-date symlink: /home/jetcobot/venv/mycobot/dev/moon_ws/ros2_ws/install/robocallee_fms/share/robocallee_fms/cmake/rosidl_cmake_export_typesupport_libraries-extras.cmake
[1.676s] -- Up-to-date symlink: /home/jetcobot/venv/mycobot/dev/moon_ws/ros2_ws/install/robocallee_fms/share/robocallee_fms/cmake/robocallee_fmsConfig.cmake
[1.677s] -- Up-to-date symlink: /home/jetcobot/venv/mycobot/dev/moon_ws/ros2_ws/install/robocallee_fms/share/robocallee_fms/cmake/robocallee_fmsConfig-version.cmake
[1.677s] -- Up-to-date symlink: /home/jetcobot/venv/mycobot/dev/moon_ws/ros2_ws/install/robocallee_fms/share/robocallee_fms/package.xml
[1.677s] -- Up-to-date: /home/jetcobot/venv/mycobot/dev/moon_ws/ros2_ws/install/robocallee_fms/lib/librobocallee_fms__rosidl_generator_c.so
[1.677s] -- Up-to-date: /home/jetcobot/venv/mycobot/dev/moon_ws/ros2_ws/install/robocallee_fms/lib/librobocallee_fms__rosidl_typesupport_fastrtps_c.so
[1.677s] -- Up-to-date: /home/jetcobot/venv/mycobot/dev/moon_ws/ros2_ws/install/robocallee_fms/lib/librobocallee_fms__rosidl_typesupport_introspection_c.so
[1.677s] -- Up-to-date: /home/jetcobot/venv/mycobot/dev/moon_ws/ros2_ws/install/robocallee_fms/lib/librobocallee_fms__rosidl_typesupport_c.so
[1.677s] -- Up-to-date: /home/jetcobot/venv/mycobot/dev/moon_ws/ros2_ws/install/robocallee_fms/lib/librobocallee_fms__rosidl_typesupport_fastrtps_cpp.so
[1.677s] -- Up-to-date: /home/jetcobot/venv/mycobot/dev/moon_ws/ros2_ws/install/robocallee_fms/lib/librobocallee_fms__rosidl_typesupport_introspection_cpp.so
[1.677s] -- Up-to-date: /home/jetcobot/venv/mycobot/dev/moon_ws/ros2_ws/install/robocallee_fms/lib/librobocallee_fms__rosidl_typesupport_cpp.so
[1.725s] Listing '/home/jetcobot/venv/mycobot/dev/moon_ws/ros2_ws/install/robocallee_fms/lib/python3.12/site-packages/robocallee_fms'...
[1.726s] Listing '/home/jetcobot/venv/mycobot/dev/moon_ws/ros2_ws/install/robocallee_fms/lib/python3.12/site-packages/robocallee_fms/msg'...
[1.726s] Listing '/home/jetcobot/venv/mycobot/dev/moon_ws/ros2_ws/install/robocallee_fms/lib/python3.12/site-packages/robocallee_fms/srv'...
[1.740s] -- Up-to-date: /home/jetcobot/venv/mycobot/dev/moon_ws/ros2_ws/install/robocallee_fms/lib/librobocallee_fms__rosidl_generator_py.so
[1.740s] -- Up-to-date: /home/jetcobot/venv/mycobot/dev/moon_ws/ros2_ws/install/robocallee_fms/share/robocallee_fms/cmake/export_robocallee_fms__rosidl_generator_cExport.cmake
[1.740s] -- Up-to-date: /home/jetcobot/venv/mycobot/dev/moon_ws/ros2_ws/install/robocallee_fms/share/robocallee_fms/cmake/export_robocallee_fms__rosidl_generator_cExport-noconfig.cmake
[1.741s] -- Up-to-date: /home/jetcobot/venv/mycobot/dev/moon_ws/ros2_ws/install/robocallee_fms/share/robocallee_fms/cmake/export_robocallee_fms__rosidl_typesupport_fastrtps_cExport.cmake
[1.741s] -- Up-to-date: /home/jetcobot/venv/mycobot/dev/moon_ws/ros2_ws/install/robocallee_fms/share/robocallee_fms/cmake/export_robocallee_fms__rosidl_typesupport_fastrtps_cExport-noconfig.cmake
[1.741s] -- Up-to-date: /home/jetcobot/venv/mycobot/dev/moon_ws/ros2_ws/install/robocallee_fms/share/robocallee_fms/cmake/robocallee_fms__rosidl_typesupport_introspection_cExport.cmake
[1.741s] -- Up-to-date: /home/jetcobot/venv/mycobot/dev/moon_ws/ros2_ws/install/robocallee_fms/share/robocallee_fms/cmake/robocallee_fms__rosidl_typesupport_introspection_cExport-noconfig.cmake
[1.741s] -- Up-to-date: /home/jetcobot/venv/mycobot/dev/moon_ws/ros2_ws/install/robocallee_fms/share/robocallee_fms/cmake/robocallee_fms__rosidl_typesupport_cExport.cmake
[1.741s] -- Up-to-date: /home/jetcobot/venv/mycobot/dev/moon_ws/ros2_ws/install/robocallee_fms/share/robocallee_fms/cmake/robocallee_fms__rosidl_typesupport_cExport-noconfig.cmake
[1.741s] -- Up-to-date: /home/jetcobot/venv/mycobot/dev/moon_ws/ros2_ws/install/robocallee_fms/share/robocallee_fms/cmake/export_robocallee_fms__rosidl_generator_cppExport.cmake
[1.741s] -- Up-to-date: /home/jetcobot/venv/mycobot/dev/moon_ws/ros2_ws/install/robocallee_fms/share/robocallee_fms/cmake/export_robocallee_fms__rosidl_typesupport_fastrtps_cppExport.cmake
[1.742s] -- Up-to-date: /home/jetcobot/venv/mycobot/dev/moon_ws/ros2_ws/install/robocallee_fms/share/robocallee_fms/cmake/export_robocallee_fms__rosidl_typesupport_fastrtps_cppExport-noconfig.cmake
[1.742s] -- Up-to-date: /home/jetcobot/venv/mycobot/dev/moon_ws/ros2_ws/install/robocallee_fms/share/robocallee_fms/cmake/robocallee_fms__rosidl_typesupport_introspection_cppExport.cmake
[1.742s] -- Up-to-date: /home/jetcobot/venv/mycobot/dev/moon_ws/ros2_ws/install/robocallee_fms/share/robocallee_fms/cmake/robocallee_fms__rosidl_typesupport_introspection_cppExport-noconfig.cmake
[1.742s] -- Up-to-date: /home/jetcobot/venv/mycobot/dev/moon_ws/ros2_ws/install/robocallee_fms/share/robocallee_fms/cmake/robocallee_fms__rosidl_typesupport_cppExport.cmake
[1.742s] -- Up-to-date: /home/jetcobot/venv/mycobot/dev/moon_ws/ros2_ws/install/robocallee_fms/share/robocallee_fms/cmake/robocallee_fms__rosidl_typesupport_cppExport-noconfig.cmake
[1.742s] -- Up-to-date: /home/jetcobot/venv/mycobot/dev/moon_ws/ros2_ws/install/robocallee_fms/share/robocallee_fms/cmake/export_robocallee_fms__rosidl_generator_pyExport.cmake
[1.742s] -- Up-to-date: /home/jetcobot/venv/mycobot/dev/moon_ws/ros2_ws/install/robocallee_fms/share/robocallee_fms/cmake/export_robocallee_fms__rosidl_generator_pyExport-noconfig.cmake
[1.746s] Invoked command in '/home/jetcobot/venv/mycobot/dev/moon_ws/ros2_ws/build/robocallee_fms' returned '0': CMAKE_PREFIX_PATH=${CMAKE_PREFIX_PATH}:/home/jetcobot/venv/mycobot/dev/moon_ws/ros2_ws/install/pick_and_place:/home/jetcobot/ros2_ws/install/jetcobot_driver:/home/jetcobot/ros2_ws/install/jetcobot_control:/home/jetcobot/jetcobot_ws/install/jetcobot_ctrl:/opt/ros/jazzy DEBUGINFOD_URLS=https://debuginfod.ubuntu.com /usr/bin/cmake --install /home/jetcobot/venv/mycobot/dev/moon_ws/ros2_ws/build/robocallee_fms
