[1.726s] Invoking command in '/home/jetcobot/sun_ws/ros2_ws/build/pick_and_place': DEBUGINFOD_URLS=https://debuginfod.ubuntu.com PYTHONPATH=/home/jetcobot/sun_ws/ros2_ws/build/pick_and_place/prefix_override:/usr/lib/python3/dist-packages/colcon_core/task/python/colcon_distutils_commands:/home/jetcobot/sun_ws/ros2_ws/install/pick_and_place/lib/python3.12/site-packages:${PYTHONPATH} /usr/bin/python3 -W ignore:setup.py install is deprecated -W ignore:easy_install command is deprecated setup.py develop --editable --build-directory /home/jetcobot/sun_ws/ros2_ws/build/pick_and_place/build --no-deps symlink_data
[2.515s] running develop
[3.145s] running egg_info
[3.145s] creating pick_and_place.egg-info
[3.203s] writing pick_and_place.egg-info/PKG-INFO
[3.205s] writing dependency_links to pick_and_place.egg-info/dependency_links.txt
[3.206s] writing entry points to pick_and_place.egg-info/entry_points.txt
[3.207s] writing requirements to pick_and_place.egg-info/requires.txt
[3.207s] writing top-level names to pick_and_place.egg-info/top_level.txt
[3.210s] writing manifest file 'pick_and_place.egg-info/SOURCES.txt'
[3.344s] reading manifest file 'pick_and_place.egg-info/SOURCES.txt'
[3.346s] writing manifest file 'pick_and_place.egg-info/SOURCES.txt'
[3.417s] running build_ext
[3.419s] Creating /home/jetcobot/sun_ws/ros2_ws/install/pick_and_place/lib/python3.12/site-packages/pick-and-place.egg-link (link to .)
[3.422s] Installing camera_node script to /home/jetcobot/sun_ws/ros2_ws/install/pick_and_place/lib/pick_and_place
[3.423s] Installing camera_test_node script to /home/jetcobot/sun_ws/ros2_ws/install/pick_and_place/lib/pick_and_place
[3.428s] Installing control_node script to /home/jetcobot/sun_ws/ros2_ws/install/pick_and_place/lib/pick_and_place
[3.430s] Installing detection_node script to /home/jetcobot/sun_ws/ros2_ws/install/pick_and_place/lib/pick_and_place
[3.431s] Installing robot1_control_node script to /home/jetcobot/sun_ws/ros2_ws/install/pick_and_place/lib/pick_and_place
[3.432s] Installing robot2_control_node script to /home/jetcobot/sun_ws/ros2_ws/install/pick_and_place/lib/pick_and_place
[3.433s] Installing transform_node script to /home/jetcobot/sun_ws/ros2_ws/install/pick_and_place/lib/pick_and_place
[3.435s] 
[3.435s] Installed /home/jetcobot/sun_ws/ros2_ws/build/pick_and_place
[3.436s] running symlink_data
[3.437s] creating /home/jetcobot/sun_ws/ros2_ws/install/pick_and_place/share/ament_index
[3.438s] creating /home/jetcobot/sun_ws/ros2_ws/install/pick_and_place/share/ament_index/resource_index
[3.438s] creating /home/jetcobot/sun_ws/ros2_ws/install/pick_and_place/share/ament_index/resource_index/packages
[3.439s] symbolically linking /home/jetcobot/sun_ws/ros2_ws/build/pick_and_place/resource/pick_and_place -> /home/jetcobot/sun_ws/ros2_ws/install/pick_and_place/share/ament_index/resource_index/packages
[3.439s] symbolically linking /home/jetcobot/sun_ws/ros2_ws/build/pick_and_place/package.xml -> /home/jetcobot/sun_ws/ros2_ws/install/pick_and_place/share/pick_and_place
[3.441s] creating /home/jetcobot/sun_ws/ros2_ws/install/pick_and_place/share/pick_and_place/launch
[3.441s] symbolically linking /home/jetcobot/sun_ws/ros2_ws/build/pick_and_place/launch/pick_and_place_launch.py -> /home/jetcobot/sun_ws/ros2_ws/install/pick_and_place/share/pick_and_place/launch
[3.445s] creating /home/jetcobot/sun_ws/ros2_ws/install/pick_and_place/share/pick_and_place/srv
[3.618s] Invoked command in '/home/jetcobot/sun_ws/ros2_ws/build/pick_and_place' returned '0': DEBUGINFOD_URLS=https://debuginfod.ubuntu.com PYTHONPATH=/home/jetcobot/sun_ws/ros2_ws/build/pick_and_place/prefix_override:/usr/lib/python3/dist-packages/colcon_core/task/python/colcon_distutils_commands:/home/jetcobot/sun_ws/ros2_ws/install/pick_and_place/lib/python3.12/site-packages:${PYTHONPATH} /usr/bin/python3 -W ignore:setup.py install is deprecated -W ignore:easy_install command is deprecated setup.py develop --editable --build-directory /home/jetcobot/sun_ws/ros2_ws/build/pick_and_place/build --no-deps symlink_data
