[0.519s] Invoking command in '/home/jetcobot/sun_ws/ros2_ws/build/robocallee_fms': CMAKE_PREFIX_PATH=${CMAKE_PREFIX_PATH}:/home/jetcobot/sun_ws/ros2_ws/install/pick_and_place:/home/jetcobot/CJ_ws/jetcobot_rotus/install/jetcobot_driver:/opt/ros/jazzy DEBUGINFOD_URLS=https://debuginfod.ubuntu.com /usr/bin/cmake --build /home/jetcobot/sun_ws/ros2_ws/build/robocallee_fms -- -j4 -l4
[0.667s] [  1%] Built target robocallee_fms__rosidl_generator_type_description
[0.707s] [  1%] Built target ament_cmake_python_symlink_robocallee_fms
[0.719s] [  2%] Built target robocallee_fms__cpp
[0.755s] [ 25%] Built target robocallee_fms__rosidl_generator_c
[0.891s] [ 35%] Built target robocallee_fms__rosidl_typesupport_cpp
[0.900s] [ 44%] Built target robocallee_fms__rosidl_typesupport_fastrtps_c
[0.905s] [ 54%] Built target robocallee_fms__rosidl_typesupport_introspection_c
[1.004s] [ 63%] Built target robocallee_fms__rosidl_typesupport_c
[1.012s] [ 72%] Built target robocallee_fms__rosidl_typesupport_introspection_cpp
[1.021s] [ 82%] Built target robocallee_fms__rosidl_typesupport_fastrtps_cpp
[1.072s] [ 82%] Built target robocallee_fms
[1.123s] [ 83%] Built target robocallee_fms__py
[1.182s] [ 91%] Built target robocallee_fms__rosidl_generator_py
[1.276s] [ 94%] Built target robocallee_fms_s__rosidl_typesupport_introspection_c
[1.293s] [ 97%] Built target robocallee_fms_s__rosidl_typesupport_fastrtps_c
[1.293s] [100%] Built target robocallee_fms_s__rosidl_typesupport_c
[1.324s] running egg_info
[1.360s] writing robocallee_fms.egg-info/PKG-INFO
[1.361s] writing dependency_links to robocallee_fms.egg-info/dependency_links.txt
[1.362s] writing top-level names to robocallee_fms.egg-info/top_level.txt
[1.464s] reading manifest file 'robocallee_fms.egg-info/SOURCES.txt'
[1.465s] writing manifest file 'robocallee_fms.egg-info/SOURCES.txt'
[1.539s] [100%] Built target ament_cmake_python_build_robocallee_fms_egg
[1.563s] Invoked command in '/home/jetcobot/sun_ws/ros2_ws/build/robocallee_fms' returned '0': CMAKE_PREFIX_PATH=${CMAKE_PREFIX_PATH}:/home/jetcobot/sun_ws/ros2_ws/install/pick_and_place:/home/jetcobot/CJ_ws/jetcobot_rotus/install/jetcobot_driver:/opt/ros/jazzy DEBUGINFOD_URLS=https://debuginfod.ubuntu.com /usr/bin/cmake --build /home/jetcobot/sun_ws/ros2_ws/build/robocallee_fms -- -j4 -l4
[1.565s] Invoking command in '/home/jetcobot/sun_ws/ros2_ws/build/robocallee_fms': CMAKE_PREFIX_PATH=${CMAKE_PREFIX_PATH}:/home/jetcobot/sun_ws/ros2_ws/install/pick_and_place:/home/jetcobot/CJ_ws/jetcobot_rotus/install/jetcobot_driver:/opt/ros/jazzy DEBUGINFOD_URLS=https://debuginfod.ubuntu.com /usr/bin/cmake --install /home/jetcobot/sun_ws/ros2_ws/build/robocallee_fms
[1.582s] -- Install configuration: ""
[1.583s] -- Execute custom install script
[1.583s] -- Up-to-date symlink: /home/jetcobot/sun_ws/ros2_ws/install/robocallee_fms/share/ament_index/resource_index/rosidl_interfaces/robocallee_fms
[1.583s] -- Up-to-date symlink: /home/jetcobot/sun_ws/ros2_ws/install/robocallee_fms/share/robocallee_fms/msg/ArucoPose.json
[1.583s] -- Up-to-date symlink: /home/jetcobot/sun_ws/ros2_ws/install/robocallee_fms/share/robocallee_fms/msg/ArucoPoseArray.json
[1.584s] -- Up-to-date symlink: /home/jetcobot/sun_ws/ros2_ws/install/robocallee_fms/share/robocallee_fms/srv/CustomerRequest.json
[1.584s] -- Up-to-date symlink: /home/jetcobot/sun_ws/ros2_ws/install/robocallee_fms/share/robocallee_fms/srv/EmployeeRequest.json
[1.584s] -- Up-to-date symlink: /home/jetcobot/sun_ws/ros2_ws/install/robocallee_fms/share/robocallee_fms/srv/RobotArmRequest.json
[1.585s] -- Up-to-date symlink: /home/jetcobot/sun_ws/ros2_ws/install/robocallee_fms/include/robocallee_fms/robocallee_fms/msg/aruco_pose.h
[1.585s] -- Up-to-date symlink: /home/jetcobot/sun_ws/ros2_ws/install/robocallee_fms/include/robocallee_fms/robocallee_fms/msg/aruco_pose_array.h
[1.585s] -- Up-to-date symlink: /home/jetcobot/sun_ws/ros2_ws/install/robocallee_fms/include/robocallee_fms/robocallee_fms/msg/detail/aruco_pose__functions.h
[1.585s] -- Up-to-date symlink: /home/jetcobot/sun_ws/ros2_ws/install/robocallee_fms/include/robocallee_fms/robocallee_fms/msg/detail/aruco_pose__struct.h
[1.585s] -- Up-to-date symlink: /home/jetcobot/sun_ws/ros2_ws/install/robocallee_fms/include/robocallee_fms/robocallee_fms/msg/detail/aruco_pose__type_support.h
[1.586s] -- Up-to-date symlink: /home/jetcobot/sun_ws/ros2_ws/install/robocallee_fms/include/robocallee_fms/robocallee_fms/msg/detail/aruco_pose_array__functions.h
[1.586s] -- Up-to-date symlink: /home/jetcobot/sun_ws/ros2_ws/install/robocallee_fms/include/robocallee_fms/robocallee_fms/msg/detail/aruco_pose_array__struct.h
[1.586s] -- Up-to-date symlink: /home/jetcobot/sun_ws/ros2_ws/install/robocallee_fms/include/robocallee_fms/robocallee_fms/msg/detail/aruco_pose_array__type_support.h
[1.586s] -- Up-to-date symlink: /home/jetcobot/sun_ws/ros2_ws/install/robocallee_fms/include/robocallee_fms/robocallee_fms/msg/rosidl_generator_c__visibility_control.h
[1.586s] -- Up-to-date symlink: /home/jetcobot/sun_ws/ros2_ws/install/robocallee_fms/include/robocallee_fms/robocallee_fms/srv/customer_request.h
[1.586s] -- Up-to-date symlink: /home/jetcobot/sun_ws/ros2_ws/install/robocallee_fms/include/robocallee_fms/robocallee_fms/srv/detail/customer_request__functions.h
[1.586s] -- Up-to-date symlink: /home/jetcobot/sun_ws/ros2_ws/install/robocallee_fms/include/robocallee_fms/robocallee_fms/srv/detail/customer_request__struct.h
[1.587s] -- Up-to-date symlink: /home/jetcobot/sun_ws/ros2_ws/install/robocallee_fms/include/robocallee_fms/robocallee_fms/srv/detail/customer_request__type_support.h
[1.587s] -- Up-to-date symlink: /home/jetcobot/sun_ws/ros2_ws/install/robocallee_fms/include/robocallee_fms/robocallee_fms/srv/detail/employee_request__functions.h
[1.587s] -- Up-to-date symlink: /home/jetcobot/sun_ws/ros2_ws/install/robocallee_fms/include/robocallee_fms/robocallee_fms/srv/detail/employee_request__struct.h
[1.587s] -- Up-to-date symlink: /home/jetcobot/sun_ws/ros2_ws/install/robocallee_fms/include/robocallee_fms/robocallee_fms/srv/detail/employee_request__type_support.h
[1.587s] -- Up-to-date symlink: /home/jetcobot/sun_ws/ros2_ws/install/robocallee_fms/include/robocallee_fms/robocallee_fms/srv/detail/robot_arm_request__functions.h
[1.588s] -- Up-to-date symlink: /home/jetcobot/sun_ws/ros2_ws/install/robocallee_fms/include/robocallee_fms/robocallee_fms/srv/detail/robot_arm_request__struct.h
[1.588s] -- Up-to-date symlink: /home/jetcobot/sun_ws/ros2_ws/install/robocallee_fms/include/robocallee_fms/robocallee_fms/srv/detail/robot_arm_request__type_support.h
[1.588s] -- Up-to-date symlink: /home/jetcobot/sun_ws/ros2_ws/install/robocallee_fms/include/robocallee_fms/robocallee_fms/srv/employee_request.h
[1.588s] -- Up-to-date symlink: /home/jetcobot/sun_ws/ros2_ws/install/robocallee_fms/include/robocallee_fms/robocallee_fms/srv/robot_arm_request.h
[1.588s] -- Up-to-date symlink: /home/jetcobot/sun_ws/ros2_ws/install/robocallee_fms/share/robocallee_fms/environment/library_path.sh
[1.588s] -- Up-to-date symlink: /home/jetcobot/sun_ws/ros2_ws/install/robocallee_fms/share/robocallee_fms/environment/library_path.dsv
[1.589s] -- Up-to-date symlink: /home/jetcobot/sun_ws/ros2_ws/install/robocallee_fms/include/robocallee_fms/robocallee_fms/msg/detail/aruco_pose__rosidl_typesupport_fastrtps_c.h
[1.589s] -- Up-to-date symlink: /home/jetcobot/sun_ws/ros2_ws/install/robocallee_fms/include/robocallee_fms/robocallee_fms/msg/detail/aruco_pose_array__rosidl_typesupport_fastrtps_c.h
[1.589s] -- Up-to-date symlink: /home/jetcobot/sun_ws/ros2_ws/install/robocallee_fms/include/robocallee_fms/robocallee_fms/msg/rosidl_typesupport_fastrtps_c__visibility_control.h
[1.590s] -- Up-to-date symlink: /home/jetcobot/sun_ws/ros2_ws/install/robocallee_fms/include/robocallee_fms/robocallee_fms/srv/detail/customer_request__rosidl_typesupport_fastrtps_c.h
[1.590s] -- Up-to-date symlink: /home/jetcobot/sun_ws/ros2_ws/install/robocallee_fms/include/robocallee_fms/robocallee_fms/srv/detail/employee_request__rosidl_typesupport_fastrtps_c.h
[1.590s] -- Up-to-date symlink: /home/jetcobot/sun_ws/ros2_ws/install/robocallee_fms/include/robocallee_fms/robocallee_fms/srv/detail/robot_arm_request__rosidl_typesupport_fastrtps_c.h
[1.590s] -- Up-to-date symlink: /home/jetcobot/sun_ws/ros2_ws/install/robocallee_fms/include/robocallee_fms/robocallee_fms/msg/detail/aruco_pose__rosidl_typesupport_introspection_c.h
[1.591s] -- Up-to-date symlink: /home/jetcobot/sun_ws/ros2_ws/install/robocallee_fms/include/robocallee_fms/robocallee_fms/msg/detail/aruco_pose_array__rosidl_typesupport_introspection_c.h
[1.591s] -- Up-to-date symlink: /home/jetcobot/sun_ws/ros2_ws/install/robocallee_fms/include/robocallee_fms/robocallee_fms/msg/rosidl_typesupport_introspection_c__visibility_control.h
[1.591s] -- Up-to-date symlink: /home/jetcobot/sun_ws/ros2_ws/install/robocallee_fms/include/robocallee_fms/robocallee_fms/srv/detail/customer_request__rosidl_typesupport_introspection_c.h
[1.591s] -- Up-to-date symlink: /home/jetcobot/sun_ws/ros2_ws/install/robocallee_fms/include/robocallee_fms/robocallee_fms/srv/detail/employee_request__rosidl_typesupport_introspection_c.h
[1.591s] -- Up-to-date symlink: /home/jetcobot/sun_ws/ros2_ws/install/robocallee_fms/include/robocallee_fms/robocallee_fms/srv/detail/robot_arm_request__rosidl_typesupport_introspection_c.h
[1.592s] -- Up-to-date symlink: /home/jetcobot/sun_ws/ros2_ws/install/robocallee_fms/include/robocallee_fms/robocallee_fms/msg/aruco_pose.hpp
[1.592s] -- Up-to-date symlink: /home/jetcobot/sun_ws/ros2_ws/install/robocallee_fms/include/robocallee_fms/robocallee_fms/msg/aruco_pose_array.hpp
[1.592s] -- Up-to-date symlink: /home/jetcobot/sun_ws/ros2_ws/install/robocallee_fms/include/robocallee_fms/robocallee_fms/msg/detail/aruco_pose__builder.hpp
[1.592s] -- Up-to-date symlink: /home/jetcobot/sun_ws/ros2_ws/install/robocallee_fms/include/robocallee_fms/robocallee_fms/msg/detail/aruco_pose__struct.hpp
[1.593s] -- Up-to-date symlink: /home/jetcobot/sun_ws/ros2_ws/install/robocallee_fms/include/robocallee_fms/robocallee_fms/msg/detail/aruco_pose__traits.hpp
[1.593s] -- Up-to-date symlink: /home/jetcobot/sun_ws/ros2_ws/install/robocallee_fms/include/robocallee_fms/robocallee_fms/msg/detail/aruco_pose__type_support.hpp
[1.593s] -- Up-to-date symlink: /home/jetcobot/sun_ws/ros2_ws/install/robocallee_fms/include/robocallee_fms/robocallee_fms/msg/detail/aruco_pose_array__builder.hpp
[1.593s] -- Up-to-date symlink: /home/jetcobot/sun_ws/ros2_ws/install/robocallee_fms/include/robocallee_fms/robocallee_fms/msg/detail/aruco_pose_array__struct.hpp
[1.593s] -- Up-to-date symlink: /home/jetcobot/sun_ws/ros2_ws/install/robocallee_fms/include/robocallee_fms/robocallee_fms/msg/detail/aruco_pose_array__traits.hpp
[1.593s] -- Up-to-date symlink: /home/jetcobot/sun_ws/ros2_ws/install/robocallee_fms/include/robocallee_fms/robocallee_fms/msg/detail/aruco_pose_array__type_support.hpp
[1.593s] -- Up-to-date symlink: /home/jetcobot/sun_ws/ros2_ws/install/robocallee_fms/include/robocallee_fms/robocallee_fms/msg/rosidl_generator_cpp__visibility_control.hpp
[1.594s] -- Up-to-date symlink: /home/jetcobot/sun_ws/ros2_ws/install/robocallee_fms/include/robocallee_fms/robocallee_fms/srv/customer_request.hpp
[1.594s] -- Up-to-date symlink: /home/jetcobot/sun_ws/ros2_ws/install/robocallee_fms/include/robocallee_fms/robocallee_fms/srv/detail/customer_request__builder.hpp
[1.594s] -- Up-to-date symlink: /home/jetcobot/sun_ws/ros2_ws/install/robocallee_fms/include/robocallee_fms/robocallee_fms/srv/detail/customer_request__struct.hpp
[1.594s] -- Up-to-date symlink: /home/jetcobot/sun_ws/ros2_ws/install/robocallee_fms/include/robocallee_fms/robocallee_fms/srv/detail/customer_request__traits.hpp
[1.594s] -- Up-to-date symlink: /home/jetcobot/sun_ws/ros2_ws/install/robocallee_fms/include/robocallee_fms/robocallee_fms/srv/detail/customer_request__type_support.hpp
[1.594s] -- Up-to-date symlink: /home/jetcobot/sun_ws/ros2_ws/install/robocallee_fms/include/robocallee_fms/robocallee_fms/srv/detail/employee_request__builder.hpp
[1.594s] -- Up-to-date symlink: /home/jetcobot/sun_ws/ros2_ws/install/robocallee_fms/include/robocallee_fms/robocallee_fms/srv/detail/employee_request__struct.hpp
[1.595s] -- Up-to-date symlink: /home/jetcobot/sun_ws/ros2_ws/install/robocallee_fms/include/robocallee_fms/robocallee_fms/srv/detail/employee_request__traits.hpp
[1.595s] -- Up-to-date symlink: /home/jetcobot/sun_ws/ros2_ws/install/robocallee_fms/include/robocallee_fms/robocallee_fms/srv/detail/employee_request__type_support.hpp
[1.595s] -- Up-to-date symlink: /home/jetcobot/sun_ws/ros2_ws/install/robocallee_fms/include/robocallee_fms/robocallee_fms/srv/detail/robot_arm_request__builder.hpp
[1.595s] -- Up-to-date symlink: /home/jetcobot/sun_ws/ros2_ws/install/robocallee_fms/include/robocallee_fms/robocallee_fms/srv/detail/robot_arm_request__struct.hpp
[1.595s] -- Up-to-date symlink: /home/jetcobot/sun_ws/ros2_ws/install/robocallee_fms/include/robocallee_fms/robocallee_fms/srv/detail/robot_arm_request__traits.hpp
[1.595s] -- Up-to-date symlink: /home/jetcobot/sun_ws/ros2_ws/install/robocallee_fms/include/robocallee_fms/robocallee_fms/srv/detail/robot_arm_request__type_support.hpp
[1.596s] -- Up-to-date symlink: /home/jetcobot/sun_ws/ros2_ws/install/robocallee_fms/include/robocallee_fms/robocallee_fms/srv/employee_request.hpp
[1.596s] -- Up-to-date symlink: /home/jetcobot/sun_ws/ros2_ws/install/robocallee_fms/include/robocallee_fms/robocallee_fms/srv/robot_arm_request.hpp
[1.596s] -- Up-to-date symlink: /home/jetcobot/sun_ws/ros2_ws/install/robocallee_fms/include/robocallee_fms/robocallee_fms/msg/detail/aruco_pose__rosidl_typesupport_fastrtps_cpp.hpp
[1.597s] -- Up-to-date symlink: /home/jetcobot/sun_ws/ros2_ws/install/robocallee_fms/include/robocallee_fms/robocallee_fms/msg/detail/aruco_pose_array__rosidl_typesupport_fastrtps_cpp.hpp
[1.597s] -- Up-to-date symlink: /home/jetcobot/sun_ws/ros2_ws/install/robocallee_fms/include/robocallee_fms/robocallee_fms/msg/rosidl_typesupport_fastrtps_cpp__visibility_control.h
[1.597s] -- Up-to-date symlink: /home/jetcobot/sun_ws/ros2_ws/install/robocallee_fms/include/robocallee_fms/robocallee_fms/srv/detail/customer_request__rosidl_typesupport_fastrtps_cpp.hpp
[1.597s] -- Up-to-date symlink: /home/jetcobot/sun_ws/ros2_ws/install/robocallee_fms/include/robocallee_fms/robocallee_fms/srv/detail/employee_request__rosidl_typesupport_fastrtps_cpp.hpp
[1.597s] -- Up-to-date symlink: /home/jetcobot/sun_ws/ros2_ws/install/robocallee_fms/include/robocallee_fms/robocallee_fms/srv/detail/robot_arm_request__rosidl_typesupport_fastrtps_cpp.hpp
[1.598s] -- Up-to-date symlink: /home/jetcobot/sun_ws/ros2_ws/install/robocallee_fms/include/robocallee_fms/robocallee_fms/msg/detail/aruco_pose__rosidl_typesupport_introspection_cpp.hpp
[1.598s] -- Up-to-date symlink: /home/jetcobot/sun_ws/ros2_ws/install/robocallee_fms/include/robocallee_fms/robocallee_fms/msg/detail/aruco_pose_array__rosidl_typesupport_introspection_cpp.hpp
[1.598s] -- Up-to-date symlink: /home/jetcobot/sun_ws/ros2_ws/install/robocallee_fms/include/robocallee_fms/robocallee_fms/srv/detail/customer_request__rosidl_typesupport_introspection_cpp.hpp
[1.598s] -- Up-to-date symlink: /home/jetcobot/sun_ws/ros2_ws/install/robocallee_fms/include/robocallee_fms/robocallee_fms/srv/detail/employee_request__rosidl_typesupport_introspection_cpp.hpp
[1.598s] -- Up-to-date symlink: /home/jetcobot/sun_ws/ros2_ws/install/robocallee_fms/include/robocallee_fms/robocallee_fms/srv/detail/robot_arm_request__rosidl_typesupport_introspection_cpp.hpp
[1.599s] -- Up-to-date symlink: /home/jetcobot/sun_ws/ros2_ws/install/robocallee_fms/share/robocallee_fms/environment/pythonpath.sh
[1.599s] -- Up-to-date symlink: /home/jetcobot/sun_ws/ros2_ws/install/robocallee_fms/share/robocallee_fms/environment/pythonpath.dsv
[1.599s] -- Up-to-date symlink: /home/jetcobot/sun_ws/ros2_ws/install/robocallee_fms/lib/python3.12/site-packages/robocallee_fms-0.0.0-py3.12.egg-info/PKG-INFO
[1.599s] -- Up-to-date symlink: /home/jetcobot/sun_ws/ros2_ws/install/robocallee_fms/lib/python3.12/site-packages/robocallee_fms-0.0.0-py3.12.egg-info/SOURCES.txt
[1.599s] -- Up-to-date symlink: /home/jetcobot/sun_ws/ros2_ws/install/robocallee_fms/lib/python3.12/site-packages/robocallee_fms-0.0.0-py3.12.egg-info/dependency_links.txt
[1.600s] -- Up-to-date symlink: /home/jetcobot/sun_ws/ros2_ws/install/robocallee_fms/lib/python3.12/site-packages/robocallee_fms-0.0.0-py3.12.egg-info/top_level.txt
[1.600s] -- Up-to-date symlink: /home/jetcobot/sun_ws/ros2_ws/install/robocallee_fms/lib/python3.12/site-packages/robocallee_fms/__init__.py
[1.601s] -- Up-to-date symlink: /home/jetcobot/sun_ws/ros2_ws/install/robocallee_fms/lib/python3.12/site-packages/robocallee_fms/_robocallee_fms_s.ep.rosidl_typesupport_c.c
[1.601s] -- Up-to-date symlink: /home/jetcobot/sun_ws/ros2_ws/install/robocallee_fms/lib/python3.12/site-packages/robocallee_fms/_robocallee_fms_s.ep.rosidl_typesupport_fastrtps_c.c
[1.601s] -- Up-to-date symlink: /home/jetcobot/sun_ws/ros2_ws/install/robocallee_fms/lib/python3.12/site-packages/robocallee_fms/_robocallee_fms_s.ep.rosidl_typesupport_introspection_c.c
[1.601s] -- Up-to-date symlink: /home/jetcobot/sun_ws/ros2_ws/install/robocallee_fms/lib/python3.12/site-packages/robocallee_fms/msg/__init__.py
[1.601s] -- Up-to-date symlink: /home/jetcobot/sun_ws/ros2_ws/install/robocallee_fms/lib/python3.12/site-packages/robocallee_fms/msg/_aruco_pose.py
[1.601s] -- Up-to-date symlink: /home/jetcobot/sun_ws/ros2_ws/install/robocallee_fms/lib/python3.12/site-packages/robocallee_fms/msg/_aruco_pose_array.py
[1.601s] -- Up-to-date symlink: /home/jetcobot/sun_ws/ros2_ws/install/robocallee_fms/lib/python3.12/site-packages/robocallee_fms/msg/_aruco_pose_array_s.c
[1.602s] -- Up-to-date symlink: /home/jetcobot/sun_ws/ros2_ws/install/robocallee_fms/lib/python3.12/site-packages/robocallee_fms/msg/_aruco_pose_s.c
[1.602s] -- Up-to-date symlink: /home/jetcobot/sun_ws/ros2_ws/install/robocallee_fms/lib/python3.12/site-packages/robocallee_fms/robocallee_fms_s__rosidl_typesupport_c.so
[1.602s] -- Up-to-date symlink: /home/jetcobot/sun_ws/ros2_ws/install/robocallee_fms/lib/python3.12/site-packages/robocallee_fms/robocallee_fms_s__rosidl_typesupport_fastrtps_c.so
[1.602s] -- Up-to-date symlink: /home/jetcobot/sun_ws/ros2_ws/install/robocallee_fms/lib/python3.12/site-packages/robocallee_fms/robocallee_fms_s__rosidl_typesupport_introspection_c.so
[1.602s] -- Up-to-date symlink: /home/jetcobot/sun_ws/ros2_ws/install/robocallee_fms/lib/python3.12/site-packages/robocallee_fms/srv/__init__.py
[1.602s] -- Up-to-date symlink: /home/jetcobot/sun_ws/ros2_ws/install/robocallee_fms/lib/python3.12/site-packages/robocallee_fms/srv/_customer_request.py
[1.602s] -- Up-to-date symlink: /home/jetcobot/sun_ws/ros2_ws/install/robocallee_fms/lib/python3.12/site-packages/robocallee_fms/srv/_customer_request_s.c
[1.603s] -- Up-to-date symlink: /home/jetcobot/sun_ws/ros2_ws/install/robocallee_fms/lib/python3.12/site-packages/robocallee_fms/srv/_employee_request.py
[1.603s] -- Up-to-date symlink: /home/jetcobot/sun_ws/ros2_ws/install/robocallee_fms/lib/python3.12/site-packages/robocallee_fms/srv/_employee_request_s.c
[1.603s] -- Up-to-date symlink: /home/jetcobot/sun_ws/ros2_ws/install/robocallee_fms/lib/python3.12/site-packages/robocallee_fms/srv/_robot_arm_request.py
[1.603s] -- Up-to-date symlink: /home/jetcobot/sun_ws/ros2_ws/install/robocallee_fms/lib/python3.12/site-packages/robocallee_fms/srv/_robot_arm_request_s.c
[1.603s] -- Up-to-date symlink: /home/jetcobot/sun_ws/ros2_ws/install/robocallee_fms/lib/python3.12/site-packages/robocallee_fms/robocallee_fms_s__rosidl_typesupport_fastrtps_c.so
[1.604s] -- Up-to-date symlink: /home/jetcobot/sun_ws/ros2_ws/install/robocallee_fms/lib/python3.12/site-packages/robocallee_fms/robocallee_fms_s__rosidl_typesupport_introspection_c.so
[1.604s] -- Up-to-date symlink: /home/jetcobot/sun_ws/ros2_ws/install/robocallee_fms/lib/python3.12/site-packages/robocallee_fms/robocallee_fms_s__rosidl_typesupport_c.so
[1.604s] -- Up-to-date symlink: /home/jetcobot/sun_ws/ros2_ws/install/robocallee_fms/share/robocallee_fms/msg/ArucoPose.idl
[1.604s] -- Up-to-date symlink: /home/jetcobot/sun_ws/ros2_ws/install/robocallee_fms/share/robocallee_fms/msg/ArucoPoseArray.idl
[1.605s] -- Up-to-date symlink: /home/jetcobot/sun_ws/ros2_ws/install/robocallee_fms/share/robocallee_fms/srv/CustomerRequest.idl
[1.605s] -- Up-to-date symlink: /home/jetcobot/sun_ws/ros2_ws/install/robocallee_fms/share/robocallee_fms/srv/EmployeeRequest.idl
[1.605s] -- Up-to-date symlink: /home/jetcobot/sun_ws/ros2_ws/install/robocallee_fms/share/robocallee_fms/srv/RobotArmRequest.idl
[1.605s] -- Up-to-date symlink: /home/jetcobot/sun_ws/ros2_ws/install/robocallee_fms/share/robocallee_fms/msg/ArucoPose.msg
[1.605s] -- Up-to-date symlink: /home/jetcobot/sun_ws/ros2_ws/install/robocallee_fms/share/robocallee_fms/msg/ArucoPoseArray.msg
[1.606s] -- Up-to-date symlink: /home/jetcobot/sun_ws/ros2_ws/install/robocallee_fms/share/robocallee_fms/srv/CustomerRequest.srv
[1.606s] -- Up-to-date symlink: /home/jetcobot/sun_ws/ros2_ws/install/robocallee_fms/share/robocallee_fms/srv/EmployeeRequest.srv
[1.606s] -- Up-to-date symlink: /home/jetcobot/sun_ws/ros2_ws/install/robocallee_fms/share/robocallee_fms/srv/RobotArmRequest.srv
[1.606s] -- Up-to-date symlink: /home/jetcobot/sun_ws/ros2_ws/install/robocallee_fms/share/ament_index/resource_index/package_run_dependencies/robocallee_fms
[1.607s] -- Up-to-date symlink: /home/jetcobot/sun_ws/ros2_ws/install/robocallee_fms/share/ament_index/resource_index/parent_prefix_path/robocallee_fms
[1.607s] -- Up-to-date symlink: /home/jetcobot/sun_ws/ros2_ws/install/robocallee_fms/share/robocallee_fms/environment/ament_prefix_path.sh
[1.607s] -- Up-to-date symlink: /home/jetcobot/sun_ws/ros2_ws/install/robocallee_fms/share/robocallee_fms/environment/ament_prefix_path.dsv
[1.607s] -- Up-to-date symlink: /home/jetcobot/sun_ws/ros2_ws/install/robocallee_fms/share/robocallee_fms/environment/path.sh
[1.607s] -- Up-to-date symlink: /home/jetcobot/sun_ws/ros2_ws/install/robocallee_fms/share/robocallee_fms/environment/path.dsv
[1.608s] -- Up-to-date symlink: /home/jetcobot/sun_ws/ros2_ws/install/robocallee_fms/share/robocallee_fms/local_setup.bash
[1.608s] -- Up-to-date symlink: /home/jetcobot/sun_ws/ros2_ws/install/robocallee_fms/share/robocallee_fms/local_setup.sh
[1.608s] -- Up-to-date symlink: /home/jetcobot/sun_ws/ros2_ws/install/robocallee_fms/share/robocallee_fms/local_setup.zsh
[1.608s] -- Up-to-date symlink: /home/jetcobot/sun_ws/ros2_ws/install/robocallee_fms/share/robocallee_fms/local_setup.dsv
[1.608s] -- Symlinking: /home/jetcobot/sun_ws/ros2_ws/install/robocallee_fms/share/robocallee_fms/package.dsv
[1.630s] -- Up-to-date symlink: /home/jetcobot/sun_ws/ros2_ws/install/robocallee_fms/share/ament_index/resource_index/packages/robocallee_fms
[1.630s] -- Up-to-date symlink: /home/jetcobot/sun_ws/ros2_ws/install/robocallee_fms/share/robocallee_fms/cmake/rosidl_cmake-extras.cmake
[1.631s] -- Up-to-date symlink: /home/jetcobot/sun_ws/ros2_ws/install/robocallee_fms/share/robocallee_fms/cmake/ament_cmake_export_dependencies-extras.cmake
[1.631s] -- Up-to-date symlink: /home/jetcobot/sun_ws/ros2_ws/install/robocallee_fms/share/robocallee_fms/cmake/ament_cmake_export_include_directories-extras.cmake
[1.631s] -- Up-to-date symlink: /home/jetcobot/sun_ws/ros2_ws/install/robocallee_fms/share/robocallee_fms/cmake/ament_cmake_export_libraries-extras.cmake
[1.631s] -- Up-to-date symlink: /home/jetcobot/sun_ws/ros2_ws/install/robocallee_fms/share/robocallee_fms/cmake/ament_cmake_export_targets-extras.cmake
[1.631s] -- Up-to-date symlink: /home/jetcobot/sun_ws/ros2_ws/install/robocallee_fms/share/robocallee_fms/cmake/rosidl_cmake_export_typesupport_targets-extras.cmake
[1.632s] -- Up-to-date symlink: /home/jetcobot/sun_ws/ros2_ws/install/robocallee_fms/share/robocallee_fms/cmake/rosidl_cmake_export_typesupport_libraries-extras.cmake
[1.632s] -- Up-to-date symlink: /home/jetcobot/sun_ws/ros2_ws/install/robocallee_fms/share/robocallee_fms/cmake/robocallee_fmsConfig.cmake
[1.632s] -- Up-to-date symlink: /home/jetcobot/sun_ws/ros2_ws/install/robocallee_fms/share/robocallee_fms/cmake/robocallee_fmsConfig-version.cmake
[1.632s] -- Up-to-date symlink: /home/jetcobot/sun_ws/ros2_ws/install/robocallee_fms/share/robocallee_fms/package.xml
[1.632s] -- Up-to-date: /home/jetcobot/sun_ws/ros2_ws/install/robocallee_fms/lib/librobocallee_fms__rosidl_generator_c.so
[1.633s] -- Up-to-date: /home/jetcobot/sun_ws/ros2_ws/install/robocallee_fms/lib/librobocallee_fms__rosidl_typesupport_fastrtps_c.so
[1.633s] -- Up-to-date: /home/jetcobot/sun_ws/ros2_ws/install/robocallee_fms/lib/librobocallee_fms__rosidl_typesupport_introspection_c.so
[1.634s] -- Up-to-date: /home/jetcobot/sun_ws/ros2_ws/install/robocallee_fms/lib/librobocallee_fms__rosidl_typesupport_c.so
[1.634s] -- Up-to-date: /home/jetcobot/sun_ws/ros2_ws/install/robocallee_fms/lib/librobocallee_fms__rosidl_typesupport_fastrtps_cpp.so
[1.635s] -- Up-to-date: /home/jetcobot/sun_ws/ros2_ws/install/robocallee_fms/lib/librobocallee_fms__rosidl_typesupport_introspection_cpp.so
[1.635s] -- Up-to-date: /home/jetcobot/sun_ws/ros2_ws/install/robocallee_fms/lib/librobocallee_fms__rosidl_typesupport_cpp.so
[1.701s] Listing '/home/jetcobot/sun_ws/ros2_ws/install/robocallee_fms/lib/python3.12/site-packages/robocallee_fms'...
[1.701s] Listing '/home/jetcobot/sun_ws/ros2_ws/install/robocallee_fms/lib/python3.12/site-packages/robocallee_fms/msg'...
[1.701s] Listing '/home/jetcobot/sun_ws/ros2_ws/install/robocallee_fms/lib/python3.12/site-packages/robocallee_fms/srv'...
[1.718s] -- Up-to-date: /home/jetcobot/sun_ws/ros2_ws/install/robocallee_fms/lib/librobocallee_fms__rosidl_generator_py.so
[1.719s] -- Up-to-date: /home/jetcobot/sun_ws/ros2_ws/install/robocallee_fms/share/robocallee_fms/cmake/export_robocallee_fms__rosidl_generator_cExport.cmake
[1.719s] -- Up-to-date: /home/jetcobot/sun_ws/ros2_ws/install/robocallee_fms/share/robocallee_fms/cmake/export_robocallee_fms__rosidl_generator_cExport-noconfig.cmake
[1.719s] -- Up-to-date: /home/jetcobot/sun_ws/ros2_ws/install/robocallee_fms/share/robocallee_fms/cmake/export_robocallee_fms__rosidl_typesupport_fastrtps_cExport.cmake
[1.719s] -- Up-to-date: /home/jetcobot/sun_ws/ros2_ws/install/robocallee_fms/share/robocallee_fms/cmake/export_robocallee_fms__rosidl_typesupport_fastrtps_cExport-noconfig.cmake
[1.719s] -- Up-to-date: /home/jetcobot/sun_ws/ros2_ws/install/robocallee_fms/share/robocallee_fms/cmake/robocallee_fms__rosidl_typesupport_introspection_cExport.cmake
[1.719s] -- Up-to-date: /home/jetcobot/sun_ws/ros2_ws/install/robocallee_fms/share/robocallee_fms/cmake/robocallee_fms__rosidl_typesupport_introspection_cExport-noconfig.cmake
[1.719s] -- Up-to-date: /home/jetcobot/sun_ws/ros2_ws/install/robocallee_fms/share/robocallee_fms/cmake/robocallee_fms__rosidl_typesupport_cExport.cmake
[1.720s] -- Up-to-date: /home/jetcobot/sun_ws/ros2_ws/install/robocallee_fms/share/robocallee_fms/cmake/robocallee_fms__rosidl_typesupport_cExport-noconfig.cmake
[1.720s] -- Up-to-date: /home/jetcobot/sun_ws/ros2_ws/install/robocallee_fms/share/robocallee_fms/cmake/export_robocallee_fms__rosidl_generator_cppExport.cmake
[1.720s] -- Up-to-date: /home/jetcobot/sun_ws/ros2_ws/install/robocallee_fms/share/robocallee_fms/cmake/export_robocallee_fms__rosidl_typesupport_fastrtps_cppExport.cmake
[1.720s] -- Up-to-date: /home/jetcobot/sun_ws/ros2_ws/install/robocallee_fms/share/robocallee_fms/cmake/export_robocallee_fms__rosidl_typesupport_fastrtps_cppExport-noconfig.cmake
[1.720s] -- Up-to-date: /home/jetcobot/sun_ws/ros2_ws/install/robocallee_fms/share/robocallee_fms/cmake/robocallee_fms__rosidl_typesupport_introspection_cppExport.cmake
[1.721s] -- Up-to-date: /home/jetcobot/sun_ws/ros2_ws/install/robocallee_fms/share/robocallee_fms/cmake/robocallee_fms__rosidl_typesupport_introspection_cppExport-noconfig.cmake
[1.721s] -- Up-to-date: /home/jetcobot/sun_ws/ros2_ws/install/robocallee_fms/share/robocallee_fms/cmake/robocallee_fms__rosidl_typesupport_cppExport.cmake
[1.721s] -- Up-to-date: /home/jetcobot/sun_ws/ros2_ws/install/robocallee_fms/share/robocallee_fms/cmake/robocallee_fms__rosidl_typesupport_cppExport-noconfig.cmake
[1.721s] -- Up-to-date: /home/jetcobot/sun_ws/ros2_ws/install/robocallee_fms/share/robocallee_fms/cmake/export_robocallee_fms__rosidl_generator_pyExport.cmake
[1.721s] -- Up-to-date: /home/jetcobot/sun_ws/ros2_ws/install/robocallee_fms/share/robocallee_fms/cmake/export_robocallee_fms__rosidl_generator_pyExport-noconfig.cmake
[1.725s] Invoked command in '/home/jetcobot/sun_ws/ros2_ws/build/robocallee_fms' returned '0': CMAKE_PREFIX_PATH=${CMAKE_PREFIX_PATH}:/home/jetcobot/sun_ws/ros2_ws/install/pick_and_place:/home/jetcobot/CJ_ws/jetcobot_rotus/install/jetcobot_driver:/opt/ros/jazzy DEBUGINFOD_URLS=https://debuginfod.ubuntu.com /usr/bin/cmake --install /home/jetcobot/sun_ws/ros2_ws/build/robocallee_fms
