[1.911s] Invoking command in '/home/jetcobot/sun_ws/ros2_ws/build/pick_and_place': DEBUGINFOD_URLS=https://debuginfod.ubuntu.com PS1=\[\e]0;\u@\h: \w\a\]${debian_chroot:+($debian_chroot)}\[\033[01;32m\]\u@\h\[\033[00m\]:\[\033[01;34m\]\w\[\033[00m\]\$ PYTHONPATH=/home/jetcobot/sun_ws/ros2_ws/build/pick_and_place/prefix_override:/usr/lib/python3/dist-packages/colcon_core/task/python/colcon_distutils_commands:/home/jetcobot/sun_ws/ros2_ws/install/pick_and_place/lib/python3.12/site-packages:${PYTHONPATH} /usr/bin/python3 -W ignore:setup.py install is deprecated -W ignore:easy_install command is deprecated setup.py develop --editable --build-directory /home/jetcobot/sun_ws/ros2_ws/build/pick_and_place/build --no-deps symlink_data
[2.515s] running develop
[2.886s] running egg_info
[2.920s] writing pick_and_place.egg-info/PKG-INFO
[2.921s] writing dependency_links to pick_and_place.egg-info/dependency_links.txt
[2.922s] writing entry points to pick_and_place.egg-info/entry_points.txt
[2.923s] writing requirements to pick_and_place.egg-info/requires.txt
[2.929s] writing top-level names to pick_and_place.egg-info/top_level.txt
[3.000s] reading manifest file 'pick_and_place.egg-info/SOURCES.txt'
[3.001s] writing manifest file 'pick_and_place.egg-info/SOURCES.txt'
[3.038s] running build_ext
[3.039s] Creating /home/jetcobot/sun_ws/ros2_ws/install/pick_and_place/lib/python3.12/site-packages/pick-and-place.egg-link (link to .)
[3.039s] Installing camera_node script to /home/jetcobot/sun_ws/ros2_ws/install/pick_and_place/lib/pick_and_place
[3.041s] Installing control_node script to /home/jetcobot/sun_ws/ros2_ws/install/pick_and_place/lib/pick_and_place
[3.041s] Installing detection_node script to /home/jetcobot/sun_ws/ros2_ws/install/pick_and_place/lib/pick_and_place
[3.041s] Installing transform_node script to /home/jetcobot/sun_ws/ros2_ws/install/pick_and_place/lib/pick_and_place
[3.041s] 
[3.041s] Installed /home/jetcobot/sun_ws/ros2_ws/build/pick_and_place
[3.041s] running symlink_data
[3.167s] Invoked command in '/home/jetcobot/sun_ws/ros2_ws/build/pick_and_place' returned '0': DEBUGINFOD_URLS=https://debuginfod.ubuntu.com PS1=\[\e]0;\u@\h: \w\a\]${debian_chroot:+($debian_chroot)}\[\033[01;32m\]\u@\h\[\033[00m\]:\[\033[01;34m\]\w\[\033[00m\]\$ PYTHONPATH=/home/jetcobot/sun_ws/ros2_ws/build/pick_and_place/prefix_override:/usr/lib/python3/dist-packages/colcon_core/task/python/colcon_distutils_commands:/home/jetcobot/sun_ws/ros2_ws/install/pick_and_place/lib/python3.12/site-packages:${PYTHONPATH} /usr/bin/python3 -W ignore:setup.py install is deprecated -W ignore:easy_install command is deprecated setup.py develop --editable --build-directory /home/jetcobot/sun_ws/ros2_ws/build/pick_and_place/build --no-deps symlink_data
