[0.715s] Invoking command in '/home/jetcobot/sun_ws/ros2_ws/build/robocallee_fms': CMAKE_PREFIX_PATH=${CMAKE_PREFIX_PATH}:/home/jetcobot/sun_ws/ros2_ws/install/pick_and_place:/opt/ros/jazzy DEBUGINFOD_URLS=https://debuginfod.ubuntu.com /usr/bin/cmake /home/jetcobot/sun_ws/ros2_ws/src/ros2_custom_msgs/src/robocallee_fms -DAMENT_CMAKE_SYMLINK_INSTALL=1 -DCMAKE_INSTALL_PREFIX=/home/jetcobot/sun_ws/ros2_ws/install/robocallee_fms
[2.158s] -- The C compiler identification is GNU 13.3.0
[2.751s] -- The CXX compiler identification is GNU 13.3.0
[2.798s] -- Detecting C compiler ABI info
[3.167s] -- Detecting C compiler ABI info - done
[3.188s] -- Check for working C compiler: /usr/bin/cc - skipped
[3.189s] -- Detecting C compile features
[3.193s] -- Detecting C compile features - done
[3.239s] -- Detecting CXX compiler ABI info
[3.687s] -- Detecting CXX compiler ABI info - done
[3.718s] -- Check for working CXX compiler: /usr/bin/c++ - skipped
[3.718s] -- Detecting CXX compile features
[3.718s] -- Detecting CXX compile features - done
[3.801s] -- Found ament_cmake: 2.5.3 (/opt/ros/jazzy/share/ament_cmake/cmake)
[4.338s] -- Found Python3: /usr/bin/python3 (found version "3.12.3") found components: Interpreter 
[4.861s] -- Override CMake install command with custom implementation using symlinks instead of copying resources
[5.053s] -- Found rosidl_default_generators: 1.6.0 (/opt/ros/jazzy/share/rosidl_default_generators/cmake)
[5.077s] -- Using all available rosidl_typesupport_c: rosidl_typesupport_fastrtps_c;rosidl_typesupport_introspection_c
[5.258s] -- Using all available rosidl_typesupport_cpp: rosidl_typesupport_fastrtps_cpp;rosidl_typesupport_introspection_cpp
[5.452s] -- Found rosidl_adapter: 4.6.5 (/opt/ros/jazzy/share/rosidl_adapter/cmake)
[5.473s] -- Found std_msgs: 5.3.5 (/opt/ros/jazzy/share/std_msgs/cmake)
[7.458s] -- Found ament_cmake_ros: 0.12.0 (/opt/ros/jazzy/share/ament_cmake_ros/cmake)
[8.671s] -- Using all available rosidl_typesupport_c: rosidl_typesupport_fastrtps_c;rosidl_typesupport_introspection_c
[9.820s] -- Using all available rosidl_typesupport_cpp: rosidl_typesupport_fastrtps_cpp;rosidl_typesupport_introspection_cpp
[9.828s] -- Found python_cmake_module: 0.11.1 (/opt/ros/jazzy/share/python_cmake_module/cmake)
[10.138s] -- Found PythonExtra: /usr/bin/python3  
[11.214s] -- Found Python3: /usr/bin/python3 (found version "3.12.3") found components: Interpreter Development NumPy Development.Module Development.Embed 
[11.367s] -- Found ament_lint_auto: 0.17.1 (/opt/ros/jazzy/share/ament_lint_auto/cmake)
[11.433s] -- Added test 'lint_cmake' to check CMake code style
[11.436s] -- Added test 'xmllint' to check XML markup files
[11.447s] -- Configuring done (10.7s)
[11.553s] -- Generating done (0.1s)
[11.581s] -- Build files have been written to: /home/jetcobot/sun_ws/ros2_ws/build/robocallee_fms
[11.626s] Invoked command in '/home/jetcobot/sun_ws/ros2_ws/build/robocallee_fms' returned '0': CMAKE_PREFIX_PATH=${CMAKE_PREFIX_PATH}:/home/jetcobot/sun_ws/ros2_ws/install/pick_and_place:/opt/ros/jazzy DEBUGINFOD_URLS=https://debuginfod.ubuntu.com /usr/bin/cmake /home/jetcobot/sun_ws/ros2_ws/src/ros2_custom_msgs/src/robocallee_fms -DAMENT_CMAKE_SYMLINK_INSTALL=1 -DCMAKE_INSTALL_PREFIX=/home/jetcobot/sun_ws/ros2_ws/install/robocallee_fms
[11.626s] Invoking command in '/home/jetcobot/sun_ws/ros2_ws/build/robocallee_fms': CMAKE_PREFIX_PATH=${CMAKE_PREFIX_PATH}:/home/jetcobot/sun_ws/ros2_ws/install/pick_and_place:/opt/ros/jazzy DEBUGINFOD_URLS=https://debuginfod.ubuntu.com /usr/bin/cmake --build /home/jetcobot/sun_ws/ros2_ws/build/robocallee_fms -- -j4 -l4
[11.834s] [  1%] [34m[1mGenerating type hashes for ROS interfaces[0m
[11.891s] [  1%] Built target ament_cmake_python_symlink_robocallee_fms
[13.136s] running egg_info
[13.141s] creating robocallee_fms.egg-info
[13.237s] [  1%] Built target robocallee_fms__rosidl_generator_type_description
[13.262s] writing robocallee_fms.egg-info/PKG-INFO
[13.262s] writing dependency_links to robocallee_fms.egg-info/dependency_links.txt
[13.262s] writing top-level names to robocallee_fms.egg-info/top_level.txt
[13.262s] writing manifest file 'robocallee_fms.egg-info/SOURCES.txt'
[13.301s] [  2%] [34m[1mGenerating C code for ROS interfaces[0m
[13.351s] [  4%] [34m[1mGenerating C++ code for ROS interfaces[0m
[13.799s] reading manifest file 'robocallee_fms.egg-info/SOURCES.txt'
[13.808s] writing manifest file 'robocallee_fms.egg-info/SOURCES.txt'
[14.035s] [  4%] Built target ament_cmake_python_build_robocallee_fms_egg
[15.799s] [  4%] Built target robocallee_fms__cpp
[16.365s] [  5%] [32mBuilding C object CMakeFiles/robocallee_fms__rosidl_generator_c.dir/rosidl_generator_c/robocallee_fms/msg/detail/aruco_pose__functions.c.o[0m
[16.375s] [  6%] [32mBuilding C object CMakeFiles/robocallee_fms__rosidl_generator_c.dir/rosidl_generator_c/robocallee_fms/msg/detail/aruco_pose_array__description.c.o[0m
[16.422s] [  8%] [32mBuilding C object CMakeFiles/robocallee_fms__rosidl_generator_c.dir/rosidl_generator_c/robocallee_fms/msg/detail/aruco_pose__type_support.c.o[0m
[16.424s] [  9%] [32mBuilding C object CMakeFiles/robocallee_fms__rosidl_generator_c.dir/rosidl_generator_c/robocallee_fms/msg/detail/aruco_pose__description.c.o[0m
[16.535s] [ 10%] [32mBuilding C object CMakeFiles/robocallee_fms__rosidl_generator_c.dir/rosidl_generator_c/robocallee_fms/msg/detail/aruco_pose_array__functions.c.o[0m
[16.649s] [ 12%] [32mBuilding C object CMakeFiles/robocallee_fms__rosidl_generator_c.dir/rosidl_generator_c/robocallee_fms/msg/detail/aruco_pose_array__type_support.c.o[0m
[16.687s] [ 13%] [32mBuilding C object CMakeFiles/robocallee_fms__rosidl_generator_c.dir/rosidl_generator_c/robocallee_fms/srv/detail/customer_request__description.c.o[0m
[16.738s] [ 16%] [32mBuilding C object CMakeFiles/robocallee_fms__rosidl_generator_c.dir/rosidl_generator_c/robocallee_fms/srv/detail/customer_request__type_support.c.o[0m
[16.738s] [ 16%] [32mBuilding C object CMakeFiles/robocallee_fms__rosidl_generator_c.dir/rosidl_generator_c/robocallee_fms/srv/detail/customer_request__functions.c.o[0m
[16.858s] [ 17%] [32mBuilding C object CMakeFiles/robocallee_fms__rosidl_generator_c.dir/rosidl_generator_c/robocallee_fms/srv/detail/employee_request__description.c.o[0m
[16.894s] [ 18%] [32mBuilding C object CMakeFiles/robocallee_fms__rosidl_generator_c.dir/rosidl_generator_c/robocallee_fms/srv/detail/employee_request__functions.c.o[0m
[17.029s] [ 20%] [32mBuilding C object CMakeFiles/robocallee_fms__rosidl_generator_c.dir/rosidl_generator_c/robocallee_fms/srv/detail/employee_request__type_support.c.o[0m
[17.105s] [ 21%] [32mBuilding C object CMakeFiles/robocallee_fms__rosidl_generator_c.dir/rosidl_generator_c/robocallee_fms/srv/detail/robot_arm_request__description.c.o[0m
[17.213s] [ 22%] [32mBuilding C object CMakeFiles/robocallee_fms__rosidl_generator_c.dir/rosidl_generator_c/robocallee_fms/srv/detail/robot_arm_request__functions.c.o[0m
[17.246s] [ 24%] [32mBuilding C object CMakeFiles/robocallee_fms__rosidl_generator_c.dir/rosidl_generator_c/robocallee_fms/srv/detail/robot_arm_request__type_support.c.o[0m
[17.679s] [ 25%] [32m[1mLinking C shared library librobocallee_fms__rosidl_generator_c.so[0m
[18.026s] [ 25%] Built target robocallee_fms__rosidl_generator_c
[18.091s] [ 27%] [34m[1mGenerating C type support for eProsima Fast-RTPS[0m
[18.116s] [ 28%] [34m[1mGenerating C introspection for ROS interfaces[0m
[18.167s] [ 31%] [34m[1mGenerating C type support dispatch for ROS interfaces[0m
[18.173s] [ 31%] [34m[1mGenerating C++ type support dispatch for ROS interfaces[0m
[19.635s] [ 32%] [32mBuilding CXX object CMakeFiles/robocallee_fms__rosidl_typesupport_cpp.dir/rosidl_typesupport_cpp/robocallee_fms/msg/aruco_pose__type_support.cpp.o[0m
[19.818s] [ 33%] [32mBuilding C object CMakeFiles/robocallee_fms__rosidl_typesupport_introspection_c.dir/rosidl_typesupport_introspection_c/robocallee_fms/msg/detail/aruco_pose__type_support.c.o[0m
[20.046s] [ 35%] [32mBuilding C object CMakeFiles/robocallee_fms__rosidl_typesupport_introspection_c.dir/rosidl_typesupport_introspection_c/robocallee_fms/msg/detail/aruco_pose_array__type_support.c.o[0m
[20.430s] [ 36%] [32mBuilding C object CMakeFiles/robocallee_fms__rosidl_typesupport_introspection_c.dir/rosidl_typesupport_introspection_c/robocallee_fms/srv/detail/customer_request__type_support.c.o[0m
[20.663s] [ 37%] [32mBuilding CXX object CMakeFiles/robocallee_fms__rosidl_typesupport_c.dir/rosidl_typesupport_c/robocallee_fms/msg/aruco_pose__type_support.cpp.o[0m
[20.702s] [ 39%] [32mBuilding C object CMakeFiles/robocallee_fms__rosidl_typesupport_introspection_c.dir/rosidl_typesupport_introspection_c/robocallee_fms/srv/detail/employee_request__type_support.c.o[0m
[20.769s] [ 40%] [32mBuilding CXX object CMakeFiles/robocallee_fms__rosidl_typesupport_c.dir/rosidl_typesupport_c/robocallee_fms/msg/aruco_pose_array__type_support.cpp.o[0m
[20.889s] [ 41%] [32mBuilding C object CMakeFiles/robocallee_fms__rosidl_typesupport_introspection_c.dir/rosidl_typesupport_introspection_c/robocallee_fms/srv/detail/robot_arm_request__type_support.c.o[0m
[20.895s] [ 43%] [32mBuilding CXX object CMakeFiles/robocallee_fms__rosidl_typesupport_c.dir/rosidl_typesupport_c/robocallee_fms/srv/customer_request__type_support.cpp.o[0m
[20.993s] [ 44%] [32mBuilding CXX object CMakeFiles/robocallee_fms__rosidl_typesupport_cpp.dir/rosidl_typesupport_cpp/robocallee_fms/msg/aruco_pose_array__type_support.cpp.o[0m
[21.038s] [ 45%] [32m[1mLinking C shared library librobocallee_fms__rosidl_typesupport_introspection_c.so[0m
[21.043s] [ 47%] [32mBuilding CXX object CMakeFiles/robocallee_fms__rosidl_typesupport_c.dir/rosidl_typesupport_c/robocallee_fms/srv/employee_request__type_support.cpp.o[0m
[21.100s] [ 48%] [32mBuilding CXX object CMakeFiles/robocallee_fms__rosidl_typesupport_fastrtps_c.dir/rosidl_typesupport_fastrtps_c/robocallee_fms/msg/detail/aruco_pose__type_support_c.cpp.o[0m
[21.212s] [ 50%] [32mBuilding CXX object CMakeFiles/robocallee_fms__rosidl_typesupport_c.dir/rosidl_typesupport_c/robocallee_fms/srv/robot_arm_request__type_support.cpp.o[0m
[21.219s] [ 50%] Built target robocallee_fms__rosidl_typesupport_introspection_c
[21.272s] [ 51%] [34m[1mGenerating C++ type support for eProsima Fast-RTPS[0m
[21.360s] [ 52%] [32m[1mLinking CXX shared library librobocallee_fms__rosidl_typesupport_c.so[0m
[21.605s] [ 52%] Built target robocallee_fms__rosidl_typesupport_c
[21.663s] [ 54%] [34m[1mGenerating C++ introspection for ROS interfaces[0m
[21.834s] [ 55%] [32mBuilding CXX object CMakeFiles/robocallee_fms__rosidl_typesupport_cpp.dir/rosidl_typesupport_cpp/robocallee_fms/srv/customer_request__type_support.cpp.o[0m
[22.116s] [ 56%] [32mBuilding CXX object CMakeFiles/robocallee_fms__rosidl_typesupport_fastrtps_c.dir/rosidl_typesupport_fastrtps_c/robocallee_fms/msg/detail/aruco_pose_array__type_support_c.cpp.o[0m
[23.211s] [ 58%] [32mBuilding CXX object CMakeFiles/robocallee_fms__rosidl_typesupport_cpp.dir/rosidl_typesupport_cpp/robocallee_fms/srv/employee_request__type_support.cpp.o[0m
[23.372s] [ 59%] [32mBuilding CXX object CMakeFiles/robocallee_fms__rosidl_typesupport_fastrtps_c.dir/rosidl_typesupport_fastrtps_c/robocallee_fms/srv/detail/customer_request__type_support_c.cpp.o[0m
[23.401s] [ 60%] [32mBuilding CXX object CMakeFiles/robocallee_fms__rosidl_typesupport_introspection_cpp.dir/rosidl_typesupport_introspection_cpp/robocallee_fms/msg/detail/aruco_pose__type_support.cpp.o[0m
[23.468s] [ 62%] [32mBuilding CXX object CMakeFiles/robocallee_fms__rosidl_typesupport_fastrtps_cpp.dir/rosidl_typesupport_fastrtps_cpp/robocallee_fms/msg/detail/dds_fastrtps/aruco_pose__type_support.cpp.o[0m
[24.248s] [ 63%] [32mBuilding CXX object CMakeFiles/robocallee_fms__rosidl_typesupport_cpp.dir/rosidl_typesupport_cpp/robocallee_fms/srv/robot_arm_request__type_support.cpp.o[0m
[24.423s] [ 64%] [32mBuilding CXX object CMakeFiles/robocallee_fms__rosidl_typesupport_introspection_cpp.dir/rosidl_typesupport_introspection_cpp/robocallee_fms/msg/detail/aruco_pose_array__type_support.cpp.o[0m
[24.573s] [ 66%] [32mBuilding CXX object CMakeFiles/robocallee_fms__rosidl_typesupport_fastrtps_c.dir/rosidl_typesupport_fastrtps_c/robocallee_fms/srv/detail/employee_request__type_support_c.cpp.o[0m
[25.072s] [ 67%] [32mBuilding CXX object CMakeFiles/robocallee_fms__rosidl_typesupport_fastrtps_cpp.dir/rosidl_typesupport_fastrtps_cpp/robocallee_fms/msg/detail/dds_fastrtps/aruco_pose_array__type_support.cpp.o[0m
[25.497s] [ 68%] [32mBuilding CXX object CMakeFiles/robocallee_fms__rosidl_typesupport_introspection_cpp.dir/rosidl_typesupport_introspection_cpp/robocallee_fms/srv/detail/customer_request__type_support.cpp.o[0m
[25.872s] [ 70%] [32m[1mLinking CXX shared library librobocallee_fms__rosidl_typesupport_cpp.so[0m
[26.303s] [ 71%] [32mBuilding CXX object CMakeFiles/robocallee_fms__rosidl_typesupport_fastrtps_c.dir/rosidl_typesupport_fastrtps_c/robocallee_fms/srv/detail/robot_arm_request__type_support_c.cpp.o[0m
[26.653s] [ 71%] Built target robocallee_fms__rosidl_typesupport_cpp
[26.731s] [ 72%] [32mBuilding CXX object CMakeFiles/robocallee_fms__rosidl_typesupport_fastrtps_cpp.dir/rosidl_typesupport_fastrtps_cpp/robocallee_fms/srv/detail/dds_fastrtps/customer_request__type_support.cpp.o[0m
[27.353s] [ 74%] [32mBuilding CXX object CMakeFiles/robocallee_fms__rosidl_typesupport_fastrtps_cpp.dir/rosidl_typesupport_fastrtps_cpp/robocallee_fms/srv/detail/dds_fastrtps/employee_request__type_support.cpp.o[0m
[28.585s] [ 75%] [32mBuilding CXX object CMakeFiles/robocallee_fms__rosidl_typesupport_introspection_cpp.dir/rosidl_typesupport_introspection_cpp/robocallee_fms/srv/detail/employee_request__type_support.cpp.o[0m
[29.033s] [ 77%] [32mBuilding CXX object CMakeFiles/robocallee_fms__rosidl_typesupport_fastrtps_cpp.dir/rosidl_typesupport_fastrtps_cpp/robocallee_fms/srv/detail/dds_fastrtps/robot_arm_request__type_support.cpp.o[0m
[29.139s] [ 78%] [32m[1mLinking CXX shared library librobocallee_fms__rosidl_typesupport_fastrtps_c.so[0m
[29.590s] [ 78%] Built target robocallee_fms__rosidl_typesupport_fastrtps_c
[29.656s] [ 79%] [32mBuilding CXX object CMakeFiles/robocallee_fms__rosidl_typesupport_introspection_cpp.dir/rosidl_typesupport_introspection_cpp/robocallee_fms/srv/detail/robot_arm_request__type_support.cpp.o[0m
[31.319s] [ 81%] [32m[1mLinking CXX shared library librobocallee_fms__rosidl_typesupport_introspection_cpp.so[0m
[31.472s] [ 82%] [32m[1mLinking CXX shared library librobocallee_fms__rosidl_typesupport_fastrtps_cpp.so[0m
[31.635s] [ 82%] Built target robocallee_fms__rosidl_typesupport_introspection_cpp
[31.786s] [ 82%] Built target robocallee_fms__rosidl_typesupport_fastrtps_cpp
[31.840s] [ 82%] Built target robocallee_fms
[31.905s] [ 83%] [34m[1mGenerating Python code for ROS interfaces[0m
[33.608s] [ 83%] Built target robocallee_fms__py
[33.662s] [ 85%] [32mBuilding C object CMakeFiles/robocallee_fms__rosidl_generator_py.dir/rosidl_generator_py/robocallee_fms/srv/_customer_request_s.c.o[0m
[33.664s] [ 86%] [32mBuilding C object CMakeFiles/robocallee_fms__rosidl_generator_py.dir/rosidl_generator_py/robocallee_fms/msg/_aruco_pose_array_s.c.o[0m
[33.665s] [ 87%] [32mBuilding C object CMakeFiles/robocallee_fms__rosidl_generator_py.dir/rosidl_generator_py/robocallee_fms/msg/_aruco_pose_s.c.o[0m
[33.975s] [ 89%] [32mBuilding C object CMakeFiles/robocallee_fms__rosidl_generator_py.dir/rosidl_generator_py/robocallee_fms/srv/_employee_request_s.c.o[0m
[34.011s] [ 90%] [32mBuilding C object CMakeFiles/robocallee_fms__rosidl_generator_py.dir/rosidl_generator_py/robocallee_fms/srv/_robot_arm_request_s.c.o[0m
[34.383s] [ 91%] [32m[1mLinking C shared library librobocallee_fms__rosidl_generator_py.so[0m
[34.536s] [ 91%] Built target robocallee_fms__rosidl_generator_py
[34.628s] [ 93%] [32mBuilding C object CMakeFiles/robocallee_fms_s__rosidl_typesupport_c.dir/rosidl_generator_py/robocallee_fms/_robocallee_fms_s.ep.rosidl_typesupport_c.c.o[0m
[34.665s] [ 94%] [32mBuilding C object CMakeFiles/robocallee_fms_s__rosidl_typesupport_introspection_c.dir/rosidl_generator_py/robocallee_fms/_robocallee_fms_s.ep.rosidl_typesupport_introspection_c.c.o[0m
[34.727s] [ 95%] [32mBuilding C object CMakeFiles/robocallee_fms_s__rosidl_typesupport_fastrtps_c.dir/rosidl_generator_py/robocallee_fms/_robocallee_fms_s.ep.rosidl_typesupport_fastrtps_c.c.o[0m
[34.977s] [ 97%] [32m[1mLinking C shared module rosidl_generator_py/robocallee_fms/robocallee_fms_s__rosidl_typesupport_introspection_c.so[0m
[35.026s] [ 98%] [32m[1mLinking C shared module rosidl_generator_py/robocallee_fms/robocallee_fms_s__rosidl_typesupport_c.so[0m
[35.064s] [100%] [32m[1mLinking C shared module rosidl_generator_py/robocallee_fms/robocallee_fms_s__rosidl_typesupport_fastrtps_c.so[0m
[35.074s] [100%] Built target robocallee_fms_s__rosidl_typesupport_introspection_c
[35.107s] [100%] Built target robocallee_fms_s__rosidl_typesupport_c
[35.157s] [100%] Built target robocallee_fms_s__rosidl_typesupport_fastrtps_c
[35.202s] Invoked command in '/home/jetcobot/sun_ws/ros2_ws/build/robocallee_fms' returned '0': CMAKE_PREFIX_PATH=${CMAKE_PREFIX_PATH}:/home/jetcobot/sun_ws/ros2_ws/install/pick_and_place:/opt/ros/jazzy DEBUGINFOD_URLS=https://debuginfod.ubuntu.com /usr/bin/cmake --build /home/jetcobot/sun_ws/ros2_ws/build/robocallee_fms -- -j4 -l4
[35.202s] Invoking command in '/home/jetcobot/sun_ws/ros2_ws/build/robocallee_fms': CMAKE_PREFIX_PATH=${CMAKE_PREFIX_PATH}:/home/jetcobot/sun_ws/ros2_ws/install/pick_and_place:/opt/ros/jazzy DEBUGINFOD_URLS=https://debuginfod.ubuntu.com /usr/bin/cmake --install /home/jetcobot/sun_ws/ros2_ws/build/robocallee_fms
[35.229s] -- Install configuration: ""
[35.230s] -- Execute custom install script
[35.232s] -- Symlinking: /home/jetcobot/sun_ws/ros2_ws/install/robocallee_fms/share/ament_index/resource_index/rosidl_interfaces/robocallee_fms
[35.261s] -- Symlinking: /home/jetcobot/sun_ws/ros2_ws/install/robocallee_fms/share/robocallee_fms/msg/ArucoPose.json
[35.283s] -- Symlinking: /home/jetcobot/sun_ws/ros2_ws/install/robocallee_fms/share/robocallee_fms/msg/ArucoPoseArray.json
[35.308s] -- Symlinking: /home/jetcobot/sun_ws/ros2_ws/install/robocallee_fms/share/robocallee_fms/srv/CustomerRequest.json
[35.340s] -- Symlinking: /home/jetcobot/sun_ws/ros2_ws/install/robocallee_fms/share/robocallee_fms/srv/EmployeeRequest.json
[35.365s] -- Symlinking: /home/jetcobot/sun_ws/ros2_ws/install/robocallee_fms/share/robocallee_fms/srv/RobotArmRequest.json
[35.395s] -- Symlinking: /home/jetcobot/sun_ws/ros2_ws/install/robocallee_fms/include/robocallee_fms/robocallee_fms/msg/aruco_pose.h
[35.429s] -- Symlinking: /home/jetcobot/sun_ws/ros2_ws/install/robocallee_fms/include/robocallee_fms/robocallee_fms/msg/aruco_pose_array.h
[35.463s] -- Symlinking: /home/jetcobot/sun_ws/ros2_ws/install/robocallee_fms/include/robocallee_fms/robocallee_fms/msg/detail/aruco_pose__functions.h
[35.492s] -- Symlinking: /home/jetcobot/sun_ws/ros2_ws/install/robocallee_fms/include/robocallee_fms/robocallee_fms/msg/detail/aruco_pose__struct.h
[35.513s] -- Symlinking: /home/jetcobot/sun_ws/ros2_ws/install/robocallee_fms/include/robocallee_fms/robocallee_fms/msg/detail/aruco_pose__type_support.h
[35.535s] -- Symlinking: /home/jetcobot/sun_ws/ros2_ws/install/robocallee_fms/include/robocallee_fms/robocallee_fms/msg/detail/aruco_pose_array__functions.h
[35.559s] -- Symlinking: /home/jetcobot/sun_ws/ros2_ws/install/robocallee_fms/include/robocallee_fms/robocallee_fms/msg/detail/aruco_pose_array__struct.h
[35.581s] -- Symlinking: /home/jetcobot/sun_ws/ros2_ws/install/robocallee_fms/include/robocallee_fms/robocallee_fms/msg/detail/aruco_pose_array__type_support.h
[35.603s] -- Symlinking: /home/jetcobot/sun_ws/ros2_ws/install/robocallee_fms/include/robocallee_fms/robocallee_fms/msg/rosidl_generator_c__visibility_control.h
[35.632s] -- Symlinking: /home/jetcobot/sun_ws/ros2_ws/install/robocallee_fms/include/robocallee_fms/robocallee_fms/srv/customer_request.h
[35.656s] -- Symlinking: /home/jetcobot/sun_ws/ros2_ws/install/robocallee_fms/include/robocallee_fms/robocallee_fms/srv/detail/customer_request__functions.h
[35.683s] -- Symlinking: /home/jetcobot/sun_ws/ros2_ws/install/robocallee_fms/include/robocallee_fms/robocallee_fms/srv/detail/customer_request__struct.h
[35.706s] -- Symlinking: /home/jetcobot/sun_ws/ros2_ws/install/robocallee_fms/include/robocallee_fms/robocallee_fms/srv/detail/customer_request__type_support.h
[35.726s] -- Symlinking: /home/jetcobot/sun_ws/ros2_ws/install/robocallee_fms/include/robocallee_fms/robocallee_fms/srv/detail/employee_request__functions.h
[35.747s] -- Symlinking: /home/jetcobot/sun_ws/ros2_ws/install/robocallee_fms/include/robocallee_fms/robocallee_fms/srv/detail/employee_request__struct.h
[35.773s] -- Symlinking: /home/jetcobot/sun_ws/ros2_ws/install/robocallee_fms/include/robocallee_fms/robocallee_fms/srv/detail/employee_request__type_support.h
[35.793s] -- Symlinking: /home/jetcobot/sun_ws/ros2_ws/install/robocallee_fms/include/robocallee_fms/robocallee_fms/srv/detail/robot_arm_request__functions.h
[35.813s] -- Symlinking: /home/jetcobot/sun_ws/ros2_ws/install/robocallee_fms/include/robocallee_fms/robocallee_fms/srv/detail/robot_arm_request__struct.h
[35.833s] -- Symlinking: /home/jetcobot/sun_ws/ros2_ws/install/robocallee_fms/include/robocallee_fms/robocallee_fms/srv/detail/robot_arm_request__type_support.h
[35.853s] -- Symlinking: /home/jetcobot/sun_ws/ros2_ws/install/robocallee_fms/include/robocallee_fms/robocallee_fms/srv/employee_request.h
[35.872s] -- Symlinking: /home/jetcobot/sun_ws/ros2_ws/install/robocallee_fms/include/robocallee_fms/robocallee_fms/srv/robot_arm_request.h
[35.892s] -- Symlinking: /home/jetcobot/sun_ws/ros2_ws/install/robocallee_fms/share/robocallee_fms/environment/library_path.sh
[35.914s] -- Symlinking: /home/jetcobot/sun_ws/ros2_ws/install/robocallee_fms/share/robocallee_fms/environment/library_path.dsv
[35.935s] -- Symlinking: /home/jetcobot/sun_ws/ros2_ws/install/robocallee_fms/include/robocallee_fms/robocallee_fms/msg/detail/aruco_pose__rosidl_typesupport_fastrtps_c.h
[35.956s] -- Symlinking: /home/jetcobot/sun_ws/ros2_ws/install/robocallee_fms/include/robocallee_fms/robocallee_fms/msg/detail/aruco_pose_array__rosidl_typesupport_fastrtps_c.h
[35.977s] -- Symlinking: /home/jetcobot/sun_ws/ros2_ws/install/robocallee_fms/include/robocallee_fms/robocallee_fms/msg/rosidl_typesupport_fastrtps_c__visibility_control.h
[35.997s] -- Symlinking: /home/jetcobot/sun_ws/ros2_ws/install/robocallee_fms/include/robocallee_fms/robocallee_fms/srv/detail/customer_request__rosidl_typesupport_fastrtps_c.h
[36.018s] -- Symlinking: /home/jetcobot/sun_ws/ros2_ws/install/robocallee_fms/include/robocallee_fms/robocallee_fms/srv/detail/employee_request__rosidl_typesupport_fastrtps_c.h
[36.038s] -- Symlinking: /home/jetcobot/sun_ws/ros2_ws/install/robocallee_fms/include/robocallee_fms/robocallee_fms/srv/detail/robot_arm_request__rosidl_typesupport_fastrtps_c.h
[36.060s] -- Symlinking: /home/jetcobot/sun_ws/ros2_ws/install/robocallee_fms/include/robocallee_fms/robocallee_fms/msg/detail/aruco_pose__rosidl_typesupport_introspection_c.h
[36.082s] -- Symlinking: /home/jetcobot/sun_ws/ros2_ws/install/robocallee_fms/include/robocallee_fms/robocallee_fms/msg/detail/aruco_pose_array__rosidl_typesupport_introspection_c.h
[36.102s] -- Symlinking: /home/jetcobot/sun_ws/ros2_ws/install/robocallee_fms/include/robocallee_fms/robocallee_fms/msg/rosidl_typesupport_introspection_c__visibility_control.h
[36.126s] -- Symlinking: /home/jetcobot/sun_ws/ros2_ws/install/robocallee_fms/include/robocallee_fms/robocallee_fms/srv/detail/customer_request__rosidl_typesupport_introspection_c.h
[36.146s] -- Symlinking: /home/jetcobot/sun_ws/ros2_ws/install/robocallee_fms/include/robocallee_fms/robocallee_fms/srv/detail/employee_request__rosidl_typesupport_introspection_c.h
[36.167s] -- Symlinking: /home/jetcobot/sun_ws/ros2_ws/install/robocallee_fms/include/robocallee_fms/robocallee_fms/srv/detail/robot_arm_request__rosidl_typesupport_introspection_c.h
[36.189s] -- Symlinking: /home/jetcobot/sun_ws/ros2_ws/install/robocallee_fms/include/robocallee_fms/robocallee_fms/msg/aruco_pose.hpp
[36.211s] -- Symlinking: /home/jetcobot/sun_ws/ros2_ws/install/robocallee_fms/include/robocallee_fms/robocallee_fms/msg/aruco_pose_array.hpp
[36.231s] -- Symlinking: /home/jetcobot/sun_ws/ros2_ws/install/robocallee_fms/include/robocallee_fms/robocallee_fms/msg/detail/aruco_pose__builder.hpp
[36.250s] -- Symlinking: /home/jetcobot/sun_ws/ros2_ws/install/robocallee_fms/include/robocallee_fms/robocallee_fms/msg/detail/aruco_pose__struct.hpp
[36.269s] -- Symlinking: /home/jetcobot/sun_ws/ros2_ws/install/robocallee_fms/include/robocallee_fms/robocallee_fms/msg/detail/aruco_pose__traits.hpp
[36.289s] -- Symlinking: /home/jetcobot/sun_ws/ros2_ws/install/robocallee_fms/include/robocallee_fms/robocallee_fms/msg/detail/aruco_pose__type_support.hpp
[36.309s] -- Symlinking: /home/jetcobot/sun_ws/ros2_ws/install/robocallee_fms/include/robocallee_fms/robocallee_fms/msg/detail/aruco_pose_array__builder.hpp
[36.329s] -- Symlinking: /home/jetcobot/sun_ws/ros2_ws/install/robocallee_fms/include/robocallee_fms/robocallee_fms/msg/detail/aruco_pose_array__struct.hpp
[36.349s] -- Symlinking: /home/jetcobot/sun_ws/ros2_ws/install/robocallee_fms/include/robocallee_fms/robocallee_fms/msg/detail/aruco_pose_array__traits.hpp
[36.369s] -- Symlinking: /home/jetcobot/sun_ws/ros2_ws/install/robocallee_fms/include/robocallee_fms/robocallee_fms/msg/detail/aruco_pose_array__type_support.hpp
[36.390s] -- Symlinking: /home/jetcobot/sun_ws/ros2_ws/install/robocallee_fms/include/robocallee_fms/robocallee_fms/msg/rosidl_generator_cpp__visibility_control.hpp
[36.409s] -- Symlinking: /home/jetcobot/sun_ws/ros2_ws/install/robocallee_fms/include/robocallee_fms/robocallee_fms/srv/customer_request.hpp
[36.429s] -- Symlinking: /home/jetcobot/sun_ws/ros2_ws/install/robocallee_fms/include/robocallee_fms/robocallee_fms/srv/detail/customer_request__builder.hpp
[36.449s] -- Symlinking: /home/jetcobot/sun_ws/ros2_ws/install/robocallee_fms/include/robocallee_fms/robocallee_fms/srv/detail/customer_request__struct.hpp
[36.468s] -- Symlinking: /home/jetcobot/sun_ws/ros2_ws/install/robocallee_fms/include/robocallee_fms/robocallee_fms/srv/detail/customer_request__traits.hpp
[36.488s] -- Symlinking: /home/jetcobot/sun_ws/ros2_ws/install/robocallee_fms/include/robocallee_fms/robocallee_fms/srv/detail/customer_request__type_support.hpp
[36.507s] -- Symlinking: /home/jetcobot/sun_ws/ros2_ws/install/robocallee_fms/include/robocallee_fms/robocallee_fms/srv/detail/employee_request__builder.hpp
[36.527s] -- Symlinking: /home/jetcobot/sun_ws/ros2_ws/install/robocallee_fms/include/robocallee_fms/robocallee_fms/srv/detail/employee_request__struct.hpp
[36.546s] -- Symlinking: /home/jetcobot/sun_ws/ros2_ws/install/robocallee_fms/include/robocallee_fms/robocallee_fms/srv/detail/employee_request__traits.hpp
[36.566s] -- Symlinking: /home/jetcobot/sun_ws/ros2_ws/install/robocallee_fms/include/robocallee_fms/robocallee_fms/srv/detail/employee_request__type_support.hpp
[36.585s] -- Symlinking: /home/jetcobot/sun_ws/ros2_ws/install/robocallee_fms/include/robocallee_fms/robocallee_fms/srv/detail/robot_arm_request__builder.hpp
[36.604s] -- Symlinking: /home/jetcobot/sun_ws/ros2_ws/install/robocallee_fms/include/robocallee_fms/robocallee_fms/srv/detail/robot_arm_request__struct.hpp
[36.624s] -- Symlinking: /home/jetcobot/sun_ws/ros2_ws/install/robocallee_fms/include/robocallee_fms/robocallee_fms/srv/detail/robot_arm_request__traits.hpp
[36.643s] -- Symlinking: /home/jetcobot/sun_ws/ros2_ws/install/robocallee_fms/include/robocallee_fms/robocallee_fms/srv/detail/robot_arm_request__type_support.hpp
[36.663s] -- Symlinking: /home/jetcobot/sun_ws/ros2_ws/install/robocallee_fms/include/robocallee_fms/robocallee_fms/srv/employee_request.hpp
[36.683s] -- Symlinking: /home/jetcobot/sun_ws/ros2_ws/install/robocallee_fms/include/robocallee_fms/robocallee_fms/srv/robot_arm_request.hpp
[36.704s] -- Symlinking: /home/jetcobot/sun_ws/ros2_ws/install/robocallee_fms/include/robocallee_fms/robocallee_fms/msg/detail/aruco_pose__rosidl_typesupport_fastrtps_cpp.hpp
[36.723s] -- Symlinking: /home/jetcobot/sun_ws/ros2_ws/install/robocallee_fms/include/robocallee_fms/robocallee_fms/msg/detail/aruco_pose_array__rosidl_typesupport_fastrtps_cpp.hpp
[36.743s] -- Symlinking: /home/jetcobot/sun_ws/ros2_ws/install/robocallee_fms/include/robocallee_fms/robocallee_fms/msg/rosidl_typesupport_fastrtps_cpp__visibility_control.h
[36.763s] -- Symlinking: /home/jetcobot/sun_ws/ros2_ws/install/robocallee_fms/include/robocallee_fms/robocallee_fms/srv/detail/customer_request__rosidl_typesupport_fastrtps_cpp.hpp
[36.782s] -- Symlinking: /home/jetcobot/sun_ws/ros2_ws/install/robocallee_fms/include/robocallee_fms/robocallee_fms/srv/detail/employee_request__rosidl_typesupport_fastrtps_cpp.hpp
[36.802s] -- Symlinking: /home/jetcobot/sun_ws/ros2_ws/install/robocallee_fms/include/robocallee_fms/robocallee_fms/srv/detail/robot_arm_request__rosidl_typesupport_fastrtps_cpp.hpp
[36.822s] -- Symlinking: /home/jetcobot/sun_ws/ros2_ws/install/robocallee_fms/include/robocallee_fms/robocallee_fms/msg/detail/aruco_pose__rosidl_typesupport_introspection_cpp.hpp
[36.841s] -- Symlinking: /home/jetcobot/sun_ws/ros2_ws/install/robocallee_fms/include/robocallee_fms/robocallee_fms/msg/detail/aruco_pose_array__rosidl_typesupport_introspection_cpp.hpp
[36.860s] -- Symlinking: /home/jetcobot/sun_ws/ros2_ws/install/robocallee_fms/include/robocallee_fms/robocallee_fms/srv/detail/customer_request__rosidl_typesupport_introspection_cpp.hpp
[36.880s] -- Symlinking: /home/jetcobot/sun_ws/ros2_ws/install/robocallee_fms/include/robocallee_fms/robocallee_fms/srv/detail/employee_request__rosidl_typesupport_introspection_cpp.hpp
[36.900s] -- Symlinking: /home/jetcobot/sun_ws/ros2_ws/install/robocallee_fms/include/robocallee_fms/robocallee_fms/srv/detail/robot_arm_request__rosidl_typesupport_introspection_cpp.hpp
[36.920s] -- Symlinking: /home/jetcobot/sun_ws/ros2_ws/install/robocallee_fms/share/robocallee_fms/environment/pythonpath.sh
[36.939s] -- Symlinking: /home/jetcobot/sun_ws/ros2_ws/install/robocallee_fms/share/robocallee_fms/environment/pythonpath.dsv
[36.959s] -- Symlinking: /home/jetcobot/sun_ws/ros2_ws/install/robocallee_fms/lib/python3.12/site-packages/robocallee_fms-0.0.0-py3.12.egg-info/PKG-INFO
[36.979s] -- Symlinking: /home/jetcobot/sun_ws/ros2_ws/install/robocallee_fms/lib/python3.12/site-packages/robocallee_fms-0.0.0-py3.12.egg-info/SOURCES.txt
[36.998s] -- Symlinking: /home/jetcobot/sun_ws/ros2_ws/install/robocallee_fms/lib/python3.12/site-packages/robocallee_fms-0.0.0-py3.12.egg-info/dependency_links.txt
[37.018s] -- Symlinking: /home/jetcobot/sun_ws/ros2_ws/install/robocallee_fms/lib/python3.12/site-packages/robocallee_fms-0.0.0-py3.12.egg-info/top_level.txt
[37.039s] -- Symlinking: /home/jetcobot/sun_ws/ros2_ws/install/robocallee_fms/lib/python3.12/site-packages/robocallee_fms/__init__.py
[37.058s] -- Symlinking: /home/jetcobot/sun_ws/ros2_ws/install/robocallee_fms/lib/python3.12/site-packages/robocallee_fms/_robocallee_fms_s.ep.rosidl_typesupport_c.c
[37.078s] -- Symlinking: /home/jetcobot/sun_ws/ros2_ws/install/robocallee_fms/lib/python3.12/site-packages/robocallee_fms/_robocallee_fms_s.ep.rosidl_typesupport_fastrtps_c.c
[37.098s] -- Symlinking: /home/jetcobot/sun_ws/ros2_ws/install/robocallee_fms/lib/python3.12/site-packages/robocallee_fms/_robocallee_fms_s.ep.rosidl_typesupport_introspection_c.c
[37.118s] -- Symlinking: /home/jetcobot/sun_ws/ros2_ws/install/robocallee_fms/lib/python3.12/site-packages/robocallee_fms/msg/__init__.py
[37.139s] -- Symlinking: /home/jetcobot/sun_ws/ros2_ws/install/robocallee_fms/lib/python3.12/site-packages/robocallee_fms/msg/_aruco_pose.py
[37.159s] -- Symlinking: /home/jetcobot/sun_ws/ros2_ws/install/robocallee_fms/lib/python3.12/site-packages/robocallee_fms/msg/_aruco_pose_array.py
[37.179s] -- Symlinking: /home/jetcobot/sun_ws/ros2_ws/install/robocallee_fms/lib/python3.12/site-packages/robocallee_fms/msg/_aruco_pose_array_s.c
[37.198s] -- Symlinking: /home/jetcobot/sun_ws/ros2_ws/install/robocallee_fms/lib/python3.12/site-packages/robocallee_fms/msg/_aruco_pose_s.c
[37.218s] -- Symlinking: /home/jetcobot/sun_ws/ros2_ws/install/robocallee_fms/lib/python3.12/site-packages/robocallee_fms/robocallee_fms_s__rosidl_typesupport_c.so
[37.238s] -- Symlinking: /home/jetcobot/sun_ws/ros2_ws/install/robocallee_fms/lib/python3.12/site-packages/robocallee_fms/robocallee_fms_s__rosidl_typesupport_fastrtps_c.so
[37.257s] -- Symlinking: /home/jetcobot/sun_ws/ros2_ws/install/robocallee_fms/lib/python3.12/site-packages/robocallee_fms/robocallee_fms_s__rosidl_typesupport_introspection_c.so
[37.277s] -- Symlinking: /home/jetcobot/sun_ws/ros2_ws/install/robocallee_fms/lib/python3.12/site-packages/robocallee_fms/srv/__init__.py
[37.297s] -- Symlinking: /home/jetcobot/sun_ws/ros2_ws/install/robocallee_fms/lib/python3.12/site-packages/robocallee_fms/srv/_customer_request.py
[37.316s] -- Symlinking: /home/jetcobot/sun_ws/ros2_ws/install/robocallee_fms/lib/python3.12/site-packages/robocallee_fms/srv/_customer_request_s.c
[37.336s] -- Symlinking: /home/jetcobot/sun_ws/ros2_ws/install/robocallee_fms/lib/python3.12/site-packages/robocallee_fms/srv/_employee_request.py
[37.356s] -- Symlinking: /home/jetcobot/sun_ws/ros2_ws/install/robocallee_fms/lib/python3.12/site-packages/robocallee_fms/srv/_employee_request_s.c
[37.375s] -- Symlinking: /home/jetcobot/sun_ws/ros2_ws/install/robocallee_fms/lib/python3.12/site-packages/robocallee_fms/srv/_robot_arm_request.py
[37.395s] -- Symlinking: /home/jetcobot/sun_ws/ros2_ws/install/robocallee_fms/lib/python3.12/site-packages/robocallee_fms/srv/_robot_arm_request_s.c
[37.415s] -- Up-to-date symlink: /home/jetcobot/sun_ws/ros2_ws/install/robocallee_fms/lib/python3.12/site-packages/robocallee_fms/robocallee_fms_s__rosidl_typesupport_fastrtps_c.so
[37.415s] -- Up-to-date symlink: /home/jetcobot/sun_ws/ros2_ws/install/robocallee_fms/lib/python3.12/site-packages/robocallee_fms/robocallee_fms_s__rosidl_typesupport_introspection_c.so
[37.416s] -- Up-to-date symlink: /home/jetcobot/sun_ws/ros2_ws/install/robocallee_fms/lib/python3.12/site-packages/robocallee_fms/robocallee_fms_s__rosidl_typesupport_c.so
[37.416s] -- Symlinking: /home/jetcobot/sun_ws/ros2_ws/install/robocallee_fms/share/robocallee_fms/msg/ArucoPose.idl
[37.436s] -- Symlinking: /home/jetcobot/sun_ws/ros2_ws/install/robocallee_fms/share/robocallee_fms/msg/ArucoPoseArray.idl
[37.456s] -- Symlinking: /home/jetcobot/sun_ws/ros2_ws/install/robocallee_fms/share/robocallee_fms/srv/CustomerRequest.idl
[37.475s] -- Symlinking: /home/jetcobot/sun_ws/ros2_ws/install/robocallee_fms/share/robocallee_fms/srv/EmployeeRequest.idl
[37.495s] -- Symlinking: /home/jetcobot/sun_ws/ros2_ws/install/robocallee_fms/share/robocallee_fms/srv/RobotArmRequest.idl
[37.515s] -- Symlinking: /home/jetcobot/sun_ws/ros2_ws/install/robocallee_fms/share/robocallee_fms/msg/ArucoPose.msg
[37.535s] -- Symlinking: /home/jetcobot/sun_ws/ros2_ws/install/robocallee_fms/share/robocallee_fms/msg/ArucoPoseArray.msg
[37.555s] -- Symlinking: /home/jetcobot/sun_ws/ros2_ws/install/robocallee_fms/share/robocallee_fms/srv/CustomerRequest.srv
[37.575s] -- Symlinking: /home/jetcobot/sun_ws/ros2_ws/install/robocallee_fms/share/robocallee_fms/srv/EmployeeRequest.srv
[37.595s] -- Symlinking: /home/jetcobot/sun_ws/ros2_ws/install/robocallee_fms/share/robocallee_fms/srv/RobotArmRequest.srv
[37.616s] -- Symlinking: /home/jetcobot/sun_ws/ros2_ws/install/robocallee_fms/share/ament_index/resource_index/package_run_dependencies/robocallee_fms
[37.637s] -- Symlinking: /home/jetcobot/sun_ws/ros2_ws/install/robocallee_fms/share/ament_index/resource_index/parent_prefix_path/robocallee_fms
[37.657s] -- Symlinking: /home/jetcobot/sun_ws/ros2_ws/install/robocallee_fms/share/robocallee_fms/environment/ament_prefix_path.sh
[37.677s] -- Symlinking: /home/jetcobot/sun_ws/ros2_ws/install/robocallee_fms/share/robocallee_fms/environment/ament_prefix_path.dsv
[37.698s] -- Symlinking: /home/jetcobot/sun_ws/ros2_ws/install/robocallee_fms/share/robocallee_fms/environment/path.sh
[37.718s] -- Symlinking: /home/jetcobot/sun_ws/ros2_ws/install/robocallee_fms/share/robocallee_fms/environment/path.dsv
[37.737s] -- Symlinking: /home/jetcobot/sun_ws/ros2_ws/install/robocallee_fms/share/robocallee_fms/local_setup.bash
[37.757s] -- Symlinking: /home/jetcobot/sun_ws/ros2_ws/install/robocallee_fms/share/robocallee_fms/local_setup.sh
[37.777s] -- Symlinking: /home/jetcobot/sun_ws/ros2_ws/install/robocallee_fms/share/robocallee_fms/local_setup.zsh
[37.796s] -- Symlinking: /home/jetcobot/sun_ws/ros2_ws/install/robocallee_fms/share/robocallee_fms/local_setup.dsv
[37.815s] -- Symlinking: /home/jetcobot/sun_ws/ros2_ws/install/robocallee_fms/share/robocallee_fms/package.dsv
[37.835s] -- Symlinking: /home/jetcobot/sun_ws/ros2_ws/install/robocallee_fms/share/ament_index/resource_index/packages/robocallee_fms
[37.856s] -- Symlinking: /home/jetcobot/sun_ws/ros2_ws/install/robocallee_fms/share/robocallee_fms/cmake/rosidl_cmake-extras.cmake
[37.876s] -- Symlinking: /home/jetcobot/sun_ws/ros2_ws/install/robocallee_fms/share/robocallee_fms/cmake/ament_cmake_export_dependencies-extras.cmake
[37.897s] -- Symlinking: /home/jetcobot/sun_ws/ros2_ws/install/robocallee_fms/share/robocallee_fms/cmake/ament_cmake_export_include_directories-extras.cmake
[37.918s] -- Symlinking: /home/jetcobot/sun_ws/ros2_ws/install/robocallee_fms/share/robocallee_fms/cmake/ament_cmake_export_libraries-extras.cmake
[37.938s] -- Symlinking: /home/jetcobot/sun_ws/ros2_ws/install/robocallee_fms/share/robocallee_fms/cmake/ament_cmake_export_targets-extras.cmake
[37.958s] -- Symlinking: /home/jetcobot/sun_ws/ros2_ws/install/robocallee_fms/share/robocallee_fms/cmake/rosidl_cmake_export_typesupport_targets-extras.cmake
[37.978s] -- Symlinking: /home/jetcobot/sun_ws/ros2_ws/install/robocallee_fms/share/robocallee_fms/cmake/rosidl_cmake_export_typesupport_libraries-extras.cmake
[37.998s] -- Symlinking: /home/jetcobot/sun_ws/ros2_ws/install/robocallee_fms/share/robocallee_fms/cmake/robocallee_fmsConfig.cmake
[38.018s] -- Symlinking: /home/jetcobot/sun_ws/ros2_ws/install/robocallee_fms/share/robocallee_fms/cmake/robocallee_fmsConfig-version.cmake
[38.037s] -- Symlinking: /home/jetcobot/sun_ws/ros2_ws/install/robocallee_fms/share/robocallee_fms/package.xml
[38.058s] -- Installing: /home/jetcobot/sun_ws/ros2_ws/install/robocallee_fms/lib/librobocallee_fms__rosidl_generator_c.so
[38.060s] -- Set non-toolchain portion of runtime path of "/home/jetcobot/sun_ws/ros2_ws/install/robocallee_fms/lib/librobocallee_fms__rosidl_generator_c.so" to ""
[38.061s] -- Installing: /home/jetcobot/sun_ws/ros2_ws/install/robocallee_fms/lib/librobocallee_fms__rosidl_typesupport_fastrtps_c.so
[38.061s] -- Set non-toolchain portion of runtime path of "/home/jetcobot/sun_ws/ros2_ws/install/robocallee_fms/lib/librobocallee_fms__rosidl_typesupport_fastrtps_c.so" to ""
[38.061s] -- Installing: /home/jetcobot/sun_ws/ros2_ws/install/robocallee_fms/lib/librobocallee_fms__rosidl_typesupport_introspection_c.so
[38.062s] -- Set non-toolchain portion of runtime path of "/home/jetcobot/sun_ws/ros2_ws/install/robocallee_fms/lib/librobocallee_fms__rosidl_typesupport_introspection_c.so" to ""
[38.062s] -- Installing: /home/jetcobot/sun_ws/ros2_ws/install/robocallee_fms/lib/librobocallee_fms__rosidl_typesupport_c.so
[38.063s] -- Set non-toolchain portion of runtime path of "/home/jetcobot/sun_ws/ros2_ws/install/robocallee_fms/lib/librobocallee_fms__rosidl_typesupport_c.so" to ""
[38.064s] -- Installing: /home/jetcobot/sun_ws/ros2_ws/install/robocallee_fms/lib/librobocallee_fms__rosidl_typesupport_fastrtps_cpp.so
[38.067s] -- Set non-toolchain portion of runtime path of "/home/jetcobot/sun_ws/ros2_ws/install/robocallee_fms/lib/librobocallee_fms__rosidl_typesupport_fastrtps_cpp.so" to ""
[38.067s] -- Installing: /home/jetcobot/sun_ws/ros2_ws/install/robocallee_fms/lib/librobocallee_fms__rosidl_typesupport_introspection_cpp.so
[38.068s] -- Set non-toolchain portion of runtime path of "/home/jetcobot/sun_ws/ros2_ws/install/robocallee_fms/lib/librobocallee_fms__rosidl_typesupport_introspection_cpp.so" to ""
[38.069s] -- Installing: /home/jetcobot/sun_ws/ros2_ws/install/robocallee_fms/lib/librobocallee_fms__rosidl_typesupport_cpp.so
[38.069s] -- Set non-toolchain portion of runtime path of "/home/jetcobot/sun_ws/ros2_ws/install/robocallee_fms/lib/librobocallee_fms__rosidl_typesupport_cpp.so" to ""
[38.153s] Listing '/home/jetcobot/sun_ws/ros2_ws/install/robocallee_fms/lib/python3.12/site-packages/robocallee_fms'...
[38.153s] Compiling '/home/jetcobot/sun_ws/ros2_ws/install/robocallee_fms/lib/python3.12/site-packages/robocallee_fms/__init__.py'...
[38.153s] Listing '/home/jetcobot/sun_ws/ros2_ws/install/robocallee_fms/lib/python3.12/site-packages/robocallee_fms/msg'...
[38.153s] Compiling '/home/jetcobot/sun_ws/ros2_ws/install/robocallee_fms/lib/python3.12/site-packages/robocallee_fms/msg/__init__.py'...
[38.153s] Compiling '/home/jetcobot/sun_ws/ros2_ws/install/robocallee_fms/lib/python3.12/site-packages/robocallee_fms/msg/_aruco_pose.py'...
[38.153s] Compiling '/home/jetcobot/sun_ws/ros2_ws/install/robocallee_fms/lib/python3.12/site-packages/robocallee_fms/msg/_aruco_pose_array.py'...
[38.154s] Listing '/home/jetcobot/sun_ws/ros2_ws/install/robocallee_fms/lib/python3.12/site-packages/robocallee_fms/srv'...
[38.154s] Compiling '/home/jetcobot/sun_ws/ros2_ws/install/robocallee_fms/lib/python3.12/site-packages/robocallee_fms/srv/__init__.py'...
[38.154s] Compiling '/home/jetcobot/sun_ws/ros2_ws/install/robocallee_fms/lib/python3.12/site-packages/robocallee_fms/srv/_customer_request.py'...
[38.154s] Compiling '/home/jetcobot/sun_ws/ros2_ws/install/robocallee_fms/lib/python3.12/site-packages/robocallee_fms/srv/_employee_request.py'...
[38.154s] Compiling '/home/jetcobot/sun_ws/ros2_ws/install/robocallee_fms/lib/python3.12/site-packages/robocallee_fms/srv/_robot_arm_request.py'...
[38.169s] -- Installing: /home/jetcobot/sun_ws/ros2_ws/install/robocallee_fms/lib/librobocallee_fms__rosidl_generator_py.so
[38.169s] -- Set non-toolchain portion of runtime path of "/home/jetcobot/sun_ws/ros2_ws/install/robocallee_fms/lib/librobocallee_fms__rosidl_generator_py.so" to ""
[38.170s] -- Installing: /home/jetcobot/sun_ws/ros2_ws/install/robocallee_fms/share/robocallee_fms/cmake/export_robocallee_fms__rosidl_generator_cExport.cmake
[38.170s] -- Installing: /home/jetcobot/sun_ws/ros2_ws/install/robocallee_fms/share/robocallee_fms/cmake/export_robocallee_fms__rosidl_generator_cExport-noconfig.cmake
[38.171s] -- Installing: /home/jetcobot/sun_ws/ros2_ws/install/robocallee_fms/share/robocallee_fms/cmake/export_robocallee_fms__rosidl_typesupport_fastrtps_cExport.cmake
[38.171s] -- Installing: /home/jetcobot/sun_ws/ros2_ws/install/robocallee_fms/share/robocallee_fms/cmake/export_robocallee_fms__rosidl_typesupport_fastrtps_cExport-noconfig.cmake
[38.171s] -- Installing: /home/jetcobot/sun_ws/ros2_ws/install/robocallee_fms/share/robocallee_fms/cmake/robocallee_fms__rosidl_typesupport_introspection_cExport.cmake
[38.171s] -- Installing: /home/jetcobot/sun_ws/ros2_ws/install/robocallee_fms/share/robocallee_fms/cmake/robocallee_fms__rosidl_typesupport_introspection_cExport-noconfig.cmake
[38.171s] -- Installing: /home/jetcobot/sun_ws/ros2_ws/install/robocallee_fms/share/robocallee_fms/cmake/robocallee_fms__rosidl_typesupport_cExport.cmake
[38.172s] -- Installing: /home/jetcobot/sun_ws/ros2_ws/install/robocallee_fms/share/robocallee_fms/cmake/robocallee_fms__rosidl_typesupport_cExport-noconfig.cmake
[38.172s] -- Installing: /home/jetcobot/sun_ws/ros2_ws/install/robocallee_fms/share/robocallee_fms/cmake/export_robocallee_fms__rosidl_generator_cppExport.cmake
[38.172s] -- Installing: /home/jetcobot/sun_ws/ros2_ws/install/robocallee_fms/share/robocallee_fms/cmake/export_robocallee_fms__rosidl_typesupport_fastrtps_cppExport.cmake
[38.172s] -- Installing: /home/jetcobot/sun_ws/ros2_ws/install/robocallee_fms/share/robocallee_fms/cmake/export_robocallee_fms__rosidl_typesupport_fastrtps_cppExport-noconfig.cmake
[38.173s] -- Installing: /home/jetcobot/sun_ws/ros2_ws/install/robocallee_fms/share/robocallee_fms/cmake/robocallee_fms__rosidl_typesupport_introspection_cppExport.cmake
[38.173s] -- Installing: /home/jetcobot/sun_ws/ros2_ws/install/robocallee_fms/share/robocallee_fms/cmake/robocallee_fms__rosidl_typesupport_introspection_cppExport-noconfig.cmake
[38.173s] -- Installing: /home/jetcobot/sun_ws/ros2_ws/install/robocallee_fms/share/robocallee_fms/cmake/robocallee_fms__rosidl_typesupport_cppExport.cmake
[38.174s] -- Installing: /home/jetcobot/sun_ws/ros2_ws/install/robocallee_fms/share/robocallee_fms/cmake/robocallee_fms__rosidl_typesupport_cppExport-noconfig.cmake
[38.174s] -- Installing: /home/jetcobot/sun_ws/ros2_ws/install/robocallee_fms/share/robocallee_fms/cmake/export_robocallee_fms__rosidl_generator_pyExport.cmake
[38.174s] -- Installing: /home/jetcobot/sun_ws/ros2_ws/install/robocallee_fms/share/robocallee_fms/cmake/export_robocallee_fms__rosidl_generator_pyExport-noconfig.cmake
[38.180s] Invoked command in '/home/jetcobot/sun_ws/ros2_ws/build/robocallee_fms' returned '0': CMAKE_PREFIX_PATH=${CMAKE_PREFIX_PATH}:/home/jetcobot/sun_ws/ros2_ws/install/pick_and_place:/opt/ros/jazzy DEBUGINFOD_URLS=https://debuginfod.ubuntu.com /usr/bin/cmake --install /home/jetcobot/sun_ws/ros2_ws/build/robocallee_fms
