[0.490s] Invoking command in '/home/jetcobot/sun_ws/ros2_ws/build/robocallee_fms': CMAKE_PREFIX_PATH=${CMAKE_PREFIX_PATH}:/home/jetcobot/sun_ws/ros2_ws/install/pick_and_place:/opt/ros/jazzy DEBUGINFOD_URLS=https://debuginfod.ubuntu.com /usr/bin/cmake --build /home/jetcobot/sun_ws/ros2_ws/build/robocallee_fms -- -j4 -l4
[0.625s] [  1%] Built target robocallee_fms__rosidl_generator_type_description
[0.701s] [  1%] Built target ament_cmake_python_symlink_robocallee_fms
[0.787s] [ 24%] Built target robocallee_fms__rosidl_generator_c
[1.222s] running egg_info
[1.261s] writing robocallee_fms.egg-info/PKG-INFO
[1.262s] writing dependency_links to robocallee_fms.egg-info/dependency_links.txt
[1.262s] writing top-level names to robocallee_fms.egg-info/top_level.txt
[1.387s] reading manifest file 'robocallee_fms.egg-info/SOURCES.txt'
[1.389s] writing manifest file 'robocallee_fms.egg-info/SOURCES.txt'
[1.479s] [ 24%] Built target ament_cmake_python_build_robocallee_fms_egg
[1.535s] [ 33%] Built target robocallee_fms__rosidl_typesupport_introspection_c
[1.588s] [ 43%] Built target robocallee_fms__rosidl_typesupport_c
[1.654s] [ 52%] Built target robocallee_fms__rosidl_typesupport_fastrtps_c
[1.704s] [ 54%] Built target robocallee_fms__cpp
[1.791s] [ 63%] Built target robocallee_fms__rosidl_typesupport_cpp
[1.854s] [ 72%] Built target robocallee_fms__rosidl_typesupport_introspection_cpp
[1.975s] [ 82%] Built target robocallee_fms__rosidl_typesupport_fastrtps_cpp
[2.021s] [ 82%] Built target robocallee_fms
[2.065s] [ 83%] Built target robocallee_fms__py
[2.128s] [ 91%] Built target robocallee_fms__rosidl_generator_py
[2.180s] [ 94%] Built target robocallee_fms_s__rosidl_typesupport_fastrtps_c
[2.237s] [ 97%] Built target robocallee_fms_s__rosidl_typesupport_c
[2.297s] [100%] Built target robocallee_fms_s__rosidl_typesupport_introspection_c
[2.326s] Invoked command in '/home/jetcobot/sun_ws/ros2_ws/build/robocallee_fms' returned '0': CMAKE_PREFIX_PATH=${CMAKE_PREFIX_PATH}:/home/jetcobot/sun_ws/ros2_ws/install/pick_and_place:/opt/ros/jazzy DEBUGINFOD_URLS=https://debuginfod.ubuntu.com /usr/bin/cmake --build /home/jetcobot/sun_ws/ros2_ws/build/robocallee_fms -- -j4 -l4
[2.328s] Invoking command in '/home/jetcobot/sun_ws/ros2_ws/build/robocallee_fms': CMAKE_PREFIX_PATH=${CMAKE_PREFIX_PATH}:/home/jetcobot/sun_ws/ros2_ws/install/pick_and_place:/opt/ros/jazzy DEBUGINFOD_URLS=https://debuginfod.ubuntu.com /usr/bin/cmake --install /home/jetcobot/sun_ws/ros2_ws/build/robocallee_fms
[2.346s] -- Install configuration: ""
[2.347s] -- Execute custom install script
[2.348s] -- Up-to-date symlink: /home/jetcobot/sun_ws/ros2_ws/install/robocallee_fms/share/ament_index/resource_index/rosidl_interfaces/robocallee_fms
[2.348s] -- Up-to-date symlink: /home/jetcobot/sun_ws/ros2_ws/install/robocallee_fms/share/robocallee_fms/msg/ArucoPose.json
[2.348s] -- Up-to-date symlink: /home/jetcobot/sun_ws/ros2_ws/install/robocallee_fms/share/robocallee_fms/msg/ArucoPoseArray.json
[2.348s] -- Up-to-date symlink: /home/jetcobot/sun_ws/ros2_ws/install/robocallee_fms/share/robocallee_fms/srv/CustomerRequest.json
[2.349s] -- Up-to-date symlink: /home/jetcobot/sun_ws/ros2_ws/install/robocallee_fms/share/robocallee_fms/srv/EmployeeRequest.json
[2.349s] -- Up-to-date symlink: /home/jetcobot/sun_ws/ros2_ws/install/robocallee_fms/share/robocallee_fms/srv/RobotArmRequest.json
[2.350s] -- Up-to-date symlink: /home/jetcobot/sun_ws/ros2_ws/install/robocallee_fms/include/robocallee_fms/robocallee_fms/msg/aruco_pose.h
[2.350s] -- Up-to-date symlink: /home/jetcobot/sun_ws/ros2_ws/install/robocallee_fms/include/robocallee_fms/robocallee_fms/msg/aruco_pose_array.h
[2.351s] -- Up-to-date symlink: /home/jetcobot/sun_ws/ros2_ws/install/robocallee_fms/include/robocallee_fms/robocallee_fms/msg/detail/aruco_pose__functions.h
[2.352s] -- Up-to-date symlink: /home/jetcobot/sun_ws/ros2_ws/install/robocallee_fms/include/robocallee_fms/robocallee_fms/msg/detail/aruco_pose__struct.h
[2.352s] -- Up-to-date symlink: /home/jetcobot/sun_ws/ros2_ws/install/robocallee_fms/include/robocallee_fms/robocallee_fms/msg/detail/aruco_pose__type_support.h
[2.352s] -- Up-to-date symlink: /home/jetcobot/sun_ws/ros2_ws/install/robocallee_fms/include/robocallee_fms/robocallee_fms/msg/detail/aruco_pose_array__functions.h
[2.353s] -- Up-to-date symlink: /home/jetcobot/sun_ws/ros2_ws/install/robocallee_fms/include/robocallee_fms/robocallee_fms/msg/detail/aruco_pose_array__struct.h
[2.353s] -- Up-to-date symlink: /home/jetcobot/sun_ws/ros2_ws/install/robocallee_fms/include/robocallee_fms/robocallee_fms/msg/detail/aruco_pose_array__type_support.h
[2.353s] -- Up-to-date symlink: /home/jetcobot/sun_ws/ros2_ws/install/robocallee_fms/include/robocallee_fms/robocallee_fms/msg/rosidl_generator_c__visibility_control.h
[2.353s] -- Up-to-date symlink: /home/jetcobot/sun_ws/ros2_ws/install/robocallee_fms/include/robocallee_fms/robocallee_fms/srv/customer_request.h
[2.353s] -- Up-to-date symlink: /home/jetcobot/sun_ws/ros2_ws/install/robocallee_fms/include/robocallee_fms/robocallee_fms/srv/detail/customer_request__functions.h
[2.353s] -- Up-to-date symlink: /home/jetcobot/sun_ws/ros2_ws/install/robocallee_fms/include/robocallee_fms/robocallee_fms/srv/detail/customer_request__struct.h
[2.354s] -- Up-to-date symlink: /home/jetcobot/sun_ws/ros2_ws/install/robocallee_fms/include/robocallee_fms/robocallee_fms/srv/detail/customer_request__type_support.h
[2.354s] -- Up-to-date symlink: /home/jetcobot/sun_ws/ros2_ws/install/robocallee_fms/include/robocallee_fms/robocallee_fms/srv/detail/employee_request__functions.h
[2.354s] -- Up-to-date symlink: /home/jetcobot/sun_ws/ros2_ws/install/robocallee_fms/include/robocallee_fms/robocallee_fms/srv/detail/employee_request__struct.h
[2.354s] -- Up-to-date symlink: /home/jetcobot/sun_ws/ros2_ws/install/robocallee_fms/include/robocallee_fms/robocallee_fms/srv/detail/employee_request__type_support.h
[2.354s] -- Up-to-date symlink: /home/jetcobot/sun_ws/ros2_ws/install/robocallee_fms/include/robocallee_fms/robocallee_fms/srv/detail/robot_arm_request__functions.h
[2.354s] -- Up-to-date symlink: /home/jetcobot/sun_ws/ros2_ws/install/robocallee_fms/include/robocallee_fms/robocallee_fms/srv/detail/robot_arm_request__struct.h
[2.355s] -- Up-to-date symlink: /home/jetcobot/sun_ws/ros2_ws/install/robocallee_fms/include/robocallee_fms/robocallee_fms/srv/detail/robot_arm_request__type_support.h
[2.355s] -- Up-to-date symlink: /home/jetcobot/sun_ws/ros2_ws/install/robocallee_fms/include/robocallee_fms/robocallee_fms/srv/employee_request.h
[2.355s] -- Up-to-date symlink: /home/jetcobot/sun_ws/ros2_ws/install/robocallee_fms/include/robocallee_fms/robocallee_fms/srv/robot_arm_request.h
[2.355s] -- Up-to-date symlink: /home/jetcobot/sun_ws/ros2_ws/install/robocallee_fms/share/robocallee_fms/environment/library_path.sh
[2.355s] -- Up-to-date symlink: /home/jetcobot/sun_ws/ros2_ws/install/robocallee_fms/share/robocallee_fms/environment/library_path.dsv
[2.356s] -- Up-to-date symlink: /home/jetcobot/sun_ws/ros2_ws/install/robocallee_fms/include/robocallee_fms/robocallee_fms/msg/detail/aruco_pose__rosidl_typesupport_fastrtps_c.h
[2.357s] -- Up-to-date symlink: /home/jetcobot/sun_ws/ros2_ws/install/robocallee_fms/include/robocallee_fms/robocallee_fms/msg/detail/aruco_pose_array__rosidl_typesupport_fastrtps_c.h
[2.357s] -- Up-to-date symlink: /home/jetcobot/sun_ws/ros2_ws/install/robocallee_fms/include/robocallee_fms/robocallee_fms/msg/rosidl_typesupport_fastrtps_c__visibility_control.h
[2.357s] -- Up-to-date symlink: /home/jetcobot/sun_ws/ros2_ws/install/robocallee_fms/include/robocallee_fms/robocallee_fms/srv/detail/customer_request__rosidl_typesupport_fastrtps_c.h
[2.357s] -- Up-to-date symlink: /home/jetcobot/sun_ws/ros2_ws/install/robocallee_fms/include/robocallee_fms/robocallee_fms/srv/detail/employee_request__rosidl_typesupport_fastrtps_c.h
[2.357s] -- Up-to-date symlink: /home/jetcobot/sun_ws/ros2_ws/install/robocallee_fms/include/robocallee_fms/robocallee_fms/srv/detail/robot_arm_request__rosidl_typesupport_fastrtps_c.h
[2.358s] -- Up-to-date symlink: /home/jetcobot/sun_ws/ros2_ws/install/robocallee_fms/include/robocallee_fms/robocallee_fms/msg/detail/aruco_pose__rosidl_typesupport_introspection_c.h
[2.358s] -- Up-to-date symlink: /home/jetcobot/sun_ws/ros2_ws/install/robocallee_fms/include/robocallee_fms/robocallee_fms/msg/detail/aruco_pose_array__rosidl_typesupport_introspection_c.h
[2.358s] -- Up-to-date symlink: /home/jetcobot/sun_ws/ros2_ws/install/robocallee_fms/include/robocallee_fms/robocallee_fms/msg/rosidl_typesupport_introspection_c__visibility_control.h
[2.359s] -- Up-to-date symlink: /home/jetcobot/sun_ws/ros2_ws/install/robocallee_fms/include/robocallee_fms/robocallee_fms/srv/detail/customer_request__rosidl_typesupport_introspection_c.h
[2.359s] -- Up-to-date symlink: /home/jetcobot/sun_ws/ros2_ws/install/robocallee_fms/include/robocallee_fms/robocallee_fms/srv/detail/employee_request__rosidl_typesupport_introspection_c.h
[2.359s] -- Up-to-date symlink: /home/jetcobot/sun_ws/ros2_ws/install/robocallee_fms/include/robocallee_fms/robocallee_fms/srv/detail/robot_arm_request__rosidl_typesupport_introspection_c.h
[2.360s] -- Up-to-date symlink: /home/jetcobot/sun_ws/ros2_ws/install/robocallee_fms/include/robocallee_fms/robocallee_fms/msg/aruco_pose.hpp
[2.360s] -- Up-to-date symlink: /home/jetcobot/sun_ws/ros2_ws/install/robocallee_fms/include/robocallee_fms/robocallee_fms/msg/aruco_pose_array.hpp
[2.360s] -- Up-to-date symlink: /home/jetcobot/sun_ws/ros2_ws/install/robocallee_fms/include/robocallee_fms/robocallee_fms/msg/detail/aruco_pose__builder.hpp
[2.360s] -- Up-to-date symlink: /home/jetcobot/sun_ws/ros2_ws/install/robocallee_fms/include/robocallee_fms/robocallee_fms/msg/detail/aruco_pose__struct.hpp
[2.361s] -- Up-to-date symlink: /home/jetcobot/sun_ws/ros2_ws/install/robocallee_fms/include/robocallee_fms/robocallee_fms/msg/detail/aruco_pose__traits.hpp
[2.361s] -- Up-to-date symlink: /home/jetcobot/sun_ws/ros2_ws/install/robocallee_fms/include/robocallee_fms/robocallee_fms/msg/detail/aruco_pose__type_support.hpp
[2.361s] -- Up-to-date symlink: /home/jetcobot/sun_ws/ros2_ws/install/robocallee_fms/include/robocallee_fms/robocallee_fms/msg/detail/aruco_pose_array__builder.hpp
[2.361s] -- Up-to-date symlink: /home/jetcobot/sun_ws/ros2_ws/install/robocallee_fms/include/robocallee_fms/robocallee_fms/msg/detail/aruco_pose_array__struct.hpp
[2.361s] -- Up-to-date symlink: /home/jetcobot/sun_ws/ros2_ws/install/robocallee_fms/include/robocallee_fms/robocallee_fms/msg/detail/aruco_pose_array__traits.hpp
[2.361s] -- Up-to-date symlink: /home/jetcobot/sun_ws/ros2_ws/install/robocallee_fms/include/robocallee_fms/robocallee_fms/msg/detail/aruco_pose_array__type_support.hpp
[2.362s] -- Up-to-date symlink: /home/jetcobot/sun_ws/ros2_ws/install/robocallee_fms/include/robocallee_fms/robocallee_fms/msg/rosidl_generator_cpp__visibility_control.hpp
[2.362s] -- Up-to-date symlink: /home/jetcobot/sun_ws/ros2_ws/install/robocallee_fms/include/robocallee_fms/robocallee_fms/srv/customer_request.hpp
[2.362s] -- Up-to-date symlink: /home/jetcobot/sun_ws/ros2_ws/install/robocallee_fms/include/robocallee_fms/robocallee_fms/srv/detail/customer_request__builder.hpp
[2.362s] -- Up-to-date symlink: /home/jetcobot/sun_ws/ros2_ws/install/robocallee_fms/include/robocallee_fms/robocallee_fms/srv/detail/customer_request__struct.hpp
[2.362s] -- Up-to-date symlink: /home/jetcobot/sun_ws/ros2_ws/install/robocallee_fms/include/robocallee_fms/robocallee_fms/srv/detail/customer_request__traits.hpp
[2.363s] -- Up-to-date symlink: /home/jetcobot/sun_ws/ros2_ws/install/robocallee_fms/include/robocallee_fms/robocallee_fms/srv/detail/customer_request__type_support.hpp
[2.363s] -- Up-to-date symlink: /home/jetcobot/sun_ws/ros2_ws/install/robocallee_fms/include/robocallee_fms/robocallee_fms/srv/detail/employee_request__builder.hpp
[2.363s] -- Up-to-date symlink: /home/jetcobot/sun_ws/ros2_ws/install/robocallee_fms/include/robocallee_fms/robocallee_fms/srv/detail/employee_request__struct.hpp
[2.363s] -- Up-to-date symlink: /home/jetcobot/sun_ws/ros2_ws/install/robocallee_fms/include/robocallee_fms/robocallee_fms/srv/detail/employee_request__traits.hpp
[2.363s] -- Up-to-date symlink: /home/jetcobot/sun_ws/ros2_ws/install/robocallee_fms/include/robocallee_fms/robocallee_fms/srv/detail/employee_request__type_support.hpp
[2.364s] -- Up-to-date symlink: /home/jetcobot/sun_ws/ros2_ws/install/robocallee_fms/include/robocallee_fms/robocallee_fms/srv/detail/robot_arm_request__builder.hpp
[2.364s] -- Up-to-date symlink: /home/jetcobot/sun_ws/ros2_ws/install/robocallee_fms/include/robocallee_fms/robocallee_fms/srv/detail/robot_arm_request__struct.hpp
[2.364s] -- Up-to-date symlink: /home/jetcobot/sun_ws/ros2_ws/install/robocallee_fms/include/robocallee_fms/robocallee_fms/srv/detail/robot_arm_request__traits.hpp
[2.364s] -- Up-to-date symlink: /home/jetcobot/sun_ws/ros2_ws/install/robocallee_fms/include/robocallee_fms/robocallee_fms/srv/detail/robot_arm_request__type_support.hpp
[2.364s] -- Up-to-date symlink: /home/jetcobot/sun_ws/ros2_ws/install/robocallee_fms/include/robocallee_fms/robocallee_fms/srv/employee_request.hpp
[2.365s] -- Up-to-date symlink: /home/jetcobot/sun_ws/ros2_ws/install/robocallee_fms/include/robocallee_fms/robocallee_fms/srv/robot_arm_request.hpp
[2.366s] -- Up-to-date symlink: /home/jetcobot/sun_ws/ros2_ws/install/robocallee_fms/include/robocallee_fms/robocallee_fms/msg/detail/aruco_pose__rosidl_typesupport_fastrtps_cpp.hpp
[2.366s] -- Up-to-date symlink: /home/jetcobot/sun_ws/ros2_ws/install/robocallee_fms/include/robocallee_fms/robocallee_fms/msg/detail/aruco_pose_array__rosidl_typesupport_fastrtps_cpp.hpp
[2.366s] -- Up-to-date symlink: /home/jetcobot/sun_ws/ros2_ws/install/robocallee_fms/include/robocallee_fms/robocallee_fms/msg/rosidl_typesupport_fastrtps_cpp__visibility_control.h
[2.366s] -- Up-to-date symlink: /home/jetcobot/sun_ws/ros2_ws/install/robocallee_fms/include/robocallee_fms/robocallee_fms/srv/detail/customer_request__rosidl_typesupport_fastrtps_cpp.hpp
[2.366s] -- Up-to-date symlink: /home/jetcobot/sun_ws/ros2_ws/install/robocallee_fms/include/robocallee_fms/robocallee_fms/srv/detail/employee_request__rosidl_typesupport_fastrtps_cpp.hpp
[2.366s] -- Up-to-date symlink: /home/jetcobot/sun_ws/ros2_ws/install/robocallee_fms/include/robocallee_fms/robocallee_fms/srv/detail/robot_arm_request__rosidl_typesupport_fastrtps_cpp.hpp
[2.367s] -- Up-to-date symlink: /home/jetcobot/sun_ws/ros2_ws/install/robocallee_fms/include/robocallee_fms/robocallee_fms/msg/detail/aruco_pose__rosidl_typesupport_introspection_cpp.hpp
[2.368s] -- Up-to-date symlink: /home/jetcobot/sun_ws/ros2_ws/install/robocallee_fms/include/robocallee_fms/robocallee_fms/msg/detail/aruco_pose_array__rosidl_typesupport_introspection_cpp.hpp
[2.368s] -- Up-to-date symlink: /home/jetcobot/sun_ws/ros2_ws/install/robocallee_fms/include/robocallee_fms/robocallee_fms/srv/detail/customer_request__rosidl_typesupport_introspection_cpp.hpp
[2.368s] -- Up-to-date symlink: /home/jetcobot/sun_ws/ros2_ws/install/robocallee_fms/include/robocallee_fms/robocallee_fms/srv/detail/employee_request__rosidl_typesupport_introspection_cpp.hpp
[2.368s] -- Up-to-date symlink: /home/jetcobot/sun_ws/ros2_ws/install/robocallee_fms/include/robocallee_fms/robocallee_fms/srv/detail/robot_arm_request__rosidl_typesupport_introspection_cpp.hpp
[2.369s] -- Up-to-date symlink: /home/jetcobot/sun_ws/ros2_ws/install/robocallee_fms/share/robocallee_fms/environment/pythonpath.sh
[2.369s] -- Up-to-date symlink: /home/jetcobot/sun_ws/ros2_ws/install/robocallee_fms/share/robocallee_fms/environment/pythonpath.dsv
[2.369s] -- Up-to-date symlink: /home/jetcobot/sun_ws/ros2_ws/install/robocallee_fms/lib/python3.12/site-packages/robocallee_fms-0.0.0-py3.12.egg-info/PKG-INFO
[2.369s] -- Up-to-date symlink: /home/jetcobot/sun_ws/ros2_ws/install/robocallee_fms/lib/python3.12/site-packages/robocallee_fms-0.0.0-py3.12.egg-info/SOURCES.txt
[2.369s] -- Up-to-date symlink: /home/jetcobot/sun_ws/ros2_ws/install/robocallee_fms/lib/python3.12/site-packages/robocallee_fms-0.0.0-py3.12.egg-info/dependency_links.txt
[2.369s] -- Up-to-date symlink: /home/jetcobot/sun_ws/ros2_ws/install/robocallee_fms/lib/python3.12/site-packages/robocallee_fms-0.0.0-py3.12.egg-info/top_level.txt
[2.370s] -- Up-to-date symlink: /home/jetcobot/sun_ws/ros2_ws/install/robocallee_fms/lib/python3.12/site-packages/robocallee_fms/__init__.py
[2.371s] -- Up-to-date symlink: /home/jetcobot/sun_ws/ros2_ws/install/robocallee_fms/lib/python3.12/site-packages/robocallee_fms/_robocallee_fms_s.ep.rosidl_typesupport_c.c
[2.371s] -- Up-to-date symlink: /home/jetcobot/sun_ws/ros2_ws/install/robocallee_fms/lib/python3.12/site-packages/robocallee_fms/_robocallee_fms_s.ep.rosidl_typesupport_fastrtps_c.c
[2.371s] -- Up-to-date symlink: /home/jetcobot/sun_ws/ros2_ws/install/robocallee_fms/lib/python3.12/site-packages/robocallee_fms/_robocallee_fms_s.ep.rosidl_typesupport_introspection_c.c
[2.371s] -- Up-to-date symlink: /home/jetcobot/sun_ws/ros2_ws/install/robocallee_fms/lib/python3.12/site-packages/robocallee_fms/msg/__init__.py
[2.371s] -- Up-to-date symlink: /home/jetcobot/sun_ws/ros2_ws/install/robocallee_fms/lib/python3.12/site-packages/robocallee_fms/msg/_aruco_pose.py
[2.372s] -- Up-to-date symlink: /home/jetcobot/sun_ws/ros2_ws/install/robocallee_fms/lib/python3.12/site-packages/robocallee_fms/msg/_aruco_pose_array.py
[2.372s] -- Up-to-date symlink: /home/jetcobot/sun_ws/ros2_ws/install/robocallee_fms/lib/python3.12/site-packages/robocallee_fms/msg/_aruco_pose_array_s.c
[2.372s] -- Up-to-date symlink: /home/jetcobot/sun_ws/ros2_ws/install/robocallee_fms/lib/python3.12/site-packages/robocallee_fms/msg/_aruco_pose_s.c
[2.372s] -- Up-to-date symlink: /home/jetcobot/sun_ws/ros2_ws/install/robocallee_fms/lib/python3.12/site-packages/robocallee_fms/robocallee_fms_s__rosidl_typesupport_c.so
[2.372s] -- Up-to-date symlink: /home/jetcobot/sun_ws/ros2_ws/install/robocallee_fms/lib/python3.12/site-packages/robocallee_fms/robocallee_fms_s__rosidl_typesupport_fastrtps_c.so
[2.373s] -- Up-to-date symlink: /home/jetcobot/sun_ws/ros2_ws/install/robocallee_fms/lib/python3.12/site-packages/robocallee_fms/robocallee_fms_s__rosidl_typesupport_introspection_c.so
[2.373s] -- Up-to-date symlink: /home/jetcobot/sun_ws/ros2_ws/install/robocallee_fms/lib/python3.12/site-packages/robocallee_fms/srv/__init__.py
[2.373s] -- Up-to-date symlink: /home/jetcobot/sun_ws/ros2_ws/install/robocallee_fms/lib/python3.12/site-packages/robocallee_fms/srv/_customer_request.py
[2.373s] -- Up-to-date symlink: /home/jetcobot/sun_ws/ros2_ws/install/robocallee_fms/lib/python3.12/site-packages/robocallee_fms/srv/_customer_request_s.c
[2.373s] -- Up-to-date symlink: /home/jetcobot/sun_ws/ros2_ws/install/robocallee_fms/lib/python3.12/site-packages/robocallee_fms/srv/_employee_request.py
[2.374s] -- Up-to-date symlink: /home/jetcobot/sun_ws/ros2_ws/install/robocallee_fms/lib/python3.12/site-packages/robocallee_fms/srv/_employee_request_s.c
[2.374s] -- Up-to-date symlink: /home/jetcobot/sun_ws/ros2_ws/install/robocallee_fms/lib/python3.12/site-packages/robocallee_fms/srv/_robot_arm_request.py
[2.374s] -- Up-to-date symlink: /home/jetcobot/sun_ws/ros2_ws/install/robocallee_fms/lib/python3.12/site-packages/robocallee_fms/srv/_robot_arm_request_s.c
[2.374s] -- Up-to-date symlink: /home/jetcobot/sun_ws/ros2_ws/install/robocallee_fms/lib/python3.12/site-packages/robocallee_fms/robocallee_fms_s__rosidl_typesupport_fastrtps_c.so
[2.376s] -- Up-to-date symlink: /home/jetcobot/sun_ws/ros2_ws/install/robocallee_fms/lib/python3.12/site-packages/robocallee_fms/robocallee_fms_s__rosidl_typesupport_introspection_c.so
[2.376s] -- Up-to-date symlink: /home/jetcobot/sun_ws/ros2_ws/install/robocallee_fms/lib/python3.12/site-packages/robocallee_fms/robocallee_fms_s__rosidl_typesupport_c.so
[2.376s] -- Up-to-date symlink: /home/jetcobot/sun_ws/ros2_ws/install/robocallee_fms/share/robocallee_fms/msg/ArucoPose.idl
[2.376s] -- Up-to-date symlink: /home/jetcobot/sun_ws/ros2_ws/install/robocallee_fms/share/robocallee_fms/msg/ArucoPoseArray.idl
[2.376s] -- Up-to-date symlink: /home/jetcobot/sun_ws/ros2_ws/install/robocallee_fms/share/robocallee_fms/srv/CustomerRequest.idl
[2.376s] -- Up-to-date symlink: /home/jetcobot/sun_ws/ros2_ws/install/robocallee_fms/share/robocallee_fms/srv/EmployeeRequest.idl
[2.377s] -- Up-to-date symlink: /home/jetcobot/sun_ws/ros2_ws/install/robocallee_fms/share/robocallee_fms/srv/RobotArmRequest.idl
[2.377s] -- Up-to-date symlink: /home/jetcobot/sun_ws/ros2_ws/install/robocallee_fms/share/robocallee_fms/msg/ArucoPose.msg
[2.377s] -- Up-to-date symlink: /home/jetcobot/sun_ws/ros2_ws/install/robocallee_fms/share/robocallee_fms/msg/ArucoPoseArray.msg
[2.377s] -- Up-to-date symlink: /home/jetcobot/sun_ws/ros2_ws/install/robocallee_fms/share/robocallee_fms/srv/CustomerRequest.srv
[2.377s] -- Up-to-date symlink: /home/jetcobot/sun_ws/ros2_ws/install/robocallee_fms/share/robocallee_fms/srv/EmployeeRequest.srv
[2.377s] -- Up-to-date symlink: /home/jetcobot/sun_ws/ros2_ws/install/robocallee_fms/share/robocallee_fms/srv/RobotArmRequest.srv
[2.378s] -- Up-to-date symlink: /home/jetcobot/sun_ws/ros2_ws/install/robocallee_fms/share/ament_index/resource_index/package_run_dependencies/robocallee_fms
[2.378s] -- Up-to-date symlink: /home/jetcobot/sun_ws/ros2_ws/install/robocallee_fms/share/ament_index/resource_index/parent_prefix_path/robocallee_fms
[2.378s] -- Up-to-date symlink: /home/jetcobot/sun_ws/ros2_ws/install/robocallee_fms/share/robocallee_fms/environment/ament_prefix_path.sh
[2.378s] -- Up-to-date symlink: /home/jetcobot/sun_ws/ros2_ws/install/robocallee_fms/share/robocallee_fms/environment/ament_prefix_path.dsv
[2.379s] -- Up-to-date symlink: /home/jetcobot/sun_ws/ros2_ws/install/robocallee_fms/share/robocallee_fms/environment/path.sh
[2.379s] -- Up-to-date symlink: /home/jetcobot/sun_ws/ros2_ws/install/robocallee_fms/share/robocallee_fms/environment/path.dsv
[2.379s] -- Up-to-date symlink: /home/jetcobot/sun_ws/ros2_ws/install/robocallee_fms/share/robocallee_fms/local_setup.bash
[2.380s] -- Up-to-date symlink: /home/jetcobot/sun_ws/ros2_ws/install/robocallee_fms/share/robocallee_fms/local_setup.sh
[2.380s] -- Up-to-date symlink: /home/jetcobot/sun_ws/ros2_ws/install/robocallee_fms/share/robocallee_fms/local_setup.zsh
[2.380s] -- Up-to-date symlink: /home/jetcobot/sun_ws/ros2_ws/install/robocallee_fms/share/robocallee_fms/local_setup.dsv
[2.380s] -- Symlinking: /home/jetcobot/sun_ws/ros2_ws/install/robocallee_fms/share/robocallee_fms/package.dsv
[2.404s] -- Up-to-date symlink: /home/jetcobot/sun_ws/ros2_ws/install/robocallee_fms/share/ament_index/resource_index/packages/robocallee_fms
[2.404s] -- Up-to-date symlink: /home/jetcobot/sun_ws/ros2_ws/install/robocallee_fms/share/robocallee_fms/cmake/rosidl_cmake-extras.cmake
[2.404s] -- Up-to-date symlink: /home/jetcobot/sun_ws/ros2_ws/install/robocallee_fms/share/robocallee_fms/cmake/ament_cmake_export_dependencies-extras.cmake
[2.405s] -- Up-to-date symlink: /home/jetcobot/sun_ws/ros2_ws/install/robocallee_fms/share/robocallee_fms/cmake/ament_cmake_export_include_directories-extras.cmake
[2.405s] -- Up-to-date symlink: /home/jetcobot/sun_ws/ros2_ws/install/robocallee_fms/share/robocallee_fms/cmake/ament_cmake_export_libraries-extras.cmake
[2.405s] -- Up-to-date symlink: /home/jetcobot/sun_ws/ros2_ws/install/robocallee_fms/share/robocallee_fms/cmake/ament_cmake_export_targets-extras.cmake
[2.405s] -- Up-to-date symlink: /home/jetcobot/sun_ws/ros2_ws/install/robocallee_fms/share/robocallee_fms/cmake/rosidl_cmake_export_typesupport_targets-extras.cmake
[2.406s] -- Up-to-date symlink: /home/jetcobot/sun_ws/ros2_ws/install/robocallee_fms/share/robocallee_fms/cmake/rosidl_cmake_export_typesupport_libraries-extras.cmake
[2.406s] -- Up-to-date symlink: /home/jetcobot/sun_ws/ros2_ws/install/robocallee_fms/share/robocallee_fms/cmake/robocallee_fmsConfig.cmake
[2.406s] -- Up-to-date symlink: /home/jetcobot/sun_ws/ros2_ws/install/robocallee_fms/share/robocallee_fms/cmake/robocallee_fmsConfig-version.cmake
[2.406s] -- Up-to-date symlink: /home/jetcobot/sun_ws/ros2_ws/install/robocallee_fms/share/robocallee_fms/package.xml
[2.407s] -- Up-to-date: /home/jetcobot/sun_ws/ros2_ws/install/robocallee_fms/lib/librobocallee_fms__rosidl_generator_c.so
[2.407s] -- Up-to-date: /home/jetcobot/sun_ws/ros2_ws/install/robocallee_fms/lib/librobocallee_fms__rosidl_typesupport_fastrtps_c.so
[2.407s] -- Up-to-date: /home/jetcobot/sun_ws/ros2_ws/install/robocallee_fms/lib/librobocallee_fms__rosidl_typesupport_introspection_c.so
[2.408s] -- Up-to-date: /home/jetcobot/sun_ws/ros2_ws/install/robocallee_fms/lib/librobocallee_fms__rosidl_typesupport_c.so
[2.408s] -- Up-to-date: /home/jetcobot/sun_ws/ros2_ws/install/robocallee_fms/lib/librobocallee_fms__rosidl_typesupport_fastrtps_cpp.so
[2.409s] -- Up-to-date: /home/jetcobot/sun_ws/ros2_ws/install/robocallee_fms/lib/librobocallee_fms__rosidl_typesupport_introspection_cpp.so
[2.409s] -- Up-to-date: /home/jetcobot/sun_ws/ros2_ws/install/robocallee_fms/lib/librobocallee_fms__rosidl_typesupport_cpp.so
[2.472s] Listing '/home/jetcobot/sun_ws/ros2_ws/install/robocallee_fms/lib/python3.12/site-packages/robocallee_fms'...
[2.472s] Listing '/home/jetcobot/sun_ws/ros2_ws/install/robocallee_fms/lib/python3.12/site-packages/robocallee_fms/msg'...
[2.472s] Listing '/home/jetcobot/sun_ws/ros2_ws/install/robocallee_fms/lib/python3.12/site-packages/robocallee_fms/srv'...
[2.486s] -- Up-to-date: /home/jetcobot/sun_ws/ros2_ws/install/robocallee_fms/lib/librobocallee_fms__rosidl_generator_py.so
[2.486s] -- Up-to-date: /home/jetcobot/sun_ws/ros2_ws/install/robocallee_fms/share/robocallee_fms/cmake/export_robocallee_fms__rosidl_generator_cExport.cmake
[2.487s] -- Up-to-date: /home/jetcobot/sun_ws/ros2_ws/install/robocallee_fms/share/robocallee_fms/cmake/export_robocallee_fms__rosidl_generator_cExport-noconfig.cmake
[2.487s] -- Up-to-date: /home/jetcobot/sun_ws/ros2_ws/install/robocallee_fms/share/robocallee_fms/cmake/export_robocallee_fms__rosidl_typesupport_fastrtps_cExport.cmake
[2.487s] -- Up-to-date: /home/jetcobot/sun_ws/ros2_ws/install/robocallee_fms/share/robocallee_fms/cmake/export_robocallee_fms__rosidl_typesupport_fastrtps_cExport-noconfig.cmake
[2.487s] -- Up-to-date: /home/jetcobot/sun_ws/ros2_ws/install/robocallee_fms/share/robocallee_fms/cmake/robocallee_fms__rosidl_typesupport_introspection_cExport.cmake
[2.487s] -- Up-to-date: /home/jetcobot/sun_ws/ros2_ws/install/robocallee_fms/share/robocallee_fms/cmake/robocallee_fms__rosidl_typesupport_introspection_cExport-noconfig.cmake
[2.488s] -- Up-to-date: /home/jetcobot/sun_ws/ros2_ws/install/robocallee_fms/share/robocallee_fms/cmake/robocallee_fms__rosidl_typesupport_cExport.cmake
[2.488s] -- Up-to-date: /home/jetcobot/sun_ws/ros2_ws/install/robocallee_fms/share/robocallee_fms/cmake/robocallee_fms__rosidl_typesupport_cExport-noconfig.cmake
[2.488s] -- Up-to-date: /home/jetcobot/sun_ws/ros2_ws/install/robocallee_fms/share/robocallee_fms/cmake/export_robocallee_fms__rosidl_generator_cppExport.cmake
[2.488s] -- Up-to-date: /home/jetcobot/sun_ws/ros2_ws/install/robocallee_fms/share/robocallee_fms/cmake/export_robocallee_fms__rosidl_typesupport_fastrtps_cppExport.cmake
[2.488s] -- Up-to-date: /home/jetcobot/sun_ws/ros2_ws/install/robocallee_fms/share/robocallee_fms/cmake/export_robocallee_fms__rosidl_typesupport_fastrtps_cppExport-noconfig.cmake
[2.488s] -- Up-to-date: /home/jetcobot/sun_ws/ros2_ws/install/robocallee_fms/share/robocallee_fms/cmake/robocallee_fms__rosidl_typesupport_introspection_cppExport.cmake
[2.488s] -- Up-to-date: /home/jetcobot/sun_ws/ros2_ws/install/robocallee_fms/share/robocallee_fms/cmake/robocallee_fms__rosidl_typesupport_introspection_cppExport-noconfig.cmake
[2.488s] -- Up-to-date: /home/jetcobot/sun_ws/ros2_ws/install/robocallee_fms/share/robocallee_fms/cmake/robocallee_fms__rosidl_typesupport_cppExport.cmake
[2.489s] -- Up-to-date: /home/jetcobot/sun_ws/ros2_ws/install/robocallee_fms/share/robocallee_fms/cmake/robocallee_fms__rosidl_typesupport_cppExport-noconfig.cmake
[2.489s] -- Up-to-date: /home/jetcobot/sun_ws/ros2_ws/install/robocallee_fms/share/robocallee_fms/cmake/export_robocallee_fms__rosidl_generator_pyExport.cmake
[2.489s] -- Up-to-date: /home/jetcobot/sun_ws/ros2_ws/install/robocallee_fms/share/robocallee_fms/cmake/export_robocallee_fms__rosidl_generator_pyExport-noconfig.cmake
[2.492s] Invoked command in '/home/jetcobot/sun_ws/ros2_ws/build/robocallee_fms' returned '0': CMAKE_PREFIX_PATH=${CMAKE_PREFIX_PATH}:/home/jetcobot/sun_ws/ros2_ws/install/pick_and_place:/opt/ros/jazzy DEBUGINFOD_URLS=https://debuginfod.ubuntu.com /usr/bin/cmake --install /home/jetcobot/sun_ws/ros2_ws/build/robocallee_fms
