[1.857s] Invoking command in '/home/jetcobot/sun_ws/ros2_ws/src/pick_place': DEBUGINFOD_URLS=https://debuginfod.ubuntu.com PS1=(mycobot) \[\e]0;\u@\h: \w\a\]${debian_chroot:+($debian_chroot)}\[\033[01;32m\]\u@\h\[\033[00m\]:\[\033[01;34m\]\w\[\033[00m\]\$ PYTHONPATH=/home/jetcobot/sun_ws/ros2_ws/build/pick_place/prefix_override:/usr/lib/python3/dist-packages/colcon_core/task/python/colcon_distutils_commands:/home/jetcobot/sun_ws/ros2_ws/install/pick_place/lib/python3.12/site-packages:${PYTHONPATH} VIRTUAL_ENV_PROMPT=(mycobot) /usr/bin/python3 -W ignore:setup.py install is deprecated -W ignore:easy_install command is deprecated setup.py egg_info --egg-base ../../build/pick_place build --build-base /home/jetcobot/sun_ws/ros2_ws/build/pick_place/build install --record /home/jetcobot/sun_ws/ros2_ws/build/pick_place/install.log --single-version-externally-managed install_data
[2.326s] running egg_info
[2.368s] writing ../../build/pick_place/pick_place.egg-info/PKG-INFO
[2.368s] writing dependency_links to ../../build/pick_place/pick_place.egg-info/dependency_links.txt
[2.371s] writing entry points to ../../build/pick_place/pick_place.egg-info/entry_points.txt
[2.371s] writing requirements to ../../build/pick_place/pick_place.egg-info/requires.txt
[2.374s] writing top-level names to ../../build/pick_place/pick_place.egg-info/top_level.txt
[2.453s] reading manifest file '../../build/pick_place/pick_place.egg-info/SOURCES.txt'
[2.455s] writing manifest file '../../build/pick_place/pick_place.egg-info/SOURCES.txt'
[2.456s] running build
[2.456s] running build_py
[2.457s] running install
[2.468s] running install_lib
[2.505s] running install_data
[2.506s] running install_egg_info
[2.542s] removing '/home/jetcobot/sun_ws/ros2_ws/install/pick_place/lib/python3.12/site-packages/pick_place-0.0.0-py3.12.egg-info' (and everything under it)
[2.545s] Copying ../../build/pick_place/pick_place.egg-info to /home/jetcobot/sun_ws/ros2_ws/install/pick_place/lib/python3.12/site-packages/pick_place-0.0.0-py3.12.egg-info
[2.547s] running install_scripts
[2.775s] Installing camera_node script to /home/jetcobot/sun_ws/ros2_ws/install/pick_place/lib/pick_place
[2.776s] Installing control_node script to /home/jetcobot/sun_ws/ros2_ws/install/pick_place/lib/pick_place
[2.776s] Installing detection_node script to /home/jetcobot/sun_ws/ros2_ws/install/pick_place/lib/pick_place
[2.778s] Installing transform_node script to /home/jetcobot/sun_ws/ros2_ws/install/pick_place/lib/pick_place
[2.779s] writing list of installed files to '/home/jetcobot/sun_ws/ros2_ws/build/pick_place/install.log'
[2.878s] Invoked command in '/home/jetcobot/sun_ws/ros2_ws/src/pick_place' returned '0': DEBUGINFOD_URLS=https://debuginfod.ubuntu.com PS1=(mycobot) \[\e]0;\u@\h: \w\a\]${debian_chroot:+($debian_chroot)}\[\033[01;32m\]\u@\h\[\033[00m\]:\[\033[01;34m\]\w\[\033[00m\]\$ PYTHONPATH=/home/jetcobot/sun_ws/ros2_ws/build/pick_place/prefix_override:/usr/lib/python3/dist-packages/colcon_core/task/python/colcon_distutils_commands:/home/jetcobot/sun_ws/ros2_ws/install/pick_place/lib/python3.12/site-packages:${PYTHONPATH} VIRTUAL_ENV_PROMPT=(mycobot) /usr/bin/python3 -W ignore:setup.py install is deprecated -W ignore:easy_install command is deprecated setup.py egg_info --egg-base ../../build/pick_place build --build-base /home/jetcobot/sun_ws/ros2_ws/build/pick_place/build install --record /home/jetcobot/sun_ws/ros2_ws/build/pick_place/install.log --single-version-externally-managed install_data
