running develop
Removing /home/jetcobot/sun_ws/ros2_ws/install/pick_and_place/lib/python3.12/site-packages/pick-and-place.egg-link (link to .)
running egg_info
writing ../../build/pick_and_place/pick_and_place.egg-info/PKG-INFO
writing dependency_links to ../../build/pick_and_place/pick_and_place.egg-info/dependency_links.txt
writing entry points to ../../build/pick_and_place/pick_and_place.egg-info/entry_points.txt
writing requirements to ../../build/pick_and_place/pick_and_place.egg-info/requires.txt
writing top-level names to ../../build/pick_and_place/pick_and_place.egg-info/top_level.txt
reading manifest file '../../build/pick_and_place/pick_and_place.egg-info/SOURCES.txt'
adding license file 'LICENSE'
writing manifest file '../../build/pick_and_place/pick_and_place.egg-info/SOURCES.txt'
running build
running build_py
copying pick_and_place/test_robot_control_v3.py -> /home/jetcobot/sun_ws/ros2_ws/build/pick_and_place/build/lib/pick_and_place
copying pick_and_place/image_detection.py -> /home/jetcobot/sun_ws/ros2_ws/build/pick_and_place/build/lib/pick_and_place
copying pick_and_place/robot2_control_node.py -> /home/jetcobot/sun_ws/ros2_ws/build/pick_and_place/build/lib/pick_and_place
copying pick_and_place/image_capture.py -> /home/jetcobot/sun_ws/ros2_ws/build/pick_and_place/build/lib/pick_and_place
copying pick_and_place/base_coordinate_transform.py -> /home/jetcobot/sun_ws/ros2_ws/build/pick_and_place/build/lib/pick_and_place
creating /home/jetcobot/sun_ws/ros2_ws/build/pick_and_place/build/lib/pick_and_place/srv
copying pick_and_place/srv/RobotArmRequest.srv -> /home/jetcobot/sun_ws/ros2_ws/build/pick_and_place/build/lib/pick_and_place/srv
running install
running install_lib
creating /home/jetcobot/sun_ws/ros2_ws/install/pick_and_place/lib/python3.12/site-packages/pick_and_place
copying /home/jetcobot/sun_ws/ros2_ws/build/pick_and_place/build/lib/pick_and_place/__init__.py -> /home/jetcobot/sun_ws/ros2_ws/install/pick_and_place/lib/python3.12/site-packages/pick_and_place
copying /home/jetcobot/sun_ws/ros2_ws/build/pick_and_place/build/lib/pick_and_place/test_robot_control_v3.py -> /home/jetcobot/sun_ws/ros2_ws/install/pick_and_place/lib/python3.12/site-packages/pick_and_place
copying /home/jetcobot/sun_ws/ros2_ws/build/pick_and_place/build/lib/pick_and_place/transform_node.py -> /home/jetcobot/sun_ws/ros2_ws/install/pick_and_place/lib/python3.12/site-packages/pick_and_place
copying /home/jetcobot/sun_ws/ros2_ws/build/pick_and_place/build/lib/pick_and_place/image_detection.py -> /home/jetcobot/sun_ws/ros2_ws/install/pick_and_place/lib/python3.12/site-packages/pick_and_place
copying /home/jetcobot/sun_ws/ros2_ws/build/pick_and_place/build/lib/pick_and_place/robot2_control_node.py -> /home/jetcobot/sun_ws/ros2_ws/install/pick_and_place/lib/python3.12/site-packages/pick_and_place
creating /home/jetcobot/sun_ws/ros2_ws/install/pick_and_place/lib/python3.12/site-packages/pick_and_place/srv
copying /home/jetcobot/sun_ws/ros2_ws/build/pick_and_place/build/lib/pick_and_place/srv/RobotArmRequest.srv -> /home/jetcobot/sun_ws/ros2_ws/install/pick_and_place/lib/python3.12/site-packages/pick_and_place/srv
copying /home/jetcobot/sun_ws/ros2_ws/build/pick_and_place/build/lib/pick_and_place/image_capture.py -> /home/jetcobot/sun_ws/ros2_ws/install/pick_and_place/lib/python3.12/site-packages/pick_and_place
copying /home/jetcobot/sun_ws/ros2_ws/build/pick_and_place/build/lib/pick_and_place/camera_node.py -> /home/jetcobot/sun_ws/ros2_ws/install/pick_and_place/lib/python3.12/site-packages/pick_and_place
copying /home/jetcobot/sun_ws/ros2_ws/build/pick_and_place/build/lib/pick_and_place/base_coordinate_transform.py -> /home/jetcobot/sun_ws/ros2_ws/install/pick_and_place/lib/python3.12/site-packages/pick_and_place
copying /home/jetcobot/sun_ws/ros2_ws/build/pick_and_place/build/lib/pick_and_place/control_node.py -> /home/jetcobot/sun_ws/ros2_ws/install/pick_and_place/lib/python3.12/site-packages/pick_and_place
copying /home/jetcobot/sun_ws/ros2_ws/build/pick_and_place/build/lib/pick_and_place/detection_node.py -> /home/jetcobot/sun_ws/ros2_ws/install/pick_and_place/lib/python3.12/site-packages/pick_and_place
byte-compiling /home/jetcobot/sun_ws/ros2_ws/install/pick_and_place/lib/python3.12/site-packages/pick_and_place/__init__.py to __init__.cpython-312.pyc
byte-compiling /home/jetcobot/sun_ws/ros2_ws/install/pick_and_place/lib/python3.12/site-packages/pick_and_place/test_robot_control_v3.py to test_robot_control_v3.cpython-312.pyc
byte-compiling /home/jetcobot/sun_ws/ros2_ws/install/pick_and_place/lib/python3.12/site-packages/pick_and_place/transform_node.py to transform_node.cpython-312.pyc
byte-compiling /home/jetcobot/sun_ws/ros2_ws/install/pick_and_place/lib/python3.12/site-packages/pick_and_place/image_detection.py to image_detection.cpython-312.pyc
byte-compiling /home/jetcobot/sun_ws/ros2_ws/install/pick_and_place/lib/python3.12/site-packages/pick_and_place/robot2_control_node.py to robot2_control_node.cpython-312.pyc
byte-compiling /home/jetcobot/sun_ws/ros2_ws/install/pick_and_place/lib/python3.12/site-packages/pick_and_place/image_capture.py to image_capture.cpython-312.pyc
byte-compiling /home/jetcobot/sun_ws/ros2_ws/install/pick_and_place/lib/python3.12/site-packages/pick_and_place/camera_node.py to camera_node.cpython-312.pyc
byte-compiling /home/jetcobot/sun_ws/ros2_ws/install/pick_and_place/lib/python3.12/site-packages/pick_and_place/base_coordinate_transform.py to base_coordinate_transform.cpython-312.pyc
byte-compiling /home/jetcobot/sun_ws/ros2_ws/install/pick_and_place/lib/python3.12/site-packages/pick_and_place/control_node.py to control_node.cpython-312.pyc
byte-compiling /home/jetcobot/sun_ws/ros2_ws/install/pick_and_place/lib/python3.12/site-packages/pick_and_place/detection_node.py to detection_node.cpython-312.pyc
running install_data
copying resource/pick_and_place -> /home/jetcobot/sun_ws/ros2_ws/install/pick_and_place/share/ament_index/resource_index/packages
copying package.xml -> /home/jetcobot/sun_ws/ros2_ws/install/pick_and_place/share/pick_and_place
copying launch/pick_and_place_launch.py -> /home/jetcobot/sun_ws/ros2_ws/install/pick_and_place/share/pick_and_place/launch
creating /home/jetcobot/sun_ws/ros2_ws/install/pick_and_place/share/pick_and_place/srv
running install_egg_info
Copying ../../build/pick_and_place/pick_and_place.egg-info to /home/jetcobot/sun_ws/ros2_ws/install/pick_and_place/lib/python3.12/site-packages/pick_and_place-0.0.0-py3.12.egg-info
running install_scripts
Installing camera_node script to /home/jetcobot/sun_ws/ros2_ws/install/pick_and_place/lib/pick_and_place
Installing control_node script to /home/jetcobot/sun_ws/ros2_ws/install/pick_and_place/lib/pick_and_place
Installing detection_node script to /home/jetcobot/sun_ws/ros2_ws/install/pick_and_place/lib/pick_and_place
Installing robot2_control_node script to /home/jetcobot/sun_ws/ros2_ws/install/pick_and_place/lib/pick_and_place
Installing transform_node script to /home/jetcobot/sun_ws/ros2_ws/install/pick_and_place/lib/pick_and_place
writing list of installed files to '/home/jetcobot/sun_ws/ros2_ws/build/pick_and_place/install.log'
